\BOOKMARK [0][-]{chapter.6}{\376\377\000\050\000R\000/\000W\000\051\000\040\000A\000p\000p\000r\000o\000a\000c\000h}{}% 1
\BOOKMARK [1][-]{section.6.1}{\376\377\000\050\000R\000\051\000\040\000O\000v\000e\000r\000v\000i\000e\000w}{chapter.6}% 2
\BOOKMARK [1][-]{section.6.2}{\376\377\000\050\000R\000\051\000\040\000U\000A\000S\000\040\000M\000o\000d\000e\000l\000\040\000a\000n\000d\000\040\000C\000o\000n\000t\000r\000o\000l}{chapter.6}% 3
\BOOKMARK [2][-]{subsection.6.2.1}{\376\377\000\050\000R\000\051\000\040\000U\000A\000S\000\040\000N\000o\000n\000l\000i\000n\000e\000a\000r\000\040\000M\000o\000d\000e\000l}{section.6.2}% 4
\BOOKMARK [2][-]{subsection.6.2.2}{\376\377\000\050\000R\000\051\000\040\000M\000o\000v\000e\000m\000e\000n\000t\000\040\000A\000u\000t\000o\000m\000a\000t\000o\000n\000\040\000f\000o\000r\000\040\000U\000A\000S\000\040\000M\000o\000d\000e\000l}{section.6.2}% 5
\BOOKMARK [2][-]{subsection.6.2.3}{\376\377\000\050\000R\000\051\000\040\000S\000e\000g\000m\000e\000n\000t\000e\000d\000\040\000M\000o\000v\000e\000m\000e\000n\000t\000\040\000A\000u\000t\000o\000m\000a\000t\000o\000n}{section.6.2}% 6
\BOOKMARK [2][-]{subsection.6.2.4}{\376\377\000\050\000R\000\051\000\040\000R\000e\000f\000e\000r\000e\000n\000c\000e\000\040\000T\000r\000a\000j\000e\000c\000t\000o\000r\000y\000\040\000G\000e\000n\000e\000r\000a\000t\000o\000r}{section.6.2}% 7
\BOOKMARK [1][-]{section.6.3}{\376\377\000\050\000R\000\051\000\040\000S\000p\000a\000c\000e\000\040\000D\000i\000s\000c\000r\000e\000t\000i\000z\000a\000t\000i\000o\000n\000\040\000-\000\040\000A\000v\000o\000i\000d\000a\000n\000c\000e\000\040\000G\000r\000i\000d}{chapter.6}% 8
\BOOKMARK [1][-]{section.6.4}{\376\377\000\050\000R\000\051\000\040\000R\000e\000a\000c\000h\000\040\000S\000e\000t\000\040\000A\000p\000p\000r\000o\000x\000i\000m\000a\000t\000i\000o\000n}{chapter.6}% 9
\BOOKMARK [2][-]{subsection.6.4.1}{\376\377\000\050\000R\000\051\000\040\000R\000e\000a\000c\000h\000\040\000S\000e\000t\000\040\000P\000e\000r\000f\000o\000r\000m\000a\000n\000c\000e\000\040\000C\000r\000i\000t\000e\000r\000i\000a}{section.6.4}% 10
\BOOKMARK [2][-]{subsection.6.4.2}{\376\377\000\050\000R\000\051\000\040\000C\000o\000n\000s\000t\000r\000a\000i\000n\000e\000d\000\040\000T\000r\000a\000j\000e\000c\000t\000o\000r\000y\000\040\000E\000x\000p\000a\000n\000s\000i\000o\000n}{section.6.4}% 11
\BOOKMARK [2][-]{subsection.6.4.3}{\376\377\000\050\000R\000\051\000\040\000C\000h\000a\000o\000t\000i\000c\000\040\000R\000e\000a\000c\000h\000\040\000s\000e\000t}{section.6.4}% 12
\BOOKMARK [2][-]{subsection.6.4.4}{\376\377\000\050\000R\000\051\000\040\000H\000a\000r\000m\000o\000n\000i\000c\000\040\000R\000e\000a\000c\000h\000\040\000s\000e\000t}{section.6.4}% 13
\BOOKMARK [2][-]{subsection.6.4.5}{\376\377\000\050\000R\000\051\000\040\000C\000o\000m\000b\000i\000n\000e\000d\000\040\000R\000e\000a\000c\000h\000\040\000s\000e\000t}{section.6.4}% 14
\BOOKMARK [2][-]{subsection.6.4.6}{\376\377\000\050\000R\000\051\000\040\000A\000C\000A\000S\000-\000X\000\040\000l\000i\000k\000e\000\040\000R\000e\000a\000c\000h\000\040\000s\000e\000t}{section.6.4}% 15
\BOOKMARK [1][-]{section.6.5}{\376\377\000\050\000R\000\051\000\040\000S\000t\000a\000t\000i\000c\000\040\000O\000b\000s\000t\000a\000c\000l\000e\000s\000\040\000a\000n\000d\000\040\000C\000o\000n\000s\000t\000r\000a\000i\000n\000t\000s}{chapter.6}% 16
\BOOKMARK [2][-]{subsection.6.5.1}{\376\377\000\050\000R\000\051\000\040\000D\000e\000t\000e\000c\000t\000e\000d\000\040\000o\000b\000s\000t\000a\000c\000l\000e\000s}{section.6.5}% 17
\BOOKMARK [2][-]{subsection.6.5.2}{\376\377\000\050\000R\000\051\000\040\000M\000a\000p\000\040\000o\000b\000s\000t\000a\000c\000l\000e\000s}{section.6.5}% 18
\BOOKMARK [2][-]{subsection.6.5.3}{\376\377\000\050\000R\000\051\000\040\000S\000t\000a\000t\000i\000c\000\040\000c\000o\000n\000s\000t\000r\000a\000i\000n\000t\000s}{section.6.5}% 19
\BOOKMARK [1][-]{section.6.6}{\376\377\000\050\000R\000\051\000\040\000I\000n\000t\000r\000u\000d\000e\000r\000s\000\040\000a\000n\000d\000\040\000M\000o\000v\000i\000n\000g\000\040\000C\000o\000n\000s\000t\000r\000a\000i\000n\000t\000s}{chapter.6}% 20
\BOOKMARK [2][-]{subsection.6.6.1}{\376\377\000\050\000R\000\051\000\040\000I\000n\000t\000r\000u\000d\000e\000r\000\040\000B\000e\000h\000a\000v\000i\000o\000u\000r\000\040\000P\000r\000e\000d\000i\000c\000t\000i\000o\000n}{section.6.6}% 21
\BOOKMARK [2][-]{subsection.6.6.2}{\376\377\000\050\000R\000\051\000\040\000L\000i\000n\000e\000a\000r\000\040\000I\000n\000t\000e\000r\000s\000e\000c\000t\000i\000o\000n}{section.6.6}% 22
\BOOKMARK [2][-]{subsection.6.6.3}{\376\377\000\050\000R\000\051\000\040\000B\000o\000d\000y\000-\000v\000o\000l\000u\000m\000e\000\040\000I\000n\000t\000e\000r\000s\000e\000c\000t\000i\000o\000n}{section.6.6}% 23
\BOOKMARK [2][-]{subsection.6.6.4}{\376\377\000\050\000R\000\051\000\040\000M\000a\000n\000e\000u\000v\000e\000r\000a\000b\000i\000l\000i\000t\000y\000\040\000U\000n\000c\000e\000r\000t\000a\000i\000n\000t\000y\000\040\000I\000n\000t\000e\000r\000s\000e\000c\000t\000i\000o\000n}{section.6.6}% 24
\BOOKMARK [2][-]{subsection.6.6.5}{\376\377\000\050\000W\000\051\000\040\000M\000o\000v\000i\000n\000g\000\040\000C\000o\000n\000s\000t\000r\000a\000i\000n\000t\000s}{section.6.6}% 25
\BOOKMARK [1][-]{section.6.7}{\376\377\000\050\000R\000\051\000\040\000A\000v\000o\000i\000d\000a\000n\000c\000e\000\040\000C\000o\000n\000c\000e\000p\000t}{chapter.6}% 26
\BOOKMARK [2][-]{subsection.6.7.1}{\376\377\000\050\000R\000\051\000\040\000D\000a\000t\000a\000\040\000f\000u\000s\000i\000o\000n}{section.6.7}% 27
\BOOKMARK [2][-]{subsection.6.7.2}{\376\377\000\050\000R\000\051\000\040\000A\000v\000o\000i\000d\000a\000n\000c\000e\000\040\000G\000r\000i\000d\000\040\000R\000u\000n}{section.6.7}% 28
\BOOKMARK [2][-]{subsection.6.7.3}{\376\377\000\050\000R\000\051\000\040\000M\000i\000s\000s\000i\000o\000n\000\040\000C\000o\000n\000t\000r\000o\000l\000\040\000R\000u\000n}{section.6.7}% 29
\BOOKMARK [2][-]{subsection.6.7.4}{\376\377\000\050\000R\000\051\000\040\000C\000o\000m\000p\000u\000t\000a\000t\000i\000o\000n\000\040\000C\000o\000m\000p\000l\000e\000x\000i\000t\000y}{section.6.7}% 30
\BOOKMARK [2][-]{subsection.6.7.5}{\376\377\000\050\000R\000\051\000\040\000S\000a\000f\000e\000t\000y\000\040\000M\000a\000r\000g\000i\000n\000\040\000C\000a\000l\000c\000u\000l\000a\000t\000i\000o\000n}{section.6.7}% 31
\BOOKMARK [1][-]{section.6.8}{\376\377\000\050\000R\000\051\000\040\000U\000A\000S\000\040\000T\000r\000a\000f\000f\000i\000c\000\040\000M\000a\000n\000a\000g\000e\000m\000e\000n\000t}{chapter.6}% 32
\BOOKMARK [2][-]{subsection.6.8.1}{\376\377\000\050\000R\000\051\000\040\000A\000r\000c\000h\000i\000t\000e\000c\000t\000u\000r\000e}{section.6.8}% 33
\BOOKMARK [2][-]{subsection.6.8.2}{\376\377\000\050\000R\000\051\000\040\000C\000o\000o\000p\000e\000r\000a\000t\000i\000v\000e\000\040\000C\000o\000n\000f\000l\000i\000c\000t\000\040\000R\000e\000s\000o\000l\000u\000t\000i\000o\000n}{section.6.8}% 34
\BOOKMARK [2][-]{subsection.6.8.3}{\376\377\000\050\000R\000\051\000\040\000N\000o\000n\000-\000C\000o\000o\000p\000e\000r\000a\000t\000i\000v\000e\000\040\000C\000o\000n\000f\000l\000i\000c\000t\000\040\000R\000e\000s\000o\000l\000u\000t\000i\000o\000n}{section.6.8}% 35
\BOOKMARK [2][-]{subsection.6.8.4}{\376\377\000\050\000R\000\051\000\040\000H\000a\000n\000d\000l\000i\000n\000g\000\040\000H\000e\000a\000d\000\040\000o\000n\000\040\000A\000p\000p\000r\000o\000a\000c\000h}{section.6.8}% 36
\BOOKMARK [2][-]{subsection.6.8.5}{\376\377\000\050\000R\000\051\000\040\000H\000a\000n\000d\000l\000i\000n\000g\000\040\000C\000o\000n\000v\000e\000r\000g\000i\000n\000g\000\040\000M\000a\000n\000e\000u\000v\000e\000r}{section.6.8}% 37
\BOOKMARK [2][-]{subsection.6.8.6}{\376\377\000\050\000R\000\051\000\040\000H\000a\000n\000d\000l\000i\000n\000g\000\040\000O\000v\000e\000r\000t\000a\000k\000e\000\040\000M\000a\000n\000e\000u\000v\000e\000r}{section.6.8}% 38
\BOOKMARK [2][-]{subsection.6.8.7}{\376\377\000\050\000R\000\051\000\040\000P\000o\000s\000i\000t\000i\000o\000n\000\040\000N\000o\000t\000i\000f\000i\000c\000a\000t\000i\000o\000n}{section.6.8}% 39
\BOOKMARK [2][-]{subsection.6.8.8}{\376\377\000\050\000R\000\051\000\040\000C\000o\000l\000l\000i\000s\000i\000o\000n\000\040\000C\000a\000s\000e}{section.6.8}% 40
\BOOKMARK [2][-]{subsection.6.8.9}{\376\377\000\050\000R\000\051\000\040\000W\000e\000a\000t\000h\000e\000r\000\040\000C\000a\000s\000e}{section.6.8}% 41
\BOOKMARK [1][-]{section.6.9}{\376\377\000\050\000R\000\051\000\040\000R\000u\000l\000e\000\040\000E\000n\000g\000i\000n\000e}{chapter.6}% 42
\BOOKMARK [2][-]{subsection.6.9.1}{\376\377\000\050\000R\000\051\000\040\000A\000r\000c\000h\000i\000t\000e\000c\000t\000u\000r\000e}{section.6.9}% 43
\BOOKMARK [2][-]{subsection.6.9.2}{\376\377\000\050\000R\000\051\000\040\000R\000u\000l\000e\000\040\000I\000m\000p\000l\000e\000m\000e\000n\000t\000a\000t\000i\000o\000n}{section.6.9}% 44
\BOOKMARK [2][-]{subsection.6.9.3}{\376\377\000\050\000R\000\051\000\040\000R\000u\000l\000e\000:\000\040\000D\000e\000t\000e\000c\000t\000\040\000C\000o\000l\000l\000i\000s\000i\000o\000n\000\040\000C\000a\000s\000e\000s}{section.6.9}% 45
\BOOKMARK [2][-]{subsection.6.9.4}{\376\377\000\050\000R\000\051\000\040\000R\000u\000l\000e\000:\000\040\000R\000e\000s\000o\000l\000v\000e\000\040\000C\000o\000l\000l\000i\000s\000i\000o\000n\000\040\000C\000a\000s\000e}{section.6.9}% 46
\BOOKMARK [2][-]{subsection.6.9.5}{\376\377\000\050\000R\000\051\000\040\000R\000u\000l\000e\000:\000\040\000C\000l\000o\000s\000e\000\040\000C\000o\000l\000l\000i\000s\000i\000o\000n\000\040\000C\000a\000s\000e\000s}{section.6.9}% 47
\BOOKMARK [2][-]{subsection.6.9.6}{\376\377\000\050\000R\000\051\000\040\000R\000u\000l\000e\000:\000\040\000H\000e\000a\000d\000\040\000o\000n\000\040\000A\000p\000p\000r\000o\000a\000c\000h}{section.6.9}% 48
\BOOKMARK [2][-]{subsection.6.9.7}{\376\377\000\050\000R\000\051\000\040\000R\000u\000l\000e\000:\000\040\000C\000o\000n\000v\000e\000r\000g\000i\000n\000g\000\040\000M\000a\000n\000e\000u\000v\000e\000r}{section.6.9}% 49
\BOOKMARK [2][-]{subsection.6.9.8}{\376\377\000\050\000R\000\051\000\040\000R\000u\000l\000e\000:\000\040\000O\000v\000e\000r\000t\000a\000k\000e}{section.6.9}% 50
\BOOKMARK [2][-]{subsection.6.9.9}{\376\377\000\050\000R\000\051\000\040\000R\000u\000l\000e\000:\000\040\000R\000i\000g\000h\000t\000\040\000P\000l\000a\000n\000e\000\040\000H\000e\000a\000d\000i\000n\000g}{section.6.9}% 51
\BOOKMARK [2][-]{subsection.6.9.10}{\376\377\000\050\000R\000\051\000\040\000R\000u\000l\000e\000:\000\040\000E\000n\000f\000o\000r\000c\000e\000\040\000s\000a\000f\000e\000t\000y\000\040\000m\000a\000r\000g\000i\000n}{section.6.9}% 52
\BOOKMARK [0][-]{chapter*.253}{\376\377\000B\000i\000b\000l\000i\000o\000g\000r\000a\000p\000h\000y}{}% 53
