This is pdfTeX, Version 3.14159265-2.6-1.40.19 (MiKTeX 2.9.6840 64-bit) (preloaded format=pdflatex 2018.10.25)  11 NOV 2018 14:33
entering extended mode
**"./[Build] Clean Chapter 6 with formatting.tex"
("[Build] Clean Chapter 6 with formatting.tex"
LaTeX2e <2018-04-01> patch level 5
(D:\Miktex\tex\latex\base\report.cls
Document Class: report 2014/09/29 v1.4h Standard LaTeX document class
(D:\Miktex\tex\latex\base\size12.clo
File: size12.clo 2014/09/29 v1.4h Standard LaTeX file (size option)
)
\c@part=\count80
\c@chapter=\count81
\c@section=\count82
\c@subsection=\count83
\c@subsubsection=\count84
\c@paragraph=\count85
\c@subparagraph=\count86
\c@figure=\count87
\c@table=\count88
\abovecaptionskip=\skip41
\belowcaptionskip=\skip42
\bibindent=\dimen102
) (D:\Miktex\tex\latex\base\inputenc.sty
Package: inputenc 2018/04/06 v1.3b Input encoding file
\inpenc@prehook=\toks14
\inpenc@posthook=\toks15
)
(D:\Miktex\tex\latex\tools\array.sty
Package: array 2018/04/30 v2.4h Tabular extension package (FMi)
\col@sep=\dimen103
\ar@mcellbox=\box26
\extrarowheight=\dimen104
\NC@list=\toks16
\extratabsurround=\skip43
\backup@length=\skip44
\ar@cellbox=\box27
) (D:\Miktex\tex\latex\amsmath\amsmath.sty
Package: amsmath 2017/09/02 v2.17a AMS math features
\@mathmargin=\skip45

For additional information on amsmath, use the `?' option.
(D:\Miktex\tex\latex\amsmath\amstext.sty
Package: amstext 2000/06/29 v2.01 AMS text

(D:\Miktex\tex\latex\amsmath\amsgen.sty
File: amsgen.sty 1999/11/30 v2.0 generic functions
\@emptytoks=\toks17
\ex@=\dimen105
))
(D:\Miktex\tex\latex\amsmath\amsbsy.sty
Package: amsbsy 1999/11/29 v1.2d Bold Symbols
\pmbraise@=\dimen106
)
(D:\Miktex\tex\latex\amsmath\amsopn.sty
Package: amsopn 2016/03/08 v2.02 operator names
)
\inf@bad=\count89
LaTeX Info: Redefining \frac on input line 213.
\uproot@=\count90
\leftroot@=\count91
LaTeX Info: Redefining \overline on input line 375.
\classnum@=\count92
\DOTSCASE@=\count93
LaTeX Info: Redefining \ldots on input line 472.
LaTeX Info: Redefining \dots on input line 475.
LaTeX Info: Redefining \cdots on input line 596.
\Mathstrutbox@=\box28
\strutbox@=\box29
\big@size=\dimen107
LaTeX Font Info:    Redeclaring font encoding OML on input line 712.
LaTeX Font Info:    Redeclaring font encoding OMS on input line 713.
\macc@depth=\count94
\c@MaxMatrixCols=\count95
\dotsspace@=\muskip10
\c@parentequation=\count96
\dspbrk@lvl=\count97
\tag@help=\toks18
\row@=\count98
\column@=\count99
\maxfields@=\count100
\andhelp@=\toks19
\eqnshift@=\dimen108
\alignsep@=\dimen109
\tagshift@=\dimen110
\tagwidth@=\dimen111
\totwidth@=\dimen112
\lineht@=\dimen113
\@envbody=\toks20
\multlinegap=\skip46
\multlinetaggap=\skip47
\mathdisplay@stack=\toks21
LaTeX Info: Redefining \[ on input line 2817.
LaTeX Info: Redefining \] on input line 2818.
)
(D:\Miktex\tex\latex\amsfonts\amssymb.sty
Package: amssymb 2013/01/14 v3.01 AMS font symbols

(D:\Miktex\tex\latex\amsfonts\amsfonts.sty
Package: amsfonts 2013/01/14 v3.01 Basic AMSFonts support
\symAMSa=\mathgroup4
\symAMSb=\mathgroup5
LaTeX Font Info:    Overwriting math alphabet `\mathfrak' in version `bold'
(Font)                  U/euf/m/n --> U/euf/b/n on input line 106.
))
(D:\Miktex\tex\latex\amscls\amsthm.sty
Package: amsthm 2017/10/31 v2.20.4
\thm@style=\toks22
\thm@bodyfont=\toks23
\thm@headfont=\toks24
\thm@notefont=\toks25
\thm@headpunct=\toks26
\thm@preskip=\skip48
\thm@postskip=\skip49
\thm@headsep=\skip50
\dth@everypar=\toks27
)
(D:\Miktex\tex\latex\algorithm2e\algorithm2e.sty
Package: algorithm2e 2017/07/18 v5.2 algorithms environments
\c@AlgoLine=\count101

(D:\Miktex\tex\latex\base\ifthen.sty
Package: ifthen 2014/09/29 v1.1c Standard LaTeX ifthen package (DPC)
)
\algocf@hangindent=\skip51

(D:\Miktex\tex\latex\ifoddpage\ifoddpage.sty
Package: ifoddpage 2016/04/23 v1.1 Conditionals for odd/even page detection
\c@checkoddpage=\count102
)
(D:\Miktex\tex\latex\tools\xspace.sty
Package: xspace 2014/10/28 v1.13 Space after command names (DPC,MH)
) (D:\Miktex\tex\latex\relsize\relsize.sty
Package: relsize 2013/03/29 ver 4.1
)
\skiptotal=\skip52
\skiplinenumber=\skip53
\skiprule=\skip54
\skiphlne=\skip55
\skiptext=\skip56
\skiplength=\skip57
\algomargin=\skip58
\skipalgocfslide=\skip59
\algowidth=\dimen114
\inoutsize=\dimen115
\inoutindent=\dimen116
\interspacetitleruled=\dimen117
\interspacealgoruled=\dimen118
\interspacetitleboxruled=\dimen119
\algocf@ruledwidth=\skip60
\algocf@inoutbox=\box30
\algocf@inputbox=\box31
\AlCapSkip=\skip61
\AlCapHSkip=\skip62
\algoskipindent=\skip63
\algocf@nlbox=\box32
\algocf@hangingbox=\box33
\algocf@untilbox=\box34
\algocf@skipuntil=\skip64
\algocf@capbox=\box35
\algocf@lcaptionbox=\skip65
\algoheightruledefault=\skip66
\algoheightrule=\skip67
\algotitleheightruledefault=\skip68
\algotitleheightrule=\skip69
\c@algocfline=\count103
\c@algocfproc=\count104
\c@algocf=\count105
\algocf@algoframe=\box36
\algocf@algobox=\box37
) (D:\Miktex\tex\latex\algorithms\algorithmic.sty
Package: algorithmic 2009/08/24 v0.1 Document Style `algorithmic'

(D:\Miktex\tex\latex\graphics\keyval.sty
Package: keyval 2014/10/28 v1.15 key=value parser (DPC)
\KV@toks@=\toks28
)
\c@ALC@unique=\count106
\c@ALC@line=\count107
\c@ALC@rem=\count108
\c@ALC@depth=\count109
\ALC@tlm=\skip70
\algorithmicindent=\skip71
) (D:\Miktex\tex\latex\tools\bm.sty
Package: bm 2017/01/16 v1.2c Bold Symbol Support (DPC/FMi)
\symboldoperators=\mathgroup6
\symboldletters=\mathgroup7
\symboldsymbols=\mathgroup8
LaTeX Font Info:    Redeclaring math alphabet \mathbf on input line 141.
LaTeX Info: Redefining \bm on input line 207.
)
(D:\Miktex\tex\latex\amsfonts\euscript.sty
Package: euscript 2009/06/22 v3.00 Euler Script fonts
LaTeX Font Info:    Overwriting math alphabet `\EuScript' in version `bold'
(Font)                  U/eus/m/n --> U/eus/b/n on input line 33.
)
(D:\Miktex\tex\latex\graphics\graphicx.sty
Package: graphicx 2017/06/01 v1.1a Enhanced LaTeX Graphics (DPC,SPQR)

(D:\Miktex\tex\latex\graphics\graphics.sty
Package: graphics 2017/06/25 v1.2c Standard LaTeX Graphics (DPC,SPQR)

(D:\Miktex\tex\latex\graphics\trig.sty
Package: trig 2016/01/03 v1.10 sin cos tan (DPC)
)
(D:\Miktex\tex\latex\graphics-cfg\graphics.cfg
File: graphics.cfg 2016/06/04 v1.11 sample graphics configuration
)
Package graphics Info: Driver file: pdftex.def on input line 99.

(D:\Miktex\tex\latex\graphics-def\pdftex.def
File: pdftex.def 2018/01/08 v1.0l Graphics/color driver for pdftex
))
\Gin@req@height=\dimen120
\Gin@req@width=\dimen121
)
(D:\Miktex\tex\latex\psfrag\psfrag.sty
Package: psfrag 1998/04/11 v3.04 PSfrag (MCG)
\pfg@pcount=\count110
\pfg@scount=\count111
\pfg@temp=\write3
)
(D:\Miktex\tex\latex\fancyvrb\fancyvrb.sty
Package: fancyvrb 2008/02/07

Style option: `fancyvrb' v2.7a, with DG/SPQR fixes, and firstline=lastline fix 
<2008/02/07> (tvz)
\FV@CodeLineNo=\count112
\FV@InFile=\read1
\FV@TabBox=\box38
\c@FancyVerbLine=\count113
\FV@StepNumber=\count114
\FV@OutFile=\write4
) (D:\Miktex\tex\latex\float\float.sty
Package: float 2001/11/08 v1.3d Float enhancements (AL)
\c@float@type=\count115
\float@exts=\toks29
\float@box=\box39
\@float@everytoks=\toks30
\@floatcapt=\box40
)
(D:\Miktex\tex\latex\ltablex\ltablex.sty
Package: ltablex 2014/08/13 v1.1 Modified tabularx

(D:\Miktex\tex\latex\tools\longtable.sty
Package: longtable 2014/10/28 v4.11 Multi-page Table package (DPC)
\LTleft=\skip72
\LTright=\skip73
\LTpre=\skip74
\LTpost=\skip75
\LTchunksize=\count116
\LTcapwidth=\dimen122
\LT@head=\box41
\LT@firsthead=\box42
\LT@foot=\box43
\LT@lastfoot=\box44
\LT@cols=\count117
\LT@rows=\count118
\c@LT@tables=\count119
\c@LT@chunks=\count120
\LT@p@ftn=\toks31
)
(D:\Miktex\tex\latex\tools\tabularx.sty
Package: tabularx 2016/02/03 v2.11b `tabularx' package (DPC)
\TX@col@width=\dimen123
\TX@old@table=\dimen124
\TX@old@col=\dimen125
\TX@target=\dimen126
\TX@delta=\dimen127
\TX@cols=\count121
\TX@ftn=\toks32
))
(D:\Miktex\tex\latex\natbib\natbib.sty
Package: natbib 2010/09/13 8.31b (PWD, AO)
\bibhang=\skip76
\bibsep=\skip77
LaTeX Info: Redefining \cite on input line 694.
\c@NAT@ctr=\count122
) (D:\Miktex\tex\latex\bbding\bbding.sty
Package: bbding 1999/04/15 v1.01 Dingbats symbols
) (D:\Miktex\tex\latex\tools\dcolumn.sty
Package: dcolumn 2014/10/28 v1.06 decimal alignment package (DPC)
)
(D:\Miktex\tex\latex\booktabs\booktabs.sty
Package: booktabs 2005/04/14 v1.61803 publication quality tables
\heavyrulewidth=\dimen128
\lightrulewidth=\dimen129
\cmidrulewidth=\dimen130
\belowrulesep=\dimen131
\belowbottomsep=\dimen132
\aboverulesep=\dimen133
\abovetopsep=\dimen134
\cmidrulesep=\dimen135
\cmidrulekern=\dimen136
\defaultaddspace=\dimen137
\@cmidla=\count123
\@cmidlb=\count124
\@aboverulesep=\dimen138
\@belowrulesep=\dimen139
\@thisruleclass=\count125
\@lastruleclass=\count126
\@thisrulewidth=\dimen140
)
(D:\Miktex\tex\latex\multirow\multirow.sty
Package: multirow 2018/08/03 v2.3 Span multiple rows of a table
\multirow@colwidth=\skip78
\multirow@cntb=\count127
\multirow@dima=\skip79
\bigstrutjot=\dimen141
)
(D:\Miktex\tex\latex\paralist\paralist.sty
Package: paralist 2017/01/22 v2.7 Extended list environments
\pltopsep=\skip80
\plpartopsep=\skip81
\plitemsep=\skip82
\plparsep=\skip83
\pl@lab=\toks33
)
(D:\Miktex\tex\latex\tools\indentfirst.sty
Package: indentfirst 1995/11/23 v1.03 Indent first paragraph (DPC)
)
(D:\Miktex\tex\latex\tocbibind\tocbibind.sty
Package: tocbibind 2010/10/13 v1.5k extra ToC listings
Package tocbibind Info: The document has chapter divisions on input line 50.


Package tocbibind Note: Using chapter style headings, unless overridden.

) (D:\Miktex\tex\latex\url\url.sty
\Urlmuskip=\muskip11
Package: url 2013/09/16  ver 3.4  Verb mode for urls, etc.
) (D:\Miktex\tex\latex\caption\subcaption.sty
Package: subcaption 2018/05/01 v1.1-162 Sub-captions (AR)
(D:\Miktex\tex\latex\caption\caption.sty
Package: caption 2018/10/06 v3.3-154 Customizing captions (AR)

(D:\Miktex\tex\latex\caption\caption3.sty
Package: caption3 2018/09/12 v1.8c caption3 kernel (AR)
Package caption3 Info: TeX engine: e-TeX on input line 64.
\captionmargin=\dimen142
\captionmargin@=\dimen143
\captionwidth=\dimen144
\caption@tempdima=\dimen145
\caption@indent=\dimen146
\caption@parindent=\dimen147
\caption@hangindent=\dimen148
)
\c@caption@flags=\count128
\c@ContinuedFloat=\count129
Package caption Info: float package is loaded.
Package caption Info: longtable package is loaded.

(D:\Miktex\tex\latex\caption\ltcaption.sty
Package: ltcaption 2018/08/26 v1.4-95 longtable captions (AR)
))
\c@subfigure=\count130
\c@subtable=\count131
)
(D:\Miktex\tex\latex\hyperref\hyperref.sty
Package: hyperref 2018/09/30 v6.88a Hypertext links for LaTeX

(D:\Miktex\tex\generic\oberdiek\hobsub-hyperref.sty
Package: hobsub-hyperref 2016/05/16 v1.14 Bundle oberdiek, subset hyperref (HO)


(D:\Miktex\tex\generic\oberdiek\hobsub-generic.sty
Package: hobsub-generic 2016/05/16 v1.14 Bundle oberdiek, subset generic (HO)
Package: hobsub 2016/05/16 v1.14 Construct package bundles (HO)
Package: infwarerr 2016/05/16 v1.4 Providing info/warning/error messages (HO)
Package: ltxcmds 2016/05/16 v1.23 LaTeX kernel commands for general use (HO)
Package: ifluatex 2016/05/16 v1.4 Provides the ifluatex switch (HO)
Package ifluatex Info: LuaTeX not detected.
Package: ifvtex 2016/05/16 v1.6 Detect VTeX and its facilities (HO)
Package ifvtex Info: VTeX not detected.
Package: intcalc 2016/05/16 v1.2 Expandable calculations with integers (HO)
Package: ifpdf 2018/09/07 v3.3 Provides the ifpdf switch
Package: etexcmds 2016/05/16 v1.6 Avoid name clashes with e-TeX commands (HO)
Package etexcmds Info: Could not find \expanded.
(etexcmds)             That can mean that you are not using pdfTeX 1.50 or
(etexcmds)             that some package has redefined \expanded.
(etexcmds)             In the latter case, load this package earlier.
Package: kvsetkeys 2016/05/16 v1.17 Key value parser (HO)
Package: kvdefinekeys 2016/05/16 v1.4 Define keys (HO)
Package: pdftexcmds 2018/09/10 v0.29 Utility functions of pdfTeX for LuaTeX (HO
)
Package pdftexcmds Info: LuaTeX not detected.
Package pdftexcmds Info: \pdf@primitive is available.
Package pdftexcmds Info: \pdf@ifprimitive is available.
Package pdftexcmds Info: \pdfdraftmode found.
Package: pdfescape 2016/05/16 v1.14 Implements pdfTeX's escape features (HO)
Package: bigintcalc 2016/05/16 v1.4 Expandable calculations on big integers (HO
)
Package: bitset 2016/05/16 v1.2 Handle bit-vector datatype (HO)
Package: uniquecounter 2016/05/16 v1.3 Provide unlimited unique counter (HO)
)
Package hobsub Info: Skipping package `hobsub' (already loaded).
Package: letltxmacro 2016/05/16 v1.5 Let assignment for LaTeX macros (HO)
Package: hopatch 2016/05/16 v1.3 Wrapper for package hooks (HO)
Package: xcolor-patch 2016/05/16 xcolor patch
Package: atveryend 2016/05/16 v1.9 Hooks at the very end of document (HO)
Package atveryend Info: \enddocument detected (standard20110627).
Package: atbegshi 2016/06/09 v1.18 At begin shipout hook (HO)
Package: refcount 2016/05/16 v3.5 Data extraction from label references (HO)
Package: hycolor 2016/05/16 v1.8 Color options for hyperref/bookmark (HO)
)
(D:\Miktex\tex\generic\ifxetex\ifxetex.sty
Package: ifxetex 2010/09/12 v0.6 Provides ifxetex conditional
)
(D:\Miktex\tex\latex\oberdiek\auxhook.sty
Package: auxhook 2016/05/16 v1.4 Hooks for auxiliary files (HO)
)
(D:\Miktex\tex\latex\oberdiek\kvoptions.sty
Package: kvoptions 2016/05/16 v3.12 Key value format for package options (HO)
)
\@linkdim=\dimen149
\Hy@linkcounter=\count132
\Hy@pagecounter=\count133

(D:\Miktex\tex\latex\hyperref\pd1enc.def
File: pd1enc.def 2018/09/30 v6.88a Hyperref: PDFDocEncoding definition (HO)
Now handling font encoding PD1 ...
... no UTF-8 mapping file for font encoding PD1
)
\Hy@SavedSpaceFactor=\count134

(D:\Miktex\tex\latex\00miktex\hyperref.cfg
File: hyperref.cfg 2002/06/06 v1.2 hyperref configuration of TeXLive
)
Package hyperref Info: Option `unicode' set `true' on input line 4409.

(D:\Miktex\tex\latex\hyperref\puenc.def
File: puenc.def 2018/09/30 v6.88a Hyperref: PDF Unicode definition (HO)
Now handling font encoding PU ...
... no UTF-8 mapping file for font encoding PU
)
Package hyperref Info: Hyper figures OFF on input line 4535.
Package hyperref Info: Link nesting OFF on input line 4540.
Package hyperref Info: Hyper index ON on input line 4543.
Package hyperref Info: Plain pages OFF on input line 4550.
Package hyperref Info: Backreferencing OFF on input line 4555.
Package hyperref Info: Implicit mode ON; LaTeX internals redefined.
Package hyperref Info: Bookmarks ON on input line 4788.
\c@Hy@tempcnt=\count135
LaTeX Info: Redefining \url on input line 5141.
\XeTeXLinkMargin=\dimen150
\Fld@menulength=\count136
\Field@Width=\dimen151
\Fld@charsize=\dimen152
Package hyperref Info: Hyper figures OFF on input line 6396.
Package hyperref Info: Link nesting OFF on input line 6401.
Package hyperref Info: Hyper index ON on input line 6404.
Package hyperref Info: backreferencing OFF on input line 6411.
Package hyperref Info: Link coloring OFF on input line 6416.
Package hyperref Info: Link coloring with OCG OFF on input line 6421.
Package hyperref Info: PDF/A mode OFF on input line 6426.
LaTeX Info: Redefining \ref on input line 6466.
LaTeX Info: Redefining \pageref on input line 6470.
\Hy@abspage=\count137
\c@Item=\count138
\c@Hfootnote=\count139
)
Package hyperref Info: Driver (autodetected): hpdftex.

(D:\Miktex\tex\latex\hyperref\hpdftex.def
File: hpdftex.def 2018/09/30 v6.88a Hyperref driver for pdfTeX
\Fld@listcount=\count140
\c@bookmark@seq@number=\count141

(D:\Miktex\tex\latex\oberdiek\rerunfilecheck.sty
Package: rerunfilecheck 2016/05/16 v1.8 Rerun checks for auxiliary files (HO)
Package uniquecounter Info: New unique counter `rerunfilecheck' on input line 2
82.
)
\Hy@SectionHShift=\skip84
)
(D:\Miktex\tex\latex\xcolor\xcolor.sty
Package: xcolor 2016/05/11 v2.12 LaTeX color extensions (UK)

(D:\Miktex\tex\latex\graphics-cfg\color.cfg
File: color.cfg 2016/01/02 v1.6 sample color configuration
)
Package xcolor Info: Driver file: pdftex.def on input line 225.
Package xcolor Info: Model `cmy' substituted by `cmy0' on input line 1348.
Package xcolor Info: Model `hsb' substituted by `rgb' on input line 1352.
Package xcolor Info: Model `RGB' extended on input line 1364.
Package xcolor Info: Model `HTML' substituted by `rgb' on input line 1366.
Package xcolor Info: Model `Hsb' substituted by `hsb' on input line 1367.
Package xcolor Info: Model `tHsb' substituted by `hsb' on input line 1368.
Package xcolor Info: Model `HSB' substituted by `hsb' on input line 1369.
Package xcolor Info: Model `Gray' substituted by `gray' on input line 1370.
Package xcolor Info: Model `wave' substituted by `hsb' on input line 1371.
)
Package hyperref Info: Option `colorlinks' set `false' on input line 62.
Package hyperref Info: Option `pdfnewwindow' set `true' on input line 62.
Package hyperref Info: Option `breaklinks' set `true' on input line 62.
\c@theorem=\count142
\c@definition=\count143
\c@problem=\count144
\c@example=\count145
\c@assumption=\count146

("[Build] Clean Chapter 6 with formatting.aux")
\openout1 = `"[Build] Clean Chapter 6 with formatting.aux"'.

LaTeX Font Info:    Checking defaults for OML/cmm/m/it on input line 150.
LaTeX Font Info:    ... okay on input line 150.
LaTeX Font Info:    Checking defaults for T1/cmr/m/n on input line 150.
LaTeX Font Info:    ... okay on input line 150.
LaTeX Font Info:    Checking defaults for OT1/cmr/m/n on input line 150.
LaTeX Font Info:    ... okay on input line 150.
LaTeX Font Info:    Checking defaults for OMS/cmsy/m/n on input line 150.
LaTeX Font Info:    ... okay on input line 150.
LaTeX Font Info:    Checking defaults for OMX/cmex/m/n on input line 150.
LaTeX Font Info:    ... okay on input line 150.
LaTeX Font Info:    Checking defaults for U/cmr/m/n on input line 150.
LaTeX Font Info:    ... okay on input line 150.
LaTeX Font Info:    Checking defaults for PD1/pdf/m/n on input line 150.
LaTeX Font Info:    ... okay on input line 150.
LaTeX Font Info:    Checking defaults for PU/pdf/m/n on input line 150.
LaTeX Font Info:    ... okay on input line 150.

(D:\Miktex\tex\context\base\supp-pdf.mkii
[Loading MPS to PDF converter (version 2006.09.02).]
\scratchcounter=\count147
\scratchdimen=\dimen153
\scratchbox=\box45
\nofMPsegments=\count148
\nofMParguments=\count149
\everyMPshowfont=\toks34
\MPscratchCnt=\count150
\MPscratchDim=\dimen154
\MPnumerator=\count151
\makeMPintoPDFobject=\count152
\everyMPtoPDFconversion=\toks35
) (D:\Miktex\tex\latex\oberdiek\epstopdf-base.sty
Package: epstopdf-base 2016/05/15 v2.6 Base part for package epstopdf

(D:\Miktex\tex\latex\oberdiek\grfext.sty
Package: grfext 2016/05/16 v1.2 Manage graphics extensions (HO)
)
Package epstopdf-base Info: Redefining graphics rule for `.eps' on input line 4
38.
Package grfext Info: Graphics extension search list:
(grfext)             [.pdf,.png,.jpg,.mps,.jpeg,.jbig2,.jb2,.PDF,.PNG,.JPG,.JPE
G,.JBIG2,.JB2,.eps]
(grfext)             \AppendGraphicsExtensions on input line 456.
)
Package caption Info: Begin \AtBeginDocument code.
Package caption Info: hyperref package is loaded.
Package caption Info: End \AtBeginDocument code.
\AtBeginShipoutBox=\box46
Package hyperref Info: Link coloring OFF on input line 150.

(D:\Miktex\tex\latex\hyperref\nameref.sty
Package: nameref 2016/05/21 v2.44 Cross-referencing by name of section

(D:\Miktex\tex\generic\oberdiek\gettitlestring.sty
Package: gettitlestring 2016/05/16 v1.5 Cleanup title references (HO)
)
\c@section@level=\count153
)
LaTeX Info: Redefining \ref on input line 150.
LaTeX Info: Redefining \pageref on input line 150.
LaTeX Info: Redefining \nameref on input line 150.

("[Build] Clean Chapter 6 with formatting.out")
("[Build] Clean Chapter 6 with formatting.out")
\@outlinefile=\write5
\openout5 = `"[Build] Clean Chapter 6 with formatting.out"'.

 (06A01-Approach.tex
Chapter 6.
<./Pics/RE001AvoidanceLevelsBasedOnReactionTime.png, id=216, 2038.61626pt x 539
.01375pt>
File: ./Pics/RE001AvoidanceLevelsBasedOnReactionTime.png Graphic file (type png
)
<use ./Pics/RE001AvoidanceLevelsBasedOnReactionTime.png>
Package pdftex.def Info: ./Pics/RE001AvoidanceLevelsBasedOnReactionTime.png  us
ed on input line 7.
(pdftex.def)             Requested size: 318.66946pt x 84.25359pt.
[1
Non-PDF special ignored!
<special> header=psfrag.pro


{C:/Users/Lojzo/AppData/Local/MiKTeX/2.9/pdftex/config/pdftex.map} <./Pics/RE00
1AvoidanceLevelsBasedOnReactionTime.png>]

LaTeX Warning: Reference `fig:avoidanceConcept' on page 2 undefined on input li
ne 27.


LaTeX Warning: Reference `s:BasicProblemDefinition' on page 2 undefined on inpu
t line 27.


LaTeX Warning: Reference `s:IncrementalProblemDefinition' on page 2 undefined o
n input line 27.

<./Pics/TE037ConceptualSchemeNew.jpg, id=233, 831.5868pt x 449.0376pt>
File: ./Pics/TE037ConceptualSchemeNew.jpg Graphic file (type jpg)
<use ./Pics/TE037ConceptualSchemeNew.jpg>
Package pdftex.def Info: ./Pics/TE037ConceptualSchemeNew.jpg  used on input lin
e 31.
(pdftex.def)             Requested size: 432.48048pt x 233.53514pt.
[2 <./Pics/TE037ConceptualSchemeNew.jpg>]
Underfull \hbox (badness 8094) in paragraph at lines 56--57
[]\OT1/cmr/m/it/12 Weather In-for-ma-tion \OT1/cmr/m/n/12 (Static/Dynamic Re-st
ric-tion Source) - im-pos-ing
 []


Underfull \hbox (badness 2547) in paragraph at lines 56--57
\OT1/cmr/m/n/12 static/moving soft/hard con-straints on \OT1/cmr/m/it/12 Known 
World\OT1/cmr/m/n/12 /\OT1/cmr/m/it/12 Operational Space\OT1/cmr/m/n/12 .
 []

[3]
LaTeX Font Info:    Try loading font information for U+msa on input line 80.
 (D:\Miktex\tex\latex\amsfonts\umsa.fd
File: umsa.fd 2013/01/14 v3.01 AMS symbols A
)
LaTeX Font Info:    Try loading font information for U+msb on input line 80.

(D:\Miktex\tex\latex\amsfonts\umsb.fd
File: umsb.fd 2013/01/14 v3.01 AMS symbols B
)) (06A03-UAS-Model-MA-Implementation.tex
[4]

LaTeX Warning: Reference `def:movementAutomaton' on page 5 undefined on input l
ine 66.

[5]

LaTeX Warning: Reference `def:MovementPrimitive' on page 6 undefined on input l
ine 68.


LaTeX Warning: Reference `eq:movementPrimitive' on page 6 undefined on input li
ne 68.


LaTeX Warning: Reference `def:movementTransition' on page 6 undefined on input 
line 74.


LaTeX Warning: Reference `def:Movement' on page 6 undefined on input line 80.

[6]

LaTeX Warning: Reference `def:MovementAutomatonTrajectory' on page 7 undefined 
on input line 178.


LaTeX Warning: Reference `def:MovementBuffer' on page 7 undefined on input line
 178.

[7]

LaTeX Warning: Reference `def:movementAutomaton' on page 8 undefined on input l
ine 211.

[8] [9] [10]) (06A02-Avoidance-Grid.tex [11]

LaTeX Warning: Reference `eq:basicProblemDefinition' on page 12 undefined on in
put line 8.


LaTeX Warning: Reference `pro:rulesOfTheAir' on page 12 undefined on input line
 8.


LaTeX Warning: Reference `sec:complementsOfAlgebra' on page 12 undefined on inp
ut line 17.

[12]
<./Pics/TE046LiDARRasterRange.png, id=465, 715.9548pt x 622.4856pt>
File: ./Pics/TE046LiDARRasterRange.png Graphic file (type png)
<use ./Pics/TE046LiDARRasterRange.png>
Package pdftex.def Info: ./Pics/TE046LiDARRasterRange.png  used on input line 7
8.
(pdftex.def)             Requested size: 364.19664pt x 316.6561pt.
 [13 <./Pics/TE046LiDARRasterRange.png>]

LaTeX Warning: Reference `s:ReachSets' on page 14 undefined on input line 93.

[14] [15]) (06A06a-Reach-Set-Approximation.tex [16]
Underfull \hbox (badness 3108) in paragraph at lines 11--12
[]\OT1/cmr/m/it/12 Property bind-ing \OT1/cmr/m/n/12 - bind-ing re-lated prop-e
r-ties seems prob-lem-atic, be-cause
 []


LaTeX Warning: Reference `def:MovementAutomatonTrajectory' on page 17 undefined
 on input line 31.

LaTeX Font Info:    Try loading font information for U+eus on input line 31.
(D:\Miktex\tex\latex\amsfonts\ueus.fd
File: ueus.fd 2013/01/14 v3.01 Euler Script
)

LaTeX Warning: Reference `def:MovementBuffer' on page 17 undefined on input lin
e 31.

[17]

LaTeX Warning: Reference `def:ReachSetBasic' on page 18 undefined on input line
 50.


LaTeX Warning: Reference `s:KnownWorld' on page 18 undefined on input line 89.

[18]) (06A06b-Reach-Set-Performance-Criteria.tex [19] [20] [21])
(06A06c-Contrained-Trajectory-Expansion.tex
<./Pics/RS001RapidExplorationTreeExampleShrink.png, id=647, 808.52063pt x 460.7
2125pt>
File: ./Pics/RS001RapidExplorationTreeExampleShrink.png Graphic file (type png)

<use ./Pics/RS001RapidExplorationTreeExampleShrink.png>
Package pdftex.def Info: ./Pics/RS001RapidExplorationTreeExampleShrink.png  use
d on input line 11.
(pdftex.def)             Requested size: 409.71689pt x 233.47437pt.
 [22 <./Pics/RS001RapidExplorationTreeExampleShrink.png>] [23]) (06A06e-Reach-S
et-Approximations.tex [24] [25]
<./Pics/RS002ChaoticReachSetEstimationMethod.png, id=719, 384.6872pt x 298.1137
5pt>
File: ./Pics/RS002ChaoticReachSetEstimationMethod.png Graphic file (type png)
<use ./Pics/RS002ChaoticReachSetEstimationMethod.png>
Package pdftex.def Info: ./Pics/RS002ChaoticReachSetEstimationMethod.png  used 
on input line 76.
(pdftex.def)             Requested size: 318.66946pt x 246.97037pt.

[26] [27 <./Pics/RS002ChaoticReachSetEstimationMethod.png>] [28] [29]
<./Pics/RS003HarmonicReachSetEstimationMethod.png, id=771, 389.95688pt x 295.10
25pt>
File: ./Pics/RS003HarmonicReachSetEstimationMethod.png Graphic file (type png)
<use ./Pics/RS003HarmonicReachSetEstimationMethod.png>
Package pdftex.def Info: ./Pics/RS003HarmonicReachSetEstimationMethod.png  used
 on input line 196.
(pdftex.def)             Requested size: 318.66946pt x 241.16608pt.
 [30 <./Pics/RS003HarmonicReachSetEstimationMethod.png>]
LaTeX Font Info:    Try loading font information for OMS+cmr on input line 284.


(D:\Miktex\tex\latex\base\omscmr.fd
File: omscmr.fd 2014/09/29 v2.5h Standard LaTeX font definitions
)
LaTeX Font Info:    Font shape `OMS/cmr/m/it' in size <12> not available
(Font)              Font shape `OMS/cmsy/m/n' tried instead on input line 284.
 [31]
<./Pics/RS004CombinedReachSetEstimationMethod.png, id=807, 403.5075pt x 296.608
12pt>
File: ./Pics/RS004CombinedReachSetEstimationMethod.png Graphic file (type png)
<use ./Pics/RS004CombinedReachSetEstimationMethod.png>
Package pdftex.def Info: ./Pics/RS004CombinedReachSetEstimationMethod.png  used
 on input line 361.
(pdftex.def)             Requested size: 318.66946pt x 234.24542pt.
 [32] [33 <./Pics/RS004CombinedReachSetEstimationMethod.png>]
Underfull \hbox (badness 1924) in paragraph at lines 420--421
\OT1/cmr/m/n/12 For each $\OML/cmm/m/it/12 Node\OT1/cmr/m/n/12 ([] \OML/cmm/m/i
t/12 ; buffer\OT1/cmr/m/n/12 )$ and each \OT1/cmr/m/it/12 sep-a-ra-tion \OT1/cm
r/m/n/12 there is a eval-u-a-tion func-tion
 []

[34] [35]
<./Pics/RS005ACASLikeReachSetEstimationMethodFull.png, id=875, 386.6445pt x 295
.70474pt>
File: ./Pics/RS005ACASLikeReachSetEstimationMethodFull.png Graphic file (type p
ng)
<use ./Pics/RS005ACASLikeReachSetEstimationMethodFull.png>
Package pdftex.def Info: ./Pics/RS005ACASLikeReachSetEstimationMethodFull.png  
used on input line 511.
(pdftex.def)             Requested size: 196.66235pt x 150.40584pt.
<./Pics/RS006ACASLikeReachSetEstimationMethodHorizontalVertical.png, id=876, 38
6.6445pt x 295.70474pt>
File: ./Pics/RS006ACASLikeReachSetEstimationMethodHorizontalVertical.png Graphi
c file (type png)
<use ./Pics/RS006ACASLikeReachSetEstimationMethodHorizontalVertical.png>
Package pdftex.def Info: ./Pics/RS006ACASLikeReachSetEstimationMethodHorizontal
Vertical.png  used on input line 516.
(pdftex.def)             Requested size: 196.66235pt x 150.40584pt.
<./Pics/RS008ACASLikeReachSetEstimationMethodHorizontal.png, id=877, 386.6445pt
 x 295.70474pt>
File: ./Pics/RS008ACASLikeReachSetEstimationMethodHorizontal.png Graphic file (
type png)
<use ./Pics/RS008ACASLikeReachSetEstimationMethodHorizontal.png>
Package pdftex.def Info: ./Pics/RS008ACASLikeReachSetEstimationMethodHorizontal
.png  used on input line 522.
(pdftex.def)             Requested size: 196.66235pt x 150.40584pt.
<./Pics/RS009CASLikeReachSetEstimationMethodVertical.png, id=878, 386.6445pt x 
295.70474pt>
File: ./Pics/RS009CASLikeReachSetEstimationMethodVertical.png Graphic file (typ
e png)
<use ./Pics/RS009CASLikeReachSetEstimationMethodVertical.png>
Package pdftex.def Info: ./Pics/RS009CASLikeReachSetEstimationMethodVertical.pn
g  used on input line 527.
(pdftex.def)             Requested size: 196.66235pt x 150.40584pt.
) (06A04-Static-Obstace-Constraints.tex [36 <./Pics/RS005ACASLikeReachSetEstima
tionMethodFull.png> <./Pics/RS006ACASLikeReachSetEstimationMethodHorizontalVert
ical.png> <./Pics/RS008ACASLikeReachSetEstimationMethodHorizontal.png> <./Pics/
RS009CASLikeReachSetEstimationMethodVertical.png>]
<./Pics/TE051CountOfLiDARHits.jpg, id=898, 570.63188pt x 505.13719pt>
File: ./Pics/TE051CountOfLiDARHits.jpg Graphic file (type jpg)
<use ./Pics/TE051CountOfLiDARHits.jpg>
Package pdftex.def Info: ./Pics/TE051CountOfLiDARHits.jpg  used on input line 2
2.
(pdftex.def)             Requested size: 318.66946pt x 282.0964pt.
 [37 <./Pics/TE051CountOfLiDARHits.jpg>]
<./Pics/TE053OvershadowedMapobstacle.jpg, id=914, 570.63188pt x 501.37312pt>
File: ./Pics/TE053OvershadowedMapobstacle.jpg Graphic file (type jpg)
<use ./Pics/TE053OvershadowedMapobstacle.jpg>
Package pdftex.def Info: ./Pics/TE053OvershadowedMapobstacle.jpg  used on input
 line 36.
(pdftex.def)             Requested size: 318.66946pt x 279.99434pt.
) (06A04a-Detected-Obstacles.tex [38 <./Pics/TE053OvershadowedMapobstacle.jpg>]
 [39]

LaTeX Warning: Reference `eq:finalCellSquare' on page 40 undefined on input lin
e 63.


LaTeX Warning: Reference `eq:finalCellSquare' on page 40 undefined on input lin
e 69.

[40]
<./Pics/TE006VisibilityFirstObstacle.png, id=964, 1110.549pt x 751.608pt>
File: ./Pics/TE006VisibilityFirstObstacle.png Graphic file (type png)
<use ./Pics/TE006VisibilityFirstObstacle.png>
Package pdftex.def Info: ./Pics/TE006VisibilityFirstObstacle.png  used on input
 line 142.
(pdftex.def)             Requested size: 131.11238pt x 88.73254pt.
<./Pics/TE007VisibilitySecondObstacle.png, id=965, 1110.549pt x 751.608pt>
File: ./Pics/TE007VisibilitySecondObstacle.png Graphic file (type png)
<use ./Pics/TE007VisibilitySecondObstacle.png>
Package pdftex.def Info: ./Pics/TE007VisibilitySecondObstacle.png  used on inpu
t line 147.
(pdftex.def)             Requested size: 131.11238pt x 88.73254pt.
<./Pics/TE008VisibilityThirdObstacle.png, id=966, 1110.549pt x 751.608pt>
File: ./Pics/TE008VisibilityThirdObstacle.png Graphic file (type png)
<use ./Pics/TE008VisibilityThirdObstacle.png>
Package pdftex.def Info: ./Pics/TE008VisibilityThirdObstacle.png  used on input
 line 152.
(pdftex.def)             Requested size: 131.11238pt x 88.73254pt.
 [41 <./Pics/TE006VisibilityFirstObstacle.png> <./Pics/TE007VisibilitySecondObs
tacle.png> <./Pics/TE008VisibilityThirdObstacle.png>])
(06A04b-Map-Obstacles.tex
<./Pics/TE009MapObstacleUndetected.png, id=988, 1086.459pt x 754.017pt>
File: ./Pics/TE009MapObstacleUndetected.png Graphic file (type png)
<use ./Pics/TE009MapObstacleUndetected.png>
Package pdftex.def Info: ./Pics/TE009MapObstacleUndetected.png  used on input l
ine 17.
(pdftex.def)             Requested size: 131.11238pt x 90.98436pt.
<./Pics/TE010MapObstacleDetected.png, id=989, 1358.07375pt x 942.52126pt>
File: ./Pics/TE010MapObstacleDetected.png Graphic file (type png)
<use ./Pics/TE010MapObstacleDetected.png>
Package pdftex.def Info: ./Pics/TE010MapObstacleDetected.png  used on input lin
e 22.
(pdftex.def)             Requested size: 131.11238pt x 90.993pt.
<./Pics/TE011MapObstacleHiden.png, id=990, 1086.459pt x 754.017pt>
File: ./Pics/TE011MapObstacleHiden.png Graphic file (type png)
<use ./Pics/TE011MapObstacleHiden.png>
Package pdftex.def Info: ./Pics/TE011MapObstacleHiden.png  used on input line 2
7.
(pdftex.def)             Requested size: 131.11238pt x 90.98436pt.
 [42 <./Pics/TE009MapObstacleUndetected.png> <./Pics/TE010MapObstacleDetected.p
ng> <./Pics/TE011MapObstacleHiden.png>]
<./Pics/TE054ExtractedMapObstaclesExample.png, id=1013, 578.16pt x 433.62pt>
File: ./Pics/TE054ExtractedMapObstaclesExample.png Graphic file (type png)
<use ./Pics/TE054ExtractedMapObstaclesExample.png>
Package pdftex.def Info: ./Pics/TE054ExtractedMapObstaclesExample.png  used on 
input line 62.
(pdftex.def)             Requested size: 318.66946pt x 239.0012pt.
 [43 <./Pics/TE054ExtractedMapObstaclesExample.png (PNG copy)>] [44])
(06A04c-Static-Contraints.tex

LaTeX Warning: Reference `sec:WellClear' on page 45 undefined on input line 8.


LaTeX Warning: Reference `sec:WeatherImpact' on page 45 undefined on input line
 8.


Underfull \hbox (badness 3039) detected at line 23
 []$[]  \OML/cmm/m/it/12 constraint \OT1/cmr/m/n/12 = \OMS/cmsy/m/n/12 f\OML/cm
m/m/it/12 position; boundary; altitude[]; altitude[]; safetyMargin\OMS/cmsy/m/n
/12 g$ [][][]  
 []

[45] [46]) (06A05-Moving-Obstacles-Intruders.tex [47]
<./Pics/TE052AdversaryProbabilitySpread.jpg, id=1099, 567.62062pt x 493.845pt>
File: ./Pics/TE052AdversaryProbabilitySpread.jpg Graphic file (type jpg)
<use ./Pics/TE052AdversaryProbabilitySpread.jpg>
Package pdftex.def Info: ./Pics/TE052AdversaryProbabilitySpread.jpg  used on in
put line 18.
(pdftex.def)             Requested size: 318.66946pt x 277.25964pt.
 [48 <./Pics/TE052AdversaryProbabilitySpread.jpg>]) (06A05a-Intruder-Behaviour-
Prediction.tex [49]
[50]) (06A05b-Linear-Intersection-Model.tex [51])
(06A05c-Body-Volume-Intersection.tex [52])
(06A05d-Manuevurability-Uncertainty-Intersection.tex [53]
<./Pics/TE014ElipticConeIOnePoint.png, id=1222, 763.35187pt x 560.0925pt>
File: ./Pics/TE014ElipticConeIOnePoint.png Graphic file (type png)
<use ./Pics/TE014ElipticConeIOnePoint.png>
Package pdftex.def Info: ./Pics/TE014ElipticConeIOnePoint.png  used on input li
ne 34.
(pdftex.def)             Requested size: 318.66946pt x 233.81856pt.
<./Pics/TE015ProbabilisticDistributionOfEllipsoidCutSideForTE016.png, id=1227, 
1623.666pt x 760.0395pt>
File: ./Pics/TE015ProbabilisticDistributionOfEllipsoidCutSideForTE016.png Graph
ic file (type png)
<use ./Pics/TE015ProbabilisticDistributionOfEllipsoidCutSideForTE016.png>
Package pdftex.def Info: ./Pics/TE015ProbabilisticDistributionOfEllipsoidCutSid
eForTE016.png  used on input line 52.
(pdftex.def)             Requested size: 409.71689pt x 191.78378pt.
 [54 <./Pics/TE014ElipticConeIOnePoint.png>] [55 <./Pics/TE015ProbabilisticDist
ributionOfEllipsoidCutSideForTE016.png>]
<./Pics/TE013ElipticConeIntersecitonExample.png, id=1261, 467.346pt x 342.68025
pt>
File: ./Pics/TE013ElipticConeIntersecitonExample.png Graphic file (type png)
<use ./Pics/TE013ElipticConeIntersecitonExample.png>
Package pdftex.def Info: ./Pics/TE013ElipticConeIntersecitonExample.png  used o
n input line 99.
(pdftex.def)             Requested size: 318.66946pt x 233.66263pt.
 [56 <./Pics/TE013ElipticConeIntersecitonExample.png>]
<./Pics/TE016EllipsoidCutTimeOfArrival.png, id=1285, 2701.09125pt x 1264.725pt>

File: ./Pics/TE016EllipsoidCutTimeOfArrival.png Graphic file (type png)
<use ./Pics/TE016EllipsoidCutTimeOfArrival.png>
Package pdftex.def Info: ./Pics/TE016EllipsoidCutTimeOfArrival.png  used on inp
ut line 158.
(pdftex.def)             Requested size: 318.66946pt x 149.1938pt.

[57]
Overfull \hbox (4.16646pt too wide) in paragraph at lines 193--194
 []\OT1/cmr/bx/n/12 Combined in-ter-sec-tion model:[] \OT1/cmr/m/n/12 The \OT1/
cmr/m/it/12 com-bined in-ter-sec-tion model $\OML/cmm/m/it/12 P[]\OT1/cmr/m/n/1
2 (\OML/cmm/m/it/12 i[]; c[]; l; b; s; \OT1/cmr/m/n/12 )$
 []

[58 <./Pics/TE016EllipsoidCutTimeOfArrival.png>]
Overfull \hbox (3.63026pt too wide) in paragraph at lines 211--212
[]\OT1/cmr/m/n/12 The \OT1/cmr/m/it/12 space in-ter-sec-tion rate for body vol-
ume $\OML/cmm/m/it/12 P[]\OT1/cmr/m/n/12 (\OML/cmm/m/it/12 i[]; c[]\OT1/cmr/m/n
/12 )$ is de-fined as $\OML/cmm/m/it/12 P[]\OT1/cmr/m/n/12 (\OML/cmm/m/it/12 i[
]\OT1/cmr/m/n/12 (\OML/cmm/m/it/12 x; v; r\OT1/cmr/m/n/12 )\OML/cmm/m/it/12 ; c
[]\OT1/cmr/m/n/12 )$
 []

[59]) (06A05e-Moving-Contraints.tex [60]

LaTeX Warning: Reference `s:testStorm' on page 61 undefined on input line 46.

) (06A07-Avodiance-Concept.tex [61]) (06A07d-Data-Fusion.tex

LaTeX Warning: Reference `eq:DataFusionFunction' on page 62 undefined on input 
line 3.

[62] [63] [64]

LaTeX Warning: Reference `eq:DataFusionFunction' on page 65 undefined on input 
line 133.

[65]
Underfull \hbox (badness 1365) in paragraph at lines 159--160
\OT1/cmr/m/n/12 The \OT1/cmr/m/it/12 Free \OT1/cmr/m/n/12 space is the space wh
ich is \OT1/cmr/m/it/12 Vis-i-ble \OT1/cmr/m/n/12 and $\OMS/cmsy/m/n/12 :\OML/c
mm/m/it/12 Obstacle$\OT1/cmr/m/n/12 , $\OMS/cmsy/m/n/12 :\OML/cmm/m/it/12 Intru
der$\OT1/cmr/m/n/12 , and,
 []

) (06A07a-Avoidance-Grid-Run.tex [66]
<./Pics/CA001ObstacleDetection.png, id=1458, 1069.596pt x 780.516pt>
File: ./Pics/CA001ObstacleDetection.png Graphic file (type png)
<use ./Pics/CA001ObstacleDetection.png>
Package pdftex.def Info: ./Pics/CA001ObstacleDetection.png  used on input line 
12.
(pdftex.def)             Requested size: 196.66235pt x 143.51187pt.
<./Pics/CA002UncertainityAssesment.png, id=1459, 1069.596pt x 780.516pt>
File: ./Pics/CA002UncertainityAssesment.png Graphic file (type png)
<use ./Pics/CA002UncertainityAssesment.png>
Package pdftex.def Info: ./Pics/CA002UncertainityAssesment.png  used on input l
ine 17.
(pdftex.def)             Requested size: 196.66235pt x 143.51187pt.
<./Pics/CA003SurveyOfVacantSpace.png, id=1460, 1069.596pt x 780.516pt>
File: ./Pics/CA003SurveyOfVacantSpace.png Graphic file (type png)
<use ./Pics/CA003SurveyOfVacantSpace.png>
Package pdftex.def Info: ./Pics/CA003SurveyOfVacantSpace.png  used on input lin
e 23.
(pdftex.def)             Requested size: 196.66235pt x 143.51187pt.
<./Pics/CA004ReachableSpaceAssesment.png, id=1461, 1336.995pt x 975.645pt>
File: ./Pics/CA004ReachableSpaceAssesment.png Graphic file (type png)
<use ./Pics/CA004ReachableSpaceAssesment.png>
Package pdftex.def Info: ./Pics/CA004ReachableSpaceAssesment.png  used on input
 line 28.
(pdftex.def)             Requested size: 196.66235pt x 143.497pt.
 [67 <./Pics/CA001ObstacleDetection.png> <./Pics/CA002UncertainityAssesment.png
> <./Pics/CA003SurveyOfVacantSpace.png> <./Pics/CA004ReachableSpaceAssesment.pn
g>] [68] [69]
<./Pics/TE038AvoidanceRunExample.png, id=1531, 217.7736pt x 198.9834pt>
File: ./Pics/TE038AvoidanceRunExample.png Graphic file (type png)
<use ./Pics/TE038AvoidanceRunExample.png>
Package pdftex.def Info: ./Pics/TE038AvoidanceRunExample.png  used on input lin
e 142.
(pdftex.def)             Requested size: 341.43306pt x 312.00383pt.
 [70 <./Pics/TE038AvoidanceRunExample.png>]
<./Pics/TE040Visibility.png, id=1540, 500.1084pt x 410.4936pt>
File: ./Pics/TE040Visibility.png Graphic file (type png)
<use ./Pics/TE040Visibility.png>
Package pdftex.def Info: ./Pics/TE040Visibility.png  used on input line 162.
(pdftex.def)             Requested size: 432.48048pt x 354.99066pt.
 [71 <./Pics/TE040Visibility.png>]
<./Pics/TE041Reachibility.png, id=1550, 491.436pt x 402.303pt>
File: ./Pics/TE041Reachibility.png Graphic file (type png)
<use ./Pics/TE041Reachibility.png>
Package pdftex.def Info: ./Pics/TE041Reachibility.png  used on input line 186.
(pdftex.def)             Requested size: 432.48048pt x 354.05841pt.
)
(06A07b-Mission-Control-Run.tex [72 <./Pics/TE041Reachibility.png>]

LaTeX Warning: Reference `eq:movementChaining' on page 73 undefined on input li
ne 5.

<./Pics/CA005PathCalculation.png, id=1568, 1063.5735pt x 809.424pt>
File: ./Pics/CA005PathCalculation.png Graphic file (type png)
<use ./Pics/CA005PathCalculation.png>
Package pdftex.def Info: ./Pics/CA005PathCalculation.png  used on input line 27
.
(pdftex.def)             Requested size: 196.66235pt x 149.66699pt.
<./Pics/CA006FieldOfViewZones.png, id=1569, 1069.596pt x 809.424pt>
File: ./Pics/CA006FieldOfViewZones.png Graphic file (type png)
<use ./Pics/CA006FieldOfViewZones.png>
Package pdftex.def Info: ./Pics/CA006FieldOfViewZones.png  used on input line 3
3.
(pdftex.def)             Requested size: 196.66235pt x 148.82713pt.
[73 <./Pics/CA005PathCalculation.png> <./Pics/CA006FieldOfViewZones.png>]
<./Pics/TE042MissionExample.png, id=1590, 1186.4325pt x 775.39688pt>
File: ./Pics/TE042MissionExample.png Graphic file (type png)
<use ./Pics/TE042MissionExample.png>
Package pdftex.def Info: ./Pics/TE042MissionExample.png  used on input line 60.

(pdftex.def)             Requested size: 196.66235pt x 128.52654pt.
<./Pics/TE043AllDecisionDecisionPoint.png, id=1591, 1186.4325pt x 775.39688pt>
File: ./Pics/TE043AllDecisionDecisionPoint.png Graphic file (type png)
<use ./Pics/TE043AllDecisionDecisionPoint.png>
Package pdftex.def Info: ./Pics/TE043AllDecisionDecisionPoint.png  used on inpu
t line 66.
(pdftex.def)             Requested size: 196.66235pt x 128.52654pt.
<./Pics/TE044WaypointReach.png, id=1592, 379.6584pt x 248.127pt>
File: ./Pics/TE044WaypointReach.png Graphic file (type png)
<use ./Pics/TE044WaypointReach.png>
Package pdftex.def Info: ./Pics/TE044WaypointReach.png  used on input line 74.
(pdftex.def)             Requested size: 196.66235pt x 128.527pt.
<./Pics/TE045NewWaypointSetup.png, id=1593, 1186.4325pt x 775.39688pt>
File: ./Pics/TE045NewWaypointSetup.png Graphic file (type png)
<use ./Pics/TE045NewWaypointSetup.png>
Package pdftex.def Info: ./Pics/TE045NewWaypointSetup.png  used on input line 8
0.
(pdftex.def)             Requested size: 196.66235pt x 128.52654pt.

[74 <./Pics/TE042MissionExample.png> <./Pics/TE043AllDecisionDecisionPoint.png>
 <./Pics/TE044WaypointReach.png> <./Pics/TE045NewWaypointSetup.png>]
<./Pics/TE026AvoidanceAlgorithmMainLoopRun.png, id=1613, 2127.95pt x 1644.1425p
t>
File: ./Pics/TE026AvoidanceAlgorithmMainLoopRun.png Graphic file (type png)
<use ./Pics/TE026AvoidanceAlgorithmMainLoopRun.png>
Package pdftex.def Info: ./Pics/TE026AvoidanceAlgorithmMainLoopRun.png  used on
 input line 106.
(pdftex.def)             Requested size: 455.24408pt x 351.72762pt.
 [75 <./Pics/TE026AvoidanceAlgorithmMainLoopRun.png>]

LaTeX Warning: Reference `eq:rulesOfTheAir' on page 76 undefined on input line 
151.

[76]

LaTeX Warning: Reference `s:mission' on page 77 undefined on input line 199.

[77] [78]

LaTeX Warning: Reference `s:mission' on page 79 undefined on input line 298.


LaTeX Warning: Reference `ass:reachableWaypoints' on page 79 undefined on input
 line 300.

[79] [80]

LaTeX Warning: Reference `ass:reachableWaypoints' on page 81 undefined on input
 line 395.

[81]) (06A07e-Calculation-Complexity.tex [82] [83]

LaTeX Warning: Reference `fig:emergencyHeadOnMultipleComputationTime' on page 8
4 undefined on input line 60.

[84]

LaTeX Warning: Reference `tab:computationLoadStatistics' on page 85 undefined o
n input line 104.

) (06A07c-Safety-Margin-Calculation.tex [85])
(06A08a-UAS-Traffic-Management.tex [86]) (06A08b-Architecture.tex [87]
<./Pics/RE002UTMCommunicationDiagram.png, id=1821, 635.0124pt x 348.8232pt>
File: ./Pics/RE002UTMCommunicationDiagram.png Graphic file (type png)
<use ./Pics/RE002UTMCommunicationDiagram.png>
Package pdftex.def Info: ./Pics/RE002UTMCommunicationDiagram.png  used on input
 line 30.
(pdftex.def)             Requested size: 318.66946pt x 175.04988pt.
)
(06A08f-Cooperative-Resolution.tex [88 <./Pics/RE002UTMCommunicationDiagram.png
>]
<./Pics/RE003CooperativeResolution.png, id=1850, 620.5584pt x 423.984pt>
File: ./Pics/RE003CooperativeResolution.png Graphic file (type png)
<use ./Pics/RE003CooperativeResolution.png>
Package pdftex.def Info: ./Pics/RE003CooperativeResolution.png  used on input l
ine 14.
(pdftex.def)             Requested size: 318.66946pt x 217.72987pt.
 [89 <./Pics/RE003CooperativeResolution.png>])
(06A08g-Non-Cooperative-Resolution.tex [90]
<./Pics/RE004NonCooperativeResolution.png, id=1889, 659.1024pt x 422.0568pt>
File: ./Pics/RE004NonCooperativeResolution.png Graphic file (type png)
<use ./Pics/RE004NonCooperativeResolution.png>
Package pdftex.def Info: ./Pics/RE004NonCooperativeResolution.png  used on inpu
t line 46.
(pdftex.def)             Requested size: 318.66946pt x 204.05972pt.


LaTeX Warning: Reference `s:testEmergencyMixed' on page 91 undefined on input l
ine 61.

) (06A08h-Collision-Case-Resolution.tex [91 <./Pics/RE004NonCooperativeResoluti
on.png>]
<./Pics/RE008HeadOnApproach01.png, id=1911, 644.6484pt x 328.5876pt>
File: ./Pics/RE008HeadOnApproach01.png Graphic file (type png)
<use ./Pics/RE008HeadOnApproach01.png>
Package pdftex.def Info: ./Pics/RE008HeadOnApproach01.png  used on input line 2
3.
(pdftex.def)             Requested size: 184.36607pt x 93.97433pt.
<./Pics/RE009HeadOnApproach02.png, id=1912, 686.0832pt x 410.4936pt>
File: ./Pics/RE009HeadOnApproach02.png Graphic file (type png)
<use ./Pics/RE009HeadOnApproach02.png>
Package pdftex.def Info: ./Pics/RE009HeadOnApproach02.png  used on input line 2
9.
(pdftex.def)             Requested size: 158.76941pt x 94.99405pt.
 [92 <./Pics/RE008HeadOnApproach01.png> <./Pics/RE009HeadOnApproach02.png>]
<./Pics/RE005ConvergingManeuver01.png, id=1942, 487.5816pt x 418.2024pt>
File: ./Pics/RE005ConvergingManeuver01.png Graphic file (type png)
<use ./Pics/RE005ConvergingManeuver01.png>
Package pdftex.def Info: ./Pics/RE005ConvergingManeuver01.png  used on input li
ne 95.
(pdftex.def)             Requested size: 122.4159pt x 104.99702pt.
<./Pics/RE006ConvergingManuever02.png, id=1943, 493.3632pt x 418.2024pt>
File: ./Pics/RE006ConvergingManuever02.png Graphic file (type png)
<use ./Pics/RE006ConvergingManuever02.png>
Package pdftex.def Info: ./Pics/RE006ConvergingManuever02.png  used on input li
ne 101.
(pdftex.def)             Requested size: 123.86746pt x 104.99702pt.
<./Pics/RE007ConvergingManuever03.png, id=1944, 429.7656pt x 359.4228pt>
File: ./Pics/RE007ConvergingManuever03.png Graphic file (type png)
<use ./Pics/RE007ConvergingManuever03.png>
Package pdftex.def Info: ./Pics/RE007ConvergingManuever03.png  used on input li
ne 107.
(pdftex.def)             Requested size: 125.5469pt x 104.99774pt.
 [93 <./Pics/RE005ConvergingManeuver01.png> <./Pics/RE006ConvergingManuever02.p
ng> <./Pics/RE007ConvergingManuever03.png>]
<./Pics/RE010OvertakeMAnuever01.png, id=1969, 384.4764pt x 446.1468pt>
File: ./Pics/RE010OvertakeMAnuever01.png Graphic file (type png)
<use ./Pics/RE010OvertakeMAnuever01.png>
Package pdftex.def Info: ./Pics/RE010OvertakeMAnuever01.png  used on input line
 159.
(pdftex.def)             Requested size: 122.37202pt x 142.00063pt.
<./Pics/RE011OvertakeMAnuever02.png, id=1970, 291.9708pt x 444.2196pt>
File: ./Pics/RE011OvertakeMAnuever02.png Graphic file (type png)
<use ./Pics/RE011OvertakeMAnuever02.png>
Package pdftex.def Info: ./Pics/RE011OvertakeMAnuever02.png  used on input line
 164.
(pdftex.def)             Requested size: 93.33455pt x 142.00406pt.
<./Pics/RE012OvertakeMAnuever03.png, id=1971, 405.6756pt x 437.4744pt>
File: ./Pics/RE012OvertakeMAnuever03.png Graphic file (type png)
<use ./Pics/RE012OvertakeMAnuever03.png>
Package pdftex.def Info: ./Pics/RE012OvertakeMAnuever03.png  used on input line
 169.
(pdftex.def)             Requested size: 131.11256pt x 141.3898pt.
 [94])
(06A08c-Position-Notification.tex [95 <./Pics/RE010OvertakeMAnuever01.png> <./P
ics/RE011OvertakeMAnuever02.png> <./Pics/RE012OvertakeMAnuever03.png>] [96]
[97]
Underfull \hbox (badness 4779) in paragraph at lines 93--93
[]|\OT1/cmr/m/n/12 secondary cat-e-go-riza-tion spec-i-fy-ing size class, hor-i
-zon-
 []

) (06A08d-Collision-Case.tex [98]
Underfull \hbox (badness 2261) in paragraph at lines 18--19
 []\OT1/cmr/bx/n/12 Resolution/Mandate En-force-ment:[] \OT1/cmr/m/it/12 En-for
ce-ment pro-ce-dure \OT1/cmr/m/n/12 is con-sist-ing from
 []

[99] [100] [101] [102] [103]) (06A08e-Weather-Case.tex

LaTeX Warning: Reference `eq:weatherProjection' on page 104 undefined on input 
line 2.

[104] [105]) (06A09-Rule-Engine.tex [106]) (06A09a-Rule-Engine-Architecture.tex
<./Pics/RE013RuleEngineBasicArchitecture.png, id=2235, 646.5756pt x 435.5472pt>

File: ./Pics/RE013RuleEngineBasicArchitecture.png Graphic file (type png)
<use ./Pics/RE013RuleEngineBasicArchitecture.png>
Package pdftex.def Info: ./Pics/RE013RuleEngineBasicArchitecture.png  used on i
nput line 27.
(pdftex.def)             Requested size: 318.66946pt x 214.66277pt.
[107]) (06A09b-Rule-Implementation.tex [108 <./Pics/RE013RuleEngineBasicArchite
cture.png>]
<./Pics/RE014RuleEngineInstanceLevels.png, id=2270, 2125.9425pt x 1355.0625pt>
File: ./Pics/RE014RuleEngineInstanceLevels.png Graphic file (type png)
<use ./Pics/RE014RuleEngineInstanceLevels.png>
Package pdftex.def Info: ./Pics/RE014RuleEngineInstanceLevels.png  used on inpu
t line 8.
(pdftex.def)             Requested size: 318.66946pt x 203.10587pt.
 [109 <./Pics/RE014RuleEngineInstanceLevels.png>])
(06A09c-Rule-Definition.tex [110]
LaTeX Font Info:    Font shape `OMS/cmr/m/n' in size <12> not available
(Font)              Font shape `OMS/cmsy/m/n' tried instead on input line 30.
 [111]
Underfull \hbox (badness 10000) in paragraph at lines 98--98

 []


Underfull \vbox (badness 10000) detected at line 98
 []

[112]
Underfull \hbox (badness 10000) in paragraph at lines 145--145

 []


Underfull \hbox (badness 1122) in paragraph at lines 145--145
\OT1/cmr/m/n/12 jec-tory re-stric-tion, Col-li-
 []


Underfull \hbox (badness 10000) in paragraph at lines 145--145
[]\OT1/cmr/m/n/12 Active merged col-li-sion
 []


Underfull \vbox (badness 10000) detected at line 145
 []

[113]
Underfull \hbox (badness 10000) in paragraph at lines 209--209

 []


Underfull \vbox (badness 10000) detected at line 209
 []

[114]
Underfull \hbox (badness 10000) in paragraph at lines 273--273

 []


Underfull \hbox (badness 1226) in paragraph at lines 273--273
\OT1/cmr/m/it/12 Objective: \OT1/cmr/m/n/12 En-sure that \OT1/cmr/m/it/12 UAS b
ody \OT1/cmr/m/n/12 does not en-ter into \OT1/cmr/m/it/12 in-truder`s well clea
r
 []


Underfull \vbox (badness 10000) detected at line 273
 []

[115]
Underfull \hbox (badness 10000) in paragraph at lines 312--312

 []


Underfull \hbox (badness 1226) in paragraph at lines 312--312
\OT1/cmr/m/it/12 Objective: \OT1/cmr/m/n/12 En-sure that \OT1/cmr/m/it/12 UAS b
ody \OT1/cmr/m/n/12 does not en-ter into \OT1/cmr/m/it/12 in-truder`s well clea
r
 []


Underfull \vbox (badness 10000) detected at line 312
 []

[116] [117]
Underfull \hbox (badness 10000) in paragraph at lines 429--429

 []


Underfull \hbox (badness 10000) in paragraph at lines 429--429

 []


Underfull \hbox (badness 1112) in paragraph at lines 429--429
\OT1/cmr/m/it/12 Convergence Way-point \OT1/cmr/m/n/12 ([]6.190[]): way-point w
hen con-ver-gence to orig-i-nal UAS
 []


Underfull \hbox (badness 10000) in paragraph at lines 429--429

 []


Underfull \vbox (badness 10000) detected at line 429
 []


Overfull \hbox (36.99721pt too wide) in paragraph at lines 440--442
\OT1/cmr/m/n/12 The prop-er-ties of these three points guar-an-tees that $\OML/
cmm/m/it/12 scale:usasPosition \OMS/cmsy/m/n/12 6\OT1/cmr/m/n/12 = \OML/cmm/m/i
t/12 scale:collisionPoint \OMS/cmsy/m/n/12 6\OT1/cmr/m/n/12 =
 []

[118]
<./Pics/RE016RightPlaneHeadin01.png, id=2479, 825.0825pt x 516.42938pt>
File: ./Pics/RE016RightPlaneHeadin01.png Graphic file (type png)
<use ./Pics/RE016RightPlaneHeadin01.png>
Package pdftex.def Info: ./Pics/RE016RightPlaneHeadin01.png  used on input line
 467.
(pdftex.def)             Requested size: 131.10944pt x 82.06302pt.
<./Pics/RE17RightPlaneHeading02.png, id=2480, 837.1275pt x 515.67656pt>
File: ./Pics/RE17RightPlaneHeading02.png Graphic file (type png)
<use ./Pics/RE17RightPlaneHeading02.png>
Package pdftex.def Info: ./Pics/RE17RightPlaneHeading02.png  used on input line
 473.
(pdftex.def)             Requested size: 131.1074pt x 80.7631pt.
<./Pics/RE018RightPlaneHeading03.png, id=2481, 889.82437pt x 514.92375pt>
File: ./Pics/RE018RightPlaneHeading03.png Graphic file (type png)
<use ./Pics/RE018RightPlaneHeading03.png>
Package pdftex.def Info: ./Pics/RE018RightPlaneHeading03.png  used on input lin
e 479.
(pdftex.def)             Requested size: 131.1054pt x 75.86809pt.
<./Pics/RE019RightPlaneHeading04.png, id=2482, 919.93687pt x 511.9125pt>
File: ./Pics/RE019RightPlaneHeading04.png Graphic file (type png)
<use ./Pics/RE019RightPlaneHeading04.png>
Package pdftex.def Info: ./Pics/RE019RightPlaneHeading04.png  used on input lin
e 486.
(pdftex.def)             Requested size: 131.1064pt x 72.9561pt.
<./Pics/RE020RightPlaneHeading05.png, id=2483, 907.89188pt x 516.42938pt>
File: ./Pics/RE020RightPlaneHeading05.png Graphic file (type png)
<use ./Pics/RE020RightPlaneHeading05.png>
Package pdftex.def Info: ./Pics/RE020RightPlaneHeading05.png  used on input lin
e 492.
(pdftex.def)             Requested size: 131.10759pt x 74.57695pt.
<./Pics/RE021RightPlaneHeading07.png, id=2484, 870.25125pt x 516.42938pt>
File: ./Pics/RE021RightPlaneHeading07.png Graphic file (type png)
<use ./Pics/RE021RightPlaneHeading07.png>
Package pdftex.def Info: ./Pics/RE021RightPlaneHeading07.png  used on input lin
e 498.
(pdftex.def)             Requested size: 131.10304pt x 77.7999pt.

Underfull \hbox (badness 10000) in paragraph at lines 540--540

 []


Underfull \hbox (badness 10000) in paragraph at lines 540--540
[]\OT1/cmr/m/n/12 Disable tra-jec-to-ries in
 []


Underfull \vbox (badness 10000) detected at line 540
 []


Overfull \vbox (8.1035pt too high) has occurred while \output is active []


[119 <./Pics/RE016RightPlaneHeadin01.png> <./Pics/RE17RightPlaneHeading02.png> 
<./Pics/RE018RightPlaneHeading03.png> <./Pics/RE019RightPlaneHeading04.png> <./
Pics/RE020RightPlaneHeading05.png> <./Pics/RE021RightPlaneHeading07.png>]
<./Pics/RE023EnforceSafetyMargin01.png, id=2506, 702.2235pt x 431.211pt>
File: ./Pics/RE023EnforceSafetyMargin01.png Graphic file (type png)
<use ./Pics/RE023EnforceSafetyMargin01.png>
Package pdftex.def Info: ./Pics/RE023EnforceSafetyMargin01.png  used on input l
ine 568.
(pdftex.def)             Requested size: 131.11238pt x 80.5097pt.
<./Pics/RE024EnforceSafetyMargin02.png, id=2507, 702.2235pt x 431.211pt>
File: ./Pics/RE024EnforceSafetyMargin02.png Graphic file (type png)
<use ./Pics/RE024EnforceSafetyMargin02.png>
Package pdftex.def Info: ./Pics/RE024EnforceSafetyMargin02.png  used on input l
ine 575.
(pdftex.def)             Requested size: 131.11238pt x 80.5097pt.
<./Pics/RE025EnforceSafetyMargin03.png, id=2508, 702.2235pt x 431.211pt>
File: ./Pics/RE025EnforceSafetyMargin03.png Graphic file (type png)
<use ./Pics/RE025EnforceSafetyMargin03.png>
Package pdftex.def Info: ./Pics/RE025EnforceSafetyMargin03.png  used on input l
ine 582.
(pdftex.def)             Requested size: 131.11238pt x 80.5097pt.
<./Pics/RE026EnforceSafetyMargin04.png, id=2509, 702.2235pt x 431.211pt>
File: ./Pics/RE026EnforceSafetyMargin04.png Graphic file (type png)
<use ./Pics/RE026EnforceSafetyMargin04.png>
Package pdftex.def Info: ./Pics/RE026EnforceSafetyMargin04.png  used on input l
ine 590.
(pdftex.def)             Requested size: 131.11238pt x 80.5097pt.
<./Pics/RE027EnforceSafetyMargin05.png, id=2510, 702.2235pt x 431.211pt>
File: ./Pics/RE027EnforceSafetyMargin05.png Graphic file (type png)
<use ./Pics/RE027EnforceSafetyMargin05.png>
Package pdftex.def Info: ./Pics/RE027EnforceSafetyMargin05.png  used on input l
ine 597.
(pdftex.def)             Requested size: 131.11238pt x 80.5097pt.
<./Pics/RE028EnforceSafetyMargin06.png, id=2511, 702.2235pt x 431.211pt>
File: ./Pics/RE028EnforceSafetyMargin06.png Graphic file (type png)
<use ./Pics/RE028EnforceSafetyMargin06.png>
Package pdftex.def Info: ./Pics/RE028EnforceSafetyMargin06.png  used on input l
ine 604.
(pdftex.def)             Requested size: 131.11238pt x 80.5097pt.

[120 <./Pics/RE023EnforceSafetyMargin01.png> <./Pics/RE024EnforceSafetyMargin02
.png> <./Pics/RE025EnforceSafetyMargin03.png> <./Pics/RE026EnforceSafetyMargin0
4.png> <./Pics/RE027EnforceSafetyMargin05.png> <./Pics/RE028EnforceSafetyMargin
06.png>]
Underfull \hbox (badness 10000) in paragraph at lines 650--650

 []


Underfull \hbox (badness 10000) in paragraph at lines 650--650
[]\OT1/cmr/m/n/12 Disable tra-jec-to-ries in
 []


Underfull \vbox (badness 10000) detected at line 650
 []

) ("[Build] Clean Chapter 6 with formatting.bbl" [121] [122

] [123] [124]
[125])
Package atveryend Info: Empty hook `BeforeClearDocument' on input line 210.
 [126]
Package atveryend Info: Empty hook `AfterLastShipout' on input line 210.
 ("[Build] Clean Chapter 6 with formatting.aux")
Package atveryend Info: Executing hook `AtVeryEndDocument' on input line 210.
Package atveryend Info: Executing hook `AtEndAfterFileList' on input line 210.
Package rerunfilecheck Info: File `"[Build] Clean Chapter 6 with formatting".ou
t' has not changed.
(rerunfilecheck)             Checksum: BCDEC0CC0233B9612CC488DCF5FA02D6;10909.


LaTeX Warning: There were undefined references.

Package atveryend Info: Empty hook `AtVeryVeryEnd' on input line 210.
 ) 
Here is how much of TeX's memory you used:
 15874 strings out of 492970
 237967 string characters out of 3143822
 331938 words of memory out of 3000000
 18274 multiletter control sequences out of 15000+200000
 22917 words of font info for 87 fonts, out of 3000000 for 9000
 1141 hyphenation exceptions out of 8191
 42i,22n,49p,912b,661s stack positions out of 5000i,500n,10000p,200000b,50000s
<D:/Miktex/fonts/type1/public/amsfonts/cm/cmbx12.pfb><D:/Miktex/fonts/type1/p
ublic/amsfonts/cm/cmbx8.pfb><D:/Miktex/fonts/type1/public/amsfonts/cm/cmex10.pf
b><D:/Miktex/fonts/type1/public/amsfonts/cm/cmmi10.pfb><D:/Miktex/fonts/type1/p
ublic/amsfonts/cm/cmmi12.pfb><D:/Miktex/fonts/type1/public/amsfonts/cm/cmmi6.pf
b><D:/Miktex/fonts/type1/public/amsfonts/cm/cmmi8.pfb><D:/Miktex/fonts/type1/pu
blic/amsfonts/cm/cmr10.pfb><D:/Miktex/fonts/type1/public/amsfonts/cm/cmr12.pfb>
<D:/Miktex/fonts/type1/public/amsfonts/cm/cmr6.pfb><D:/Miktex/fonts/type1/publi
c/amsfonts/cm/cmr7.pfb><D:/Miktex/fonts/type1/public/amsfonts/cm/cmr8.pfb><D:/M
iktex/fonts/type1/public/amsfonts/cm/cmsy10.pfb><D:/Miktex/fonts/type1/public/a
msfonts/cm/cmsy6.pfb><D:/Miktex/fonts/type1/public/amsfonts/cm/cmsy8.pfb><D:/Mi
ktex/fonts/type1/public/amsfonts/cm/cmti12.pfb><D:/Miktex/fonts/type1/public/am
sfonts/cm/cmtt10.pfb><D:/Miktex/fonts/type1/public/amsfonts/cm/cmtt12.pfb><D:/M
iktex/fonts/type1/public/amsfonts/euler/eusm10.pfb><D:/Miktex/fonts/type1/publi
c/amsfonts/symbols/msam10.pfb><D:/Miktex/fonts/type1/public/amsfonts/symbols/ms
bm10.pfb>
Output written on "[Build] Clean Chapter 6 with formatting.pdf" (126 pages, 113
72318 bytes).
PDF statistics:
 2853 PDF objects out of 2984 (max. 8388607)
 1116 named destinations out of 1200 (max. 500000)
 745 words of extra memory for PDF output out of 10000 (max. 10000000)

