This is pdfTeX, Version 3.14159265-2.6-1.40.19 (MiKTeX 2.9.6840 64-bit) (preloaded format=pdflatex 2018.10.25)  25 OCT 2018 21:17
entering extended mode
**"./[Build] Clean Chapter 7 with formatting.tex"
("[Build] Clean Chapter 7 with formatting.tex"
LaTeX2e <2018-04-01> patch level 5
(D:\Miktex\tex\latex\base\report.cls
Document Class: report 2014/09/29 v1.4h Standard LaTeX document class
(D:\Miktex\tex\latex\base\size12.clo
File: size12.clo 2014/09/29 v1.4h Standard LaTeX file (size option)
)
\c@part=\count80
\c@chapter=\count81
\c@section=\count82
\c@subsection=\count83
\c@subsubsection=\count84
\c@paragraph=\count85
\c@subparagraph=\count86
\c@figure=\count87
\c@table=\count88
\abovecaptionskip=\skip41
\belowcaptionskip=\skip42
\bibindent=\dimen102
) (D:\Miktex\tex\latex\base\inputenc.sty
Package: inputenc 2018/04/06 v1.3b Input encoding file
\inpenc@prehook=\toks14
\inpenc@posthook=\toks15
)
(D:\Miktex\tex\latex\tools\array.sty
Package: array 2018/04/30 v2.4h Tabular extension package (FMi)
\col@sep=\dimen103
\ar@mcellbox=\box26
\extrarowheight=\dimen104
\NC@list=\toks16
\extratabsurround=\skip43
\backup@length=\skip44
\ar@cellbox=\box27
) (D:\Miktex\tex\latex\amsmath\amsmath.sty
Package: amsmath 2017/09/02 v2.17a AMS math features
\@mathmargin=\skip45

For additional information on amsmath, use the `?' option.
(D:\Miktex\tex\latex\amsmath\amstext.sty
Package: amstext 2000/06/29 v2.01 AMS text

(D:\Miktex\tex\latex\amsmath\amsgen.sty
File: amsgen.sty 1999/11/30 v2.0 generic functions
\@emptytoks=\toks17
\ex@=\dimen105
))
(D:\Miktex\tex\latex\amsmath\amsbsy.sty
Package: amsbsy 1999/11/29 v1.2d Bold Symbols
\pmbraise@=\dimen106
)
(D:\Miktex\tex\latex\amsmath\amsopn.sty
Package: amsopn 2016/03/08 v2.02 operator names
)
\inf@bad=\count89
LaTeX Info: Redefining \frac on input line 213.
\uproot@=\count90
\leftroot@=\count91
LaTeX Info: Redefining \overline on input line 375.
\classnum@=\count92
\DOTSCASE@=\count93
LaTeX Info: Redefining \ldots on input line 472.
LaTeX Info: Redefining \dots on input line 475.
LaTeX Info: Redefining \cdots on input line 596.
\Mathstrutbox@=\box28
\strutbox@=\box29
\big@size=\dimen107
LaTeX Font Info:    Redeclaring font encoding OML on input line 712.
LaTeX Font Info:    Redeclaring font encoding OMS on input line 713.
\macc@depth=\count94
\c@MaxMatrixCols=\count95
\dotsspace@=\muskip10
\c@parentequation=\count96
\dspbrk@lvl=\count97
\tag@help=\toks18
\row@=\count98
\column@=\count99
\maxfields@=\count100
\andhelp@=\toks19
\eqnshift@=\dimen108
\alignsep@=\dimen109
\tagshift@=\dimen110
\tagwidth@=\dimen111
\totwidth@=\dimen112
\lineht@=\dimen113
\@envbody=\toks20
\multlinegap=\skip46
\multlinetaggap=\skip47
\mathdisplay@stack=\toks21
LaTeX Info: Redefining \[ on input line 2817.
LaTeX Info: Redefining \] on input line 2818.
)
(D:\Miktex\tex\latex\amsfonts\amssymb.sty
Package: amssymb 2013/01/14 v3.01 AMS font symbols

(D:\Miktex\tex\latex\amsfonts\amsfonts.sty
Package: amsfonts 2013/01/14 v3.01 Basic AMSFonts support
\symAMSa=\mathgroup4
\symAMSb=\mathgroup5
LaTeX Font Info:    Overwriting math alphabet `\mathfrak' in version `bold'
(Font)                  U/euf/m/n --> U/euf/b/n on input line 106.
))
(D:\Miktex\tex\latex\amscls\amsthm.sty
Package: amsthm 2017/10/31 v2.20.4
\thm@style=\toks22
\thm@bodyfont=\toks23
\thm@headfont=\toks24
\thm@notefont=\toks25
\thm@headpunct=\toks26
\thm@preskip=\skip48
\thm@postskip=\skip49
\thm@headsep=\skip50
\dth@everypar=\toks27
)
(D:\Miktex\tex\latex\algorithm2e\algorithm2e.sty
Package: algorithm2e 2017/07/18 v5.2 algorithms environments
\c@AlgoLine=\count101

(D:\Miktex\tex\latex\base\ifthen.sty
Package: ifthen 2014/09/29 v1.1c Standard LaTeX ifthen package (DPC)
)
\algocf@hangindent=\skip51

(D:\Miktex\tex\latex\ifoddpage\ifoddpage.sty
Package: ifoddpage 2016/04/23 v1.1 Conditionals for odd/even page detection
\c@checkoddpage=\count102
)
(D:\Miktex\tex\latex\tools\xspace.sty
Package: xspace 2014/10/28 v1.13 Space after command names (DPC,MH)
) (D:\Miktex\tex\latex\relsize\relsize.sty
Package: relsize 2013/03/29 ver 4.1
)
\skiptotal=\skip52
\skiplinenumber=\skip53
\skiprule=\skip54
\skiphlne=\skip55
\skiptext=\skip56
\skiplength=\skip57
\algomargin=\skip58
\skipalgocfslide=\skip59
\algowidth=\dimen114
\inoutsize=\dimen115
\inoutindent=\dimen116
\interspacetitleruled=\dimen117
\interspacealgoruled=\dimen118
\interspacetitleboxruled=\dimen119
\algocf@ruledwidth=\skip60
\algocf@inoutbox=\box30
\algocf@inputbox=\box31
\AlCapSkip=\skip61
\AlCapHSkip=\skip62
\algoskipindent=\skip63
\algocf@nlbox=\box32
\algocf@hangingbox=\box33
\algocf@untilbox=\box34
\algocf@skipuntil=\skip64
\algocf@capbox=\box35
\algocf@lcaptionbox=\skip65
\algoheightruledefault=\skip66
\algoheightrule=\skip67
\algotitleheightruledefault=\skip68
\algotitleheightrule=\skip69
\c@algocfline=\count103
\c@algocfproc=\count104
\c@algocf=\count105
\algocf@algoframe=\box36
\algocf@algobox=\box37
) (D:\Miktex\tex\latex\algorithms\algorithmic.sty
Package: algorithmic 2009/08/24 v0.1 Document Style `algorithmic'

(D:\Miktex\tex\latex\graphics\keyval.sty
Package: keyval 2014/10/28 v1.15 key=value parser (DPC)
\KV@toks@=\toks28
)
\c@ALC@unique=\count106
\c@ALC@line=\count107
\c@ALC@rem=\count108
\c@ALC@depth=\count109
\ALC@tlm=\skip70
\algorithmicindent=\skip71
) (D:\Miktex\tex\latex\tools\bm.sty
Package: bm 2017/01/16 v1.2c Bold Symbol Support (DPC/FMi)
\symboldoperators=\mathgroup6
\symboldletters=\mathgroup7
\symboldsymbols=\mathgroup8
LaTeX Font Info:    Redeclaring math alphabet \mathbf on input line 141.
LaTeX Info: Redefining \bm on input line 207.
)
(D:\Miktex\tex\latex\amsfonts\euscript.sty
Package: euscript 2009/06/22 v3.00 Euler Script fonts
LaTeX Font Info:    Overwriting math alphabet `\EuScript' in version `bold'
(Font)                  U/eus/m/n --> U/eus/b/n on input line 33.
)
(D:\Miktex\tex\latex\graphics\graphicx.sty
Package: graphicx 2017/06/01 v1.1a Enhanced LaTeX Graphics (DPC,SPQR)

(D:\Miktex\tex\latex\graphics\graphics.sty
Package: graphics 2017/06/25 v1.2c Standard LaTeX Graphics (DPC,SPQR)

(D:\Miktex\tex\latex\graphics\trig.sty
Package: trig 2016/01/03 v1.10 sin cos tan (DPC)
)
(D:\Miktex\tex\latex\graphics-cfg\graphics.cfg
File: graphics.cfg 2016/06/04 v1.11 sample graphics configuration
)
Package graphics Info: Driver file: pdftex.def on input line 99.

(D:\Miktex\tex\latex\graphics-def\pdftex.def
File: pdftex.def 2018/01/08 v1.0l Graphics/color driver for pdftex
))
\Gin@req@height=\dimen120
\Gin@req@width=\dimen121
)
(D:\Miktex\tex\latex\psfrag\psfrag.sty
Package: psfrag 1998/04/11 v3.04 PSfrag (MCG)
\pfg@pcount=\count110
\pfg@scount=\count111
\pfg@temp=\write3
)
(D:\Miktex\tex\latex\fancyvrb\fancyvrb.sty
Package: fancyvrb 2008/02/07

Style option: `fancyvrb' v2.7a, with DG/SPQR fixes, and firstline=lastline fix 
<2008/02/07> (tvz)
\FV@CodeLineNo=\count112
\FV@InFile=\read1
\FV@TabBox=\box38
\c@FancyVerbLine=\count113
\FV@StepNumber=\count114
\FV@OutFile=\write4
) (D:\Miktex\tex\latex\float\float.sty
Package: float 2001/11/08 v1.3d Float enhancements (AL)
\c@float@type=\count115
\float@exts=\toks29
\float@box=\box39
\@float@everytoks=\toks30
\@floatcapt=\box40
)
(D:\Miktex\tex\latex\ltablex\ltablex.sty
Package: ltablex 2014/08/13 v1.1 Modified tabularx

(D:\Miktex\tex\latex\tools\longtable.sty
Package: longtable 2014/10/28 v4.11 Multi-page Table package (DPC)
\LTleft=\skip72
\LTright=\skip73
\LTpre=\skip74
\LTpost=\skip75
\LTchunksize=\count116
\LTcapwidth=\dimen122
\LT@head=\box41
\LT@firsthead=\box42
\LT@foot=\box43
\LT@lastfoot=\box44
\LT@cols=\count117
\LT@rows=\count118
\c@LT@tables=\count119
\c@LT@chunks=\count120
\LT@p@ftn=\toks31
)
(D:\Miktex\tex\latex\tools\tabularx.sty
Package: tabularx 2016/02/03 v2.11b `tabularx' package (DPC)
\TX@col@width=\dimen123
\TX@old@table=\dimen124
\TX@old@col=\dimen125
\TX@target=\dimen126
\TX@delta=\dimen127
\TX@cols=\count121
\TX@ftn=\toks32
))
(D:\Miktex\tex\latex\natbib\natbib.sty
Package: natbib 2010/09/13 8.31b (PWD, AO)
\bibhang=\skip76
\bibsep=\skip77
LaTeX Info: Redefining \cite on input line 694.
\c@NAT@ctr=\count122
) (D:\Miktex\tex\latex\bbding\bbding.sty
Package: bbding 1999/04/15 v1.01 Dingbats symbols
) (D:\Miktex\tex\latex\tools\dcolumn.sty
Package: dcolumn 2014/10/28 v1.06 decimal alignment package (DPC)
)
(D:\Miktex\tex\latex\booktabs\booktabs.sty
Package: booktabs 2005/04/14 v1.61803 publication quality tables
\heavyrulewidth=\dimen128
\lightrulewidth=\dimen129
\cmidrulewidth=\dimen130
\belowrulesep=\dimen131
\belowbottomsep=\dimen132
\aboverulesep=\dimen133
\abovetopsep=\dimen134
\cmidrulesep=\dimen135
\cmidrulekern=\dimen136
\defaultaddspace=\dimen137
\@cmidla=\count123
\@cmidlb=\count124
\@aboverulesep=\dimen138
\@belowrulesep=\dimen139
\@thisruleclass=\count125
\@lastruleclass=\count126
\@thisrulewidth=\dimen140
)
(D:\Miktex\tex\latex\multirow\multirow.sty
Package: multirow 2018/08/03 v2.3 Span multiple rows of a table
\multirow@colwidth=\skip78
\multirow@cntb=\count127
\multirow@dima=\skip79
\bigstrutjot=\dimen141
)
(D:\Miktex\tex\latex\paralist\paralist.sty
Package: paralist 2017/01/22 v2.7 Extended list environments
\pltopsep=\skip80
\plpartopsep=\skip81
\plitemsep=\skip82
\plparsep=\skip83
\pl@lab=\toks33
)
(D:\Miktex\tex\latex\tools\indentfirst.sty
Package: indentfirst 1995/11/23 v1.03 Indent first paragraph (DPC)
)
(D:\Miktex\tex\latex\tocbibind\tocbibind.sty
Package: tocbibind 2010/10/13 v1.5k extra ToC listings
Package tocbibind Info: The document has chapter divisions on input line 50.


Package tocbibind Note: Using chapter style headings, unless overridden.

) (D:\Miktex\tex\latex\url\url.sty
\Urlmuskip=\muskip11
Package: url 2013/09/16  ver 3.4  Verb mode for urls, etc.
) (D:\Miktex\tex\latex\caption\subcaption.sty
Package: subcaption 2018/05/01 v1.1-162 Sub-captions (AR)
(D:\Miktex\tex\latex\caption\caption.sty
Package: caption 2018/10/06 v3.3-154 Customizing captions (AR)

(D:\Miktex\tex\latex\caption\caption3.sty
Package: caption3 2018/09/12 v1.8c caption3 kernel (AR)
Package caption3 Info: TeX engine: e-TeX on input line 64.
\captionmargin=\dimen142
\captionmargin@=\dimen143
\captionwidth=\dimen144
\caption@tempdima=\dimen145
\caption@indent=\dimen146
\caption@parindent=\dimen147
\caption@hangindent=\dimen148
)
\c@caption@flags=\count128
\c@ContinuedFloat=\count129
Package caption Info: float package is loaded.
Package caption Info: longtable package is loaded.

(D:\Miktex\tex\latex\caption\ltcaption.sty
Package: ltcaption 2018/08/26 v1.4-95 longtable captions (AR)
))
\c@subfigure=\count130
\c@subtable=\count131
)
(D:\Miktex\tex\latex\hyperref\hyperref.sty
Package: hyperref 2018/09/30 v6.88a Hypertext links for LaTeX

(D:\Miktex\tex\generic\oberdiek\hobsub-hyperref.sty
Package: hobsub-hyperref 2016/05/16 v1.14 Bundle oberdiek, subset hyperref (HO)


(D:\Miktex\tex\generic\oberdiek\hobsub-generic.sty
Package: hobsub-generic 2016/05/16 v1.14 Bundle oberdiek, subset generic (HO)
Package: hobsub 2016/05/16 v1.14 Construct package bundles (HO)
Package: infwarerr 2016/05/16 v1.4 Providing info/warning/error messages (HO)
Package: ltxcmds 2016/05/16 v1.23 LaTeX kernel commands for general use (HO)
Package: ifluatex 2016/05/16 v1.4 Provides the ifluatex switch (HO)
Package ifluatex Info: LuaTeX not detected.
Package: ifvtex 2016/05/16 v1.6 Detect VTeX and its facilities (HO)
Package ifvtex Info: VTeX not detected.
Package: intcalc 2016/05/16 v1.2 Expandable calculations with integers (HO)
Package: ifpdf 2018/09/07 v3.3 Provides the ifpdf switch
Package: etexcmds 2016/05/16 v1.6 Avoid name clashes with e-TeX commands (HO)
Package etexcmds Info: Could not find \expanded.
(etexcmds)             That can mean that you are not using pdfTeX 1.50 or
(etexcmds)             that some package has redefined \expanded.
(etexcmds)             In the latter case, load this package earlier.
Package: kvsetkeys 2016/05/16 v1.17 Key value parser (HO)
Package: kvdefinekeys 2016/05/16 v1.4 Define keys (HO)
Package: pdftexcmds 2018/09/10 v0.29 Utility functions of pdfTeX for LuaTeX (HO
)
Package pdftexcmds Info: LuaTeX not detected.
Package pdftexcmds Info: \pdf@primitive is available.
Package pdftexcmds Info: \pdf@ifprimitive is available.
Package pdftexcmds Info: \pdfdraftmode found.
Package: pdfescape 2016/05/16 v1.14 Implements pdfTeX's escape features (HO)
Package: bigintcalc 2016/05/16 v1.4 Expandable calculations on big integers (HO
)
Package: bitset 2016/05/16 v1.2 Handle bit-vector datatype (HO)
Package: uniquecounter 2016/05/16 v1.3 Provide unlimited unique counter (HO)
)
Package hobsub Info: Skipping package `hobsub' (already loaded).
Package: letltxmacro 2016/05/16 v1.5 Let assignment for LaTeX macros (HO)
Package: hopatch 2016/05/16 v1.3 Wrapper for package hooks (HO)
Package: xcolor-patch 2016/05/16 xcolor patch
Package: atveryend 2016/05/16 v1.9 Hooks at the very end of document (HO)
Package atveryend Info: \enddocument detected (standard20110627).
Package: atbegshi 2016/06/09 v1.18 At begin shipout hook (HO)
Package: refcount 2016/05/16 v3.5 Data extraction from label references (HO)
Package: hycolor 2016/05/16 v1.8 Color options for hyperref/bookmark (HO)
)
(D:\Miktex\tex\generic\ifxetex\ifxetex.sty
Package: ifxetex 2010/09/12 v0.6 Provides ifxetex conditional
)
(D:\Miktex\tex\latex\oberdiek\auxhook.sty
Package: auxhook 2016/05/16 v1.4 Hooks for auxiliary files (HO)
)
(D:\Miktex\tex\latex\oberdiek\kvoptions.sty
Package: kvoptions 2016/05/16 v3.12 Key value format for package options (HO)
)
\@linkdim=\dimen149
\Hy@linkcounter=\count132
\Hy@pagecounter=\count133

(D:\Miktex\tex\latex\hyperref\pd1enc.def
File: pd1enc.def 2018/09/30 v6.88a Hyperref: PDFDocEncoding definition (HO)
Now handling font encoding PD1 ...
... no UTF-8 mapping file for font encoding PD1
)
\Hy@SavedSpaceFactor=\count134

(D:\Miktex\tex\latex\00miktex\hyperref.cfg
File: hyperref.cfg 2002/06/06 v1.2 hyperref configuration of TeXLive
)
Package hyperref Info: Option `unicode' set `true' on input line 4409.

(D:\Miktex\tex\latex\hyperref\puenc.def
File: puenc.def 2018/09/30 v6.88a Hyperref: PDF Unicode definition (HO)
Now handling font encoding PU ...
... no UTF-8 mapping file for font encoding PU
)
Package hyperref Info: Hyper figures OFF on input line 4535.
Package hyperref Info: Link nesting OFF on input line 4540.
Package hyperref Info: Hyper index ON on input line 4543.
Package hyperref Info: Plain pages OFF on input line 4550.
Package hyperref Info: Backreferencing OFF on input line 4555.
Package hyperref Info: Implicit mode ON; LaTeX internals redefined.
Package hyperref Info: Bookmarks ON on input line 4788.
\c@Hy@tempcnt=\count135
LaTeX Info: Redefining \url on input line 5141.
\XeTeXLinkMargin=\dimen150
\Fld@menulength=\count136
\Field@Width=\dimen151
\Fld@charsize=\dimen152
Package hyperref Info: Hyper figures OFF on input line 6396.
Package hyperref Info: Link nesting OFF on input line 6401.
Package hyperref Info: Hyper index ON on input line 6404.
Package hyperref Info: backreferencing OFF on input line 6411.
Package hyperref Info: Link coloring OFF on input line 6416.
Package hyperref Info: Link coloring with OCG OFF on input line 6421.
Package hyperref Info: PDF/A mode OFF on input line 6426.
LaTeX Info: Redefining \ref on input line 6466.
LaTeX Info: Redefining \pageref on input line 6470.
\Hy@abspage=\count137
\c@Item=\count138
\c@Hfootnote=\count139
)
Package hyperref Info: Driver (autodetected): hpdftex.

(D:\Miktex\tex\latex\hyperref\hpdftex.def
File: hpdftex.def 2018/09/30 v6.88a Hyperref driver for pdfTeX
\Fld@listcount=\count140
\c@bookmark@seq@number=\count141

(D:\Miktex\tex\latex\oberdiek\rerunfilecheck.sty
Package: rerunfilecheck 2016/05/16 v1.8 Rerun checks for auxiliary files (HO)
Package uniquecounter Info: New unique counter `rerunfilecheck' on input line 2
82.
)
\Hy@SectionHShift=\skip84
)
(D:\Miktex\tex\latex\xcolor\xcolor.sty
Package: xcolor 2016/05/11 v2.12 LaTeX color extensions (UK)

(D:\Miktex\tex\latex\graphics-cfg\color.cfg
File: color.cfg 2016/01/02 v1.6 sample color configuration
)
Package xcolor Info: Driver file: pdftex.def on input line 225.
Package xcolor Info: Model `cmy' substituted by `cmy0' on input line 1348.
Package xcolor Info: Model `hsb' substituted by `rgb' on input line 1352.
Package xcolor Info: Model `RGB' extended on input line 1364.
Package xcolor Info: Model `HTML' substituted by `rgb' on input line 1366.
Package xcolor Info: Model `Hsb' substituted by `hsb' on input line 1367.
Package xcolor Info: Model `tHsb' substituted by `hsb' on input line 1368.
Package xcolor Info: Model `HSB' substituted by `hsb' on input line 1369.
Package xcolor Info: Model `Gray' substituted by `gray' on input line 1370.
Package xcolor Info: Model `wave' substituted by `hsb' on input line 1371.
)
Package hyperref Info: Option `colorlinks' set `false' on input line 55.
Package hyperref Info: Option `pdfnewwindow' set `true' on input line 55.
Package hyperref Info: Option `breaklinks' set `true' on input line 55.
\c@theorem=\count142
\c@definition=\count143
\c@problem=\count144
\c@example=\count145
\c@assumption=\count146

("[Build] Clean Chapter 7 with formatting.aux")
\openout1 = `"[Build] Clean Chapter 7 with formatting.aux"'.

LaTeX Font Info:    Checking defaults for OML/cmm/m/it on input line 143.
LaTeX Font Info:    ... okay on input line 143.
LaTeX Font Info:    Checking defaults for T1/cmr/m/n on input line 143.
LaTeX Font Info:    ... okay on input line 143.
LaTeX Font Info:    Checking defaults for OT1/cmr/m/n on input line 143.
LaTeX Font Info:    ... okay on input line 143.
LaTeX Font Info:    Checking defaults for OMS/cmsy/m/n on input line 143.
LaTeX Font Info:    ... okay on input line 143.
LaTeX Font Info:    Checking defaults for OMX/cmex/m/n on input line 143.
LaTeX Font Info:    ... okay on input line 143.
LaTeX Font Info:    Checking defaults for U/cmr/m/n on input line 143.
LaTeX Font Info:    ... okay on input line 143.
LaTeX Font Info:    Checking defaults for PD1/pdf/m/n on input line 143.
LaTeX Font Info:    ... okay on input line 143.
LaTeX Font Info:    Checking defaults for PU/pdf/m/n on input line 143.
LaTeX Font Info:    ... okay on input line 143.

(D:\Miktex\tex\context\base\supp-pdf.mkii
[Loading MPS to PDF converter (version 2006.09.02).]
\scratchcounter=\count147
\scratchdimen=\dimen153
\scratchbox=\box45
\nofMPsegments=\count148
\nofMParguments=\count149
\everyMPshowfont=\toks34
\MPscratchCnt=\count150
\MPscratchDim=\dimen154
\MPnumerator=\count151
\makeMPintoPDFobject=\count152
\everyMPtoPDFconversion=\toks35
) (D:\Miktex\tex\latex\oberdiek\epstopdf-base.sty
Package: epstopdf-base 2016/05/15 v2.6 Base part for package epstopdf

(D:\Miktex\tex\latex\oberdiek\grfext.sty
Package: grfext 2016/05/16 v1.2 Manage graphics extensions (HO)
)
Package epstopdf-base Info: Redefining graphics rule for `.eps' on input line 4
38.
Package grfext Info: Graphics extension search list:
(grfext)             [.pdf,.png,.jpg,.mps,.jpeg,.jbig2,.jb2,.PDF,.PNG,.JPG,.JPE
G,.JBIG2,.JB2,.eps]
(grfext)             \AppendGraphicsExtensions on input line 456.
)
Package caption Info: Begin \AtBeginDocument code.
Package caption Info: hyperref package is loaded.
Package caption Info: End \AtBeginDocument code.
\AtBeginShipoutBox=\box46
Package hyperref Info: Link coloring OFF on input line 143.

(D:\Miktex\tex\latex\hyperref\nameref.sty
Package: nameref 2016/05/21 v2.44 Cross-referencing by name of section

(D:\Miktex\tex\generic\oberdiek\gettitlestring.sty
Package: gettitlestring 2016/05/16 v1.5 Cleanup title references (HO)
)
\c@section@level=\count153
)
LaTeX Info: Redefining \ref on input line 143.
LaTeX Info: Redefining \pageref on input line 143.
LaTeX Info: Redefining \nameref on input line 143.

("[Build] Clean Chapter 7 with formatting.out")
("[Build] Clean Chapter 7 with formatting.out")
\@outlinefile=\write5
\openout5 = `"[Build] Clean Chapter 7 with formatting.out"'.

 (07S01-Simulations.tex
Chapter 1.
) (07S02-Test-Plan.tex

LaTeX Warning: Reference `s:AvoidanceRequirements' on page 1 undefined on input
 line 3.


LaTeX Warning: Reference `s:Safety' on page 1 undefined on input line 5.


LaTeX Warning: Reference `s:trajectoryTracking' on page 1 undefined on input li
ne 6.


LaTeX Warning: Reference `s:EnergyEfficiency' on page 1 undefined on input line
 6.


LaTeX Warning: Reference `s:aviudabceGridRun' on page 1 undefined on input line
 9.


LaTeX Warning: Reference `sec:ruleImplementation' on page 1 undefined on input 
line 9.


LaTeX Warning: Reference `s:navigationRequirements' on page 1 undefined on inpu
t line 11.


LaTeX Warning: Reference `s:missionControlRun' on page 1 undefined on input lin
e 11.

LaTeX Font Info:    Try loading font information for U+msa on input line 25.
(D:\Miktex\tex\latex\amsfonts\umsa.fd
File: umsa.fd 2013/01/14 v3.01 AMS symbols A
)
LaTeX Font Info:    Try loading font information for U+msb on input line 25.
 (D:\Miktex\tex\latex\amsfonts\umsb.fd
File: umsb.fd 2013/01/14 v3.01 AMS symbols B
)
[1
Non-PDF special ignored!
<special> header=psfrag.pro


{C:/Users/Lojzo/AppData/Local/MiKTeX/2.9/pdftex/config/pdftex.map}] [2]

LaTeX Warning: Reference `s:uncertaintyIntersection' on page 3 undefined on inp
ut line 57.


LaTeX Warning: Reference `s:bodyvolumeIntersection' on page 3 undefined on inpu
t line 59.


Overfull \hbox (9.71169pt too wide) in paragraph at lines 69--70
 []\OT1/cmr/bx/n/12 UTM:[] \OT1/cmr/m/n/12 The \OT1/cmr/m/it/12 UAS Traf-fic Ma
n-age-ment \OT1/cmr/m/n/12 ser-vice should be im-ple-mented in \OT1/cmr/m/it/12
 con-trolled airspace
 []


LaTeX Warning: Reference `sec:positionNotification' on page 3 undefined on inpu
t line 77.


LaTeX Warning: Reference `sec:collisionCase' on page 3 undefined on input line 
77.


LaTeX Warning: Reference `sec:ruleImplementation' on page 3 undefined on input 
line 77.

[3]) (07S02a-Test-Performance-Evaluation.tex [4]

LaTeX Warning: Reference `s:AvoidanceRequirements' on page 5 undefined on input
 line 3.


LaTeX Warning: Reference `s:Safety' on page 5 undefined on input line 3.


LaTeX Warning: Reference `s:trajectoryTracking' on page 5 undefined on input li
ne 3.


LaTeX Warning: Reference `s:EnergyEfficiency' on page 5 undefined on input line
 3.


LaTeX Warning: Reference `s:KnownWorld' on page 5 undefined on input line 13.

[5]

LaTeX Warning: Reference `eq:missionAbstractSet' on page 6 undefined on input l
ine 46.


LaTeX Warning: Reference `eq:waypointPassingFunction' on page 6 undefined on in
put line 46.


LaTeX Warning: Reference `eq:trajectoryTrackingOptimalizaitonProblem' on page 6
 undefined on input line 48.


LaTeX Warning: Reference `s:BasicProblemDefinition' on page 6 undefined on inpu
t line 48.


LaTeX Warning: Reference `feasibleTrajectoryCondition' on page 6 undefined on i
nput line 48.


LaTeX Warning: Reference `s:staticObstacles' on page 6 undefined on input line 
61.


LaTeX Warning: Reference `s:intruders' on page 6 undefined on input line 61.


LaTeX Warning: Reference `s:aviudabceGridRun' on page 6 undefined on input line
 61.


LaTeX Warning: Reference `s:missionControlRun' on page 6 undefined on input lin
e 61.

[6]) (07S03-Testing-Configuration.tex

LaTeX Warning: Reference `s:modelMAImplementation' on page 7 undefined on input
 line 3.


LaTeX Warning: Reference `s:AvoidanceGrid' on page 7 undefined on input line 40
.


LaTeX Warning: Reference `s:reachSet' on page 7 undefined on input line 40.


Overfull \hbox (23.41116pt too wide) in paragraph at lines 42--127
[][] 
 []

[7]) (07S04-NonCooperativeTestCases.tex [8]

LaTeX Warning: Reference `tab:uncontrolledAirspaceViolations' on page 9 undefin
ed on input line 7.


LaTeX Warning: Reference `fig:missionControlRunActivityDiagram' on page 9 undef
ined on input line 12.

) (07S05-Building-Scenario.tex [9]
LaTeX Font Info:    Try loading font information for U+eus on input line 10.
 (D:\Miktex\tex\latex\amsfonts\ueus.fd
File: ueus.fd 2013/01/14 v3.01 Euler Script
)
[10]
<./Pics/NS001ConstraintsBuildingObstacle00061.png, id=298, 940.7145pt x 622.726
5pt>
File: ./Pics/NS001ConstraintsBuildingObstacle00061.png Graphic file (type png)
<use ./Pics/NS001ConstraintsBuildingObstacle00061.png>
Package pdftex.def Info: ./Pics/NS001ConstraintsBuildingObstacle00061.png  used
 on input line 70.
(pdftex.def)             Requested size: 196.66235pt x 130.1778pt.
<./Pics/NS002ConstraintsBuildingObstacles00161.png, id=300, 376.2858pt x 249.09
06pt>
File: ./Pics/NS002ConstraintsBuildingObstacles00161.png Graphic file (type png)

<use ./Pics/NS002ConstraintsBuildingObstacles00161.png>
Package pdftex.def Info: ./Pics/NS002ConstraintsBuildingObstacles00161.png  use
d on input line 76.
(pdftex.def)             Requested size: 196.66235pt x 130.1854pt.
<./Pics/NS003ConstraintsBuildingObstacles00311.png, id=301, 376.2858pt x 249.09
06pt>
File: ./Pics/NS003ConstraintsBuildingObstacles00311.png Graphic file (type png)

<use ./Pics/NS003ConstraintsBuildingObstacles00311.png>
Package pdftex.def Info: ./Pics/NS003ConstraintsBuildingObstacles00311.png  use
d on input line 83.
(pdftex.def)             Requested size: 196.66235pt x 130.1854pt.
<./Pics/NS004ConstraintsBuildingObstacles00470.png, id=302, 940.7145pt x 622.72
65pt>
File: ./Pics/NS004ConstraintsBuildingObstacles00470.png Graphic file (type png)

<use ./Pics/NS004ConstraintsBuildingObstacles00470.png>
Package pdftex.def Info: ./Pics/NS004ConstraintsBuildingObstacles00470.png  use
d on input line 89.
(pdftex.def)             Requested size: 196.66235pt x 130.1778pt.
<./Pics/NS005ConstraintsPolynomialBuildingObstaclesPerformance.png, id=305, 641
.7576pt x 291.489pt>
File: ./Pics/NS005ConstraintsPolynomialBuildingObstaclesPerformance.png Graphic
 file (type png)
<use ./Pics/NS005ConstraintsPolynomialBuildingObstaclesPerformance.png>
Package pdftex.def Info: ./Pics/NS005ConstraintsPolynomialBuildingObstaclesPerf
ormance.png  used on input line 107.
(pdftex.def)             Requested size: 364.19664pt x 165.42102pt.
 [11 <./Pics/NS001ConstraintsBuildingObstacle00061.png> <./Pics/NS002Constraint
sBuildingObstacles00161.png> <./Pics/NS003ConstraintsBuildingObstacles00311.png
> <./Pics/NS004ConstraintsBuildingObstacles00470.png>]
<./Pics/NS006ConstraintsPolynomialBuildingPathFollowing.png, id=324, 377.7312pt
 x 283.2984pt>
File: ./Pics/NS006ConstraintsPolynomialBuildingPathFollowing.png Graphic file (
type png)
<use ./Pics/NS006ConstraintsPolynomialBuildingPathFollowing.png>
Package pdftex.def Info: ./Pics/NS006ConstraintsPolynomialBuildingPathFollowing
.png  used on input line 132.
(pdftex.def)             Requested size: 250.38562pt x 187.79451pt.
 [12 <./Pics/NS005ConstraintsPolynomialBuildingObstaclesPerformance.png>]
Missing character: There is no 2 in font eusm10!
<./Pics/NS092BuildingAvoidanceComputationTime.png, id=338, 360.6273pt x 149.358
pt>
File: ./Pics/NS092BuildingAvoidanceComputationTime.png Graphic file (type png)
<use ./Pics/NS092BuildingAvoidanceComputationTime.png>
Package pdftex.def Info: ./Pics/NS092BuildingAvoidanceComputationTime.png  used
 on input line 161.
(pdftex.def)             Requested size: 295.90587pt x 122.55182pt.
)
(07S06-Slalom-Scenario.tex [13 <./Pics/NS006ConstraintsPolynomialBuildingPathFo
llowing.png> <./Pics/NS092BuildingAvoidanceComputationTime.png>] [14]
<./Pics/NS007ConstraintsPolynomialSlalom-00015.png, id=380, 373.8768pt x 307.87
02pt>
File: ./Pics/NS007ConstraintsPolynomialSlalom-00015.png Graphic file (type png)

<use ./Pics/NS007ConstraintsPolynomialSlalom-00015.png>
Package pdftex.def Info: ./Pics/NS007ConstraintsPolynomialSlalom-00015.png  use
d on input line 72.
(pdftex.def)             Requested size: 196.66235pt x 161.93962pt.
<./Pics/NS008ConstraintsPolynomialSlalom-00069.png, id=381, 373.1541pt x 308.35
2pt>
File: ./Pics/NS008ConstraintsPolynomialSlalom-00069.png Graphic file (type png)

<use ./Pics/NS008ConstraintsPolynomialSlalom-00069.png>
Package pdftex.def Info: ./Pics/NS008ConstraintsPolynomialSlalom-00069.png  use
d on input line 78.
(pdftex.def)             Requested size: 196.66235pt x 162.51299pt.
<./Pics/NS009ConstraintsPolynomialSlalom00080.png, id=382, 373.395pt x 308.1111
pt>
File: ./Pics/NS009ConstraintsPolynomialSlalom00080.png Graphic file (type png)
<use ./Pics/NS009ConstraintsPolynomialSlalom00080.png>
Package pdftex.def Info: ./Pics/NS009ConstraintsPolynomialSlalom00080.png  used
 on input line 85.
(pdftex.def)             Requested size: 196.66235pt x 162.2779pt.
<./Pics/NS010ConstraintsPolynomialSlalom00094.png, id=383, 373.6359pt x 308.352
pt>
File: ./Pics/NS010ConstraintsPolynomialSlalom00094.png Graphic file (type png)
<use ./Pics/NS010ConstraintsPolynomialSlalom00094.png>
Package pdftex.def Info: ./Pics/NS010ConstraintsPolynomialSlalom00094.png  used
 on input line 91.
(pdftex.def)             Requested size: 196.66235pt x 162.30127pt.
 [15 <./Pics/NS007ConstraintsPolynomialSlalom-00015.png> <./Pics/NS008Constrain
tsPolynomialSlalom-00069.png> <./Pics/NS009ConstraintsPolynomialSlalom00080.png
> <./Pics/NS010ConstraintsPolynomialSlalom00094.png>]
<./Pics/NS011ConstraintsPolynomialSlalomPerformance.png, id=400, 775.698pt x 29
3.898pt>
File: ./Pics/NS011ConstraintsPolynomialSlalomPerformance.png Graphic file (type
 png)
<use ./Pics/NS011ConstraintsPolynomialSlalomPerformance.png>
Package pdftex.def Info: ./Pics/NS011ConstraintsPolynomialSlalomPerformance.png
  used on input line 107.
(pdftex.def)             Requested size: 364.19664pt x 137.98856pt.
<./Pics/NS012ConstraintsPolynomialSlalomPathFollowing.png, id=405, 361.8318pt x
 276.7941pt>
File: ./Pics/NS012ConstraintsPolynomialSlalomPathFollowing.png Graphic file (ty
pe png)
<use ./Pics/NS012ConstraintsPolynomialSlalomPathFollowing.png>
Package pdftex.def Info: ./Pics/NS012ConstraintsPolynomialSlalomPathFollowing.p
ng  used on input line 139.
(pdftex.def)             Requested size: 250.38562pt x 191.5414pt.
 [16 <./Pics/NS011ConstraintsPolynomialSlalomPerformance.png>]
<./Pics/NS093SlalomComputationTime.png, id=422, 363.9999pt x 151.767pt>
File: ./Pics/NS093SlalomComputationTime.png Graphic file (type png)
<use ./Pics/NS093SlalomComputationTime.png>
Package pdftex.def Info: ./Pics/NS093SlalomComputationTime.png  used on input l
ine 168.
(pdftex.def)             Requested size: 295.90587pt x 123.38448pt.
) (07S07-Maze-Scenario.tex [17 <./Pics/NS012ConstraintsPolynomialSlalomPathFoll
owing.png> <./Pics/NS093SlalomComputationTime.png>]
[18]
<./Pics/NS013ConstraintsPolynomialMaze00022.png, id=459, 419.166pt x 276.5532pt
>
File: ./Pics/NS013ConstraintsPolynomialMaze00022.png Graphic file (type png)
<use ./Pics/NS013ConstraintsPolynomialMaze00022.png>
Package pdftex.def Info: ./Pics/NS013ConstraintsPolynomialMaze00022.png  used o
n input line 84.
(pdftex.def)             Requested size: 196.66235pt x 129.75214pt.
<./Pics/NS014ConstraintsPolynomialMaze00044.png, id=460, 418.6842pt x 276.0714p
t>
File: ./Pics/NS014ConstraintsPolynomialMaze00044.png Graphic file (type png)
<use ./Pics/NS014ConstraintsPolynomialMaze00044.png>
Package pdftex.def Info: ./Pics/NS014ConstraintsPolynomialMaze00044.png  used o
n input line 90.
(pdftex.def)             Requested size: 196.66235pt x 129.67773pt.
<./Pics/NS015ConstraintsPolynomialMaze00081.png, id=461, 420.6114pt x 276.0714p
t>
File: ./Pics/NS015ConstraintsPolynomialMaze00081.png Graphic file (type png)
<use ./Pics/NS015ConstraintsPolynomialMaze00081.png>
Package pdftex.def Info: ./Pics/NS015ConstraintsPolynomialMaze00081.png  used o
n input line 97.
(pdftex.def)             Requested size: 196.66235pt x 129.07956pt.
<./Pics/NS016ConstraintsPolynomialMaze00098.png, id=462, 421.575pt x 278.4804pt
>
File: ./Pics/NS016ConstraintsPolynomialMaze00098.png Graphic file (type png)
<use ./Pics/NS016ConstraintsPolynomialMaze00098.png>
Package pdftex.def Info: ./Pics/NS016ConstraintsPolynomialMaze00098.png  used o
n input line 103.
(pdftex.def)             Requested size: 196.66235pt x 129.91272pt.
 [19]
<./Pics/NS017ConstraintsPolynomialMazePerformance.png, id=486, 505.89pt x 293.8
98pt>
File: ./Pics/NS017ConstraintsPolynomialMazePerformance.png Graphic file (type p
ng)
<use ./Pics/NS017ConstraintsPolynomialMazePerformance.png>
Package pdftex.def Info: ./Pics/NS017ConstraintsPolynomialMazePerformance.png  
used on input line 124.
(pdftex.def)             Requested size: 364.19664pt x 211.58395pt.
 [20 <./Pics/NS013ConstraintsPolynomialMaze00022.png> <./Pics/NS014ConstraintsP
olynomialMaze00044.png> <./Pics/NS015ConstraintsPolynomialMaze00081.png> <./Pic
s/NS016ConstraintsPolynomialMaze00098.png>]
<./Pics/NS018ConstraintsPolynomialMazePathFollowing.png, id=500, 360.3864pt x 2
76.5532pt>
File: ./Pics/NS018ConstraintsPolynomialMazePathFollowing.png Graphic file (type
 png)
<use ./Pics/NS018ConstraintsPolynomialMazePathFollowing.png>
Package pdftex.def Info: ./Pics/NS018ConstraintsPolynomialMazePathFollowing.png
  used on input line 160.
(pdftex.def)             Requested size: 250.38562pt x 192.14272pt.
 [21 <./Pics/NS017ConstraintsPolynomialMazePerformance.png>]
File: ./Pics/NS093SlalomComputationTime.png Graphic file (type png)
<use ./Pics/NS093SlalomComputationTime.png>
Package pdftex.def Info: ./Pics/NS093SlalomComputationTime.png  used on input l
ine 190.
(pdftex.def)             Requested size: 295.90587pt x 123.38448pt.
) (07S08-Storm-Scenario.tex [22 <./Pics/NS018ConstraintsPolynomialMazePathFollo
wing.png>]

LaTeX Warning: Reference `s:virtualConstraints' on page 23 undefined on input l
ine 3.


LaTeX Warning: Reference `tab:ruleEnforceSafetyMargin' on page 23 undefined on 
input line 55.

[23]
<./Pics/NS019ConstraintsPolynomialStorm00017.png, id=552, 1005.7575pt x 449.278
5pt>
File: ./Pics/NS019ConstraintsPolynomialStorm00017.png Graphic file (type png)
<use ./Pics/NS019ConstraintsPolynomialStorm00017.png>
Package pdftex.def Info: ./Pics/NS019ConstraintsPolynomialStorm00017.png  used 
on input line 69.
(pdftex.def)             Requested size: 196.66235pt x 87.84546pt.
<./Pics/NS020ConstraintsPolynomialStorm00031.png, id=553, 1005.7575pt x 449.278
5pt>
File: ./Pics/NS020ConstraintsPolynomialStorm00031.png Graphic file (type png)
<use ./Pics/NS020ConstraintsPolynomialStorm00031.png>
Package pdftex.def Info: ./Pics/NS020ConstraintsPolynomialStorm00031.png  used 
on input line 75.
(pdftex.def)             Requested size: 196.66235pt x 87.84546pt.
<./Pics/NS021ConstraintsPolynomialStorm00043.png, id=554, 1005.7575pt x 449.278
5pt>
File: ./Pics/NS021ConstraintsPolynomialStorm00043.png Graphic file (type png)
<use ./Pics/NS021ConstraintsPolynomialStorm00043.png>
Package pdftex.def Info: ./Pics/NS021ConstraintsPolynomialStorm00043.png  used 
on input line 82.
(pdftex.def)             Requested size: 196.66235pt x 87.84546pt.
<./Pics/NS022ConstraintsPolynomialStorm00062.png, id=555, 1005.7575pt x 449.278
5pt>
File: ./Pics/NS022ConstraintsPolynomialStorm00062.png Graphic file (type png)
<use ./Pics/NS022ConstraintsPolynomialStorm00062.png>
Package pdftex.def Info: ./Pics/NS022ConstraintsPolynomialStorm00062.png  used 
on input line 88.
(pdftex.def)             Requested size: 196.66235pt x 87.84546pt.
<./Pics/NS023ConstraintsPolynomialStormPerformance.png, id=558, 531.9072pt x 29
1.9708pt>
File: ./Pics/NS023ConstraintsPolynomialStormPerformance.png Graphic file (type 
png)
<use ./Pics/NS023ConstraintsPolynomialStormPerformance.png>
Package pdftex.def Info: ./Pics/NS023ConstraintsPolynomialStormPerformance.png 
 used on input line 102.
(pdftex.def)             Requested size: 364.19664pt x 199.92305pt.
 [24 <./Pics/NS019ConstraintsPolynomialStorm00017.png> <./Pics/NS020Constraints
PolynomialStorm00031.png> <./Pics/NS021ConstraintsPolynomialStorm00043.png> <./
Pics/NS022ConstraintsPolynomialStorm00062.png>]
<./Pics/NS024ConstraintsPolynomialStormPathFollowing.png, id=578, 363.759pt x 2
70.2898pt>
File: ./Pics/NS024ConstraintsPolynomialStormPathFollowing.png Graphic file (typ
e png)
<use ./Pics/NS024ConstraintsPolynomialStormPathFollowing.png>
Package pdftex.def Info: ./Pics/NS024ConstraintsPolynomialStormPathFollowing.pn
g  used on input line 129.
(pdftex.def)             Requested size: 250.38562pt x 186.05061pt.
 [25 <./Pics/NS023ConstraintsPolynomialStormPerformance.png>]
<./Pics/NS095StormComputationTime.png, id=593, 367.3725pt x 152.9715pt>
File: ./Pics/NS095StormComputationTime.png Graphic file (type png)
<use ./Pics/NS095StormComputationTime.png>
Package pdftex.def Info: ./Pics/NS095StormComputationTime.png  used on input li
ne 158.
(pdftex.def)             Requested size: 295.90587pt x 123.2223pt.
) (07S09-Emergency-Converging.tex [26 <./Pics/NS024ConstraintsPolynomialStormPa
thFollowing.png> <./Pics/NS095StormComputationTime.png>]

LaTeX Warning: Reference `fig:OvertakeManeuverTheoretical' on page 27 undefined
 on input line 19.

[27]

LaTeX Warning: Reference `s:bodyvolumeIntersection' on page 28 undefined on inp
ut line 61.


LaTeX Warning: Reference `s:uncertaintyIntersection' on page 28 undefined on in
put line 61.


Overfull \hbox (2.4867pt too wide) in paragraph at lines 66--67
\OT1/cmr/m/n/12 side, In-truder (UAS2 cyan) has the right of the way, be-cause 
$70[]$ $\OMS/cmsy/m/n/12 $ $\OML/cmm/m/it/12 angleOfApproach$
 []

<./Pics/NS025UtmEmergencyConverging00001.png, id=637, 1002.144pt x 809.424pt>
File: ./Pics/NS025UtmEmergencyConverging00001.png Graphic file (type png)
<use ./Pics/NS025UtmEmergencyConverging00001.png>
Package pdftex.def Info: ./Pics/NS025UtmEmergencyConverging00001.png  used on i
nput line 84.
(pdftex.def)             Requested size: 196.66235pt x 158.83128pt.
<./Pics/NS026UtmEmergencyConverging00012.png, id=638, 990.099pt x 809.424pt>
File: ./Pics/NS026UtmEmergencyConverging00012.png Graphic file (type png)
<use ./Pics/NS026UtmEmergencyConverging00012.png>
Package pdftex.def Info: ./Pics/NS026UtmEmergencyConverging00012.png  used on i
nput line 90.
(pdftex.def)             Requested size: 196.66235pt x 160.77036pt.
<./Pics/NS027UtmEmergencyConverging00018.png, id=639, 1002.144pt x 809.424pt>
File: ./Pics/NS027UtmEmergencyConverging00018.png Graphic file (type png)
<use ./Pics/NS027UtmEmergencyConverging00018.png>
Package pdftex.def Info: ./Pics/NS027UtmEmergencyConverging00018.png  used on i
nput line 97.
(pdftex.def)             Requested size: 196.66235pt x 158.83128pt.
<./Pics/NS028UtmEmergencyConverging00032.png, id=640, 1002.144pt x 809.424pt>
File: ./Pics/NS028UtmEmergencyConverging00032.png Graphic file (type png)
<use ./Pics/NS028UtmEmergencyConverging00032.png>
Package pdftex.def Info: ./Pics/NS028UtmEmergencyConverging00032.png  used on i
nput line 103.
(pdftex.def)             Requested size: 196.66235pt x 158.83128pt.
[28] [29 <./Pics/NS025UtmEmergencyConverging00001.png> <./Pics/NS026UtmEmergenc
yConverging00012.png> <./Pics/NS027UtmEmergencyConverging00018.png> <./Pics/NS0
28UtmEmergencyConverging00032.png>]
<./Pics/NS029UtmEmergencyConvergingPerformance.png, id=662, 356.2911pt x 290.04
36pt>
File: ./Pics/NS029UtmEmergencyConvergingPerformance.png Graphic file (type png)

<use ./Pics/NS029UtmEmergencyConvergingPerformance.png>
Package pdftex.def Info: ./Pics/NS029UtmEmergencyConvergingPerformance.png  use
d on input line 120.
(pdftex.def)             Requested size: 250.38562pt x 203.8346pt.
 [30 <./Pics/NS029UtmEmergencyConvergingPerformance.png>]
<./Pics/NS030UtmEmergencyConvergingUAV1PathFollowing.png, id=678, 990.099pt x 8
09.424pt>
File: ./Pics/NS030UtmEmergencyConvergingUAV1PathFollowing.png Graphic file (typ
e png)
<use ./Pics/NS030UtmEmergencyConvergingUAV1PathFollowing.png>
Package pdftex.def Info: ./Pics/NS030UtmEmergencyConvergingUAV1PathFollowing.pn
g  used on input line 154.
(pdftex.def)             Requested size: 196.66235pt x 160.77036pt.
<./Pics/NS031UtmEmergencyConvergingUAV2PathFollowing.png, id=679, 990.099pt x 8
09.424pt>
File: ./Pics/NS031UtmEmergencyConvergingUAV2PathFollowing.png Graphic file (typ
e png)
<use ./Pics/NS031UtmEmergencyConvergingUAV2PathFollowing.png>
Package pdftex.def Info: ./Pics/NS031UtmEmergencyConvergingUAV2PathFollowing.pn
g  used on input line 160.
(pdftex.def)             Requested size: 196.66235pt x 160.77036pt.
 [31 <./Pics/NS030UtmEmergencyConvergingUAV1PathFollowing.png> <./Pics/NS031Utm
EmergencyConvergingUAV2PathFollowing.png>]
<./Pics/NS096EmergencyConvergingComputationTime.png, id=696, 365.2044pt x 291.7
299pt>
File: ./Pics/NS096EmergencyConvergingComputationTime.png Graphic file (type png
)
<use ./Pics/NS096EmergencyConvergingComputationTime.png>
Package pdftex.def Info: ./Pics/NS096EmergencyConvergingComputationTime.png  us
ed on input line 192.
(pdftex.def)             Requested size: 295.90587pt x 236.38005pt.
)
(07S10-Emergency-Head-On.tex [32 <./Pics/NS096EmergencyConvergingComputationTim
e.png>]

LaTeX Warning: Reference `fig:HeadOnApproachTheoretical' on page 33 undefined o
n input line 21.

[33]

LaTeX Warning: Reference `s:bodyvolumeIntersection' on page 34 undefined on inp
ut line 70.


LaTeX Warning: Reference `safetyMarginBloat' on page 34 undefined on input line
 88.

<./Pics/NS032UtmEmergencyHeadOn00013.png, id=737, 932.283pt x 286.671pt>
File: ./Pics/NS032UtmEmergencyHeadOn00013.png Graphic file (type png)
<use ./Pics/NS032UtmEmergencyHeadOn00013.png>
Package pdftex.def Info: ./Pics/NS032UtmEmergencyHeadOn00013.png  used on input
 line 96.
(pdftex.def)             Requested size: 307.28766pt x 94.48798pt.
<./Pics/NS033UtmEmergencyHeadOn00018.png, id=738, 932.283pt x 286.671pt>
File: ./Pics/NS033UtmEmergencyHeadOn00018.png Graphic file (type png)
<use ./Pics/NS033UtmEmergencyHeadOn00018.png>
Package pdftex.def Info: ./Pics/NS033UtmEmergencyHeadOn00018.png  used on input
 line 103.
(pdftex.def)             Requested size: 307.28766pt x 94.48798pt.
<./Pics/NS034UtmEmergencyHeadOn00021.png, id=739, 932.283pt x 286.671pt>
File: ./Pics/NS034UtmEmergencyHeadOn00021.png Graphic file (type png)
<use ./Pics/NS034UtmEmergencyHeadOn00021.png>
Package pdftex.def Info: ./Pics/NS034UtmEmergencyHeadOn00021.png  used on input
 line 110.
(pdftex.def)             Requested size: 307.28766pt x 94.48798pt.
<./Pics/NS035UtmEmergencyHeadOn00022.png, id=740, 932.283pt x 286.671pt>
File: ./Pics/NS035UtmEmergencyHeadOn00022.png Graphic file (type png)
<use ./Pics/NS035UtmEmergencyHeadOn00022.png>
Package pdftex.def Info: ./Pics/NS035UtmEmergencyHeadOn00022.png  used on input
 line 117.
(pdftex.def)             Requested size: 307.28766pt x 94.48798pt.
[34]
<./Pics/NS036UtmEmergencyHeadOnPerformance.png, id=756, 356.2911pt x 292.6935pt
>
File: ./Pics/NS036UtmEmergencyHeadOnPerformance.png Graphic file (type png)
<use ./Pics/NS036UtmEmergencyHeadOnPerformance.png>
Package pdftex.def Info: ./Pics/NS036UtmEmergencyHeadOnPerformance.png  used on
 input line 132.
(pdftex.def)             Requested size: 250.38562pt x 205.69688pt.
 [35 <./Pics/NS032UtmEmergencyHeadOn00013.png> <./Pics/NS033UtmEmergencyHeadOn0
0018.png> <./Pics/NS034UtmEmergencyHeadOn00021.png> <./Pics/NS035UtmEmergencyHe
adOn00022.png>]
<./Pics/NS037UtmEmergencyHeadOnUAV1PathFollowing.png, id=773, 915.42pt x 699.81
45pt>
File: ./Pics/NS037UtmEmergencyHeadOnUAV1PathFollowing.png Graphic file (type pn
g)
<use ./Pics/NS037UtmEmergencyHeadOnUAV1PathFollowing.png>
Package pdftex.def Info: ./Pics/NS037UtmEmergencyHeadOnUAV1PathFollowing.png  u
sed on input line 168.
(pdftex.def)             Requested size: 196.66235pt x 150.33972pt.
<./Pics/NS038UtmEmergencyHeadOnUAV2PathFollowing.png, id=774, 366.168pt x 279.9
258pt>
File: ./Pics/NS038UtmEmergencyHeadOnUAV2PathFollowing.png Graphic file (type pn
g)
<use ./Pics/NS038UtmEmergencyHeadOnUAV2PathFollowing.png>
Package pdftex.def Info: ./Pics/NS038UtmEmergencyHeadOnUAV2PathFollowing.png  u
sed on input line 174.
(pdftex.def)             Requested size: 196.66235pt x 150.34612pt.
 [36 <./Pics/NS036UtmEmergencyHeadOnPerformance.png>]
<./Pics/NS097EmergencyHeadOnComputationTime.png, id=789, 359.9046pt x 293.898pt
>
File: ./Pics/NS097EmergencyHeadOnComputationTime.png Graphic file (type png)
<use ./Pics/NS097EmergencyHeadOnComputationTime.png>
Package pdftex.def Info: ./Pics/NS097EmergencyHeadOnComputationTime.png  used o
n input line 207.
(pdftex.def)             Requested size: 227.62204pt x 185.87871pt.
)
(07S11-Emergency-Mixed.tex [37 <./Pics/NS037UtmEmergencyHeadOnUAV1PathFollowing
.png> <./Pics/NS038UtmEmergencyHeadOnUAV2PathFollowing.png> <./Pics/NS097Emerge
ncyHeadOnComputationTime.png>] [38]
<./Pics/NS039UtmEmergencyHeadOnMultiple00012.png, id=839, 899.7615pt x 540.8205
pt>
File: ./Pics/NS039UtmEmergencyHeadOnMultiple00012.png Graphic file (type png)
<use ./Pics/NS039UtmEmergencyHeadOnMultiple00012.png>
Package pdftex.def Info: ./Pics/NS039UtmEmergencyHeadOnMultiple00012.png  used 
on input line 85.
(pdftex.def)             Requested size: 196.66235pt x 118.20515pt.
<./Pics/NS040UtmEmergencyHeadOnMultiple00019.png, id=840, 899.7615pt x 540.8205
pt>
File: ./Pics/NS040UtmEmergencyHeadOnMultiple00019.png Graphic file (type png)
<use ./Pics/NS040UtmEmergencyHeadOnMultiple00019.png>
Package pdftex.def Info: ./Pics/NS040UtmEmergencyHeadOnMultiple00019.png  used 
on input line 91.
(pdftex.def)             Requested size: 196.66235pt x 118.20515pt.
<./Pics/NS041UtmEmergencyHeadOnMultiple00024.png, id=841, 899.7615pt x 540.8205
pt>
File: ./Pics/NS041UtmEmergencyHeadOnMultiple00024.png Graphic file (type png)
<use ./Pics/NS041UtmEmergencyHeadOnMultiple00024.png>
Package pdftex.def Info: ./Pics/NS041UtmEmergencyHeadOnMultiple00024.png  used 
on input line 98.
(pdftex.def)             Requested size: 196.66235pt x 118.20515pt.
<./Pics/NS042UtmEmergencyHeadOnMultiple00030.png, id=842, 899.7615pt x 540.8205
pt>
File: ./Pics/NS042UtmEmergencyHeadOnMultiple00030.png Graphic file (type png)
<use ./Pics/NS042UtmEmergencyHeadOnMultiple00030.png>
Package pdftex.def Info: ./Pics/NS042UtmEmergencyHeadOnMultiple00030.png  used 
on input line 104.
(pdftex.def)             Requested size: 196.66235pt x 118.20515pt.
 [39]
<./Pics/NS043UtmEmergencyHeadOnMultiplePerformance.png, id=858, 2119.92pt x 119
4.864pt>
File: ./Pics/NS043UtmEmergencyHeadOnMultiplePerformance.png Graphic file (type 
png)
<use ./Pics/NS043UtmEmergencyHeadOnMultiplePerformance.png>
Package pdftex.def Info: ./Pics/NS043UtmEmergencyHeadOnMultiplePerformance.png 
 used on input line 118.
(pdftex.def)             Requested size: 409.71689pt x 230.92819pt.
 [40 <./Pics/NS039UtmEmergencyHeadOnMultiple00012.png> <./Pics/NS040UtmEmergenc
yHeadOnMultiple00019.png> <./Pics/NS041UtmEmergencyHeadOnMultiple00024.png> <./
Pics/NS042UtmEmergencyHeadOnMultiple00030.png> <./Pics/NS043UtmEmergencyHeadOnM
ultiplePerformance.png>]
<./Pics/NS044UtmEmergencyHeadOnMultipleUAV1PathFollowing.png, id=877, 913.011pt
 x 701.62125pt>
File: ./Pics/NS044UtmEmergencyHeadOnMultipleUAV1PathFollowing.png Graphic file 
(type png)
<use ./Pics/NS044UtmEmergencyHeadOnMultipleUAV1PathFollowing.png>
Package pdftex.def Info: ./Pics/NS044UtmEmergencyHeadOnMultipleUAV1PathFollowin
g.png  used on input line 164.
(pdftex.def)             Requested size: 196.66235pt x 151.12398pt.
<./Pics/NS045UtmEmergencyHeadOnMultipleUAV2PathFollowing.png, id=878, 913.011pt
 x 701.62125pt>
File: ./Pics/NS045UtmEmergencyHeadOnMultipleUAV2PathFollowing.png Graphic file 
(type png)
<use ./Pics/NS045UtmEmergencyHeadOnMultipleUAV2PathFollowing.png>
Package pdftex.def Info: ./Pics/NS045UtmEmergencyHeadOnMultipleUAV2PathFollowin
g.png  used on input line 170.
(pdftex.def)             Requested size: 196.66235pt x 151.12398pt.
<./Pics/NS046UtmEmergencyHeadOnMultipleUAV3PathFollowing.png, id=879, 913.011pt
 x 701.62125pt>
File: ./Pics/NS046UtmEmergencyHeadOnMultipleUAV3PathFollowing.png Graphic file 
(type png)
<use ./Pics/NS046UtmEmergencyHeadOnMultipleUAV3PathFollowing.png>
Package pdftex.def Info: ./Pics/NS046UtmEmergencyHeadOnMultipleUAV3PathFollowin
g.png  used on input line 177.
(pdftex.def)             Requested size: 196.66235pt x 151.12398pt.
<./Pics/NS047UtmEmergencyHeadOnMultipleUAV4PathFollowing.png, id=880, 357.7365p
t x 280.6485pt>
File: ./Pics/NS047UtmEmergencyHeadOnMultipleUAV4PathFollowing.png Graphic file 
(type png)
<use ./Pics/NS047UtmEmergencyHeadOnMultipleUAV4PathFollowing.png>
Package pdftex.def Info: ./Pics/NS047UtmEmergencyHeadOnMultipleUAV4PathFollowin
g.png  used on input line 183.
(pdftex.def)             Requested size: 196.66235pt x 154.28435pt.
 [41] [42 <./Pics/NS044UtmEmergencyHeadOnMultipleUAV1PathFollowing.png> <./Pics
/NS045UtmEmergencyHeadOnMultipleUAV2PathFollowing.png> <./Pics/NS046UtmEmergenc
yHeadOnMultipleUAV3PathFollowing.png> <./Pics/NS047UtmEmergencyHeadOnMultipleUA
V4PathFollowing.png>]
<./Pics/NS098EmergencyHeadOnMultipleComputationTime.png, id=904, 733.7814pt x 2
21.628pt>
File: ./Pics/NS098EmergencyHeadOnMultipleComputationTime.png Graphic file (type
 png)
<use ./Pics/NS098EmergencyHeadOnMultipleComputationTime.png>
Package pdftex.def Info: ./Pics/NS098EmergencyHeadOnMultipleComputationTime.png
  used on input line 216.
(pdftex.def)             Requested size: 432.48048pt x 130.62749pt.
) (07S12-Cooperative-Test-Cases.tex [43 <./Pics/NS098EmergencyHeadOnMultipleCom
putationTime.png>]

LaTeX Warning: Reference `sec:UASTrafficManagement' on page 44 undefined on inp
ut line 4.


LaTeX Warning: Reference `tab:controlledAirspaceViolations' on page 44 undefine
d on input line 8.

) (07S13-Rule-Converging.tex [44]

LaTeX Warning: Reference `tab:positionNotification' on page 45 undefined on inp
ut line 18.


LaTeX Warning: Reference `tab:collisionCase' on page 45 undefined on input line
 20.

[45]

LaTeX Warning: Reference `fig:RuleEngineInstanceLevels' on page 46 undefined on
 input line 71.


LaTeX Warning: Reference `tab:collisionCase' on page 46 undefined on input line
 73.


LaTeX Warning: Reference `tab:positionNotification' on page 46 undefined on inp
ut line 73.

<./Pics/NS048UtmCooperativeConverging00003.png, id=953, 341.3553pt x 272.217pt>

File: ./Pics/NS048UtmCooperativeConverging00003.png Graphic file (type png)
<use ./Pics/NS048UtmCooperativeConverging00003.png>
Package pdftex.def Info: ./Pics/NS048UtmCooperativeConverging00003.png  used on
 input line 108.
(pdftex.def)             Requested size: 196.66235pt x 156.83507pt.
<./Pics/NS049UtmCooperativeConverging00016.png, id=954, 853.38824pt x 680.5425p
t>
File: ./Pics/NS049UtmCooperativeConverging00016.png Graphic file (type png)
<use ./Pics/NS049UtmCooperativeConverging00016.png>
Package pdftex.def Info: ./Pics/NS049UtmCooperativeConverging00016.png  used on
 input line 114.
(pdftex.def)             Requested size: 196.66235pt x 156.82262pt.
<./Pics/NS050UtmCooperativeConverging00024.png, id=955, 853.38824pt x 680.5425p
t>
File: ./Pics/NS050UtmCooperativeConverging00024.png Graphic file (type png)
<use ./Pics/NS050UtmCooperativeConverging00024.png>
Package pdftex.def Info: ./Pics/NS050UtmCooperativeConverging00024.png  used on
 input line 121.
(pdftex.def)             Requested size: 196.66235pt x 156.82262pt.
<./Pics/NS051UtmCooperativeConverging00037.png, id=956, 853.38824pt x 680.5425p
t>
File: ./Pics/NS051UtmCooperativeConverging00037.png Graphic file (type png)
<use ./Pics/NS051UtmCooperativeConverging00037.png>
Package pdftex.def Info: ./Pics/NS051UtmCooperativeConverging00037.png  used on
 input line 127.
(pdftex.def)             Requested size: 196.66235pt x 156.82262pt.
[46] [47 <./Pics/NS048UtmCooperativeConverging00003.png> <./Pics/NS049UtmCooper
ativeConverging00016.png> <./Pics/NS050UtmCooperativeConverging00024.png> <./Pi
cs/NS051UtmCooperativeConverging00037.png>]

LaTeX Warning: Reference `tab:ruleConvergingManuever' on page 48 undefined on i
nput line 162.

<./Pics/NS052UtmCooperativeConvergingPerformance.png, id=996, 356.2911pt x 289.
8027pt>
File: ./Pics/NS052UtmCooperativeConvergingPerformance.png Graphic file (type pn
g)
<use ./Pics/NS052UtmCooperativeConvergingPerformance.png>
Package pdftex.def Info: ./Pics/NS052UtmCooperativeConvergingPerformance.png  u
sed on input line 168.
(pdftex.def)             Requested size: 250.38562pt x 203.66531pt.
[48 <./Pics/NS052UtmCooperativeConvergingPerformance.png>]
<./Pics/NS053UtmCooperativeConvergingUAV1PathFollowing.png, id=1010, 893.739pt 
x 678.1335pt>
File: ./Pics/NS053UtmCooperativeConvergingUAV1PathFollowing.png Graphic file (t
ype png)
<use ./Pics/NS053UtmCooperativeConvergingUAV1PathFollowing.png>
Package pdftex.def Info: ./Pics/NS053UtmCooperativeConvergingUAV1PathFollowing.
png  used on input line 200.
(pdftex.def)             Requested size: 196.66235pt x 149.21053pt.
<./Pics/NS054UtmCooperativeConvergingUAV2PathFollowing.png, id=1011, 893.739pt 
x 678.1335pt>
File: ./Pics/NS054UtmCooperativeConvergingUAV2PathFollowing.png Graphic file (t
ype png)
<use ./Pics/NS054UtmCooperativeConvergingUAV2PathFollowing.png>
Package pdftex.def Info: ./Pics/NS054UtmCooperativeConvergingUAV2PathFollowing.
png  used on input line 206.
(pdftex.def)             Requested size: 196.66235pt x 149.21053pt.
 [49 <./Pics/NS053UtmCooperativeConvergingUAV1PathFollowing.png> <./Pics/NS054U
tmCooperativeConvergingUAV2PathFollowing.png>]
<./Pics/NS099RuleBasedCConvergingComputationTime.png, id=1028, 363.0363pt x 295
.3434pt>
File: ./Pics/NS099RuleBasedCConvergingComputationTime.png Graphic file (type pn
g)
<use ./Pics/NS099RuleBasedCConvergingComputationTime.png>
Package pdftex.def Info: ./Pics/NS099RuleBasedCConvergingComputationTime.png  u
sed on input line 239.
(pdftex.def)             Requested size: 295.90587pt x 240.73203pt.
) (07S14-Rule-Head-On.tex [50 <./Pics/NS099RuleBasedCConvergingComputationTime.
png>]

LaTeX Warning: Reference `tab:positionNotification' on page 51 undefined on inp
ut line 13.


LaTeX Warning: Reference `tab:collisionCase' on page 51 undefined on input line
 15.

[51]

LaTeX Warning: Reference `fig:RuleEngineInstanceLevels' on page 52 undefined on
 input line 64.


LaTeX Warning: Reference `tab:collisionCase' on page 52 undefined on input line
 66.


LaTeX Warning: Reference `tab:positionNotification' on page 52 undefined on inp
ut line 66.

<./Pics/NS055UtmCooperativeHeadOn00008.png, id=1064, 925.65825pt x 361.35pt>
File: ./Pics/NS055UtmCooperativeHeadOn00008.png Graphic file (type png)
<use ./Pics/NS055UtmCooperativeHeadOn00008.png>
Package pdftex.def Info: ./Pics/NS055UtmCooperativeHeadOn00008.png  used on inp
ut line 97.
(pdftex.def)             Requested size: 307.28766pt x 119.95714pt.
<./Pics/NS056UtmCooperativeHeadOn00018.png, id=1065, 925.65825pt x 361.35pt>
File: ./Pics/NS056UtmCooperativeHeadOn00018.png Graphic file (type png)
<use ./Pics/NS056UtmCooperativeHeadOn00018.png>
Package pdftex.def Info: ./Pics/NS056UtmCooperativeHeadOn00018.png  used on inp
ut line 104.
(pdftex.def)             Requested size: 307.28766pt x 119.95714pt.
<./Pics/NS057UtmCooperativeHeadOn00023.png, id=1066, 925.65825pt x 361.35pt>
File: ./Pics/NS057UtmCooperativeHeadOn00023.png Graphic file (type png)
<use ./Pics/NS057UtmCooperativeHeadOn00023.png>
Package pdftex.def Info: ./Pics/NS057UtmCooperativeHeadOn00023.png  used on inp
ut line 111.
(pdftex.def)             Requested size: 307.28766pt x 119.95714pt.
<./Pics/NS058UtmCooperativeHeadOn00038.png, id=1067, 925.65825pt x 361.35pt>
File: ./Pics/NS058UtmCooperativeHeadOn00038.png Graphic file (type png)
<use ./Pics/NS058UtmCooperativeHeadOn00038.png>
Package pdftex.def Info: ./Pics/NS058UtmCooperativeHeadOn00038.png  used on inp
ut line 118.
(pdftex.def)             Requested size: 307.28766pt x 119.95714pt.
[52] [53 <./Pics/NS055UtmCooperativeHeadOn00008.png> <./Pics/NS056UtmCooperativ
eHeadOn00018.png> <./Pics/NS057UtmCooperativeHeadOn00023.png> <./Pics/NS058UtmC
ooperativeHeadOn00038.png>]

LaTeX Warning: Reference `tab:ruleHeadonApproach' on page 54 undefined on input
 line 151.

<./Pics/NS059UtmCooperativeHeadOnPerformance.png, id=1105, 356.532pt x 289.8027
pt>
File: ./Pics/NS059UtmCooperativeHeadOnPerformance.png Graphic file (type png)
<use ./Pics/NS059UtmCooperativeHeadOnPerformance.png>
Package pdftex.def Info: ./Pics/NS059UtmCooperativeHeadOnPerformance.png  used 
on input line 158.
(pdftex.def)             Requested size: 250.38562pt x 203.52823pt.
[54 <./Pics/NS059UtmCooperativeHeadOnPerformance.png>]
<./Pics/NS060UtmCooperativeHeadOnUAV1PathFollowing.png, id=1119, 906.38625pt x 
680.5425pt>
File: ./Pics/NS060UtmCooperativeHeadOnUAV1PathFollowing.png Graphic file (type 
png)
<use ./Pics/NS060UtmCooperativeHeadOnUAV1PathFollowing.png>
Package pdftex.def Info: ./Pics/NS060UtmCooperativeHeadOnUAV1PathFollowing.png 
 used on input line 189.
(pdftex.def)             Requested size: 196.66235pt x 147.65335pt.
<./Pics/NS061UtmCooperativeHeadOnUAV2PathFollowing.png, id=1120, 906.38625pt x 
680.5425pt>
File: ./Pics/NS061UtmCooperativeHeadOnUAV2PathFollowing.png Graphic file (type 
png)
<use ./Pics/NS061UtmCooperativeHeadOnUAV2PathFollowing.png>
Package pdftex.def Info: ./Pics/NS061UtmCooperativeHeadOnUAV2PathFollowing.png 
 used on input line 195.
(pdftex.def)             Requested size: 196.66235pt x 147.65335pt.
 [55 <./Pics/NS060UtmCooperativeHeadOnUAV1PathFollowing.png> <./Pics/NS061UtmCo
operativeHeadOnUAV2PathFollowing.png>]
<./Pics/NS100RuleBasedHeadOnComputationTime.png, id=1137, 365.9271pt x 293.1753
pt>
File: ./Pics/NS100RuleBasedHeadOnComputationTime.png Graphic file (type png)
<use ./Pics/NS100RuleBasedHeadOnComputationTime.png>
Package pdftex.def Info: ./Pics/NS100RuleBasedHeadOnComputationTime.png  used o
n input line 225.
(pdftex.def)             Requested size: 295.90587pt x 237.08597pt.
) (07S15-Rule-Mixed.tex [56 <./Pics/NS100RuleBasedHeadOnComputationTime.png>]

LaTeX Warning: Reference `tab:positionNotification' on page 57 undefined on inp
ut line 20.


LaTeX Warning: Reference `tab:collisionCase' on page 57 undefined on input line
 22.

[57]

LaTeX Warning: Reference `fig:RuleEngineInstanceLevels' on page 58 undefined on
 input line 72.


LaTeX Warning: Reference `tab:collisionCase' on page 58 undefined on input line
 74.


LaTeX Warning: Reference `tab:positionNotification' on page 58 undefined on inp
ut line 74.

[58]
<./Pics/NS062UtmCooperativeHeadOnMultiple00002.png, id=1194, 776.9025pt x 732.9
3825pt>
File: ./Pics/NS062UtmCooperativeHeadOnMultiple00002.png Graphic file (type png)

<use ./Pics/NS062UtmCooperativeHeadOnMultiple00002.png>
Package pdftex.def Info: ./Pics/NS062UtmCooperativeHeadOnMultiple00002.png  use
d on input line 115.
(pdftex.def)             Requested size: 196.66235pt x 185.52676pt.
<./Pics/NS063UtmCooperativeHeadOnMultiple00016.png, id=1195, 776.9025pt x 732.9
3825pt>
File: ./Pics/NS063UtmCooperativeHeadOnMultiple00016.png Graphic file (type png)

<use ./Pics/NS063UtmCooperativeHeadOnMultiple00016.png>
Package pdftex.def Info: ./Pics/NS063UtmCooperativeHeadOnMultiple00016.png  use
d on input line 121.
(pdftex.def)             Requested size: 196.66235pt x 185.52676pt.
<./Pics/NS064UtmCooperativeHeadOnMultiple00028.png, id=1196, 776.9025pt x 732.9
3825pt>
File: ./Pics/NS064UtmCooperativeHeadOnMultiple00028.png Graphic file (type png)

<use ./Pics/NS064UtmCooperativeHeadOnMultiple00028.png>
Package pdftex.def Info: ./Pics/NS064UtmCooperativeHeadOnMultiple00028.png  use
d on input line 128.
(pdftex.def)             Requested size: 196.66235pt x 185.52676pt.
<./Pics/NS065UtmCooperativeHeadOnMultiple00040.png, id=1197, 776.9025pt x 732.9
3825pt>
File: ./Pics/NS065UtmCooperativeHeadOnMultiple00040.png Graphic file (type png)

<use ./Pics/NS065UtmCooperativeHeadOnMultiple00040.png>
Package pdftex.def Info: ./Pics/NS065UtmCooperativeHeadOnMultiple00040.png  use
d on input line 134.
(pdftex.def)             Requested size: 196.66235pt x 185.52676pt.
 [59 <./Pics/NS062UtmCooperativeHeadOnMultiple00002.png> <./Pics/NS063UtmCooper
ativeHeadOnMultiple00016.png> <./Pics/NS064UtmCooperativeHeadOnMultiple00028.pn
g> <./Pics/NS065UtmCooperativeHeadOnMultiple00040.png>] [60]
<./Pics/NS066UtmCooperativeHeadOnMultiplePerformance.png, id=1221, 850.8588pt x
 484.6908pt>
File: ./Pics/NS066UtmCooperativeHeadOnMultiplePerformance.png Graphic file (typ
e png)
<use ./Pics/NS066UtmCooperativeHeadOnMultiplePerformance.png>
Package pdftex.def Info: ./Pics/NS066UtmCooperativeHeadOnMultiplePerformance.pn
g  used on input line 201.
(pdftex.def)             Requested size: 409.71689pt x 233.3959pt.
 [61 <./Pics/NS066UtmCooperativeHeadOnMultiplePerformance.png>]
<./Pics/NS067UtmCooperativeHeadOnMultipleUAV1PathFollowing.png, id=1239, 908.19
3pt x 700.41675pt>
File: ./Pics/NS067UtmCooperativeHeadOnMultipleUAV1PathFollowing.png Graphic fil
e (type png)
<use ./Pics/NS067UtmCooperativeHeadOnMultipleUAV1PathFollowing.png>
Package pdftex.def Info: ./Pics/NS067UtmCooperativeHeadOnMultipleUAV1PathFollow
ing.png  used on input line 243.
(pdftex.def)             Requested size: 196.66235pt x 151.66609pt.
<./Pics/NS068UtmCooperativeHeadOnMultipleUAV2PathFollowing.png, id=1240, 908.19
3pt x 700.41675pt>
File: ./Pics/NS068UtmCooperativeHeadOnMultipleUAV2PathFollowing.png Graphic fil
e (type png)
<use ./Pics/NS068UtmCooperativeHeadOnMultipleUAV2PathFollowing.png>
Package pdftex.def Info: ./Pics/NS068UtmCooperativeHeadOnMultipleUAV2PathFollow
ing.png  used on input line 249.
(pdftex.def)             Requested size: 196.66235pt x 151.66609pt.
<./Pics/NS069UtmCooperativeHeadOnMultipleUAV3PathFollowing.png, id=1241, 908.19
3pt x 700.41675pt>
File: ./Pics/NS069UtmCooperativeHeadOnMultipleUAV3PathFollowing.png Graphic fil
e (type png)
<use ./Pics/NS069UtmCooperativeHeadOnMultipleUAV3PathFollowing.png>
Package pdftex.def Info: ./Pics/NS069UtmCooperativeHeadOnMultipleUAV3PathFollow
ing.png  used on input line 256.
(pdftex.def)             Requested size: 196.66235pt x 151.66609pt.
<./Pics/NS070UtmCooperativeHeadOnMultipleUAV4PathFollowing.png, id=1242, 908.19
3pt x 700.41675pt>
File: ./Pics/NS070UtmCooperativeHeadOnMultipleUAV4PathFollowing.png Graphic fil
e (type png)
<use ./Pics/NS070UtmCooperativeHeadOnMultipleUAV4PathFollowing.png>
Package pdftex.def Info: ./Pics/NS070UtmCooperativeHeadOnMultipleUAV4PathFollow
ing.png  used on input line 262.
(pdftex.def)             Requested size: 196.66235pt x 151.66609pt.
 [62 <./Pics/NS067UtmCooperativeHeadOnMultipleUAV1PathFollowing.png> <./Pics/NS
068UtmCooperativeHeadOnMultipleUAV2PathFollowing.png> <./Pics/NS069UtmCooperati
veHeadOnMultipleUAV3PathFollowing.png> <./Pics/NS070UtmCooperativeHeadOnMultipl
eUAV4PathFollowing.png>]
<./Pics/NS101RuleBasedMultipleComputationTime.png, id=1260, 780.516pt x 298.716
pt>
File: ./Pics/NS101RuleBasedMultipleComputationTime.png Graphic file (type png)
<use ./Pics/NS101RuleBasedMultipleComputationTime.png>
Package pdftex.def Info: ./Pics/NS101RuleBasedMultipleComputationTime.png  used
 on input line 294.
(pdftex.def)             Requested size: 432.48048pt x 165.51585pt.
)
(07S16-Rule-Overtake.tex [63 <./Pics/NS101RuleBasedMultipleComputationTime.png>
] [64]

LaTeX Warning: Reference `fig:RuleEngineInstanceLevels' on page 65 undefined on
 input line 58.


LaTeX Warning: Reference `tab:collisionCase' on page 65 undefined on input line
 60.


LaTeX Warning: Reference `tab:positionNotification' on page 65 undefined on inp
ut line 60.


LaTeX Warning: Reference `tab:ruleOvertakeDefinition' on page 65 undefined on i
nput line 66.

<./Pics/NS071UtmCooperativeOvertake2xSpeed00002.png, id=1295, 945.5325pt x 310.
761pt>
File: ./Pics/NS071UtmCooperativeOvertake2xSpeed00002.png Graphic file (type png
)
<use ./Pics/NS071UtmCooperativeOvertake2xSpeed00002.png>
Package pdftex.def Info: ./Pics/NS071UtmCooperativeOvertake2xSpeed00002.png  us
ed on input line 85.
(pdftex.def)             Requested size: 307.28766pt x 100.99612pt.
<./Pics/NS072UtmCooperativeOvertake2xSpeed00022.png, id=1296, 945.5325pt x 310.
761pt>
File: ./Pics/NS072UtmCooperativeOvertake2xSpeed00022.png Graphic file (type png
)
<use ./Pics/NS072UtmCooperativeOvertake2xSpeed00022.png>
Package pdftex.def Info: ./Pics/NS072UtmCooperativeOvertake2xSpeed00022.png  us
ed on input line 92.
(pdftex.def)             Requested size: 307.28766pt x 100.99612pt.
<./Pics/NS073UtmCooperativeOvertake2xSpeed00052.png, id=1297, 945.5325pt x 310.
761pt>
File: ./Pics/NS073UtmCooperativeOvertake2xSpeed00052.png Graphic file (type png
)
<use ./Pics/NS073UtmCooperativeOvertake2xSpeed00052.png>
Package pdftex.def Info: ./Pics/NS073UtmCooperativeOvertake2xSpeed00052.png  us
ed on input line 99.
(pdftex.def)             Requested size: 307.28766pt x 100.99612pt.
<./Pics/NS074UtmCooperativeOvertake2xSpeed00073.png, id=1298, 378.213pt x 124.3
044pt>
File: ./Pics/NS074UtmCooperativeOvertake2xSpeed00073.png Graphic file (type png
)
<use ./Pics/NS074UtmCooperativeOvertake2xSpeed00073.png>
Package pdftex.def Info: ./Pics/NS074UtmCooperativeOvertake2xSpeed00073.png  us
ed on input line 106.
(pdftex.def)             Requested size: 307.28766pt x 100.99895pt.
[65]

LaTeX Warning: Reference `sec:collisionCase' on page 66 undefined on input line
 115.


LaTeX Warning: Reference `eq:overtakeDivergenceLocal' on page 66 undefined on i
nput line 132.


LaTeX Warning: Reference `eq:overtakeConvergenceLocal' on page 66 undefined on 
input line 132.


Overfull \hbox (3.43846pt too wide) in paragraph at lines 132--133
 []\OT1/cmr/bx/n/12 Overtake Speed: Di-ver-gence/Convergence Way-points[] \OT1/
cmr/m/it/12 Di-ver-gence way-points \OT1/cmr/m/n/12 have
 []

[66 <./Pics/NS071UtmCooperativeOvertake2xSpeed00002.png> <./Pics/NS072UtmCooper
ativeOvertake2xSpeed00022.png> <./Pics/NS073UtmCooperativeOvertake2xSpeed00052.
png> <./Pics/NS074UtmCooperativeOvertake2xSpeed00073.png>]
<./Pics/NS078UtmCooperativeOvertakeMultipleTrajectories.png, id=1330, 836.4048p
t x 401.8212pt>
File: ./Pics/NS078UtmCooperativeOvertakeMultipleTrajectories.png Graphic file (
type png)
<use ./Pics/NS078UtmCooperativeOvertakeMultipleTrajectories.png>
Package pdftex.def Info: ./Pics/NS078UtmCooperativeOvertakeMultipleTrajectories
.png  used on input line 170.
(pdftex.def)             Requested size: 409.71689pt x 196.83891pt.
 [67 <./Pics/NS078UtmCooperativeOvertakeMultipleTrajectories.png>]
<./Pics/NS079UtmCooperativeOvertakeMultiplePerformance.png, id=1345, 359.4228pt
 x 291.9708pt>
File: ./Pics/NS079UtmCooperativeOvertakeMultiplePerformance.png Graphic file (t
ype png)
<use ./Pics/NS079UtmCooperativeOvertakeMultiplePerformance.png>
Package pdftex.def Info: ./Pics/NS079UtmCooperativeOvertakeMultiplePerformance.
png  used on input line 178.
(pdftex.def)             Requested size: 273.14922pt x 221.89565pt.
 [68 <./Pics/NS079UtmCooperativeOvertakeMultiplePerformance.png>]
<./Pics/NS076UtmCooperativeOvertake2xSpeedUAV1PathFollowing.png, id=1361, 925.0
56pt x 700.41675pt>
File: ./Pics/NS076UtmCooperativeOvertake2xSpeedUAV1PathFollowing.png Graphic fi
le (type png)
<use ./Pics/NS076UtmCooperativeOvertake2xSpeedUAV1PathFollowing.png>
Package pdftex.def Info: ./Pics/NS076UtmCooperativeOvertake2xSpeedUAV1PathFollo
wing.png  used on input line 225.
(pdftex.def)             Requested size: 196.66235pt x 148.89804pt.
<./Pics/NS077UtmCooperativeOvertake2xSpeedUAV2PathFollowing.png, id=1362, 925.0
56pt x 700.41675pt>
File: ./Pics/NS077UtmCooperativeOvertake2xSpeedUAV2PathFollowing.png Graphic fi
le (type png)
<use ./Pics/NS077UtmCooperativeOvertake2xSpeedUAV2PathFollowing.png>
Package pdftex.def Info: ./Pics/NS077UtmCooperativeOvertake2xSpeedUAV2PathFollo
wing.png  used on input line 231.
(pdftex.def)             Requested size: 196.66235pt x 148.89804pt.
 [69 <./Pics/NS076UtmCooperativeOvertake2xSpeedUAV1PathFollowing.png> <./Pics/N
S077UtmCooperativeOvertake2xSpeedUAV2PathFollowing.png>]

LaTeX Warning: Reference `eq:overtakedDivergenceGlobal' on page 70 undefined on
 input line 267.


LaTeX Warning: Reference `eq:overtakeConvergenceGlobal' on page 70 undefined on
 input line 267.

<./Pics/NS102RuleBasedOvertakeComputationTime.png, id=1379, 361.35pt x 293.898p
t>
File: ./Pics/NS102RuleBasedOvertakeComputationTime.png Graphic file (type png)
<use ./Pics/NS102RuleBasedOvertakeComputationTime.png>
Package pdftex.def Info: ./Pics/NS102RuleBasedOvertakeComputationTime.png  used
 on input line 271.
(pdftex.def)             Requested size: 295.90587pt x 240.67053pt.
) (07S16a-Test-Cases-Conclusion.tex [70 <./Pics/NS102RuleBasedOvertakeComputati
onTime.png>]
Overfull \vbox (9.49998pt too high) detected at line 123
 []

[71]

LaTeX Warning: Reference `fig:missionControlRunActivityDiagram' on page 72 unde
fined on input line 147.


LaTeX Warning: Reference `s:combinedReachSet' on page 72 undefined on input lin
e 152.


LaTeX Warning: Reference `fig:NonCooperativeConflictResolutionUTM' on page 72 u
ndefined on input line 154.


LaTeX Warning: Reference `fig:UTMArchitectureOverview' on page 72 undefined on 
input line 157.


LaTeX Warning: Reference `fig:missionControlRunActivityDiagram' on page 72 unde
fined on input line 157.


LaTeX Warning: Reference `sec:ruleEngine' on page 72 undefined on input line 15
7.


LaTeX Warning: Reference `fig:ConvergingManeuverTheoretical' on page 72 undefin
ed on input line 160.


LaTeX Warning: Reference `tab:ruleConvergingManuever' on page 72 undefined on i
nput line 160.


LaTeX Warning: Reference `fig:HeadOnApproachTheoretical' on page 72 undefined o
n input line 162.


LaTeX Warning: Reference `tab:ruleHeadonApproach' on page 72 undefined on input
 line 162.


LaTeX Warning: Reference `eq:aggregatedCollisionCaseCenter' on page 72 undefine
d on input line 164.


LaTeX Warning: Reference `eq:naiveSafetyMarginAgregation' on page 72 undefined 
on input line 164.


LaTeX Warning: Reference `fig:OvertakeManeuverTheoretical' on page 72 undefined
 on input line 166.


LaTeX Warning: Reference `tab:ruleOvertakeDefinition' on page 72 undefined on i
nput line 166.


LaTeX Warning: Reference `eq:overtakeDivergenceLocal' on page 72 undefined on i
nput line 166.


LaTeX Warning: Reference `eq:overtakeConvergenceLocal' on page 72 undefined on 
input line 166.


LaTeX Warning: Reference `tab:positionNotification' on page 72 undefined on inp
ut line 178.

[72]
<./Pics/NS086UTMAdversary00011.png, id=1482, 436.029pt x 235.6002pt>
File: ./Pics/NS086UTMAdversary00011.png Graphic file (type png)
<use ./Pics/NS086UTMAdversary00011.png>
Package pdftex.def Info: ./Pics/NS086UTMAdversary00011.png  used on input line 
215.
(pdftex.def)             Requested size: 196.66235pt x 106.26355pt.
<./Pics/NS087UTMAdversary-00014.png, id=1483, 433.62pt x 234.6366pt>
File: ./Pics/NS087UTMAdversary-00014.png Graphic file (type png)
<use ./Pics/NS087UTMAdversary-00014.png>
Package pdftex.def Info: ./Pics/NS087UTMAdversary-00014.png  used on input line
 221.
(pdftex.def)             Requested size: 196.66235pt x 106.4161pt.
<./Pics/NS088UTMAdversary-00017.png, id=1484, 434.5836pt x 235.1184pt>
File: ./Pics/NS088UTMAdversary-00017.png Graphic file (type png)
<use ./Pics/NS088UTMAdversary-00017.png>
Package pdftex.def Info: ./Pics/NS088UTMAdversary-00017.png  used on input line
 228.
(pdftex.def)             Requested size: 196.66235pt x 106.39783pt.
<./Pics/NS089UTMAdversary-00020.png, id=1485, 433.1382pt x 235.1184pt>
File: ./Pics/NS089UTMAdversary-00020.png Graphic file (type png)
<use ./Pics/NS089UTMAdversary-00020.png>
Package pdftex.def Info: ./Pics/NS089UTMAdversary-00020.png  used on input line
 234.
(pdftex.def)             Requested size: 196.66235pt x 106.753pt.
<./Pics/NS090UTMAdversaryCrash.png, id=1486, 145.5036pt x 105.0324pt>
File: ./Pics/NS090UTMAdversaryCrash.png Graphic file (type png)
<use ./Pics/NS090UTMAdversaryCrash.png>
Package pdftex.def Info: ./Pics/NS090UTMAdversaryCrash.png  used on input line 
241.
(pdftex.def)             Requested size: 163.88425pt x 118.30219pt.
 [73]
<./Pics/NS091UTMAdversaryPerformance.png, id=1512, 574.3056pt x 233.673pt>
File: ./Pics/NS091UTMAdversaryPerformance.png Graphic file (type png)
<use ./Pics/NS091UTMAdversaryPerformance.png>
Package pdftex.def Info: ./Pics/NS091UTMAdversaryPerformance.png  used on input
 line 263.
(pdftex.def)             Requested size: 432.48048pt x 175.971pt.
 [74 <./Pics/NS086UTMAdversary00011.png> <./Pics/NS087UTMAdversary-00014.png> <
./Pics/NS088UTMAdversary-00017.png> <./Pics/NS089UTMAdversary-00020.png> <./Pic
s/NS090UTMAdversaryCrash.png>] [75 <./Pics/NS091UTMAdversaryPerformance.png>]

LaTeX Warning: Reference `s:MovingVirtualConstraints' on page 76 undefined on i
nput line 343.


LaTeX Warning: Reference `s:bodyvolumeIntersection' on page 76 undefined on inp
ut line 345.


LaTeX Warning: Reference `sec:ruleImplementation' on page 76 undefined on input
 line 347.


LaTeX Warning: Reference `tab:ruleOvertakeDefinition' on page 76 undefined on i
nput line 349.

) (07S17-Reduced-Reach-Sets.tex [76]

LaTeX Warning: Reference `alg:Wavefront Propagation' on page 77 undefined on in
put line 4.


LaTeX Warning: Reference `alg:Wavefront Propagation' on page 77 undefined on in
put line 13.


LaTeX Warning: Reference `def:SmoothnessRatingForTrajectory' on page 77 undefin
ed on input line 18.


LaTeX Warning: Reference `s:harmonicReachSet' on page 77 undefined on input lin
e 18.


LaTeX Warning: Reference `s:combinedReachSet' on page 77 undefined on input lin
e 18.


LaTeX Warning: Reference `s:acasReachSet' on page 77 undefined on input line 18
.


LaTeX Warning: Reference `def:coverageRatio' on page 77 undefined on input line
 24.


LaTeX Warning: Reference `s:chaoticReachSet' on page 77 undefined on input line
 48.

[77]
<./Pics/NS082CoverageRS00010.png, id=1585, 944.93025pt x 675.7245pt>
File: ./Pics/NS082CoverageRS00010.png Graphic file (type png)
<use ./Pics/NS082CoverageRS00010.png>
Package pdftex.def Info: ./Pics/NS082CoverageRS00010.png  used on input line 57
.
(pdftex.def)             Requested size: 196.66235pt x 140.6278pt.
<./Pics/NS083CoverageRSAfterPruning.png, id=1586, 377.9721pt x 270.2898pt>
File: ./Pics/NS083CoverageRSAfterPruning.png Graphic file (type png)
<use ./Pics/NS083CoverageRSAfterPruning.png>
Package pdftex.def Info: ./Pics/NS083CoverageRSAfterPruning.png  used on input 
line 63.
(pdftex.def)             Requested size: 196.66235pt x 140.63399pt.


LaTeX Warning: Reference `s:harmonicReachSet' on page 78 undefined on input lin
e 71.

<./Pics/NS084smoothRS00010.png, id=1589, 377.7312pt x 271.0125pt>
File: ./Pics/NS084smoothRS00010.png Graphic file (type png)
<use ./Pics/NS084smoothRS00010.png>
Package pdftex.def Info: ./Pics/NS084smoothRS00010.png  used on input line 79.
(pdftex.def)             Requested size: 196.66235pt x 141.10098pt.
<./Pics/NS085smoothRSAfterPruning.png, id=1590, 944.328pt x 677.53125pt>
File: ./Pics/NS085smoothRSAfterPruning.png Graphic file (type png)
<use ./Pics/NS085smoothRSAfterPruning.png>
Package pdftex.def Info: ./Pics/NS085smoothRSAfterPruning.png  used on input li
ne 85.
(pdftex.def)             Requested size: 196.66235pt x 141.09685pt.

LaTeX Warning: Reference `s:combinedReachSet' on page 78 undefined on input lin
e 93.


LaTeX Warning: Reference `s:acasReachSet' on page 78 undefined on input line 95
.

<./Pics/NS080acasLikeRS00010.png, id=1595, 377.9721pt x 270.7716pt>
File: ./Pics/NS080acasLikeRS00010.png Graphic file (type png)
<use ./Pics/NS080acasLikeRS00010.png>
Package pdftex.def Info: ./Pics/NS080acasLikeRS00010.png  used on input line 10
1.
(pdftex.def)             Requested size: 196.66235pt x 140.88467pt.
<./Pics/NS081acasLikeRSAfterPruning.png, id=1596, 944.93025pt x 676.929pt>
File: ./Pics/NS081acasLikeRSAfterPruning.png Graphic file (type png)
<use ./Pics/NS081acasLikeRSAfterPruning.png>
Package pdftex.def Info: ./Pics/NS081acasLikeRSAfterPruning.png  used on input 
line 107.
(pdftex.def)             Requested size: 196.66235pt x 140.87848pt.
[78 <./Pics/NS082CoverageRS00010.png> <./Pics/NS083CoverageRSAfterPruning.png> 
<./Pics/NS084smoothRS00010.png> <./Pics/NS085smoothRSAfterPruning.png>]

LaTeX Warning: Reference `alg:Wavefront Propagation' on page 79 undefined on in
put line 124.

[79 <./Pics/NS080acasLikeRS00010.png> <./Pics/NS081acasLikeRSAfterPruning.png>]

LaTeX Warning: Reference `alg:Wavefront Propagation' on page 80 undefined on in
put line 149.


Overfull \hbox (6.23892pt too wide) in paragraph at lines 149--150
[]\OT1/cmr/m/n/12 The most of \OT1/cmr/m/it/12 waste leaf nodes \OT1/cmr/m/n/12
 are re-moved dur-ing \OT1/cmr/m/it/12 layer prun-ing\OT1/cmr/m/n/12 : func-tio
n \OT1/cmr/m/it/12 reachSet.purge-
 []


LaTeX Warning: Reference `def:coverageRatio' on page 80 undefined on input line
 180.

[80]) ("[Build] Clean Chapter 7 with formatting.bbl" [81])
Package atveryend Info: Empty hook `BeforeClearDocument' on input line 173.
 [82

]
Package atveryend Info: Empty hook `AfterLastShipout' on input line 173.

("[Build] Clean Chapter 7 with formatting.aux")
Package atveryend Info: Executing hook `AtVeryEndDocument' on input line 173.
Package atveryend Info: Executing hook `AtEndAfterFileList' on input line 173.
Package rerunfilecheck Info: File `"[Build] Clean Chapter 7 with formatting".ou
t' has not changed.
(rerunfilecheck)             Checksum: 7F095EDF379743B0512FF0E56A979D37;4171.


LaTeX Warning: There were undefined references.

Package atveryend Info: Empty hook `AtVeryVeryEnd' on input line 173.
 ) 
Here is how much of TeX's memory you used:
 15260 strings out of 492970
 236767 string characters out of 3143822
 327615 words of memory out of 3000000
 18123 multiletter control sequences out of 15000+200000
 22517 words of font info for 85 fonts, out of 3000000 for 9000
 1141 hyphenation exceptions out of 8191
 42i,20n,40p,883b,540s stack positions out of 5000i,500n,10000p,200000b,50000s
<D:/Miktex/fonts/type1/public/amsfonts/cm/cmbx12.pfb><D:/Miktex/fonts/type1/p
ublic/amsfonts/cm/cmex10.pfb><D:/Miktex/fonts/type1/public/amsfonts/cm/cmmi12.p
fb><D:/Miktex/fonts/type1/public/amsfonts/cm/cmmi8.pfb><D:/Miktex/fonts/type1/p
ublic/amsfonts/cm/cmr10.pfb><D:/Miktex/fonts/type1/public/amsfonts/cm/cmr12.pfb
><D:/Miktex/fonts/type1/public/amsfonts/cm/cmr6.pfb><D:/Miktex/fonts/type1/publ
ic/amsfonts/cm/cmr7.pfb><D:/Miktex/fonts/type1/public/amsfonts/cm/cmr8.pfb><D:/
Miktex/fonts/type1/public/amsfonts/cm/cmsy10.pfb><D:/Miktex/fonts/type1/public/
amsfonts/cm/cmsy8.pfb><D:/Miktex/fonts/type1/public/amsfonts/cm/cmti12.pfb><D:/
Miktex/fonts/type1/public/amsfonts/cm/cmti8.pfb><D:/Miktex/fonts/type1/public/a
msfonts/cm/cmtt10.pfb><D:/Miktex/fonts/type1/public/amsfonts/cm/cmtt12.pfb><D:/
Miktex/fonts/type1/public/amsfonts/euler/eusm10.pfb><D:/Miktex/fonts/type1/publ
ic/amsfonts/symbols/msam10.pfb>
Output written on "[Build] Clean Chapter 7 with formatting.pdf" (82 pages, 8357
641 bytes).
PDF statistics:
 1843 PDF objects out of 2073 (max. 8388607)
 669 named destinations out of 1000 (max. 500000)
 701 words of extra memory for PDF output out of 10000 (max. 10000000)

