This is pdfTeX, Version 3.14159265-2.6-1.40.19 (MiKTeX 2.9.6745 64-bit) (preloaded format=pdflatex 2018.8.23)  9 DEC 2018 13:46
entering extended mode
**./[CHB]-08-Conclusion.tex
([CHB]-08-Conclusion.tex
LaTeX2e <2018-04-01> patch level 5
(fcup-thesis.cls
Document Class: fcup-thesis 2012/06/01 v2.0 graduate theses at the University o
f Porto
\@thesisfootnotesep=\skip41
\@thesismarginparpush=\skip42
("C:\Users\H172461\MiKTeX 2.9\tex\latex\base\report.cls"
Document Class: report 2014/09/29 v1.4h Standard LaTeX document class
("C:\Users\H172461\MiKTeX 2.9\tex\latex\base\size12.clo"
File: size12.clo 2014/09/29 v1.4h Standard LaTeX file (size option)
)
\c@part=\count80
\c@chapter=\count81
\c@section=\count82
\c@subsection=\count83
\c@subsubsection=\count84
\c@paragraph=\count85
\c@subparagraph=\count86
\c@figure=\count87
\c@table=\count88
\abovecaptionskip=\skip43
\belowcaptionskip=\skip44
\bibindent=\dimen102
)
("C:\Users\H172461\MiKTeX 2.9\tex\latex\tools\calc.sty"
Package: calc 2017/05/25 v4.3 Infix arithmetic (KKT,FJ)
\calc@Acount=\count89
\calc@Bcount=\count90
\calc@Adimen=\dimen103
\calc@Bdimen=\dimen104
\calc@Askip=\skip45
\calc@Bskip=\skip46
LaTeX Info: Redefining \setlength on input line 80.
LaTeX Info: Redefining \addtolength on input line 81.
\calc@Ccount=\count91
\calc@Cskip=\skip47
)
("C:\Users\H172461\MiKTeX 2.9\tex\latex\geometry\geometry.sty"
Package: geometry 2018/04/16 v5.8 Page Geometry

("C:\Users\H172461\MiKTeX 2.9\tex\latex\graphics\keyval.sty"
Package: keyval 2014/10/28 v1.15 key=value parser (DPC)
\KV@toks@=\toks14
)
("C:\Users\H172461\MiKTeX 2.9\tex\generic\oberdiek\ifpdf.sty"
Package: ifpdf 2017/03/15 v3.2 Provides the ifpdf switch
)
("C:\Users\H172461\MiKTeX 2.9\tex\generic\oberdiek\ifvtex.sty"
Package: ifvtex 2016/05/16 v1.6 Detect VTeX and its facilities (HO)
Package ifvtex Info: VTeX not detected.
)
("C:\Users\H172461\MiKTeX 2.9\tex\generic\ifxetex\ifxetex.sty"
Package: ifxetex 2010/09/12 v0.6 Provides ifxetex conditional
)
\Gm@cnth=\count92
\Gm@cntv=\count93
\c@Gm@tempcnt=\count94
\Gm@bindingoffset=\dimen105
\Gm@wd@mp=\dimen106
\Gm@odd@mp=\dimen107
\Gm@even@mp=\dimen108
\Gm@layoutwidth=\dimen109
\Gm@layoutheight=\dimen110
\Gm@layouthoffset=\dimen111
\Gm@layoutvoffset=\dimen112
\Gm@dimlist=\toks15

("C:\Users\H172461\MiKTeX 2.9\tex\latex\geometry\geometry.cfg"))
("C:\Users\H172461\MiKTeX 2.9\tex\latex\setspace\setspace.sty"
Package: setspace 2011/12/19 v6.7a set line spacing
))
("C:\Users\H172461\MiKTeX 2.9\tex\generic\babel\babel.sty"
Package: babel 2018/06/05 3.22 The Babel package

("C:\Users\H172461\MiKTeX 2.9\tex\generic\babel\switch.def"
File: switch.def 2018/06/05 3.22 Babel switching mechanism
)
*************************************
* Local config file bblopts.cfg used
*
("C:\Users\H172461\MiKTeX 2.9\tex\latex\arabi\bblopts.cfg"
File: bblopts.cfg 2005/09/08 v0.1 add Arabic and Farsi to "declared" options of
 babel
)
("C:\Users\H172461\MiKTeX 2.9\tex\latex\babel-english\english.ldf"
Language: english 2017/06/06 v3.3r English support from the babel system

("C:\Users\H172461\MiKTeX 2.9\tex\generic\babel\babel.def"
File: babel.def 2018/06/05 3.22 Babel common definitions
\babel@savecnt=\count95
\U@D=\dimen113

("C:\Users\H172461\MiKTeX 2.9\tex\generic\babel\txtbabel.def")
\bbl@dirlevel=\count96
)
\l@canadian = a dialect from \language\l@american 
\l@australian = a dialect from \language\l@british 
\l@newzealand = a dialect from \language\l@british 
))
("C:\Users\H172461\MiKTeX 2.9\tex\latex\lipsum\lipsum.sty"
("C:\Users\H172461\MiKTeX 2.9\tex\latex\l3kernel\expl3.sty"
Package: expl3 2018-11-19 L3 programming layer (loader) 

("C:\Users\H172461\MiKTeX 2.9\tex\latex\l3kernel\expl3-code.tex"
Package: expl3 2018-11-19 L3 programming layer (code)
\c_max_int=\count97
\l_tmpa_int=\count98
\l_tmpb_int=\count99
\g_tmpa_int=\count100
\g_tmpb_int=\count101
\g__kernel_prg_map_int=\count102
\c_log_iow=\count103
\l_iow_line_count_int=\count104
\l__iow_line_target_int=\count105
\l__iow_one_indent_int=\count106
\l__iow_indent_int=\count107
\c_zero_dim=\dimen114
\c_max_dim=\dimen115
\l_tmpa_dim=\dimen116
\l_tmpb_dim=\dimen117
\g_tmpa_dim=\dimen118
\g_tmpb_dim=\dimen119
\c_zero_skip=\skip48
\c_max_skip=\skip49
\l_tmpa_skip=\skip50
\l_tmpb_skip=\skip51
\g_tmpa_skip=\skip52
\g_tmpb_skip=\skip53
\c_zero_muskip=\muskip10
\c_max_muskip=\muskip11
\l_tmpa_muskip=\muskip12
\l_tmpb_muskip=\muskip13
\g_tmpa_muskip=\muskip14
\g_tmpb_muskip=\muskip15
\l_keys_choice_int=\count108
\l__intarray_loop_int=\count109
\c__intarray_sp_dim=\dimen120
\g__intarray_font_int=\count110
\c__fp_leading_shift_int=\count111
\c__fp_middle_shift_int=\count112
\c__fp_trailing_shift_int=\count113
\c__fp_big_leading_shift_int=\count114
\c__fp_big_middle_shift_int=\count115
\c__fp_big_trailing_shift_int=\count116
\c__fp_Bigg_leading_shift_int=\count117
\c__fp_Bigg_middle_shift_int=\count118
\c__fp_Bigg_trailing_shift_int=\count119
\c__kernel_randint_max_int=\count120
\g__fp_array_int=\count121
\l__fp_array_loop_int=\count122
\l__sort_length_int=\count123
\l__sort_min_int=\count124
\l__sort_top_int=\count125
\l__sort_max_int=\count126
\l__sort_true_max_int=\count127
\l__sort_block_int=\count128
\l__sort_begin_int=\count129
\l__sort_end_int=\count130
\l__sort_A_int=\count131
\l__sort_B_int=\count132
\l__sort_C_int=\count133
\l__tl_analysis_normal_int=\count134
\l__tl_analysis_index_int=\count135
\l__tl_analysis_nesting_int=\count136
\l__tl_analysis_type_int=\count137
\l__regex_internal_a_int=\count138
\l__regex_internal_b_int=\count139
\l__regex_internal_c_int=\count140
\l__regex_balance_int=\count141
\l__regex_group_level_int=\count142
\l__regex_mode_int=\count143
\c__regex_cs_in_class_mode_int=\count144
\c__regex_cs_mode_int=\count145
\l__regex_catcodes_int=\count146
\l__regex_default_catcodes_int=\count147
\c__regex_catcode_D_int=\count148
\c__regex_catcode_S_int=\count149
\c__regex_catcode_L_int=\count150
\c__regex_catcode_O_int=\count151
\c__regex_catcode_A_int=\count152
\c__regex_all_catcodes_int=\count153
\l__regex_show_lines_int=\count154
\l__regex_min_state_int=\count155
\l__regex_max_state_int=\count156
\l__regex_left_state_int=\count157
\l__regex_right_state_int=\count158
\l__regex_capturing_group_int=\count159
\l__regex_min_pos_int=\count160
\l__regex_max_pos_int=\count161
\l__regex_curr_pos_int=\count162
\l__regex_start_pos_int=\count163
\l__regex_success_pos_int=\count164
\l__regex_curr_char_int=\count165
\l__regex_curr_catcode_int=\count166
\l__regex_last_char_int=\count167
\l__regex_case_changed_char_int=\count168
\l__regex_curr_state_int=\count169
\l__regex_step_int=\count170
\l__regex_min_active_int=\count171
\l__regex_max_active_int=\count172
\l__regex_replacement_csnames_int=\count173
\l__regex_match_count_int=\count174
\l__regex_min_submatch_int=\count175
\l__regex_submatch_int=\count176
\l__regex_zeroth_submatch_int=\count177
\g__regex_trace_regex_int=\count178
\c_empty_box=\box26
\l_tmpa_box=\box27
\l_tmpb_box=\box28
\g_tmpa_box=\box29
\g_tmpb_box=\box30
\l__box_top_dim=\dimen121
\l__box_bottom_dim=\dimen122
\l__box_left_dim=\dimen123
\l__box_right_dim=\dimen124
\l__box_top_new_dim=\dimen125
\l__box_bottom_new_dim=\dimen126
\l__box_left_new_dim=\dimen127
\l__box_right_new_dim=\dimen128
\l__box_internal_box=\box31
\l__coffin_internal_box=\box32
\l__coffin_internal_dim=\dimen129
\l__coffin_offset_x_dim=\dimen130
\l__coffin_offset_y_dim=\dimen131
\l__coffin_x_dim=\dimen132
\l__coffin_y_dim=\dimen133
\l__coffin_x_prime_dim=\dimen134
\l__coffin_y_prime_dim=\dimen135
\c_empty_coffin=\box33
\l__coffin_aligned_coffin=\box34
\l__coffin_aligned_internal_coffin=\box35
\l_tmpa_coffin=\box36
\l_tmpb_coffin=\box37
\l__coffin_display_coffin=\box38
\l__coffin_display_coord_coffin=\box39
\l__coffin_display_pole_coffin=\box40
\l__coffin_display_offset_dim=\dimen136
\l__coffin_display_x_dim=\dimen137
\l__coffin_display_y_dim=\dimen138
\g__file_internal_ior=\read1
\l__coffin_bounding_shift_dim=\dimen139
\l__coffin_left_corner_dim=\dimen140
\l__coffin_right_corner_dim=\dimen141
\l__coffin_bottom_corner_dim=\dimen142
\l__coffin_top_corner_dim=\dimen143
\l__coffin_scaled_total_height_dim=\dimen144
\l__coffin_scaled_width_dim=\dimen145
\l__seq_internal_a_int=\count179
\l__seq_internal_b_int=\count180
)
("C:\Users\H172461\MiKTeX 2.9\tex\latex\l3kernel\l3pdfmode.def"
File: l3pdfmode.def 2018-11-19 v L3 Experimental driver: PDF mode
\l__driver_color_stack_int=\count181
))
("C:\Users\H172461\MiKTeX 2.9\tex\latex\l3packages\xparse\xparse.sty"
Package: xparse 2018-10-17 L3 Experimental document command parser
\l__xparse_current_arg_int=\count182
\g__xparse_grabber_int=\count183
\l__xparse_m_args_int=\count184
\l__xparse_mandatory_args_int=\count185
\l__xparse_v_nesting_int=\count186
)
Package: lipsum 2018/11/24 v2.1a 150 paragraphs of Lorem Ipsum dummy text
)
("C:\Users\H172461\MiKTeX 2.9\tex\latex\base\inputenc.sty"
Package: inputenc 2018/04/06 v1.3b Input encoding file
\inpenc@prehook=\toks16
\inpenc@posthook=\toks17
)
("C:\Users\H172461\MiKTeX 2.9\tex\latex\tools\array.sty"
Package: array 2018/04/30 v2.4h Tabular extension package (FMi)
\col@sep=\dimen146
\ar@mcellbox=\box41
\extrarowheight=\dimen147
\NC@list=\toks18
\extratabsurround=\skip54
\backup@length=\skip55
\ar@cellbox=\box42
)
("C:\Users\H172461\MiKTeX 2.9\tex\latex\amsmath\amsmath.sty"
Package: amsmath 2017/09/02 v2.17a AMS math features
\@mathmargin=\skip56

For additional information on amsmath, use the `?' option.
("C:\Users\H172461\MiKTeX 2.9\tex\latex\amsmath\amstext.sty"
Package: amstext 2000/06/29 v2.01 AMS text

("C:\Users\H172461\MiKTeX 2.9\tex\latex\amsmath\amsgen.sty"
File: amsgen.sty 1999/11/30 v2.0 generic functions
\@emptytoks=\toks19
\ex@=\dimen148
))
("C:\Users\H172461\MiKTeX 2.9\tex\latex\amsmath\amsbsy.sty"
Package: amsbsy 1999/11/29 v1.2d Bold Symbols
\pmbraise@=\dimen149
)
("C:\Users\H172461\MiKTeX 2.9\tex\latex\amsmath\amsopn.sty"
Package: amsopn 2016/03/08 v2.02 operator names
)
\inf@bad=\count187
LaTeX Info: Redefining \frac on input line 213.
\uproot@=\count188
\leftroot@=\count189
LaTeX Info: Redefining \overline on input line 375.
\classnum@=\count190
\DOTSCASE@=\count191
LaTeX Info: Redefining \ldots on input line 472.
LaTeX Info: Redefining \dots on input line 475.
LaTeX Info: Redefining \cdots on input line 596.
\Mathstrutbox@=\box43
\strutbox@=\box44
\big@size=\dimen150
LaTeX Font Info:    Redeclaring font encoding OML on input line 712.
LaTeX Font Info:    Redeclaring font encoding OMS on input line 713.
\macc@depth=\count192
\c@MaxMatrixCols=\count193
\dotsspace@=\muskip16
\c@parentequation=\count194
\dspbrk@lvl=\count195
\tag@help=\toks20
\row@=\count196
\column@=\count197
\maxfields@=\count198
\andhelp@=\toks21
\eqnshift@=\dimen151
\alignsep@=\dimen152
\tagshift@=\dimen153
\tagwidth@=\dimen154
\totwidth@=\dimen155
\lineht@=\dimen156
\@envbody=\toks22
\multlinegap=\skip57
\multlinetaggap=\skip58
\mathdisplay@stack=\toks23
LaTeX Info: Redefining \[ on input line 2817.
LaTeX Info: Redefining \] on input line 2818.
)
("C:\Users\H172461\MiKTeX 2.9\tex\latex\amsfonts\amssymb.sty"
Package: amssymb 2013/01/14 v3.01 AMS font symbols

("C:\Users\H172461\MiKTeX 2.9\tex\latex\amsfonts\amsfonts.sty"
Package: amsfonts 2013/01/14 v3.01 Basic AMSFonts support
\symAMSa=\mathgroup4
\symAMSb=\mathgroup5
LaTeX Font Info:    Overwriting math alphabet `\mathfrak' in version `bold'
(Font)                  U/euf/m/n --> U/euf/b/n on input line 106.
))
("C:\Users\H172461\MiKTeX 2.9\tex\latex\amscls\amsthm.sty"
Package: amsthm 2017/10/31 v2.20.4
\thm@style=\toks24
\thm@bodyfont=\toks25
\thm@headfont=\toks26
\thm@notefont=\toks27
\thm@headpunct=\toks28
\thm@preskip=\skip59
\thm@postskip=\skip60
\thm@headsep=\skip61
\dth@everypar=\toks29
)
("C:\Users\H172461\MiKTeX 2.9\tex\latex\algorithm2e\algorithm2e.sty"
Package: algorithm2e 2017/07/18 v5.2 algorithms environments
\c@AlgoLine=\count199

("C:\Users\H172461\MiKTeX 2.9\tex\latex\base\ifthen.sty"
Package: ifthen 2014/09/29 v1.1c Standard LaTeX ifthen package (DPC)
)
\algocf@hangindent=\skip62

("C:\Users\H172461\MiKTeX 2.9\tex\latex\ifoddpage\ifoddpage.sty"
Package: ifoddpage 2016/04/23 v1.1 Conditionals for odd/even page detection
\c@checkoddpage=\count266
)
("C:\Users\H172461\MiKTeX 2.9\tex\latex\tools\xspace.sty"
Package: xspace 2014/10/28 v1.13 Space after command names (DPC,MH)
)
("C:\Users\H172461\MiKTeX 2.9\tex\latex\relsize\relsize.sty"
Package: relsize 2013/03/29 ver 4.1
)
\skiptotal=\skip63
\skiplinenumber=\skip64
\skiprule=\skip65
\skiphlne=\skip66
\skiptext=\skip67
\skiplength=\skip68
\algomargin=\skip69
\skipalgocfslide=\skip70
\algowidth=\dimen157
\inoutsize=\dimen158
\inoutindent=\dimen159
\interspacetitleruled=\dimen160
\interspacealgoruled=\dimen161
\interspacetitleboxruled=\dimen162
\algocf@ruledwidth=\skip71
\algocf@inoutbox=\box45
\algocf@inputbox=\box46
\AlCapSkip=\skip72
\AlCapHSkip=\skip73
\algoskipindent=\skip74
\algocf@nlbox=\box47
\algocf@hangingbox=\box48
\algocf@untilbox=\box49
\algocf@skipuntil=\skip75
\algocf@capbox=\box50
\algocf@lcaptionbox=\skip76
\algoheightruledefault=\skip77
\algoheightrule=\skip78
\algotitleheightruledefault=\skip79
\algotitleheightrule=\skip80
\c@algocfline=\count267
\c@algocfproc=\count268
\c@algocf=\count269
\algocf@algoframe=\box51
\algocf@algobox=\box52
)
("C:\Users\H172461\MiKTeX 2.9\tex\latex\algorithms\algorithmic.sty"
Package: algorithmic 2009/08/24 v0.1 Document Style `algorithmic'
\c@ALC@unique=\count270
\c@ALC@line=\count271
\c@ALC@rem=\count272
\c@ALC@depth=\count273
\ALC@tlm=\skip81
\algorithmicindent=\skip82
)
("C:\Users\H172461\MiKTeX 2.9\tex\latex\tools\bm.sty"
Package: bm 2017/01/16 v1.2c Bold Symbol Support (DPC/FMi)
\symboldoperators=\mathgroup6
\symboldletters=\mathgroup7
\symboldsymbols=\mathgroup8
LaTeX Font Info:    Redeclaring math alphabet \mathbf on input line 141.
LaTeX Info: Redefining \bm on input line 207.
)
("C:\Users\H172461\MiKTeX 2.9\tex\latex\amsfonts\euscript.sty"
Package: euscript 2009/06/22 v3.00 Euler Script fonts
LaTeX Font Info:    Overwriting math alphabet `\EuScript' in version `bold'
(Font)                  U/eus/m/n --> U/eus/b/n on input line 33.
)
("C:\Users\H172461\MiKTeX 2.9\tex\latex\graphics\graphicx.sty"
Package: graphicx 2017/06/01 v1.1a Enhanced LaTeX Graphics (DPC,SPQR)

("C:\Users\H172461\MiKTeX 2.9\tex\latex\graphics\graphics.sty"
Package: graphics 2017/06/25 v1.2c Standard LaTeX Graphics (DPC,SPQR)

("C:\Users\H172461\MiKTeX 2.9\tex\latex\graphics\trig.sty"
Package: trig 2016/01/03 v1.10 sin cos tan (DPC)
)
("C:\Users\H172461\MiKTeX 2.9\tex\latex\graphics-cfg\graphics.cfg"
File: graphics.cfg 2016/06/04 v1.11 sample graphics configuration
)
Package graphics Info: Driver file: pdftex.def on input line 99.

("C:\Users\H172461\MiKTeX 2.9\tex\latex\graphics-def\pdftex.def"
File: pdftex.def 2018/01/08 v1.0l Graphics/color driver for pdftex
))
\Gin@req@height=\dimen163
\Gin@req@width=\dimen164
)
("C:\Users\H172461\MiKTeX 2.9\tex\latex\psfrag\psfrag.sty"
Package: psfrag 1998/04/11 v3.04 PSfrag (MCG)
\pfg@pcount=\count274
\pfg@scount=\count275
\pfg@temp=\write3
)
("C:\Users\H172461\MiKTeX 2.9\tex\latex\fancyvrb\fancyvrb.sty"
Package: fancyvrb 2008/02/07

Style option: `fancyvrb' v2.7a, with DG/SPQR fixes, and firstline=lastline fix 
<2008/02/07> (tvz)
\FV@CodeLineNo=\count276
\FV@InFile=\read2
\FV@TabBox=\box53
\c@FancyVerbLine=\count277
\FV@StepNumber=\count278
\FV@OutFile=\write4
) ("C:\Users\H172461\MiKTeX 2.9\tex\latex\float\float.sty"
Package: float 2001/11/08 v1.3d Float enhancements (AL)
\c@float@type=\count279
\float@exts=\toks30
\float@box=\box54
\@float@everytoks=\toks31
\@floatcapt=\box55
)
("C:\Users\H172461\MiKTeX 2.9\tex\latex\ltablex\ltablex.sty"
Package: ltablex 2014/08/13 v1.1 Modified tabularx

("C:\Users\H172461\MiKTeX 2.9\tex\latex\tools\longtable.sty"
Package: longtable 2014/10/28 v4.11 Multi-page Table package (DPC)
\LTleft=\skip83
\LTright=\skip84
\LTpre=\skip85
\LTpost=\skip86
\LTchunksize=\count280
\LTcapwidth=\dimen165
\LT@head=\box56
\LT@firsthead=\box57
\LT@foot=\box58
\LT@lastfoot=\box59
\LT@cols=\count281
\LT@rows=\count282
\c@LT@tables=\count283
\c@LT@chunks=\count284
\LT@p@ftn=\toks32
)
("C:\Users\H172461\MiKTeX 2.9\tex\latex\tools\tabularx.sty"
Package: tabularx 2016/02/03 v2.11b `tabularx' package (DPC)
\TX@col@width=\dimen166
\TX@old@table=\dimen167
\TX@old@col=\dimen168
\TX@target=\dimen169
\TX@delta=\dimen170
\TX@cols=\count285
\TX@ftn=\toks33
))
("C:\Users\H172461\MiKTeX 2.9\tex\latex\natbib\natbib.sty"
Package: natbib 2010/09/13 8.31b (PWD, AO)
\bibhang=\skip87
\bibsep=\skip88
LaTeX Info: Redefining \cite on input line 694.
\c@NAT@ctr=\count286
)
("C:\Users\H172461\MiKTeX 2.9\tex\latex\bbding\bbding.sty"
Package: bbding 1999/04/15 v1.01 Dingbats symbols
)
("C:\Users\H172461\MiKTeX 2.9\tex\latex\tools\dcolumn.sty"
Package: dcolumn 2014/10/28 v1.06 decimal alignment package (DPC)
)
("C:\Users\H172461\MiKTeX 2.9\tex\latex\booktabs\booktabs.sty"
Package: booktabs 2005/04/14 v1.61803 publication quality tables
\heavyrulewidth=\dimen171
\lightrulewidth=\dimen172
\cmidrulewidth=\dimen173
\belowrulesep=\dimen174
\belowbottomsep=\dimen175
\aboverulesep=\dimen176
\abovetopsep=\dimen177
\cmidrulesep=\dimen178
\cmidrulekern=\dimen179
\defaultaddspace=\dimen180
\@cmidla=\count287
\@cmidlb=\count288
\@aboverulesep=\dimen181
\@belowrulesep=\dimen182
\@thisruleclass=\count289
\@lastruleclass=\count290
\@thisrulewidth=\dimen183
)
("C:\Users\H172461\MiKTeX 2.9\tex\latex\multirow\multirow.sty"
Package: multirow 2018/08/03 v2.3 Span multiple rows of a table
\multirow@colwidth=\skip89
\multirow@cntb=\count291
\multirow@dima=\skip90
\bigstrutjot=\dimen184
)
("C:\Users\H172461\MiKTeX 2.9\tex\latex\paralist\paralist.sty"
Package: paralist 2017/01/22 v2.7 Extended list environments
\pltopsep=\skip91
\plpartopsep=\skip92
\plitemsep=\skip93
\plparsep=\skip94
\pl@lab=\toks34
)
("C:\Users\H172461\MiKTeX 2.9\tex\latex\oberdiek\ifdraft.sty"
Package: ifdraft 2016/05/16 v1.4 Detect class options draft and final (HO)
)
("C:\Users\H172461\MiKTeX 2.9\tex\latex\tools\indentfirst.sty"
Package: indentfirst 1995/11/23 v1.03 Indent first paragraph (DPC)
)
("C:\Users\H172461\MiKTeX 2.9\tex\latex\tocbibind\tocbibind.sty"
Package: tocbibind 2010/10/13 v1.5k extra ToC listings
Package tocbibind Info: The document has chapter divisions on input line 50.


Package tocbibind Note: Using chapter style headings, unless overridden.

) ("C:\Users\H172461\MiKTeX 2.9\tex\latex\url\url.sty"
\Urlmuskip=\muskip17
Package: url 2013/09/16  ver 3.4  Verb mode for urls, etc.
)
("C:\Users\H172461\MiKTeX 2.9\tex\latex\caption\subcaption.sty"
Package: subcaption 2018/05/01 v1.1-162 Sub-captions (AR)

("C:\Users\H172461\MiKTeX 2.9\tex\latex\caption\caption.sty"
Package: caption 2018/05/01 v3.3-147 Customizing captions (AR)

("C:\Users\H172461\MiKTeX 2.9\tex\latex\caption\caption3.sty"
Package: caption3 2018/05/27 v1.8a caption3 kernel (AR)
Package caption3 Info: TeX engine: e-TeX on input line 64.
\captionmargin=\dimen185
\captionmargin@=\dimen186
\captionwidth=\dimen187
\caption@tempdima=\dimen188
\caption@indent=\dimen189
\caption@parindent=\dimen190
\caption@hangindent=\dimen191
)
\c@ContinuedFloat=\count292
Package caption Info: float package is loaded.
Package caption Info: longtable package is loaded.

("C:\Users\H172461\MiKTeX 2.9\tex\latex\caption\ltcaption.sty"
Package: ltcaption 2013/06/09 v1.4-94 longtable captions (AR)
))
\c@subfigure=\count293
\c@subtable=\count294
)
("C:\Users\H172461\MiKTeX 2.9\tex\latex\hyperref\hyperref.sty"
Package: hyperref 2018/02/06 v6.86b Hypertext links for LaTeX

("C:\Users\H172461\MiKTeX 2.9\tex\generic\oberdiek\hobsub-hyperref.sty"
Package: hobsub-hyperref 2016/05/16 v1.14 Bundle oberdiek, subset hyperref (HO)


("C:\Users\H172461\MiKTeX 2.9\tex\generic\oberdiek\hobsub-generic.sty"
Package: hobsub-generic 2016/05/16 v1.14 Bundle oberdiek, subset generic (HO)
Package: hobsub 2016/05/16 v1.14 Construct package bundles (HO)
Package: infwarerr 2016/05/16 v1.4 Providing info/warning/error messages (HO)
Package: ltxcmds 2016/05/16 v1.23 LaTeX kernel commands for general use (HO)
Package: ifluatex 2016/05/16 v1.4 Provides the ifluatex switch (HO)
Package ifluatex Info: LuaTeX not detected.
Package hobsub Info: Skipping package `ifvtex' (already loaded).
Package: intcalc 2016/05/16 v1.2 Expandable calculations with integers (HO)
Package hobsub Info: Skipping package `ifpdf' (already loaded).
Package: etexcmds 2016/05/16 v1.6 Avoid name clashes with e-TeX commands (HO)
Package etexcmds Info: Could not find \expanded.
(etexcmds)             That can mean that you are not using pdfTeX 1.50 or
(etexcmds)             that some package has redefined \expanded.
(etexcmds)             In the latter case, load this package earlier.
Package: kvsetkeys 2016/05/16 v1.17 Key value parser (HO)
Package: kvdefinekeys 2016/05/16 v1.4 Define keys (HO)
Package: pdftexcmds 2018/01/30 v0.27 Utility functions of pdfTeX for LuaTeX (HO
)
Package pdftexcmds Info: LuaTeX not detected.
Package pdftexcmds Info: \pdf@primitive is available.
Package pdftexcmds Info: \pdf@ifprimitive is available.
Package pdftexcmds Info: \pdfdraftmode found.
Package: pdfescape 2016/05/16 v1.14 Implements pdfTeX's escape features (HO)
Package: bigintcalc 2016/05/16 v1.4 Expandable calculations on big integers (HO
)
Package: bitset 2016/05/16 v1.2 Handle bit-vector datatype (HO)
Package: uniquecounter 2016/05/16 v1.3 Provide unlimited unique counter (HO)
)
Package hobsub Info: Skipping package `hobsub' (already loaded).
Package: letltxmacro 2016/05/16 v1.5 Let assignment for LaTeX macros (HO)
Package: hopatch 2016/05/16 v1.3 Wrapper for package hooks (HO)
Package: xcolor-patch 2016/05/16 xcolor patch
Package: atveryend 2016/05/16 v1.9 Hooks at the very end of document (HO)
Package atveryend Info: \enddocument detected (standard20110627).
Package: atbegshi 2016/06/09 v1.18 At begin shipout hook (HO)
Package: refcount 2016/05/16 v3.5 Data extraction from label references (HO)
Package: hycolor 2016/05/16 v1.8 Color options for hyperref/bookmark (HO)
)
("C:\Users\H172461\MiKTeX 2.9\tex\latex\oberdiek\auxhook.sty"
Package: auxhook 2016/05/16 v1.4 Hooks for auxiliary files (HO)
)
("C:\Users\H172461\MiKTeX 2.9\tex\latex\oberdiek\kvoptions.sty"
Package: kvoptions 2016/05/16 v3.12 Key value format for package options (HO)
)
\@linkdim=\dimen192
\Hy@linkcounter=\count295
\Hy@pagecounter=\count296

("C:\Users\H172461\MiKTeX 2.9\tex\latex\hyperref\pd1enc.def"
File: pd1enc.def 2018/02/06 v6.86b Hyperref: PDFDocEncoding definition (HO)
Now handling font encoding PD1 ...
... no UTF-8 mapping file for font encoding PD1
)
\Hy@SavedSpaceFactor=\count297

("C:\Users\H172461\MiKTeX 2.9\tex\latex\00miktex\hyperref.cfg"
File: hyperref.cfg 2002/06/06 v1.2 hyperref configuration of TeXLive
)
Package hyperref Info: Option `unicode' set `true' on input line 4383.

("C:\Users\H172461\MiKTeX 2.9\tex\latex\hyperref\puenc.def"
File: puenc.def 2018/02/06 v6.86b Hyperref: PDF Unicode definition (HO)
Now handling font encoding PU ...
... no UTF-8 mapping file for font encoding PU
)
Package hyperref Info: Hyper figures OFF on input line 4509.
Package hyperref Info: Link nesting OFF on input line 4514.
Package hyperref Info: Hyper index ON on input line 4517.
Package hyperref Info: Plain pages OFF on input line 4524.
Package hyperref Info: Backreferencing OFF on input line 4529.
Package hyperref Info: Implicit mode ON; LaTeX internals redefined.
Package hyperref Info: Bookmarks ON on input line 4762.
\c@Hy@tempcnt=\count298
LaTeX Info: Redefining \url on input line 5115.
\XeTeXLinkMargin=\dimen193
\Fld@menulength=\count299
\Field@Width=\dimen194
\Fld@charsize=\dimen195
Package hyperref Info: Hyper figures OFF on input line 6369.
Package hyperref Info: Link nesting OFF on input line 6374.
Package hyperref Info: Hyper index ON on input line 6377.
Package hyperref Info: backreferencing OFF on input line 6384.
Package hyperref Info: Link coloring OFF on input line 6389.
Package hyperref Info: Link coloring with OCG OFF on input line 6394.
Package hyperref Info: PDF/A mode OFF on input line 6399.
LaTeX Info: Redefining \ref on input line 6439.
LaTeX Info: Redefining \pageref on input line 6443.
\Hy@abspage=\count300
\c@Item=\count301
\c@Hfootnote=\count302
)
Package hyperref Info: Driver (autodetected): hpdftex.

("C:\Users\H172461\MiKTeX 2.9\tex\latex\hyperref\hpdftex.def"
File: hpdftex.def 2018/02/06 v6.86b Hyperref driver for pdfTeX
\Fld@listcount=\count303
\c@bookmark@seq@number=\count304

("C:\Users\H172461\MiKTeX 2.9\tex\latex\oberdiek\rerunfilecheck.sty"
Package: rerunfilecheck 2016/05/16 v1.8 Rerun checks for auxiliary files (HO)
Package uniquecounter Info: New unique counter `rerunfilecheck' on input line 2
82.
)
\Hy@SectionHShift=\skip95
)
("C:\Users\H172461\MiKTeX 2.9\tex\latex\xcolor\xcolor.sty"
Package: xcolor 2016/05/11 v2.12 LaTeX color extensions (UK)

("C:\Users\H172461\MiKTeX 2.9\tex\latex\graphics-cfg\color.cfg"
File: color.cfg 2016/01/02 v1.6 sample color configuration
)
Package xcolor Info: Driver file: pdftex.def on input line 225.
Package xcolor Info: Model `cmy' substituted by `cmy0' on input line 1348.
Package xcolor Info: Model `hsb' substituted by `rgb' on input line 1352.
Package xcolor Info: Model `RGB' extended on input line 1364.
Package xcolor Info: Model `HTML' substituted by `rgb' on input line 1366.
Package xcolor Info: Model `Hsb' substituted by `hsb' on input line 1367.
Package xcolor Info: Model `tHsb' substituted by `hsb' on input line 1368.
Package xcolor Info: Model `HSB' substituted by `hsb' on input line 1369.
Package xcolor Info: Model `Gray' substituted by `gray' on input line 1370.
Package xcolor Info: Model `wave' substituted by `hsb' on input line 1371.
)
Package hyperref Info: Option `colorlinks' set `false' on input line 129.
Package hyperref Info: Option `pdfnewwindow' set `true' on input line 129.
Package hyperref Info: Option `breaklinks' set `true' on input line 129.
\c@theorem=\count305
\c@definition=\count306
\c@problem=\count307
\c@example=\count308
\c@assumption=\count309


LaTeX Warning: Unused global option(s):
    [a4].

([CHB]-08-Conclusion.aux)
\openout1 = `[CHB]-08-Conclusion.aux'.

LaTeX Font Info:    Checking defaults for OML/cmm/m/it on input line 249.
LaTeX Font Info:    ... okay on input line 249.
LaTeX Font Info:    Checking defaults for T1/cmr/m/n on input line 249.
LaTeX Font Info:    ... okay on input line 249.
LaTeX Font Info:    Checking defaults for OT1/cmr/m/n on input line 249.
LaTeX Font Info:    ... okay on input line 249.
LaTeX Font Info:    Checking defaults for OMS/cmsy/m/n on input line 249.
LaTeX Font Info:    ... okay on input line 249.
LaTeX Font Info:    Checking defaults for OMX/cmex/m/n on input line 249.
LaTeX Font Info:    ... okay on input line 249.
LaTeX Font Info:    Checking defaults for U/cmr/m/n on input line 249.
LaTeX Font Info:    ... okay on input line 249.
LaTeX Font Info:    Checking defaults for PD1/pdf/m/n on input line 249.
LaTeX Font Info:    ... okay on input line 249.
LaTeX Font Info:    Checking defaults for PU/pdf/m/n on input line 249.
LaTeX Font Info:    ... okay on input line 249.

*geometry* driver: auto-detecting
*geometry* detected driver: pdftex
*geometry* verbose mode - [ preamble ] result:
* driver: pdftex
* paper: <default>
* layout: <same size as paper>
* layoutoffset:(h,v)=(0.0pt,0.0pt)
* modes: twoside 
* h-part:(L,W,R)=(90.3375pt, 469.755pt, 54.2025pt)
* v-part:(T,H,B)=(54.2025pt, 686.56499pt, 54.2025pt)
* \paperwidth=614.295pt
* \paperheight=794.96999pt
* \textwidth=469.755pt
* \textheight=686.56499pt
* \oddsidemargin=18.0675pt
* \evensidemargin=-18.06749pt
* \topmargin=-45.16873pt
* \headheight=12.0pt
* \headsep=15.10124pt
* \topskip=12.0pt
* \footskip=27.10124pt
* \marginparwidth=36.135pt
* \marginparsep=9.03374pt
* \columnsep=10.0pt
* \skip\footins=10.8pt plus 4.0pt minus 2.0pt
* \hoffset=0.0pt
* \voffset=0.0pt
* \mag=1000
* \@twocolumnfalse
* \@twosidetrue
* \@mparswitchtrue
* \@reversemarginfalse
* (1in=72.27pt=25.4mm, 1cm=28.453pt)

("C:\Users\H172461\MiKTeX 2.9\tex\context\base\supp-pdf.mkii"
[Loading MPS to PDF converter (version 2006.09.02).]
\scratchcounter=\count310
\scratchdimen=\dimen196
\scratchbox=\box60
\nofMPsegments=\count311
\nofMParguments=\count312
\everyMPshowfont=\toks35
\MPscratchCnt=\count313
\MPscratchDim=\dimen197
\MPnumerator=\count314
\makeMPintoPDFobject=\count315
\everyMPtoPDFconversion=\toks36
) ("C:\Users\H172461\MiKTeX 2.9\tex\latex\oberdiek\epstopdf-base.sty"
Package: epstopdf-base 2016/05/15 v2.6 Base part for package epstopdf

("C:\Users\H172461\MiKTeX 2.9\tex\latex\oberdiek\grfext.sty"
Package: grfext 2016/05/16 v1.2 Manage graphics extensions (HO)
)
Package epstopdf-base Info: Redefining graphics rule for `.eps' on input line 4
38.
Package grfext Info: Graphics extension search list:
(grfext)             [.pdf,.png,.jpg,.mps,.jpeg,.jbig2,.jb2,.PDF,.PNG,.JPG,.JPE
G,.JBIG2,.JB2,.eps]
(grfext)             \AppendGraphicsExtensions on input line 456.
)
Package caption Info: Begin \AtBeginDocument code.
Package caption Info: hyperref package is loaded.
Package caption Info: End \AtBeginDocument code.
\AtBeginShipoutBox=\box61
Package hyperref Info: Link coloring OFF on input line 249.

("C:\Users\H172461\MiKTeX 2.9\tex\latex\hyperref\nameref.sty"
Package: nameref 2016/05/21 v2.44 Cross-referencing by name of section

("C:\Users\H172461\MiKTeX 2.9\tex\generic\oberdiek\gettitlestring.sty"
Package: gettitlestring 2016/05/16 v1.5 Cleanup title references (HO)
)
\c@section@level=\count316
)
LaTeX Info: Redefining \ref on input line 249.
LaTeX Info: Redefining \pageref on input line 249.
LaTeX Info: Redefining \nameref on input line 249.

([CHB]-08-Conclusion.out) ([CHB]-08-Conclusion.out)
\@outlinefile=\write5
\openout5 = `[CHB]-08-Conclusion.out'.

 (08C01-Conclusion.tex
Chapter 8.
) (08C02-Summary.tex

LaTeX Warning: Reference `ch:approach' on page 1 undefined on input line 5.


LaTeX Warning: Reference `fig:AvoidanceLevels' on page 1 undefined on input lin
e 5.


LaTeX Warning: Reference `ass:reachableWaypoints' on page 1 undefined on input 
line 11.


LaTeX Warning: Reference `tab:uncontrolledAirspaceViolations' on page 1 undefin
ed on input line 14.


LaTeX Warning: Reference `s:testBuildingAvoidance' on page 1 undefined on input
 line 17.


LaTeX Warning: Reference `s:testSlalom' on page 1 undefined on input line 18.


LaTeX Warning: Reference `s:testMaze' on page 1 undefined on input line 19.


LaTeX Warning: Reference `fig:missionControlRunActivityDiagram' on page 1 undef
ined on input line 19.

[1
Non-PDF special ignored!
<special> header=psfrag.pro



{C:/Users/H172461/AppData/Local/MiKTeX/2.9/pdftex/config/pdftex.map}]

LaTeX Warning: Reference `s:testStorm' on page 2 undefined on input line 20.


LaTeX Warning: Reference `s:testEmergencyConverging' on page 2 undefined on inp
ut line 21.


LaTeX Warning: Reference `s:testEmergencyHeadOn' on page 2 undefined on input l
ine 22.


LaTeX Warning: Reference `s:testEmergencyMixed' on page 2 undefined on input li
ne 23.


LaTeX Warning: Reference `tab:controlledAirspaceViolations' on page 2 undefined
 on input line 26.


LaTeX Warning: Reference `s:testRuleConverging' on page 2 undefined on input li
ne 29.


LaTeX Warning: Reference `s:testRuleHeadOn' on page 2 undefined on input line 3
1.


LaTeX Warning: Reference `s:testRuleMixed' on page 2 undefined on input line 33
.


LaTeX Warning: Reference `s:testRuleOvertake' on page 2 undefined on input line
 35.


LaTeX Warning: Reference `fig:AvoidanceFrameworkConceptNew' on page 2 undefined
 on input line 40.


LaTeX Warning: Reference `s:sensorFusion' on page 2 undefined on input line 40.


LaTeX Font Info:    Try loading font information for U+msa on input line 43.
("C:\Users\H172461\MiKTeX 2.9\tex\latex\amsfonts\umsa.fd"
File: umsa.fd 2013/01/14 v3.01 AMS symbols A
)
LaTeX Font Info:    Try loading font information for U+msb on input line 43.

("C:\Users\H172461\MiKTeX 2.9\tex\latex\amsfonts\umsb.fd"
File: umsb.fd 2013/01/14 v3.01 AMS symbols B
)

LaTeX Warning: Reference `s:aviudabceGridRun' on page 2 undefined on input line
 43.


LaTeX Warning: Reference `s:missionControlRun' on page 2 undefined on input lin
e 45.

[2]

LaTeX Warning: Reference `fig:missionControlRunActivityDiagram' on page 3 undef
ined on input line 48.


LaTeX Warning: Reference `s:detectedObstacles' on page 3 undefined on input lin
e 50.


LaTeX Warning: Reference `s:intruders' on page 3 undefined on input line 52.


LaTeX Warning: Reference `s:virtualConstraints' on page 3 undefined on input li
ne 54.


LaTeX Warning: Reference `s:MovingVirtualConstraints' on page 3 undefined on in
put line 54.


LaTeX Warning: Reference `s:virtualConstraints' on page 3 undefined on input li
ne 56.


LaTeX Warning: Reference `s:MovingVirtualConstraints' on page 3 undefined on in
put line 56.


LaTeX Warning: Reference `s:reachSet' on page 3 undefined on input line 65.


LaTeX Warning: Reference `s:constrainedTrajectoryExpansion' on page 3 undefined
 on input line 65.


LaTeX Warning: Reference `s:ReachSetPerformanceCriteria' on page 3 undefined on
 input line 65.


LaTeX Warning: Reference `sec:reducedReachSetPerformance' on page 3 undefined o
n input line 67.


LaTeX Warning: Reference `s:chaoticReachSet' on page 3 undefined on input line 
70.


LaTeX Warning: Reference `s:harmonicReachSet' on page 3 undefined on input line
 72.


LaTeX Warning: Reference `s:combinedReachSet' on page 3 undefined on input line
 74.


LaTeX Warning: Reference `s:acasReachSet' on page 3 undefined on input line 76.


) (08C03-Comparison-Other-Methods.tex

LaTeX Warning: Reference `s:testPlan' on page 3 undefined on input line 2.


LaTeX Warning: Reference `s:ComputaitonFootprint' on page 3 undefined on input 
line 2.

[3]

LaTeX Warning: Reference `s:testBuildingAvoidance' on page 4 undefined on input
 line 7.


LaTeX Warning: Reference `sec:testingConfiguration' on page 4 undefined on inpu
t line 7.


LaTeX Warning: Reference `fig:combinedReachSetApproximation' on page 4 undefine
d on input line 7.

LaTeX Font Info:    Try loading font information for U+eus on input line 7.
("C:\Users\H172461\MiKTeX 2.9\tex\latex\amsfonts\ueus.fd"
File: ueus.fd 2013/01/14 v3.01 Euler Script
) [4]
<./Pics/C001TestingScenario.png, id=124, 519.3804pt x 292.9344pt>
File: ./Pics/C001TestingScenario.png Graphic file (type png)
<use ./Pics/C001TestingScenario.png>
Package pdftex.def Info: ./Pics/C001TestingScenario.png  used on input line 52.

(pdftex.def)             Requested size: 328.82706pt x 185.46149pt.


LaTeX Warning: Reference `sec:testingConfiguration' on page 5 undefined on inpu
t line 63.

[5 <./Pics/C001TestingScenario.png>]

LaTeX Warning: Reference `sec:testingConfiguration' on page 6 undefined on inpu
t line 71.

<./Pics/C002CrashDistanceEvolution.png, id=145, 1534.23187pt x 1227.08438pt>
File: ./Pics/C002CrashDistanceEvolution.png Graphic file (type png)
<use ./Pics/C002CrashDistanceEvolution.png>
Package pdftex.def Info: ./Pics/C002CrashDistanceEvolution.png  used on input l
ine 89.
(pdftex.def)             Requested size: 328.82706pt x 262.99416pt.

LaTeX Warning: Reference `tab:testCasesPerformacneEvaluation' on page 6 undefin
ed on input line 94.

[6 <./Pics/C002CrashDistanceEvolution.png>]

LaTeX Warning: Reference `s:safetyMarginCalculation' on page 7 undefined on inp
ut line 116.


LaTeX Warning: Reference `s:intruders' on page 7 undefined on input line 118.


LaTeX Warning: Reference `s:bodyvolumeIntersection' on page 7 undefined on inpu
t line 120.


LaTeX Warning: Reference `s:uncertaintyIntersection' on page 7 undefined on inp
ut line 130.

[7]

LaTeX Warning: Reference `s:virtualConstraints' on page 8 undefined on input li
ne 141.


LaTeX Warning: Reference `s:MovingVirtualConstraints' on page 8 undefined on in
put line 141.

) (08C04-Approach-Reusability.tex

LaTeX Warning: Reference `sec:UASTrafficManagement' on page 8 undefined on inpu
t line 4.


LaTeX Warning: Reference `fig:UTMArchitectureOverview' on page 8 undefined on i
nput line 6.


LaTeX Warning: Reference `fig:DAMExample' on page 8 undefined on input line 6.


LaTeX Warning: Reference `fig:CooperativeConflictResolutionUTM' on page 8 undef
ined on input line 8.


LaTeX Warning: Reference `sec:handlingHeadOnApproach' on page 8 undefined on in
put line 10.


LaTeX Warning: Reference `sec:handlingConvergingManuever' on page 8 undefined o
n input line 10.


LaTeX Warning: Reference `sec:handlingOvertakeManuever' on page 8 undefined on 
input line 10.


LaTeX Warning: Reference `sec:positionNotification' on page 8 undefined on inpu
t line 10.


LaTeX Warning: Reference `sec:collisionCase' on page 8 undefined on input line 
10.


LaTeX Warning: Reference `tab:ruleOvertakeDefinition' on page 8 undefined on in
put line 12.


LaTeX Warning: Reference `sec:weatherCase' on page 8 undefined on input line 14
.


LaTeX Warning: Reference `fig:missionControlRunActivityDiagram' on page 8 undef
ined on input line 18.


LaTeX Warning: Reference `s:noncooperativeTestCases' on page 8 undefined on inp
ut line 18.


LaTeX Warning: Reference `tab:uncontrolledAirspaceViolations' on page 8 undefin
ed on input line 18.


LaTeX Warning: Reference `fig:missionControlRunActivityDiagram' on page 8 undef
ined on input line 20.


LaTeX Warning: Reference `fig:RuleEngineInstanceLevels' on page 8 undefined on 
input line 20.


LaTeX Warning: Reference `s:cooperativeTestCases' on page 8 undefined on input 
line 20.


LaTeX Warning: Reference `tab:controlledAirspaceViolations' on page 8 undefined
 on input line 20.


LaTeX Warning: Reference `tab:controlledAirspaceViolations' on page 8 undefined
 on input line 23.


LaTeX Warning: Reference `fig:avoidanceConcept' on page 8 undefined on input li
ne 26.


LaTeX Warning: Reference `fig:RuleEngineBasicArchitecture' on page 8 undefined 
on input line 26.


LaTeX Warning: Reference `s:segmentedMovementAutomaton' on page 8 undefined on 
input line 26.


LaTeX Warning: Reference `alg:Wavefront Propagation' on page 8 undefined on inp
ut line 26.

[8]

LaTeX Warning: Reference `s:referenceTrajectoryGenerator' on page 9 undefined o
n input line 31.


LaTeX Warning: Reference `s:SensorFusionDefinition' on page 9 undefined on inpu
t line 33.


LaTeX Warning: Reference `alg:Wavefront Propagation' on page 9 undefined on inp
ut line 48.


LaTeX Warning: Reference `s:constrainedTrajectoryExpansion' on page 9 undefined
 on input line 48.


LaTeX Warning: Reference `sec:reducedReachSetPerformance' on page 9 undefined o
n input line 48.


LaTeX Warning: Reference `s:chaoticReachSet' on page 9 undefined on input line 
51.


LaTeX Warning: Reference `s:harmonicReachSet' on page 9 undefined on input line
 53.


LaTeX Warning: Reference `s:combinedReachSet' on page 9 undefined on input line
 54.


LaTeX Warning: Reference `s:acasReachSet' on page 9 undefined on input line 56.


) (08C05-Lessons-Learned.tex [9]

LaTeX Warning: Reference `eq:cpt01' on page 10 undefined on input line 6.


LaTeX Warning: Reference `eq:cpt02' on page 10 undefined on input line 6.


LaTeX Warning: Reference `eq:cpt03' on page 10 undefined on input line 6.


LaTeX Warning: Reference `eq:cpt04' on page 10 undefined on input line 6.


LaTeX Warning: Reference `alg:Wavefront Propagation' on page 10 undefined on in
put line 8.


LaTeX Warning: Reference `def:ContainedReducedReachSet' on page 10 undefined on
 input line 8.


LaTeX Warning: Reference `def:trajectoryFootprint' on page 10 undefined on inpu
t line 10.


LaTeX Warning: Reference `s:harmonicReachSet' on page 10 undefined on input lin
e 12.


LaTeX Warning: Reference `s:chaoticReachSet' on page 10 undefined on input line
 12.


LaTeX Warning: Reference `s:linearIntersectionModel' on page 10 undefined on in
put line 19.


LaTeX Warning: Reference `s:bodyvolumeIntersection' on page 10 undefined on inp
ut line 21.


LaTeX Warning: Reference `s:virtualConstraints' on page 10 undefined on input l
ine 23.


LaTeX Warning: Reference `s:MovingVirtualConstraints' on page 10 undefined on i
nput line 23.


LaTeX Warning: Reference `alg:Wavefront Propagation' on page 10 undefined on in
put line 26.


LaTeX Warning: Reference `fig:LidarSpaceSegmentation' on page 10 undefined on i
nput line 26.

[10]

LaTeX Warning: Reference `s:intruderBehaviourPrediction' on page 11 undefined o
n input line 52.


LaTeX Warning: Reference `s:linearIntersectionModel' on page 11 undefined on in
put line 55.


LaTeX Warning: Reference `s:referenceTrajectoryGenerator' on page 11 undefined 
on input line 57.


LaTeX Warning: Reference `s:uncertaintyIntersection' on page 11 undefined on in
put line 57.


LaTeX Warning: Reference `sec:collisionCase' on page 11 undefined on input line
 57.


LaTeX Warning: Reference `fig:AvoidanceFrameworkConceptNew' on page 11 undefine
d on input line 62.


LaTeX Warning: Reference `sec:MovementAutomatonBackground' on page 11 undefined
 on input line 62.

[11]

LaTeX Warning: Reference `s:dataFusionDefinition' on page 12 undefined on input
 line 64.


LaTeX Warning: Reference `s:sensorFusion' on page 12 undefined on input line 64
.


LaTeX Warning: Reference `s:sensorFusion' on page 12 undefined on input line 70
.


LaTeX Warning: Reference `tab:defuzificationRatings' on page 12 undefined on in
put line 70.


LaTeX Warning: Reference `eq:visibilityForCell' on page 12 undefined on input l
ine 73.


LaTeX Warning: Reference `eq:detectedObstacleRatingForCell' on page 12 undefine
d on input line 73.


LaTeX Warning: Reference `eq:mapObstacleRatingForCell' on page 12 undefined on 
input line 73.


LaTeX Warning: Reference `eq:intruderRatingForCell' on page 12 undefined on inp
ut line 73.


LaTeX Warning: Reference `eq:constraintRatingForCell' on page 12 undefined on i
nput line 73.


LaTeX Warning: Reference `def:threat' on page 12 undefined on input line 73.


LaTeX Warning: Reference `eq:UncertainDataFusion' on page 12 undefined on input
 line 77.


LaTeX Warning: Reference `eq:UncertainDataFusion' on page 12 undefined on input
 line 79.


LaTeX Warning: Reference `eq:ocuupiedDataFusion' on page 12 undefined on input 
line 81.


LaTeX Warning: Reference `eq:constrainedDataFusion' on page 12 undefined on inp
ut line 83.


LaTeX Warning: Reference `eq:freeDataFusion' on page 12 undefined on input line
 85.

[12]

LaTeX Warning: Reference `eq:ReachableDataFusion' on page 13 undefined on input
 line 87.


LaTeX Warning: Reference `s:dataFusionDefinition' on page 13 undefined on input
 line 92.


LaTeX Warning: Reference `s:KnownWorld' on page 13 undefined on input line 92.


LaTeX Warning: Reference `s:BasicProblemDefinition' on page 13 undefined on inp
ut line 92.

) (08C06-Future-Work.tex

LaTeX Warning: Reference `s:adversadialBehaviourImpact' on page 13 undefined on
 input line 3.


LaTeX Warning: Reference `s:TestingFrameworkTheory' on page 13 undefined on inp
ut line 3.


LaTeX Warning: Reference `fig:adversarialAttackNotableMoments' on page 13 undef
ined on input line 5.


LaTeX Warning: Reference `tab:testCasesPerformacneEvaluation' on page 13 undefi
ned on input line 15.


LaTeX Warning: Reference `fig:AvoidanceFrameworkConceptNew' on page 13 undefine
d on input line 17.


LaTeX Warning: Reference `s:missionControlRun' on page 13 undefined on input li
ne 20.


LaTeX Warning: Reference `s:sensorFusion' on page 13 undefined on input line 20
.


LaTeX Warning: Reference `s:RuleEngineArchitecture' on page 13 undefined on inp
ut line 20.


LaTeX Warning: Reference `sec:utmArchitecture' on page 13 undefined on input li
ne 22.


LaTeX Warning: Reference `fig:CooperativeConflictResolutionUTM' on page 13 unde
fined on input line 24.


LaTeX Warning: Reference `fig:NonCooperativeConflictResolutionUTM' on page 13 u
ndefined on input line 24.

[13]) ([CHB]-08-Conclusion.bbl [14] [15

])
Package atveryend Info: Empty hook `BeforeClearDocument' on input line 288.
 [16]
Package atveryend Info: Empty hook `AfterLastShipout' on input line 288.
 ([CHB]-08-Conclusion.aux)
Package atveryend Info: Executing hook `AtVeryEndDocument' on input line 288.
Package atveryend Info: Executing hook `AtEndAfterFileList' on input line 288.
Package rerunfilecheck Info: File `[CHB]-08-Conclusion.out' has not changed.
(rerunfilecheck)             Checksum: 8062F84DC4438FE61AC7113E4EF7C903;2151.


LaTeX Warning: There were undefined references.

Package atveryend Info: Empty hook `AtVeryVeryEnd' on input line 288.
 ) 
Here is how much of TeX's memory you used:
 24348 strings out of 492973
 400078 string characters out of 3135926
 569877 words of memory out of 3000000
 27819 multiletter control sequences out of 15000+200000
 543169 words of font info for 63 fonts, out of 3000000 for 9000
 1141 hyphenation exceptions out of 8191
 42i,10n,63p,840b,566s stack positions out of 5000i,500n,10000p,200000b,50000s
<C:/Users/H172461/MiKTeX 2.9/fonts/type1/public/amsfonts/cm/cmbx12.pfb><C:/Us
ers/H172461/MiKTeX 2.9/fonts/type1/public/amsfonts/cm/cmcsc10.pfb><C:/Users/H17
2461/MiKTeX 2.9/fonts/type1/public/amsfonts/cm/cmmi12.pfb><C:/Users/H172461/MiK
TeX 2.9/fonts/type1/public/amsfonts/cm/cmmi8.pfb><C:/Users/H172461/MiKTeX 2.9/f
onts/type1/public/amsfonts/cm/cmr12.pfb><C:/Users/H172461/MiKTeX 2.9/fonts/type
1/public/amsfonts/cm/cmr8.pfb><C:/Users/H172461/MiKTeX 2.9/fonts/type1/public/a
msfonts/cm/cmsl12.pfb><C:/Users/H172461/MiKTeX 2.9/fonts/type1/public/amsfonts/
cm/cmsy10.pfb><C:/Users/H172461/MiKTeX 2.9/fonts/type1/public/amsfonts/cm/cmsy8
.pfb><C:/Users/H172461/MiKTeX 2.9/fonts/type1/public/amsfonts/cm/cmti12.pfb><C:
/Users/H172461/MiKTeX 2.9/fonts/type1/public/amsfonts/euler/eusm10.pfb>
Output written on [CHB]-08-Conclusion.pdf (16 pages, 444314 bytes).
PDF statistics:
 347 PDF objects out of 1000 (max. 8388607)
 137 named destinations out of 1000 (max. 500000)
 107 words of extra memory for PDF output out of 10000 (max. 10000000)

