This is pdfTeX, Version 3.14159265-2.6-1.40.19 (MiKTeX 2.9.6745 64-bit) (preloaded format=pdflatex 2018.8.23)  9 DEC 2018 14:05
entering extended mode
**./[CHB]-06-Approach.tex
([CHB]-06-Approach.tex
LaTeX2e <2018-04-01> patch level 5
(fcup-thesis.cls
Document Class: fcup-thesis 2012/06/01 v2.0 graduate theses at the University o
f Porto
\@thesisfootnotesep=\skip41
\@thesismarginparpush=\skip42
("C:\Users\H172461\MiKTeX 2.9\tex\latex\base\report.cls"
Document Class: report 2014/09/29 v1.4h Standard LaTeX document class
("C:\Users\H172461\MiKTeX 2.9\tex\latex\base\size12.clo"
File: size12.clo 2014/09/29 v1.4h Standard LaTeX file (size option)
)
\c@part=\count80
\c@chapter=\count81
\c@section=\count82
\c@subsection=\count83
\c@subsubsection=\count84
\c@paragraph=\count85
\c@subparagraph=\count86
\c@figure=\count87
\c@table=\count88
\abovecaptionskip=\skip43
\belowcaptionskip=\skip44
\bibindent=\dimen102
)
("C:\Users\H172461\MiKTeX 2.9\tex\latex\tools\calc.sty"
Package: calc 2017/05/25 v4.3 Infix arithmetic (KKT,FJ)
\calc@Acount=\count89
\calc@Bcount=\count90
\calc@Adimen=\dimen103
\calc@Bdimen=\dimen104
\calc@Askip=\skip45
\calc@Bskip=\skip46
LaTeX Info: Redefining \setlength on input line 80.
LaTeX Info: Redefining \addtolength on input line 81.
\calc@Ccount=\count91
\calc@Cskip=\skip47
)
("C:\Users\H172461\MiKTeX 2.9\tex\latex\geometry\geometry.sty"
Package: geometry 2018/04/16 v5.8 Page Geometry

("C:\Users\H172461\MiKTeX 2.9\tex\latex\graphics\keyval.sty"
Package: keyval 2014/10/28 v1.15 key=value parser (DPC)
\KV@toks@=\toks14
)
("C:\Users\H172461\MiKTeX 2.9\tex\generic\oberdiek\ifpdf.sty"
Package: ifpdf 2017/03/15 v3.2 Provides the ifpdf switch
)
("C:\Users\H172461\MiKTeX 2.9\tex\generic\oberdiek\ifvtex.sty"
Package: ifvtex 2016/05/16 v1.6 Detect VTeX and its facilities (HO)
Package ifvtex Info: VTeX not detected.
)
("C:\Users\H172461\MiKTeX 2.9\tex\generic\ifxetex\ifxetex.sty"
Package: ifxetex 2010/09/12 v0.6 Provides ifxetex conditional
)
\Gm@cnth=\count92
\Gm@cntv=\count93
\c@Gm@tempcnt=\count94
\Gm@bindingoffset=\dimen105
\Gm@wd@mp=\dimen106
\Gm@odd@mp=\dimen107
\Gm@even@mp=\dimen108
\Gm@layoutwidth=\dimen109
\Gm@layoutheight=\dimen110
\Gm@layouthoffset=\dimen111
\Gm@layoutvoffset=\dimen112
\Gm@dimlist=\toks15

("C:\Users\H172461\MiKTeX 2.9\tex\latex\geometry\geometry.cfg"))
("C:\Users\H172461\MiKTeX 2.9\tex\latex\setspace\setspace.sty"
Package: setspace 2011/12/19 v6.7a set line spacing
))
("C:\Users\H172461\MiKTeX 2.9\tex\generic\babel\babel.sty"
Package: babel 2018/06/05 3.22 The Babel package

("C:\Users\H172461\MiKTeX 2.9\tex\generic\babel\switch.def"
File: switch.def 2018/06/05 3.22 Babel switching mechanism
)
*************************************
* Local config file bblopts.cfg used
*
("C:\Users\H172461\MiKTeX 2.9\tex\latex\arabi\bblopts.cfg"
File: bblopts.cfg 2005/09/08 v0.1 add Arabic and Farsi to "declared" options of
 babel
)
("C:\Users\H172461\MiKTeX 2.9\tex\latex\babel-english\english.ldf"
Language: english 2017/06/06 v3.3r English support from the babel system

("C:\Users\H172461\MiKTeX 2.9\tex\generic\babel\babel.def"
File: babel.def 2018/06/05 3.22 Babel common definitions
\babel@savecnt=\count95
\U@D=\dimen113

("C:\Users\H172461\MiKTeX 2.9\tex\generic\babel\txtbabel.def")
\bbl@dirlevel=\count96
)
\l@canadian = a dialect from \language\l@american 
\l@australian = a dialect from \language\l@british 
\l@newzealand = a dialect from \language\l@british 
))
("C:\Users\H172461\MiKTeX 2.9\tex\latex\lipsum\lipsum.sty"
("C:\Users\H172461\MiKTeX 2.9\tex\latex\l3kernel\expl3.sty"
Package: expl3 2018-11-19 L3 programming layer (loader) 

("C:\Users\H172461\MiKTeX 2.9\tex\latex\l3kernel\expl3-code.tex"
Package: expl3 2018-11-19 L3 programming layer (code)
\c_max_int=\count97
\l_tmpa_int=\count98
\l_tmpb_int=\count99
\g_tmpa_int=\count100
\g_tmpb_int=\count101
\g__kernel_prg_map_int=\count102
\c_log_iow=\count103
\l_iow_line_count_int=\count104
\l__iow_line_target_int=\count105
\l__iow_one_indent_int=\count106
\l__iow_indent_int=\count107
\c_zero_dim=\dimen114
\c_max_dim=\dimen115
\l_tmpa_dim=\dimen116
\l_tmpb_dim=\dimen117
\g_tmpa_dim=\dimen118
\g_tmpb_dim=\dimen119
\c_zero_skip=\skip48
\c_max_skip=\skip49
\l_tmpa_skip=\skip50
\l_tmpb_skip=\skip51
\g_tmpa_skip=\skip52
\g_tmpb_skip=\skip53
\c_zero_muskip=\muskip10
\c_max_muskip=\muskip11
\l_tmpa_muskip=\muskip12
\l_tmpb_muskip=\muskip13
\g_tmpa_muskip=\muskip14
\g_tmpb_muskip=\muskip15
\l_keys_choice_int=\count108
\l__intarray_loop_int=\count109
\c__intarray_sp_dim=\dimen120
\g__intarray_font_int=\count110
\c__fp_leading_shift_int=\count111
\c__fp_middle_shift_int=\count112
\c__fp_trailing_shift_int=\count113
\c__fp_big_leading_shift_int=\count114
\c__fp_big_middle_shift_int=\count115
\c__fp_big_trailing_shift_int=\count116
\c__fp_Bigg_leading_shift_int=\count117
\c__fp_Bigg_middle_shift_int=\count118
\c__fp_Bigg_trailing_shift_int=\count119
\c__kernel_randint_max_int=\count120
\g__fp_array_int=\count121
\l__fp_array_loop_int=\count122
\l__sort_length_int=\count123
\l__sort_min_int=\count124
\l__sort_top_int=\count125
\l__sort_max_int=\count126
\l__sort_true_max_int=\count127
\l__sort_block_int=\count128
\l__sort_begin_int=\count129
\l__sort_end_int=\count130
\l__sort_A_int=\count131
\l__sort_B_int=\count132
\l__sort_C_int=\count133
\l__tl_analysis_normal_int=\count134
\l__tl_analysis_index_int=\count135
\l__tl_analysis_nesting_int=\count136
\l__tl_analysis_type_int=\count137
\l__regex_internal_a_int=\count138
\l__regex_internal_b_int=\count139
\l__regex_internal_c_int=\count140
\l__regex_balance_int=\count141
\l__regex_group_level_int=\count142
\l__regex_mode_int=\count143
\c__regex_cs_in_class_mode_int=\count144
\c__regex_cs_mode_int=\count145
\l__regex_catcodes_int=\count146
\l__regex_default_catcodes_int=\count147
\c__regex_catcode_D_int=\count148
\c__regex_catcode_S_int=\count149
\c__regex_catcode_L_int=\count150
\c__regex_catcode_O_int=\count151
\c__regex_catcode_A_int=\count152
\c__regex_all_catcodes_int=\count153
\l__regex_show_lines_int=\count154
\l__regex_min_state_int=\count155
\l__regex_max_state_int=\count156
\l__regex_left_state_int=\count157
\l__regex_right_state_int=\count158
\l__regex_capturing_group_int=\count159
\l__regex_min_pos_int=\count160
\l__regex_max_pos_int=\count161
\l__regex_curr_pos_int=\count162
\l__regex_start_pos_int=\count163
\l__regex_success_pos_int=\count164
\l__regex_curr_char_int=\count165
\l__regex_curr_catcode_int=\count166
\l__regex_last_char_int=\count167
\l__regex_case_changed_char_int=\count168
\l__regex_curr_state_int=\count169
\l__regex_step_int=\count170
\l__regex_min_active_int=\count171
\l__regex_max_active_int=\count172
\l__regex_replacement_csnames_int=\count173
\l__regex_match_count_int=\count174
\l__regex_min_submatch_int=\count175
\l__regex_submatch_int=\count176
\l__regex_zeroth_submatch_int=\count177
\g__regex_trace_regex_int=\count178
\c_empty_box=\box26
\l_tmpa_box=\box27
\l_tmpb_box=\box28
\g_tmpa_box=\box29
\g_tmpb_box=\box30
\l__box_top_dim=\dimen121
\l__box_bottom_dim=\dimen122
\l__box_left_dim=\dimen123
\l__box_right_dim=\dimen124
\l__box_top_new_dim=\dimen125
\l__box_bottom_new_dim=\dimen126
\l__box_left_new_dim=\dimen127
\l__box_right_new_dim=\dimen128
\l__box_internal_box=\box31
\l__coffin_internal_box=\box32
\l__coffin_internal_dim=\dimen129
\l__coffin_offset_x_dim=\dimen130
\l__coffin_offset_y_dim=\dimen131
\l__coffin_x_dim=\dimen132
\l__coffin_y_dim=\dimen133
\l__coffin_x_prime_dim=\dimen134
\l__coffin_y_prime_dim=\dimen135
\c_empty_coffin=\box33
\l__coffin_aligned_coffin=\box34
\l__coffin_aligned_internal_coffin=\box35
\l_tmpa_coffin=\box36
\l_tmpb_coffin=\box37
\l__coffin_display_coffin=\box38
\l__coffin_display_coord_coffin=\box39
\l__coffin_display_pole_coffin=\box40
\l__coffin_display_offset_dim=\dimen136
\l__coffin_display_x_dim=\dimen137
\l__coffin_display_y_dim=\dimen138
\g__file_internal_ior=\read1
\l__coffin_bounding_shift_dim=\dimen139
\l__coffin_left_corner_dim=\dimen140
\l__coffin_right_corner_dim=\dimen141
\l__coffin_bottom_corner_dim=\dimen142
\l__coffin_top_corner_dim=\dimen143
\l__coffin_scaled_total_height_dim=\dimen144
\l__coffin_scaled_width_dim=\dimen145
\l__seq_internal_a_int=\count179
\l__seq_internal_b_int=\count180
)
("C:\Users\H172461\MiKTeX 2.9\tex\latex\l3kernel\l3pdfmode.def"
File: l3pdfmode.def 2018-11-19 v L3 Experimental driver: PDF mode
\l__driver_color_stack_int=\count181
))
("C:\Users\H172461\MiKTeX 2.9\tex\latex\l3packages\xparse\xparse.sty"
Package: xparse 2018-10-17 L3 Experimental document command parser
\l__xparse_current_arg_int=\count182
\g__xparse_grabber_int=\count183
\l__xparse_m_args_int=\count184
\l__xparse_mandatory_args_int=\count185
\l__xparse_v_nesting_int=\count186
)
Package: lipsum 2018/11/24 v2.1a 150 paragraphs of Lorem Ipsum dummy text
)
("C:\Users\H172461\MiKTeX 2.9\tex\latex\base\inputenc.sty"
Package: inputenc 2018/04/06 v1.3b Input encoding file
\inpenc@prehook=\toks16
\inpenc@posthook=\toks17
)
("C:\Users\H172461\MiKTeX 2.9\tex\latex\tools\array.sty"
Package: array 2018/04/30 v2.4h Tabular extension package (FMi)
\col@sep=\dimen146
\ar@mcellbox=\box41
\extrarowheight=\dimen147
\NC@list=\toks18
\extratabsurround=\skip54
\backup@length=\skip55
\ar@cellbox=\box42
)
("C:\Users\H172461\MiKTeX 2.9\tex\latex\amsmath\amsmath.sty"
Package: amsmath 2017/09/02 v2.17a AMS math features
\@mathmargin=\skip56

For additional information on amsmath, use the `?' option.
("C:\Users\H172461\MiKTeX 2.9\tex\latex\amsmath\amstext.sty"
Package: amstext 2000/06/29 v2.01 AMS text

("C:\Users\H172461\MiKTeX 2.9\tex\latex\amsmath\amsgen.sty"
File: amsgen.sty 1999/11/30 v2.0 generic functions
\@emptytoks=\toks19
\ex@=\dimen148
))
("C:\Users\H172461\MiKTeX 2.9\tex\latex\amsmath\amsbsy.sty"
Package: amsbsy 1999/11/29 v1.2d Bold Symbols
\pmbraise@=\dimen149
)
("C:\Users\H172461\MiKTeX 2.9\tex\latex\amsmath\amsopn.sty"
Package: amsopn 2016/03/08 v2.02 operator names
)
\inf@bad=\count187
LaTeX Info: Redefining \frac on input line 213.
\uproot@=\count188
\leftroot@=\count189
LaTeX Info: Redefining \overline on input line 375.
\classnum@=\count190
\DOTSCASE@=\count191
LaTeX Info: Redefining \ldots on input line 472.
LaTeX Info: Redefining \dots on input line 475.
LaTeX Info: Redefining \cdots on input line 596.
\Mathstrutbox@=\box43
\strutbox@=\box44
\big@size=\dimen150
LaTeX Font Info:    Redeclaring font encoding OML on input line 712.
LaTeX Font Info:    Redeclaring font encoding OMS on input line 713.
\macc@depth=\count192
\c@MaxMatrixCols=\count193
\dotsspace@=\muskip16
\c@parentequation=\count194
\dspbrk@lvl=\count195
\tag@help=\toks20
\row@=\count196
\column@=\count197
\maxfields@=\count198
\andhelp@=\toks21
\eqnshift@=\dimen151
\alignsep@=\dimen152
\tagshift@=\dimen153
\tagwidth@=\dimen154
\totwidth@=\dimen155
\lineht@=\dimen156
\@envbody=\toks22
\multlinegap=\skip57
\multlinetaggap=\skip58
\mathdisplay@stack=\toks23
LaTeX Info: Redefining \[ on input line 2817.
LaTeX Info: Redefining \] on input line 2818.
)
("C:\Users\H172461\MiKTeX 2.9\tex\latex\amsfonts\amssymb.sty"
Package: amssymb 2013/01/14 v3.01 AMS font symbols

("C:\Users\H172461\MiKTeX 2.9\tex\latex\amsfonts\amsfonts.sty"
Package: amsfonts 2013/01/14 v3.01 Basic AMSFonts support
\symAMSa=\mathgroup4
\symAMSb=\mathgroup5
LaTeX Font Info:    Overwriting math alphabet `\mathfrak' in version `bold'
(Font)                  U/euf/m/n --> U/euf/b/n on input line 106.
))
("C:\Users\H172461\MiKTeX 2.9\tex\latex\amscls\amsthm.sty"
Package: amsthm 2017/10/31 v2.20.4
\thm@style=\toks24
\thm@bodyfont=\toks25
\thm@headfont=\toks26
\thm@notefont=\toks27
\thm@headpunct=\toks28
\thm@preskip=\skip59
\thm@postskip=\skip60
\thm@headsep=\skip61
\dth@everypar=\toks29
)
("C:\Users\H172461\MiKTeX 2.9\tex\latex\algorithm2e\algorithm2e.sty"
Package: algorithm2e 2017/07/18 v5.2 algorithms environments
\c@AlgoLine=\count199

("C:\Users\H172461\MiKTeX 2.9\tex\latex\base\ifthen.sty"
Package: ifthen 2014/09/29 v1.1c Standard LaTeX ifthen package (DPC)
)
\algocf@hangindent=\skip62

("C:\Users\H172461\MiKTeX 2.9\tex\latex\ifoddpage\ifoddpage.sty"
Package: ifoddpage 2016/04/23 v1.1 Conditionals for odd/even page detection
\c@checkoddpage=\count266
)
("C:\Users\H172461\MiKTeX 2.9\tex\latex\tools\xspace.sty"
Package: xspace 2014/10/28 v1.13 Space after command names (DPC,MH)
)
("C:\Users\H172461\MiKTeX 2.9\tex\latex\relsize\relsize.sty"
Package: relsize 2013/03/29 ver 4.1
)
\skiptotal=\skip63
\skiplinenumber=\skip64
\skiprule=\skip65
\skiphlne=\skip66
\skiptext=\skip67
\skiplength=\skip68
\algomargin=\skip69
\skipalgocfslide=\skip70
\algowidth=\dimen157
\inoutsize=\dimen158
\inoutindent=\dimen159
\interspacetitleruled=\dimen160
\interspacealgoruled=\dimen161
\interspacetitleboxruled=\dimen162
\algocf@ruledwidth=\skip71
\algocf@inoutbox=\box45
\algocf@inputbox=\box46
\AlCapSkip=\skip72
\AlCapHSkip=\skip73
\algoskipindent=\skip74
\algocf@nlbox=\box47
\algocf@hangingbox=\box48
\algocf@untilbox=\box49
\algocf@skipuntil=\skip75
\algocf@capbox=\box50
\algocf@lcaptionbox=\skip76
\algoheightruledefault=\skip77
\algoheightrule=\skip78
\algotitleheightruledefault=\skip79
\algotitleheightrule=\skip80
\c@algocfline=\count267
\c@algocfproc=\count268
\c@algocf=\count269
\algocf@algoframe=\box51
\algocf@algobox=\box52
)
("C:\Users\H172461\MiKTeX 2.9\tex\latex\algorithms\algorithmic.sty"
Package: algorithmic 2009/08/24 v0.1 Document Style `algorithmic'
\c@ALC@unique=\count270
\c@ALC@line=\count271
\c@ALC@rem=\count272
\c@ALC@depth=\count273
\ALC@tlm=\skip81
\algorithmicindent=\skip82
)
("C:\Users\H172461\MiKTeX 2.9\tex\latex\tools\bm.sty"
Package: bm 2017/01/16 v1.2c Bold Symbol Support (DPC/FMi)
\symboldoperators=\mathgroup6
\symboldletters=\mathgroup7
\symboldsymbols=\mathgroup8
LaTeX Font Info:    Redeclaring math alphabet \mathbf on input line 141.
LaTeX Info: Redefining \bm on input line 207.
)
("C:\Users\H172461\MiKTeX 2.9\tex\latex\amsfonts\euscript.sty"
Package: euscript 2009/06/22 v3.00 Euler Script fonts
LaTeX Font Info:    Overwriting math alphabet `\EuScript' in version `bold'
(Font)                  U/eus/m/n --> U/eus/b/n on input line 33.
)
("C:\Users\H172461\MiKTeX 2.9\tex\latex\graphics\graphicx.sty"
Package: graphicx 2017/06/01 v1.1a Enhanced LaTeX Graphics (DPC,SPQR)

("C:\Users\H172461\MiKTeX 2.9\tex\latex\graphics\graphics.sty"
Package: graphics 2017/06/25 v1.2c Standard LaTeX Graphics (DPC,SPQR)

("C:\Users\H172461\MiKTeX 2.9\tex\latex\graphics\trig.sty"
Package: trig 2016/01/03 v1.10 sin cos tan (DPC)
)
("C:\Users\H172461\MiKTeX 2.9\tex\latex\graphics-cfg\graphics.cfg"
File: graphics.cfg 2016/06/04 v1.11 sample graphics configuration
)
Package graphics Info: Driver file: pdftex.def on input line 99.

("C:\Users\H172461\MiKTeX 2.9\tex\latex\graphics-def\pdftex.def"
File: pdftex.def 2018/01/08 v1.0l Graphics/color driver for pdftex
))
\Gin@req@height=\dimen163
\Gin@req@width=\dimen164
)
("C:\Users\H172461\MiKTeX 2.9\tex\latex\psfrag\psfrag.sty"
Package: psfrag 1998/04/11 v3.04 PSfrag (MCG)
\pfg@pcount=\count274
\pfg@scount=\count275
\pfg@temp=\write3
)
("C:\Users\H172461\MiKTeX 2.9\tex\latex\fancyvrb\fancyvrb.sty"
Package: fancyvrb 2008/02/07

Style option: `fancyvrb' v2.7a, with DG/SPQR fixes, and firstline=lastline fix 
<2008/02/07> (tvz)
\FV@CodeLineNo=\count276
\FV@InFile=\read2
\FV@TabBox=\box53
\c@FancyVerbLine=\count277
\FV@StepNumber=\count278
\FV@OutFile=\write4
) ("C:\Users\H172461\MiKTeX 2.9\tex\latex\float\float.sty"
Package: float 2001/11/08 v1.3d Float enhancements (AL)
\c@float@type=\count279
\float@exts=\toks30
\float@box=\box54
\@float@everytoks=\toks31
\@floatcapt=\box55
)
("C:\Users\H172461\MiKTeX 2.9\tex\latex\ltablex\ltablex.sty"
Package: ltablex 2014/08/13 v1.1 Modified tabularx

("C:\Users\H172461\MiKTeX 2.9\tex\latex\tools\longtable.sty"
Package: longtable 2014/10/28 v4.11 Multi-page Table package (DPC)
\LTleft=\skip83
\LTright=\skip84
\LTpre=\skip85
\LTpost=\skip86
\LTchunksize=\count280
\LTcapwidth=\dimen165
\LT@head=\box56
\LT@firsthead=\box57
\LT@foot=\box58
\LT@lastfoot=\box59
\LT@cols=\count281
\LT@rows=\count282
\c@LT@tables=\count283
\c@LT@chunks=\count284
\LT@p@ftn=\toks32
)
("C:\Users\H172461\MiKTeX 2.9\tex\latex\tools\tabularx.sty"
Package: tabularx 2016/02/03 v2.11b `tabularx' package (DPC)
\TX@col@width=\dimen166
\TX@old@table=\dimen167
\TX@old@col=\dimen168
\TX@target=\dimen169
\TX@delta=\dimen170
\TX@cols=\count285
\TX@ftn=\toks33
))
("C:\Users\H172461\MiKTeX 2.9\tex\latex\natbib\natbib.sty"
Package: natbib 2010/09/13 8.31b (PWD, AO)
\bibhang=\skip87
\bibsep=\skip88
LaTeX Info: Redefining \cite on input line 694.
\c@NAT@ctr=\count286
)
("C:\Users\H172461\MiKTeX 2.9\tex\latex\bbding\bbding.sty"
Package: bbding 1999/04/15 v1.01 Dingbats symbols
)
("C:\Users\H172461\MiKTeX 2.9\tex\latex\tools\dcolumn.sty"
Package: dcolumn 2014/10/28 v1.06 decimal alignment package (DPC)
)
("C:\Users\H172461\MiKTeX 2.9\tex\latex\booktabs\booktabs.sty"
Package: booktabs 2005/04/14 v1.61803 publication quality tables
\heavyrulewidth=\dimen171
\lightrulewidth=\dimen172
\cmidrulewidth=\dimen173
\belowrulesep=\dimen174
\belowbottomsep=\dimen175
\aboverulesep=\dimen176
\abovetopsep=\dimen177
\cmidrulesep=\dimen178
\cmidrulekern=\dimen179
\defaultaddspace=\dimen180
\@cmidla=\count287
\@cmidlb=\count288
\@aboverulesep=\dimen181
\@belowrulesep=\dimen182
\@thisruleclass=\count289
\@lastruleclass=\count290
\@thisrulewidth=\dimen183
)
("C:\Users\H172461\MiKTeX 2.9\tex\latex\multirow\multirow.sty"
Package: multirow 2018/08/03 v2.3 Span multiple rows of a table
\multirow@colwidth=\skip89
\multirow@cntb=\count291
\multirow@dima=\skip90
\bigstrutjot=\dimen184
)
("C:\Users\H172461\MiKTeX 2.9\tex\latex\paralist\paralist.sty"
Package: paralist 2017/01/22 v2.7 Extended list environments
\pltopsep=\skip91
\plpartopsep=\skip92
\plitemsep=\skip93
\plparsep=\skip94
\pl@lab=\toks34
)
("C:\Users\H172461\MiKTeX 2.9\tex\latex\oberdiek\ifdraft.sty"
Package: ifdraft 2016/05/16 v1.4 Detect class options draft and final (HO)
)
("C:\Users\H172461\MiKTeX 2.9\tex\latex\tools\indentfirst.sty"
Package: indentfirst 1995/11/23 v1.03 Indent first paragraph (DPC)
)
("C:\Users\H172461\MiKTeX 2.9\tex\latex\tocbibind\tocbibind.sty"
Package: tocbibind 2010/10/13 v1.5k extra ToC listings
Package tocbibind Info: The document has chapter divisions on input line 50.


Package tocbibind Note: Using chapter style headings, unless overridden.

) ("C:\Users\H172461\MiKTeX 2.9\tex\latex\url\url.sty"
\Urlmuskip=\muskip17
Package: url 2013/09/16  ver 3.4  Verb mode for urls, etc.
)
("C:\Users\H172461\MiKTeX 2.9\tex\latex\caption\subcaption.sty"
Package: subcaption 2018/05/01 v1.1-162 Sub-captions (AR)

("C:\Users\H172461\MiKTeX 2.9\tex\latex\caption\caption.sty"
Package: caption 2018/05/01 v3.3-147 Customizing captions (AR)

("C:\Users\H172461\MiKTeX 2.9\tex\latex\caption\caption3.sty"
Package: caption3 2018/05/27 v1.8a caption3 kernel (AR)
Package caption3 Info: TeX engine: e-TeX on input line 64.
\captionmargin=\dimen185
\captionmargin@=\dimen186
\captionwidth=\dimen187
\caption@tempdima=\dimen188
\caption@indent=\dimen189
\caption@parindent=\dimen190
\caption@hangindent=\dimen191
)
\c@ContinuedFloat=\count292
Package caption Info: float package is loaded.
Package caption Info: longtable package is loaded.

("C:\Users\H172461\MiKTeX 2.9\tex\latex\caption\ltcaption.sty"
Package: ltcaption 2013/06/09 v1.4-94 longtable captions (AR)
))
\c@subfigure=\count293
\c@subtable=\count294
)
("C:\Users\H172461\MiKTeX 2.9\tex\latex\hyperref\hyperref.sty"
Package: hyperref 2018/02/06 v6.86b Hypertext links for LaTeX

("C:\Users\H172461\MiKTeX 2.9\tex\generic\oberdiek\hobsub-hyperref.sty"
Package: hobsub-hyperref 2016/05/16 v1.14 Bundle oberdiek, subset hyperref (HO)


("C:\Users\H172461\MiKTeX 2.9\tex\generic\oberdiek\hobsub-generic.sty"
Package: hobsub-generic 2016/05/16 v1.14 Bundle oberdiek, subset generic (HO)
Package: hobsub 2016/05/16 v1.14 Construct package bundles (HO)
Package: infwarerr 2016/05/16 v1.4 Providing info/warning/error messages (HO)
Package: ltxcmds 2016/05/16 v1.23 LaTeX kernel commands for general use (HO)
Package: ifluatex 2016/05/16 v1.4 Provides the ifluatex switch (HO)
Package ifluatex Info: LuaTeX not detected.
Package hobsub Info: Skipping package `ifvtex' (already loaded).
Package: intcalc 2016/05/16 v1.2 Expandable calculations with integers (HO)
Package hobsub Info: Skipping package `ifpdf' (already loaded).
Package: etexcmds 2016/05/16 v1.6 Avoid name clashes with e-TeX commands (HO)
Package etexcmds Info: Could not find \expanded.
(etexcmds)             That can mean that you are not using pdfTeX 1.50 or
(etexcmds)             that some package has redefined \expanded.
(etexcmds)             In the latter case, load this package earlier.
Package: kvsetkeys 2016/05/16 v1.17 Key value parser (HO)
Package: kvdefinekeys 2016/05/16 v1.4 Define keys (HO)
Package: pdftexcmds 2018/01/30 v0.27 Utility functions of pdfTeX for LuaTeX (HO
)
Package pdftexcmds Info: LuaTeX not detected.
Package pdftexcmds Info: \pdf@primitive is available.
Package pdftexcmds Info: \pdf@ifprimitive is available.
Package pdftexcmds Info: \pdfdraftmode found.
Package: pdfescape 2016/05/16 v1.14 Implements pdfTeX's escape features (HO)
Package: bigintcalc 2016/05/16 v1.4 Expandable calculations on big integers (HO
)
Package: bitset 2016/05/16 v1.2 Handle bit-vector datatype (HO)
Package: uniquecounter 2016/05/16 v1.3 Provide unlimited unique counter (HO)
)
Package hobsub Info: Skipping package `hobsub' (already loaded).
Package: letltxmacro 2016/05/16 v1.5 Let assignment for LaTeX macros (HO)
Package: hopatch 2016/05/16 v1.3 Wrapper for package hooks (HO)
Package: xcolor-patch 2016/05/16 xcolor patch
Package: atveryend 2016/05/16 v1.9 Hooks at the very end of document (HO)
Package atveryend Info: \enddocument detected (standard20110627).
Package: atbegshi 2016/06/09 v1.18 At begin shipout hook (HO)
Package: refcount 2016/05/16 v3.5 Data extraction from label references (HO)
Package: hycolor 2016/05/16 v1.8 Color options for hyperref/bookmark (HO)
)
("C:\Users\H172461\MiKTeX 2.9\tex\latex\oberdiek\auxhook.sty"
Package: auxhook 2016/05/16 v1.4 Hooks for auxiliary files (HO)
)
("C:\Users\H172461\MiKTeX 2.9\tex\latex\oberdiek\kvoptions.sty"
Package: kvoptions 2016/05/16 v3.12 Key value format for package options (HO)
)
\@linkdim=\dimen192
\Hy@linkcounter=\count295
\Hy@pagecounter=\count296

("C:\Users\H172461\MiKTeX 2.9\tex\latex\hyperref\pd1enc.def"
File: pd1enc.def 2018/02/06 v6.86b Hyperref: PDFDocEncoding definition (HO)
Now handling font encoding PD1 ...
... no UTF-8 mapping file for font encoding PD1
)
\Hy@SavedSpaceFactor=\count297

("C:\Users\H172461\MiKTeX 2.9\tex\latex\00miktex\hyperref.cfg"
File: hyperref.cfg 2002/06/06 v1.2 hyperref configuration of TeXLive
)
Package hyperref Info: Option `unicode' set `true' on input line 4383.

("C:\Users\H172461\MiKTeX 2.9\tex\latex\hyperref\puenc.def"
File: puenc.def 2018/02/06 v6.86b Hyperref: PDF Unicode definition (HO)
Now handling font encoding PU ...
... no UTF-8 mapping file for font encoding PU
)
Package hyperref Info: Hyper figures OFF on input line 4509.
Package hyperref Info: Link nesting OFF on input line 4514.
Package hyperref Info: Hyper index ON on input line 4517.
Package hyperref Info: Plain pages OFF on input line 4524.
Package hyperref Info: Backreferencing OFF on input line 4529.
Package hyperref Info: Implicit mode ON; LaTeX internals redefined.
Package hyperref Info: Bookmarks ON on input line 4762.
\c@Hy@tempcnt=\count298
LaTeX Info: Redefining \url on input line 5115.
\XeTeXLinkMargin=\dimen193
\Fld@menulength=\count299
\Field@Width=\dimen194
\Fld@charsize=\dimen195
Package hyperref Info: Hyper figures OFF on input line 6369.
Package hyperref Info: Link nesting OFF on input line 6374.
Package hyperref Info: Hyper index ON on input line 6377.
Package hyperref Info: backreferencing OFF on input line 6384.
Package hyperref Info: Link coloring OFF on input line 6389.
Package hyperref Info: Link coloring with OCG OFF on input line 6394.
Package hyperref Info: PDF/A mode OFF on input line 6399.
LaTeX Info: Redefining \ref on input line 6439.
LaTeX Info: Redefining \pageref on input line 6443.
\Hy@abspage=\count300
\c@Item=\count301
\c@Hfootnote=\count302
)
Package hyperref Info: Driver (autodetected): hpdftex.

("C:\Users\H172461\MiKTeX 2.9\tex\latex\hyperref\hpdftex.def"
File: hpdftex.def 2018/02/06 v6.86b Hyperref driver for pdfTeX
\Fld@listcount=\count303
\c@bookmark@seq@number=\count304

("C:\Users\H172461\MiKTeX 2.9\tex\latex\oberdiek\rerunfilecheck.sty"
Package: rerunfilecheck 2016/05/16 v1.8 Rerun checks for auxiliary files (HO)
Package uniquecounter Info: New unique counter `rerunfilecheck' on input line 2
82.
)
\Hy@SectionHShift=\skip95
)
("C:\Users\H172461\MiKTeX 2.9\tex\latex\xcolor\xcolor.sty"
Package: xcolor 2016/05/11 v2.12 LaTeX color extensions (UK)

("C:\Users\H172461\MiKTeX 2.9\tex\latex\graphics-cfg\color.cfg"
File: color.cfg 2016/01/02 v1.6 sample color configuration
)
Package xcolor Info: Driver file: pdftex.def on input line 225.
Package xcolor Info: Model `cmy' substituted by `cmy0' on input line 1348.
Package xcolor Info: Model `hsb' substituted by `rgb' on input line 1352.
Package xcolor Info: Model `RGB' extended on input line 1364.
Package xcolor Info: Model `HTML' substituted by `rgb' on input line 1366.
Package xcolor Info: Model `Hsb' substituted by `hsb' on input line 1367.
Package xcolor Info: Model `tHsb' substituted by `hsb' on input line 1368.
Package xcolor Info: Model `HSB' substituted by `hsb' on input line 1369.
Package xcolor Info: Model `Gray' substituted by `gray' on input line 1370.
Package xcolor Info: Model `wave' substituted by `hsb' on input line 1371.
)
Package hyperref Info: Option `colorlinks' set `false' on input line 129.
Package hyperref Info: Option `pdfnewwindow' set `true' on input line 129.
Package hyperref Info: Option `breaklinks' set `true' on input line 129.
\c@theorem=\count305
\c@definition=\count306
\c@problem=\count307
\c@example=\count308
\c@assumption=\count309


LaTeX Warning: Unused global option(s):
    [a4].

([CHB]-06-Approach.aux)
\openout1 = `[CHB]-06-Approach.aux'.

LaTeX Font Info:    Checking defaults for OML/cmm/m/it on input line 249.
LaTeX Font Info:    ... okay on input line 249.
LaTeX Font Info:    Checking defaults for T1/cmr/m/n on input line 249.
LaTeX Font Info:    ... okay on input line 249.
LaTeX Font Info:    Checking defaults for OT1/cmr/m/n on input line 249.
LaTeX Font Info:    ... okay on input line 249.
LaTeX Font Info:    Checking defaults for OMS/cmsy/m/n on input line 249.
LaTeX Font Info:    ... okay on input line 249.
LaTeX Font Info:    Checking defaults for OMX/cmex/m/n on input line 249.
LaTeX Font Info:    ... okay on input line 249.
LaTeX Font Info:    Checking defaults for U/cmr/m/n on input line 249.
LaTeX Font Info:    ... okay on input line 249.
LaTeX Font Info:    Checking defaults for PD1/pdf/m/n on input line 249.
LaTeX Font Info:    ... okay on input line 249.
LaTeX Font Info:    Checking defaults for PU/pdf/m/n on input line 249.
LaTeX Font Info:    ... okay on input line 249.

*geometry* driver: auto-detecting
*geometry* detected driver: pdftex
*geometry* verbose mode - [ preamble ] result:
* driver: pdftex
* paper: <default>
* layout: <same size as paper>
* layoutoffset:(h,v)=(0.0pt,0.0pt)
* modes: twoside 
* h-part:(L,W,R)=(90.3375pt, 469.755pt, 54.2025pt)
* v-part:(T,H,B)=(54.2025pt, 686.56499pt, 54.2025pt)
* \paperwidth=614.295pt
* \paperheight=794.96999pt
* \textwidth=469.755pt
* \textheight=686.56499pt
* \oddsidemargin=18.0675pt
* \evensidemargin=-18.06749pt
* \topmargin=-45.16873pt
* \headheight=12.0pt
* \headsep=15.10124pt
* \topskip=12.0pt
* \footskip=27.10124pt
* \marginparwidth=36.135pt
* \marginparsep=9.03374pt
* \columnsep=10.0pt
* \skip\footins=10.8pt plus 4.0pt minus 2.0pt
* \hoffset=0.0pt
* \voffset=0.0pt
* \mag=1000
* \@twocolumnfalse
* \@twosidetrue
* \@mparswitchtrue
* \@reversemarginfalse
* (1in=72.27pt=25.4mm, 1cm=28.453pt)

("C:\Users\H172461\MiKTeX 2.9\tex\context\base\supp-pdf.mkii"
[Loading MPS to PDF converter (version 2006.09.02).]
\scratchcounter=\count310
\scratchdimen=\dimen196
\scratchbox=\box60
\nofMPsegments=\count311
\nofMParguments=\count312
\everyMPshowfont=\toks35
\MPscratchCnt=\count313
\MPscratchDim=\dimen197
\MPnumerator=\count314
\makeMPintoPDFobject=\count315
\everyMPtoPDFconversion=\toks36
) ("C:\Users\H172461\MiKTeX 2.9\tex\latex\oberdiek\epstopdf-base.sty"
Package: epstopdf-base 2016/05/15 v2.6 Base part for package epstopdf

("C:\Users\H172461\MiKTeX 2.9\tex\latex\oberdiek\grfext.sty"
Package: grfext 2016/05/16 v1.2 Manage graphics extensions (HO)
)
Package epstopdf-base Info: Redefining graphics rule for `.eps' on input line 4
38.
Package grfext Info: Graphics extension search list:
(grfext)             [.pdf,.png,.jpg,.mps,.jpeg,.jbig2,.jb2,.PDF,.PNG,.JPG,.JPE
G,.JBIG2,.JB2,.eps]
(grfext)             \AppendGraphicsExtensions on input line 456.
)
Package caption Info: Begin \AtBeginDocument code.
Package caption Info: hyperref package is loaded.
Package caption Info: End \AtBeginDocument code.
\AtBeginShipoutBox=\box61
Package hyperref Info: Link coloring OFF on input line 249.

("C:\Users\H172461\MiKTeX 2.9\tex\latex\hyperref\nameref.sty"
Package: nameref 2016/05/21 v2.44 Cross-referencing by name of section

("C:\Users\H172461\MiKTeX 2.9\tex\generic\oberdiek\gettitlestring.sty"
Package: gettitlestring 2016/05/16 v1.5 Cleanup title references (HO)
)
\c@section@level=\count316
)
LaTeX Info: Redefining \ref on input line 249.
LaTeX Info: Redefining \pageref on input line 249.
LaTeX Info: Redefining \nameref on input line 249.

([CHB]-06-Approach.out) ([CHB]-06-Approach.out)
\@outlinefile=\write5
\openout5 = `[CHB]-06-Approach.out'.

 (06A01-Approach.tex
Chapter 6.
<./Pics/RE001AvoidanceLevelsBasedOnReactionTime.png, id=220, 2038.61626pt x 539
.01375pt>
File: ./Pics/RE001AvoidanceLevelsBasedOnReactionTime.png Graphic file (type png
)
<use ./Pics/RE001AvoidanceLevelsBasedOnReactionTime.png>
Package pdftex.def Info: ./Pics/RE001AvoidanceLevelsBasedOnReactionTime.png  us
ed on input line 8.
(pdftex.def)             Requested size: 328.82706pt x 86.94305pt.
[1
Non-PDF special ignored!
<special> header=psfrag.pro



{C:/Users/H172461/AppData/Local/MiKTeX/2.9/pdftex/config/pdftex.map} <./Pics/RE
001AvoidanceLevelsBasedOnReactionTime.png>]

LaTeX Warning: Reference `fig:avoidanceConcept' on page 2 undefined on input li
ne 28.


LaTeX Warning: Reference `s:BasicProblemDefinition' on page 2 undefined on inpu
t line 28.


LaTeX Warning: Reference `s:IncrementalProblemDefinition' on page 2 undefined o
n input line 28.

<./Pics/TE037ConceptualSchemeNew.jpg, id=236, 831.5868pt x 449.0376pt>
File: ./Pics/TE037ConceptualSchemeNew.jpg Graphic file (type jpg)
<use ./Pics/TE037ConceptualSchemeNew.jpg>
Package pdftex.def Info: ./Pics/TE037ConceptualSchemeNew.jpg  used on input lin
e 32.
(pdftex.def)             Requested size: 446.26581pt x 240.97615pt.
[2 <./Pics/TE037ConceptualSchemeNew.jpg>] [3]
LaTeX Font Info:    Try loading font information for U+msa on input line 80.

("C:\Users\H172461\MiKTeX 2.9\tex\latex\amsfonts\umsa.fd"
File: umsa.fd 2013/01/14 v3.01 AMS symbols A
)
LaTeX Font Info:    Try loading font information for U+msb on input line 80.

("C:\Users\H172461\MiKTeX 2.9\tex\latex\amsfonts\umsb.fd"
File: umsb.fd 2013/01/14 v3.01 AMS symbols B
))
(06A03-UAS-Model-MA-Implementation.tex [4] [5

]

LaTeX Warning: Reference `def:movementAutomaton' on page 6 undefined on input l
ine 66.


LaTeX Warning: Reference `def:MovementPrimitive' on page 6 undefined on input l
ine 68.


LaTeX Warning: Reference `eq:movementPrimitive' on page 6 undefined on input li
ne 68.


LaTeX Warning: Reference `def:movementTransition' on page 6 undefined on input 
line 74.


LaTeX Warning: Reference `def:Movement' on page 6 undefined on input line 80.

[6] [7]

LaTeX Warning: Reference `def:MovementAutomatonTrajectory' on page 8 undefined 
on input line 178.


LaTeX Warning: Reference `def:MovementBuffer' on page 8 undefined on input line
 178.


LaTeX Warning: Reference `def:movementAutomaton' on page 8 undefined on input l
ine 211.

[8] [9]
Underfull \vbox (badness 1331) has occurred while \output is active []

 [10]
[11]) (06A02-Avoidance-Grid.tex [12]

LaTeX Warning: Reference `eq:basicProblemDefinition' on page 13 undefined on in
put line 8.


LaTeX Warning: Reference `pro:rulesOfTheAir' on page 13 undefined on input line
 8.


LaTeX Warning: Reference `sec:complementsOfAlgebra' on page 13 undefined on inp
ut line 17.

[13

]
<./Pics/TE046LiDARRasterRange.png, id=473, 715.9548pt x 622.4856pt>
File: ./Pics/TE046LiDARRasterRange.png Graphic file (type png)
<use ./Pics/TE046LiDARRasterRange.png>
Package pdftex.def Info: ./Pics/TE046LiDARRasterRange.png  used on input line 7
8.
(pdftex.def)             Requested size: 375.80544pt x 326.74335pt.

Underfull \vbox (badness 10000) has occurred while \output is active []

 [14]

LaTeX Warning: Reference `s:ReachSets' on page 15 undefined on input line 92.

[15 <./Pics/TE046LiDARRasterRange.png>] [16] [17])
(06A06a-Reach-Set-Approximation.tex [18]

LaTeX Warning: Reference `def:MovementAutomatonTrajectory' on page 19 undefined
 on input line 31.

LaTeX Font Info:    Try loading font information for U+eus on input line 31.
("C:\Users\H172461\MiKTeX 2.9\tex\latex\amsfonts\ueus.fd"
File: ueus.fd 2013/01/14 v3.01 Euler Script
)

LaTeX Warning: Reference `def:MovementBuffer' on page 19 undefined on input lin
e 31.

[19

]

LaTeX Warning: Reference `def:ReachSetBasic' on page 20 undefined on input line
 50.

[20]

LaTeX Warning: Reference `s:KnownWorld' on page 21 undefined on input line 89.

) (06A06b-Reach-Set-Performance-Criteria.tex [21] [22] [23] [24])
(06A06c-Contrained-Trajectory-Expansion.tex
<./Pics/RS001RapidExplorationTreeExampleShrink.png, id=664, 808.52063pt x 460.7
2125pt>
File: ./Pics/RS001RapidExplorationTreeExampleShrink.png Graphic file (type png)

<use ./Pics/RS001RapidExplorationTreeExampleShrink.png>
Package pdftex.def Info: ./Pics/RS001RapidExplorationTreeExampleShrink.png  use
d on input line 11.
(pdftex.def)             Requested size: 422.77663pt x 240.91212pt.
 [25 <./Pics/RS001RapidExplorationTreeExampleShrink.png>]
Underfull \hbox (badness 1142) in paragraph at lines 38--39
[]\OT1/cmr/m/it/12 Reach Set \OT1/cmr/m/n/12 - tree con-sist-ing from \OT1/cmr/
m/it/12 Wave-frontNodes \OT1/cmr/m/n/12 rep-re-sent-ing the end point
 []


Underfull \hbox (badness 1348) in paragraph at lines 38--39
\OT1/cmr/m/n/12 of $\OML/cmm/m/it/12 Trajectory\OT1/cmr/m/n/12 (\OML/cmm/m/it/1
2 initialState; buffer\OT1/cmr/m/n/12 )$ where each \OT1/cmr/m/it/12 Edge \OT1/
cmr/m/n/12 rep-re-sents \OT1/cmr/m/it/12 one Move-ment
 []

[26]
Underfull \hbox (badness 2080) in paragraph at lines 45--46
[]\OT1/cmr/m/it/12 Selection of Fea-si-ble can-di-dates \OT1/cmr/m/n/12 - func-
tion \OT1/cmr/m/it/12 [can-di-dates,leftovers] = Ex-pan-sion-
 []


Underfull \vbox (badness 10000) has occurred while \output is active []

 [27])
(06A06e-Reach-Set-Approximations.tex [28] [29] [30]
<./Pics/RS002ChaoticReachSetEstimationMethod.png, id=747, 384.6872pt x 298.1137
5pt>
File: ./Pics/RS002ChaoticReachSetEstimationMethod.png Graphic file (type png)
<use ./Pics/RS002ChaoticReachSetEstimationMethod.png>
Package pdftex.def Info: ./Pics/RS002ChaoticReachSetEstimationMethod.png  used 
on input line 76.
(pdftex.def)             Requested size: 328.82706pt x 254.8444pt.
 [31 <./Pics/RS002ChaoticReachSetEstimationMethod.png>] [32]
Underfull \vbox (badness 10000) has occurred while \output is active []

 [33]
[34]
<./Pics/RS003HarmonicReachSetEstimationMethod.png, id=797, 389.95688pt x 295.10
25pt>
File: ./Pics/RS003HarmonicReachSetEstimationMethod.png Graphic file (type png)
<use ./Pics/RS003HarmonicReachSetEstimationMethod.png>
Package pdftex.def Info: ./Pics/RS003HarmonicReachSetEstimationMethod.png  used
 on input line 196.
(pdftex.def)             Requested size: 328.82706pt x 248.85251pt.
 [35 <./Pics/RS003HarmonicReachSetEstimationMethod.png>]
LaTeX Font Info:    Try loading font information for OMS+cmr on input line 284.


("C:\Users\H172461\MiKTeX 2.9\tex\latex\base\omscmr.fd"
File: omscmr.fd 2014/09/29 v2.5h Standard LaTeX font definitions
)
LaTeX Font Info:    Font shape `OMS/cmr/m/it' in size <12> not available
(Font)              Font shape `OMS/cmsy/m/n' tried instead on input line 284.
 [36]
Underfull \vbox (badness 10000) has occurred while \output is active []

 [37]
<./Pics/RS004CombinedReachSetEstimationMethod.png, id=840, 403.5075pt x 296.608
12pt>
File: ./Pics/RS004CombinedReachSetEstimationMethod.png Graphic file (type png)
<use ./Pics/RS004CombinedReachSetEstimationMethod.png>
Package pdftex.def Info: ./Pics/RS004CombinedReachSetEstimationMethod.png  used
 on input line 361.
(pdftex.def)             Requested size: 328.82706pt x 241.7131pt.

Underfull \vbox (badness 6542) has occurred while \output is active []

 [38]
[39 <./Pics/RS004CombinedReachSetEstimationMethod.png>] [40]
Underfull \vbox (badness 10000) has occurred while \output is active []

 [41]
<./Pics/RS005ACASLikeReachSetEstimationMethodFull.png, id=902, 386.6445pt x 295
.70474pt>
File: ./Pics/RS005ACASLikeReachSetEstimationMethodFull.png Graphic file (type p
ng)
<use ./Pics/RS005ACASLikeReachSetEstimationMethodFull.png>
Package pdftex.def Info: ./Pics/RS005ACASLikeReachSetEstimationMethodFull.png  
used on input line 511.
(pdftex.def)             Requested size: 202.93097pt x 155.20218pt.
<./Pics/RS006ACASLikeReachSetEstimationMethodHorizontalVertical.png, id=903, 38
6.6445pt x 295.70474pt>
File: ./Pics/RS006ACASLikeReachSetEstimationMethodHorizontalVertical.png Graphi
c file (type png)
<use ./Pics/RS006ACASLikeReachSetEstimationMethodHorizontalVertical.png>
Package pdftex.def Info: ./Pics/RS006ACASLikeReachSetEstimationMethodHorizontal
Vertical.png  used on input line 516.
(pdftex.def)             Requested size: 202.93097pt x 155.20218pt.
<./Pics/RS008ACASLikeReachSetEstimationMethodHorizontal.png, id=904, 386.6445pt
 x 295.70474pt>
File: ./Pics/RS008ACASLikeReachSetEstimationMethodHorizontal.png Graphic file (
type png)
<use ./Pics/RS008ACASLikeReachSetEstimationMethodHorizontal.png>
Package pdftex.def Info: ./Pics/RS008ACASLikeReachSetEstimationMethodHorizontal
.png  used on input line 522.
(pdftex.def)             Requested size: 202.93097pt x 155.20218pt.
<./Pics/RS009CASLikeReachSetEstimationMethodVertical.png, id=905, 386.6445pt x 
295.70474pt>
File: ./Pics/RS009CASLikeReachSetEstimationMethodVertical.png Graphic file (typ
e png)
<use ./Pics/RS009CASLikeReachSetEstimationMethodVertical.png>
Package pdftex.def Info: ./Pics/RS009CASLikeReachSetEstimationMethodVertical.pn
g  used on input line 527.
(pdftex.def)             Requested size: 202.93097pt x 155.20218pt.

Underfull \vbox (badness 10000) has occurred while \output is active []

 [42])
(06A04-Static-Obstace-Constraints.tex [43 <./Pics/RS005ACASLikeReachSetEstimati
onMethodFull.png> <./Pics/RS006ACASLikeReachSetEstimationMethodHorizontalVertic
al.png> <./Pics/RS008ACASLikeReachSetEstimationMethodHorizontal.png> <./Pics/RS
009CASLikeReachSetEstimationMethodVertical.png>] [44

]
<./Pics/TE051CountOfLiDARHits.jpg, id=937, 570.63188pt x 505.13719pt>
File: ./Pics/TE051CountOfLiDARHits.jpg Graphic file (type jpg)
<use ./Pics/TE051CountOfLiDARHits.jpg>
Package pdftex.def Info: ./Pics/TE051CountOfLiDARHits.jpg  used on input line 2
2.
(pdftex.def)             Requested size: 328.82706pt x 291.08366pt.

Underfull \vbox (badness 10000) has occurred while \output is active []

 [45]
<./Pics/TE053OvershadowedMapobstacle.jpg, id=951, 570.63188pt x 501.37312pt>
File: ./Pics/TE053OvershadowedMapobstacle.jpg Graphic file (type jpg)
<use ./Pics/TE053OvershadowedMapobstacle.jpg>
Package pdftex.def Info: ./Pics/TE053OvershadowedMapobstacle.jpg  used on input
 line 36.
(pdftex.def)             Requested size: 328.82706pt x 288.91463pt.

[46 <./Pics/TE051CountOfLiDARHits.jpg>]) (06A04a-Detected-Obstacles.tex
[47 <./Pics/TE053OvershadowedMapobstacle.jpg>]

LaTeX Warning: Reference `eq:finalCellSquare' on page 48 undefined on input lin
e 63.


Underfull \vbox (badness 4353) has occurred while \output is active []

 [48]

LaTeX Warning: Reference `eq:finalCellSquare' on page 49 undefined on input lin
e 69.

[49]
<./Pics/TE006VisibilityFirstObstacle.png, id=1006, 1110.549pt x 751.608pt>
File: ./Pics/TE006VisibilityFirstObstacle.png Graphic file (type png)
<use ./Pics/TE006VisibilityFirstObstacle.png>
Package pdftex.def Info: ./Pics/TE006VisibilityFirstObstacle.png  used on input
 line 142.
(pdftex.def)             Requested size: 135.2916pt x 91.55383pt.
<./Pics/TE007VisibilitySecondObstacle.png, id=1007, 1110.549pt x 751.608pt>
File: ./Pics/TE007VisibilitySecondObstacle.png Graphic file (type png)
<use ./Pics/TE007VisibilitySecondObstacle.png>
Package pdftex.def Info: ./Pics/TE007VisibilitySecondObstacle.png  used on inpu
t line 147.
(pdftex.def)             Requested size: 135.2916pt x 91.55383pt.
<./Pics/TE008VisibilityThirdObstacle.png, id=1008, 1110.549pt x 751.608pt>
File: ./Pics/TE008VisibilityThirdObstacle.png Graphic file (type png)
<use ./Pics/TE008VisibilityThirdObstacle.png>
Package pdftex.def Info: ./Pics/TE008VisibilityThirdObstacle.png  used on input
 line 152.
(pdftex.def)             Requested size: 135.2916pt x 91.55383pt.

Underfull \vbox (badness 6284) has occurred while \output is active []

 [50])
(06A04b-Map-Obstacles.tex [51 <./Pics/TE006VisibilityFirstObstacle.png> <./Pics
/TE007VisibilitySecondObstacle.png> <./Pics/TE008VisibilityThirdObstacle.png>]
<./Pics/TE009MapObstacleUndetected.png, id=1045, 1086.459pt x 754.017pt>
File: ./Pics/TE009MapObstacleUndetected.png Graphic file (type png)
<use ./Pics/TE009MapObstacleUndetected.png>
Package pdftex.def Info: ./Pics/TE009MapObstacleUndetected.png  used on input l
ine 17.
(pdftex.def)             Requested size: 135.2916pt x 93.88371pt.
<./Pics/TE010MapObstacleDetected.png, id=1046, 1358.07375pt x 942.52126pt>
File: ./Pics/TE010MapObstacleDetected.png Graphic file (type png)
<use ./Pics/TE010MapObstacleDetected.png>
Package pdftex.def Info: ./Pics/TE010MapObstacleDetected.png  used on input lin
e 22.
(pdftex.def)             Requested size: 135.2916pt x 93.88371pt.
<./Pics/TE011MapObstacleHiden.png, id=1047, 1086.459pt x 754.017pt>
File: ./Pics/TE011MapObstacleHiden.png Graphic file (type png)
<use ./Pics/TE011MapObstacleHiden.png>
Package pdftex.def Info: ./Pics/TE011MapObstacleHiden.png  used on input line 2
7.
(pdftex.def)             Requested size: 135.2916pt x 93.88371pt.
<./Pics/TE054ExtractedMapObstaclesExample.png, id=1052, 578.16pt x 433.62pt>
File: ./Pics/TE054ExtractedMapObstaclesExample.png Graphic file (type png)
<use ./Pics/TE054ExtractedMapObstaclesExample.png>
Package pdftex.def Info: ./Pics/TE054ExtractedMapObstaclesExample.png  used on 
input line 62.
(pdftex.def)             Requested size: 328.82706pt x 246.61679pt.

Underfull \vbox (badness 10000) has occurred while \output is active []

 [52 <./Pics/TE009MapObstacleUndetected.png> <./Pics/TE010MapObstacleDetected.p
ng> <./Pics/TE011MapObstacleHiden.png>] [53 <./Pics/TE054ExtractedMapObstaclesE
xample.png (PNG copy)>] [54]) (06A04c-Static-Contraints.tex

LaTeX Warning: Reference `sec:WellClear' on page 55 undefined on input line 8.


LaTeX Warning: Reference `sec:WeatherImpact' on page 55 undefined on input line
 8.

[55]
Underfull \hbox (badness 10000) detected at line 23
 []$[]  \OML/cmm/m/it/12 constraint \OT1/cmr/m/n/12 = \OMS/cmsy/m/n/12 f\OML/cm
m/m/it/12 position; boundary; altitude[]; altitude[]; safetyMargin\OMS/cmsy/m/n
/12 g$ [][][]  
 []

[56] [57]) (06A05-Moving-Obstacles-Intruders.tex [58]
<./Pics/TE052AdversaryProbabilitySpread.jpg, id=1150, 567.62062pt x 493.845pt>
File: ./Pics/TE052AdversaryProbabilitySpread.jpg Graphic file (type jpg)
<use ./Pics/TE052AdversaryProbabilitySpread.jpg>
Package pdftex.def Info: ./Pics/TE052AdversaryProbabilitySpread.jpg  used on in
put line 18.
(pdftex.def)             Requested size: 328.82706pt x 286.09872pt.
 [59

 <./Pics/TE052AdversaryProbabilitySpread.jpg>]) (06A05a-Intruder-Behaviour-Pred
iction.tex [60]
[61] [62]) (06A05b-Linear-Intersection-Model.tex)
(06A05c-Body-Volume-Intersection.tex [63])
(06A05d-Manuevurability-Uncertainty-Intersection.tex [64]
<./Pics/TE014ElipticConeIOnePoint.png, id=1268, 763.35187pt x 560.0925pt>
File: ./Pics/TE014ElipticConeIOnePoint.png Graphic file (type png)
<use ./Pics/TE014ElipticConeIOnePoint.png>
Package pdftex.def Info: ./Pics/TE014ElipticConeIOnePoint.png  used on input li
ne 34.
(pdftex.def)             Requested size: 328.82706pt x 241.27094pt.

Underfull \vbox (badness 3312) has occurred while \output is active []

 [65]
<./Pics/TE015ProbabilisticDistributionOfEllipsoidCutSideForTE016.png, id=1283, 
1623.666pt x 760.0395pt>
File: ./Pics/TE015ProbabilisticDistributionOfEllipsoidCutSideForTE016.png Graph
ic file (type png)
<use ./Pics/TE015ProbabilisticDistributionOfEllipsoidCutSideForTE016.png>
Package pdftex.def Info: ./Pics/TE015ProbabilisticDistributionOfEllipsoidCutSid
eForTE016.png  used on input line 52.
(pdftex.def)             Requested size: 422.77663pt x 197.89554pt.

Underfull \vbox (badness 10000) has occurred while \output is active []

 [66 <./Pics/TE014ElipticConeIOnePoint.png>] [67 <./Pics/TE015ProbabilisticDist
ributionOfEllipsoidCutSideForTE016.png>]
<./Pics/TE013ElipticConeIntersecitonExample.png, id=1315, 467.346pt x 342.68025
pt>
File: ./Pics/TE013ElipticConeIntersecitonExample.png Graphic file (type png)
<use ./Pics/TE013ElipticConeIntersecitonExample.png>
Package pdftex.def Info: ./Pics/TE013ElipticConeIntersecitonExample.png  used o
n input line 99.
(pdftex.def)             Requested size: 328.82706pt x 241.10855pt.
 [68 <./Pics/TE013ElipticConeIntersecitonExample.png>] [69]
<./Pics/TE016EllipsoidCutTimeOfArrival.png, id=1346, 2701.09125pt x 1264.725pt>

File: ./Pics/TE016EllipsoidCutTimeOfArrival.png Graphic file (type png)
<use ./Pics/TE016EllipsoidCutTimeOfArrival.png>
Package pdftex.def Info: ./Pics/TE016EllipsoidCutTimeOfArrival.png  used on inp
ut line 158.
(pdftex.def)             Requested size: 328.82706pt x 153.96043pt.
 [70 <./Pics/TE016EllipsoidCutTimeOfArrival.png>] [71] [72])
(06A05e-Moving-Contraints.tex [73]

LaTeX Warning: Reference `s:testStorm' on page 74 undefined on input line 46.

) (06A07-Avodiance-Concept.tex [74]) (06A07d-Data-Fusion.tex

LaTeX Warning: Reference `eq:DataFusionFunction' on page 75 undefined on input 
line 3.

[75

] [76] [77]
Underfull \vbox (badness 10000) has occurred while \output is active []

 [78]

LaTeX Warning: Reference `eq:DataFusionFunction' on page 79 undefined on input 
line 132.


Underfull \vbox (badness 7649) has occurred while \output is active []

 [79])
(06A07a-Avoidance-Grid-Run.tex
<./Pics/CA001ObstacleDetection.png, id=1515, 1069.596pt x 780.516pt>
File: ./Pics/CA001ObstacleDetection.png Graphic file (type png)
<use ./Pics/CA001ObstacleDetection.png>
Package pdftex.def Info: ./Pics/CA001ObstacleDetection.png  used on input line 
11.
(pdftex.def)             Requested size: 202.93097pt x 148.0852pt.
<./Pics/CA002UncertainityAssesment.png, id=1516, 1069.596pt x 780.516pt>
File: ./Pics/CA002UncertainityAssesment.png Graphic file (type png)
<use ./Pics/CA002UncertainityAssesment.png>
Package pdftex.def Info: ./Pics/CA002UncertainityAssesment.png  used on input l
ine 16.
(pdftex.def)             Requested size: 202.93097pt x 148.0852pt.
<./Pics/CA003SurveyOfVacantSpace.png, id=1517, 1069.596pt x 780.516pt>
File: ./Pics/CA003SurveyOfVacantSpace.png Graphic file (type png)
<use ./Pics/CA003SurveyOfVacantSpace.png>
Package pdftex.def Info: ./Pics/CA003SurveyOfVacantSpace.png  used on input lin
e 22.
(pdftex.def)             Requested size: 202.93097pt x 148.0852pt.
<./Pics/CA004ReachableSpaceAssesment.png, id=1518, 1336.995pt x 975.645pt>
File: ./Pics/CA004ReachableSpaceAssesment.png Graphic file (type png)
<use ./Pics/CA004ReachableSpaceAssesment.png>
Package pdftex.def Info: ./Pics/CA004ReachableSpaceAssesment.png  used on input
 line 27.
(pdftex.def)             Requested size: 202.93097pt x 148.08223pt.

Underfull \vbox (badness 10000) has occurred while \output is active []

 [80]
[81 <./Pics/CA001ObstacleDetection.png> <./Pics/CA002UncertainityAssesment.png>
 <./Pics/CA003SurveyOfVacantSpace.png> <./Pics/CA004ReachableSpaceAssesment.png
>]
Underfull \hbox (badness 5878) in paragraph at lines 52--52
[][]\OT1/cmr/m/n/10 Avoidance Run Func-tion Im-ple-men-ta-tion: []$\OT1/cmtt/m/
n/10 RuleEngine / MissionControl / MissionControl . m ::
 []


Underfull \vbox (badness 1571) has occurred while \output is active []

 [82]
Overfull \vbox (57.68857pt too high) has occurred while \output is active []


[83]
<./Pics/TE038AvoidanceRunExample.png, id=1594, 217.7736pt x 198.9834pt>
File: ./Pics/TE038AvoidanceRunExample.png Graphic file (type png)
<use ./Pics/TE038AvoidanceRunExample.png>
Package pdftex.def Info: ./Pics/TE038AvoidanceRunExample.png  used on input lin
e 141.
(pdftex.def)             Requested size: 352.31625pt x 321.95055pt.
 [84 <./Pics/TE038AvoidanceRunExample.png>]
<./Pics/TE040Visibility.png, id=1606, 500.1084pt x 410.4936pt>
File: ./Pics/TE040Visibility.png Graphic file (type png)
<use ./Pics/TE040Visibility.png>
Package pdftex.def Info: ./Pics/TE040Visibility.png  used on input line 161.
(pdftex.def)             Requested size: 446.26581pt x 366.30275pt.
<./Pics/TE041Reachibility.png, id=1608, 491.436pt x 402.303pt>
File: ./Pics/TE041Reachibility.png Graphic file (type png)
<use ./Pics/TE041Reachibility.png>
Package pdftex.def Info: ./Pics/TE041Reachibility.png  used on input line 184.
(pdftex.def)             Requested size: 446.26581pt x 365.34123pt.
 [85 <./Pics/TE040Visibility.png>]) (06A07b-Mission-Control-Run.tex

LaTeX Warning: Reference `eq:movementChaining' on page 86 undefined on input li
ne 4.

[86 <./Pics/TE041Reachibility.png>]
<./Pics/CA005PathCalculation.png, id=1633, 1063.5735pt x 809.424pt>
File: ./Pics/CA005PathCalculation.png Graphic file (type png)
<use ./Pics/CA005PathCalculation.png>
Package pdftex.def Info: ./Pics/CA005PathCalculation.png  used on input line 26
.
(pdftex.def)             Requested size: 202.93097pt x 154.4344pt.
<./Pics/CA006FieldOfViewZones.png, id=1634, 1069.596pt x 809.424pt>
File: ./Pics/CA006FieldOfViewZones.png Graphic file (type png)
<use ./Pics/CA006FieldOfViewZones.png>
Package pdftex.def Info: ./Pics/CA006FieldOfViewZones.png  used on input line 3
2.
(pdftex.def)             Requested size: 202.93097pt x 153.56984pt.
 [87 <./Pics/CA005PathCalculation.png> <./Pics/CA006FieldOfViewZones.png>]
<./Pics/TE042MissionExample.png, id=1655, 1186.4325pt x 775.39688pt>
File: ./Pics/TE042MissionExample.png Graphic file (type png)
<use ./Pics/TE042MissionExample.png>
Package pdftex.def Info: ./Pics/TE042MissionExample.png  used on input line 58.

(pdftex.def)             Requested size: 202.93097pt x 132.62027pt.
<./Pics/TE043AllDecisionDecisionPoint.png, id=1656, 1186.4325pt x 775.39688pt>
File: ./Pics/TE043AllDecisionDecisionPoint.png Graphic file (type png)
<use ./Pics/TE043AllDecisionDecisionPoint.png>
Package pdftex.def Info: ./Pics/TE043AllDecisionDecisionPoint.png  used on inpu
t line 64.
(pdftex.def)             Requested size: 202.93097pt x 132.62027pt.
<./Pics/TE044WaypointReach.png, id=1657, 379.6584pt x 248.127pt>
File: ./Pics/TE044WaypointReach.png Graphic file (type png)
<use ./Pics/TE044WaypointReach.png>
Package pdftex.def Info: ./Pics/TE044WaypointReach.png  used on input line 72.
(pdftex.def)             Requested size: 202.93097pt x 132.62357pt.
<./Pics/TE045NewWaypointSetup.png, id=1658, 1186.4325pt x 775.39688pt>
File: ./Pics/TE045NewWaypointSetup.png Graphic file (type png)
<use ./Pics/TE045NewWaypointSetup.png>
Package pdftex.def Info: ./Pics/TE045NewWaypointSetup.png  used on input line 7
8.
(pdftex.def)             Requested size: 202.93097pt x 132.62027pt.
 [88 <./Pics/TE042MissionExample.png> <./Pics/TE043AllDecisionDecisionPoint.png
> <./Pics/TE044WaypointReach.png> <./Pics/TE045NewWaypointSetup.png>]
<./Pics/TE026AvoidanceAlgorithmMainLoopRun.png, id=1684, 2127.95pt x 1644.1425p
t>
File: ./Pics/TE026AvoidanceAlgorithmMainLoopRun.png Graphic file (type png)
<use ./Pics/TE026AvoidanceAlgorithmMainLoopRun.png>
Package pdftex.def Info: ./Pics/TE026AvoidanceAlgorithmMainLoopRun.png  used on
 input line 102.
(pdftex.def)             Requested size: 469.755pt x 362.94176pt.
 [89 <./Pics/TE026AvoidanceAlgorithmMainLoopRun.png>]

LaTeX Warning: Reference `eq:rulesOfTheAir' on page 90 undefined on input line 
146.

[90]

LaTeX Warning: Reference `s:mission' on page 91 undefined on input line 194.

[91] [92]

LaTeX Warning: Reference `s:mission' on page 93 undefined on input line 292.


LaTeX Warning: Reference `ass:reachableWaypoints' on page 93 undefined on input
 line 294.

[93] [94] [95]

LaTeX Warning: Reference `ass:reachableWaypoints' on page 96 undefined on input
 line 389.

[96]) (06A07e-Calculation-Complexity.tex [97] [98]

LaTeX Warning: Reference `fig:emergencyHeadOnMultipleComputationTime' on page 9
9 undefined on input line 59.

[99]

LaTeX Warning: Reference `tab:computationLoadStatistics' on page 100 undefined 
on input line 103.

) (06A07c-Safety-Margin-Calculation.tex [100])
(06A08a-UAS-Traffic-Management.tex [101] [102

]) (06A08b-Architecture.tex
[103]
<./Pics/RE002UTMCommunicationDiagram.png, id=1904, 635.0124pt x 348.8232pt>
File: ./Pics/RE002UTMCommunicationDiagram.png Graphic file (type png)
<use ./Pics/RE002UTMCommunicationDiagram.png>
Package pdftex.def Info: ./Pics/RE002UTMCommunicationDiagram.png  used on input
 line 29.
(pdftex.def)             Requested size: 328.82706pt x 180.63329pt.
) (06A08f-Cooperative-Resolution.tex [104 <./Pics/RE002UTMCommunicationDiagram.
png>]
<./Pics/RE003CooperativeResolution.png, id=1925, 620.5584pt x 423.984pt>
File: ./Pics/RE003CooperativeResolution.png Graphic file (type png)
<use ./Pics/RE003CooperativeResolution.png>
Package pdftex.def Info: ./Pics/RE003CooperativeResolution.png  used on input l
ine 14.
(pdftex.def)             Requested size: 328.82706pt x 224.67162pt.
 [105 <./Pics/RE003CooperativeResolution.png>])
(06A08g-Non-Cooperative-Resolution.tex [106]
<./Pics/RE004NonCooperativeResolution.png, id=1957, 659.1024pt x 422.0568pt>
File: ./Pics/RE004NonCooperativeResolution.png Graphic file (type png)
<use ./Pics/RE004NonCooperativeResolution.png>
Package pdftex.def Info: ./Pics/RE004NonCooperativeResolution.png  used on inpu
t line 46.
(pdftex.def)             Requested size: 328.82706pt x 210.56418pt.
 [107 <./Pics/RE004NonCooperativeResolution.png>]

LaTeX Warning: Reference `s:testEmergencyMixed' on page 108 undefined on input 
line 61.

) (06A08h-Collision-Case-Resolution.tex
<./Pics/RE008HeadOnApproach01.png, id=1978, 644.6484pt x 328.5876pt>
File: ./Pics/RE008HeadOnApproach01.png Graphic file (type png)
<use ./Pics/RE008HeadOnApproach01.png>
Package pdftex.def Info: ./Pics/RE008HeadOnApproach01.png  used on input line 2
3.
(pdftex.def)             Requested size: 186.37273pt x 94.99715pt.
<./Pics/RE009HeadOnApproach02.png, id=1979, 686.0832pt x 410.4936pt>
File: ./Pics/RE009HeadOnApproach02.png Graphic file (type png)
<use ./Pics/RE009HeadOnApproach02.png>
Package pdftex.def Info: ./Pics/RE009HeadOnApproach02.png  used on input line 2
9.
(pdftex.def)             Requested size: 158.76941pt x 94.99405pt.
 [108 <./Pics/RE008HeadOnApproach01.png> <./Pics/RE009HeadOnApproach02.png>] [1
09]
<./Pics/RE005ConvergingManeuver01.png, id=2022, 487.5816pt x 418.2024pt>
File: ./Pics/RE005ConvergingManeuver01.png Graphic file (type png)
<use ./Pics/RE005ConvergingManeuver01.png>
Package pdftex.def Info: ./Pics/RE005ConvergingManeuver01.png  used on input li
ne 95.
(pdftex.def)             Requested size: 122.4159pt x 104.99702pt.
<./Pics/RE006ConvergingManuever02.png, id=2023, 493.3632pt x 418.2024pt>
File: ./Pics/RE006ConvergingManuever02.png Graphic file (type png)
<use ./Pics/RE006ConvergingManuever02.png>
Package pdftex.def Info: ./Pics/RE006ConvergingManuever02.png  used on input li
ne 101.
(pdftex.def)             Requested size: 123.86746pt x 104.99702pt.
<./Pics/RE007ConvergingManuever03.png, id=2024, 429.7656pt x 359.4228pt>
File: ./Pics/RE007ConvergingManuever03.png Graphic file (type png)
<use ./Pics/RE007ConvergingManuever03.png>
Package pdftex.def Info: ./Pics/RE007ConvergingManuever03.png  used on input li
ne 107.
(pdftex.def)             Requested size: 125.5469pt x 104.99774pt.
 [110 <./Pics/RE005ConvergingManeuver01.png> <./Pics/RE006ConvergingManuever02.
png> <./Pics/RE007ConvergingManuever03.png>]
<./Pics/RE010OvertakeMAnuever01.png, id=2049, 384.4764pt x 446.1468pt>
File: ./Pics/RE010OvertakeMAnuever01.png Graphic file (type png)
<use ./Pics/RE010OvertakeMAnuever01.png>
Package pdftex.def Info: ./Pics/RE010OvertakeMAnuever01.png  used on input line
 159.
(pdftex.def)             Requested size: 122.37202pt x 142.00063pt.
<./Pics/RE011OvertakeMAnuever02.png, id=2050, 291.9708pt x 444.2196pt>
File: ./Pics/RE011OvertakeMAnuever02.png Graphic file (type png)
<use ./Pics/RE011OvertakeMAnuever02.png>
Package pdftex.def Info: ./Pics/RE011OvertakeMAnuever02.png  used on input line
 164.
(pdftex.def)             Requested size: 93.33455pt x 142.00406pt.
<./Pics/RE012OvertakeMAnuever03.png, id=2051, 405.6756pt x 437.4744pt>
File: ./Pics/RE012OvertakeMAnuever03.png Graphic file (type png)
<use ./Pics/RE012OvertakeMAnuever03.png>
Package pdftex.def Info: ./Pics/RE012OvertakeMAnuever03.png  used on input line
 169.
(pdftex.def)             Requested size: 131.67587pt x 141.99725pt.

Underfull \vbox (badness 1983) has occurred while \output is active []

 [111])
(06A08c-Position-Notification.tex [112 <./Pics/RE010OvertakeMAnuever01.png> <./
Pics/RE011OvertakeMAnuever02.png> <./Pics/RE012OvertakeMAnuever03.png>]
[113] [114]) (06A08d-Collision-Case.tex [115] [116] [117] [118] [119] [120]
[121] [122]) (06A08e-Weather-Case.tex

LaTeX Warning: Reference `eq:weatherProjection' on page 123 undefined on input 
line 2.

[123] [124]) (06A09-Rule-Engine.tex [125] [126

])
(06A09a-Rule-Engine-Architecture.tex [127]
<./Pics/RE013RuleEngineBasicArchitecture.png, id=2339, 646.5756pt x 435.5472pt>

File: ./Pics/RE013RuleEngineBasicArchitecture.png Graphic file (type png)
<use ./Pics/RE013RuleEngineBasicArchitecture.png>
Package pdftex.def Info: ./Pics/RE013RuleEngineBasicArchitecture.png  used on i
nput line 27.
(pdftex.def)             Requested size: 328.82706pt x 221.50804pt.
 [128 <./Pics/RE013RuleEngineBasicArchitecture.png>]) (06A09b-Rule-Implementati
on.tex
<./Pics/RE014RuleEngineInstanceLevels.png, id=2357, 2125.9425pt x 1355.0625pt>
File: ./Pics/RE014RuleEngineInstanceLevels.png Graphic file (type png)
<use ./Pics/RE014RuleEngineInstanceLevels.png>
Package pdftex.def Info: ./Pics/RE014RuleEngineInstanceLevels.png  used on inpu
t line 7.
(pdftex.def)             Requested size: 328.82706pt x 209.57764pt.
 [129 <./Pics/RE014RuleEngineInstanceLevels.png>]) (06A09c-Rule-Definition.tex 
[130]
LaTeX Font Info:    Font shape `OMS/cmr/m/n' in size <12> not available
(Font)              Font shape `OMS/cmsy/m/n' tried instead on input line 30.
 [131]
Underfull \hbox (badness 10000) in paragraph at lines 97--97

 []


Underfull \vbox (badness 10000) detected at line 97
 []

[132]
Underfull \hbox (badness 10000) in paragraph at lines 143--143

 []


Underfull \hbox (badness 10000) in paragraph at lines 143--143
[]\OT1/cmr/m/n/12 Active merged col-li-sion
 []


Underfull \hbox (badness 1194) in paragraph at lines 143--143
\OT1/cmr/m/n/12 case, Res-o-lu-tion man-date
 []


Underfull \vbox (badness 10000) detected at line 143
 []

[133]
Underfull \hbox (badness 10000) in paragraph at lines 207--207

 []


Underfull \vbox (badness 10000) detected at line 207
 []

[134] [135]
Underfull \hbox (badness 10000) in paragraph at lines 271--271

 []


Underfull \vbox (badness 10000) detected at line 271
 []

[136]
Underfull \hbox (badness 10000) in paragraph at lines 309--309

 []


Underfull \vbox (badness 10000) detected at line 309
 []


Underfull \vbox (badness 3668) has occurred while \output is active []

 [137]
Underfull \vbox (badness 10000) has occurred while \output is active []

 [138]
Underfull \hbox (badness 10000) in paragraph at lines 425--425

 []


Underfull \hbox (badness 1057) in paragraph at lines 425--425
\OT1/cmr/m/it/12 Divergence Way-point \OT1/cmr/m/n/12 ([]6.189[]): way-point to
 di-verge from orig-i-nal UAS path to
 []


Underfull \hbox (badness 10000) in paragraph at lines 425--425

 []


Underfull \hbox (badness 10000) in paragraph at lines 425--425

 []


Underfull \vbox (badness 10000) detected at line 425
 []


Underfull \vbox (badness 10000) has occurred while \output is active []

 [139]
Overfull \hbox (22.48628pt too wide) in paragraph at lines 436--438
\OT1/cmr/m/n/12 The prop-er-ties of these three points guar-an-tees that $\OML/
cmm/m/it/12 scale:usasPosition \OMS/cmsy/m/n/12 6\OT1/cmr/m/n/12 = \OML/cmm/m/i
t/12 scale:collisionPoint \OMS/cmsy/m/n/12 6\OT1/cmr/m/n/12 =
 []

<./Pics/RE016RightPlaneHeadin01.png, id=2566, 825.0825pt x 516.42938pt>
File: ./Pics/RE016RightPlaneHeadin01.png Graphic file (type png)
<use ./Pics/RE016RightPlaneHeadin01.png>
Package pdftex.def Info: ./Pics/RE016RightPlaneHeadin01.png  used on input line
 463.
(pdftex.def)             Requested size: 135.28922pt x 84.6792pt.
<./Pics/RE17RightPlaneHeading02.png, id=2567, 837.1275pt x 515.67656pt>
File: ./Pics/RE17RightPlaneHeading02.png Graphic file (type png)
<use ./Pics/RE17RightPlaneHeading02.png>
Package pdftex.def Info: ./Pics/RE17RightPlaneHeading02.png  used on input line
 469.
(pdftex.def)             Requested size: 135.28435pt x 83.33614pt.
<./Pics/RE018RightPlaneHeading03.png, id=2568, 889.82437pt x 514.92375pt>
File: ./Pics/RE018RightPlaneHeading03.png Graphic file (type png)
<use ./Pics/RE018RightPlaneHeading03.png>
Package pdftex.def Info: ./Pics/RE018RightPlaneHeading03.png  used on input lin
e 475.
(pdftex.def)             Requested size: 135.2873pt x 78.28807pt.
<./Pics/RE019RightPlaneHeading04.png, id=2569, 919.93687pt x 511.9125pt>
File: ./Pics/RE019RightPlaneHeading04.png Graphic file (type png)
<use ./Pics/RE019RightPlaneHeading04.png>
Package pdftex.def Info: ./Pics/RE019RightPlaneHeading04.png  used on input lin
e 482.
(pdftex.def)             Requested size: 135.28944pt x 75.28381pt.
<./Pics/RE020RightPlaneHeading05.png, id=2570, 907.89188pt x 516.42938pt>
File: ./Pics/RE020RightPlaneHeading05.png Graphic file (type png)
<use ./Pics/RE020RightPlaneHeading05.png>
Package pdftex.def Info: ./Pics/RE020RightPlaneHeading05.png  used on input lin
e 488.
(pdftex.def)             Requested size: 135.29129pt x 76.95673pt.
<./Pics/RE021RightPlaneHeading07.png, id=2571, 870.25125pt x 516.42938pt>
File: ./Pics/RE021RightPlaneHeading07.png Graphic file (type png)
<use ./Pics/RE021RightPlaneHeading07.png>
Package pdftex.def Info: ./Pics/RE021RightPlaneHeading07.png  used on input lin
e 494.
(pdftex.def)             Requested size: 135.28592pt x 80.28212pt.
[140]
Underfull \hbox (badness 10000) in paragraph at lines 536--536

 []


Underfull \vbox (badness 10000) detected at line 536
 []

[141 <./Pics/RE016RightPlaneHeadin01.png> <./Pics/RE17RightPlaneHeading02.png> 
<./Pics/RE018RightPlaneHeading03.png> <./Pics/RE019RightPlaneHeading04.png> <./
Pics/RE020RightPlaneHeading05.png> <./Pics/RE021RightPlaneHeading07.png>]
<./Pics/RE023EnforceSafetyMargin01.png, id=2602, 702.2235pt x 431.211pt>
File: ./Pics/RE023EnforceSafetyMargin01.png Graphic file (type png)
<use ./Pics/RE023EnforceSafetyMargin01.png>
Package pdftex.def Info: ./Pics/RE023EnforceSafetyMargin01.png  used on input l
ine 564.
(pdftex.def)             Requested size: 135.2916pt x 83.0758pt.
<./Pics/RE024EnforceSafetyMargin02.png, id=2603, 702.2235pt x 431.211pt>
File: ./Pics/RE024EnforceSafetyMargin02.png Graphic file (type png)
<use ./Pics/RE024EnforceSafetyMargin02.png>
Package pdftex.def Info: ./Pics/RE024EnforceSafetyMargin02.png  used on input l
ine 571.
(pdftex.def)             Requested size: 135.2916pt x 83.0758pt.
<./Pics/RE025EnforceSafetyMargin03.png, id=2604, 702.2235pt x 431.211pt>
File: ./Pics/RE025EnforceSafetyMargin03.png Graphic file (type png)
<use ./Pics/RE025EnforceSafetyMargin03.png>
Package pdftex.def Info: ./Pics/RE025EnforceSafetyMargin03.png  used on input l
ine 578.
(pdftex.def)             Requested size: 135.2916pt x 83.0758pt.
<./Pics/RE026EnforceSafetyMargin04.png, id=2605, 702.2235pt x 431.211pt>
File: ./Pics/RE026EnforceSafetyMargin04.png Graphic file (type png)
<use ./Pics/RE026EnforceSafetyMargin04.png>
Package pdftex.def Info: ./Pics/RE026EnforceSafetyMargin04.png  used on input l
ine 586.
(pdftex.def)             Requested size: 135.2916pt x 83.0758pt.
<./Pics/RE027EnforceSafetyMargin05.png, id=2606, 702.2235pt x 431.211pt>
File: ./Pics/RE027EnforceSafetyMargin05.png Graphic file (type png)
<use ./Pics/RE027EnforceSafetyMargin05.png>
Package pdftex.def Info: ./Pics/RE027EnforceSafetyMargin05.png  used on input l
ine 593.
(pdftex.def)             Requested size: 135.2916pt x 83.0758pt.
<./Pics/RE028EnforceSafetyMargin06.png, id=2607, 702.2235pt x 431.211pt>
File: ./Pics/RE028EnforceSafetyMargin06.png Graphic file (type png)
<use ./Pics/RE028EnforceSafetyMargin06.png>
Package pdftex.def Info: ./Pics/RE028EnforceSafetyMargin06.png  used on input l
ine 600.
(pdftex.def)             Requested size: 135.2916pt x 83.0758pt.

Underfull \hbox (badness 10000) in paragraph at lines 645--645

 []


Underfull \vbox (badness 10000) detected at line 645
 []

[142 <./Pics/RE023EnforceSafetyMargin01.png> <./Pics/RE024EnforceSafetyMargin02
.png> <./Pics/RE025EnforceSafetyMargin03.png> <./Pics/RE026EnforceSafetyMargin0
4.png> <./Pics/RE027EnforceSafetyMargin05.png> <./Pics/RE028EnforceSafetyMargin
06.png>]) ([CHB]-06-Approach.bbl [143] [144

] [145] [146] [147] [148])
Package atveryend Info: Empty hook `BeforeClearDocument' on input line 333.
 [149]
Package atveryend Info: Empty hook `AfterLastShipout' on input line 333.

([CHB]-06-Approach.aux)
Package atveryend Info: Executing hook `AtVeryEndDocument' on input line 333.
Package atveryend Info: Executing hook `AtEndAfterFileList' on input line 333.
Package rerunfilecheck Info: File `[CHB]-06-Approach.out' has not changed.
(rerunfilecheck)             Checksum: CC3CF85BD3FC8A7F6850A2B7BCBFEA37;10327.


LaTeX Warning: There were undefined references.

Package atveryend Info: Empty hook `AtVeryVeryEnd' on input line 333.
 ) 
Here is how much of TeX's memory you used:
 26317 strings out of 492973
 443488 string characters out of 3135926
 614985 words of memory out of 3000000
 28618 multiletter control sequences out of 15000+200000
 552268 words of font info for 99 fonts, out of 3000000 for 9000
 1141 hyphenation exceptions out of 8191
 42i,22n,63p,888b,659s stack positions out of 5000i,500n,10000p,200000b,50000s
pdfTeX warning (dest): name{Hfootnote.4} has been referenced but does not exi
st, replaced by a fixed one

pdfTeX warning (dest): name{Hfootnote.3} has been referenced but does not exist
, replaced by a fixed one

pdfTeX warning (dest): name{Hfootnote.2} has been referenced but does not exist
, replaced by a fixed one

pdfTeX warning (dest): name{Hfootnote.1} has been referenced but does not exist
, replaced by a fixed one

<C:/Users/H172461/MiKTeX 2.9/fonts/type1/public/amsfonts/cm/cmbx12.pfb><C:/User
s/H172461/MiKTeX 2.9/fonts/type1/public/amsfonts/cm/cmbx8.pfb><C:/Users/H172461
/MiKTeX 2.9/fonts/type1/public/amsfonts/cm/cmcsc10.pfb><C:/Users/H172461/MiKTeX
 2.9/fonts/type1/public/amsfonts/cm/cmex10.pfb><C:/Users/H172461/MiKTeX 2.9/fon
ts/type1/public/amsfonts/cm/cmmi10.pfb><C:/Users/H172461/MiKTeX 2.9/fonts/type1
/public/amsfonts/cm/cmmi12.pfb><C:/Users/H172461/MiKTeX 2.9/fonts/type1/public/
amsfonts/cm/cmmi6.pfb><C:/Users/H172461/MiKTeX 2.9/fonts/type1/public/amsfonts/
cm/cmmi8.pfb><C:/Users/H172461/MiKTeX 2.9/fonts/type1/public/amsfonts/cm/cmr10.
pfb><C:/Users/H172461/MiKTeX 2.9/fonts/type1/public/amsfonts/cm/cmr12.pfb><C:/U
sers/H172461/MiKTeX 2.9/fonts/type1/public/amsfonts/cm/cmr6.pfb><C:/Users/H1724
61/MiKTeX 2.9/fonts/type1/public/amsfonts/cm/cmr7.pfb><C:/Users/H172461/MiKTeX 
2.9/fonts/type1/public/amsfonts/cm/cmr8.pfb><C:/Users/H172461/MiKTeX 2.9/fonts/
type1/public/amsfonts/cm/cmsl12.pfb><C:/Users/H172461/MiKTeX 2.9/fonts/type1/pu
blic/amsfonts/cm/cmsy10.pfb><C:/Users/H172461/MiKTeX 2.9/fonts/type1/public/ams
fonts/cm/cmsy6.pfb><C:/Users/H172461/MiKTeX 2.9/fonts/type1/public/amsfonts/cm/
cmsy8.pfb><C:/Users/H172461/MiKTeX 2.9/fonts/type1/public/amsfonts/cm/cmti12.pf
b><C:/Users/H172461/MiKTeX 2.9/fonts/type1/public/amsfonts/cm/cmtt10.pfb><C:/Us
ers/H172461/MiKTeX 2.9/fonts/type1/public/amsfonts/cm/cmtt12.pfb><C:/Users/H172
461/MiKTeX 2.9/fonts/type1/public/amsfonts/euler/eusm10.pfb><C:/Users/H172461/M
iKTeX 2.9/fonts/type1/public/amsfonts/symbols/msam10.pfb><C:/Users/H172461/MiKT
eX 2.9/fonts/type1/public/amsfonts/symbols/msbm10.pfb>
Output written on [CHB]-06-Approach.pdf (149 pages, 11422847 bytes).
PDF statistics:
 2966 PDF objects out of 2984 (max. 8388607)
 1139 named destinations out of 1200 (max. 500000)
 753 words of extra memory for PDF output out of 10000 (max. 10000000)

