This is pdfTeX, Version 3.14159265-2.6-1.40.19 (MiKTeX 2.9.6745 64-bit) (preloaded format=pdflatex 2018.8.23)  9 DEC 2018 14:10
entering extended mode
**./[CHB]-07-Simulations.tex
([CHB]-07-Simulations.tex
LaTeX2e <2018-04-01> patch level 5
(fcup-thesis.cls
Document Class: fcup-thesis 2012/06/01 v2.0 graduate theses at the University o
f Porto
\@thesisfootnotesep=\skip41
\@thesismarginparpush=\skip42
("C:\Users\H172461\MiKTeX 2.9\tex\latex\base\report.cls"
Document Class: report 2014/09/29 v1.4h Standard LaTeX document class
("C:\Users\H172461\MiKTeX 2.9\tex\latex\base\size12.clo"
File: size12.clo 2014/09/29 v1.4h Standard LaTeX file (size option)
)
\c@part=\count80
\c@chapter=\count81
\c@section=\count82
\c@subsection=\count83
\c@subsubsection=\count84
\c@paragraph=\count85
\c@subparagraph=\count86
\c@figure=\count87
\c@table=\count88
\abovecaptionskip=\skip43
\belowcaptionskip=\skip44
\bibindent=\dimen102
)
("C:\Users\H172461\MiKTeX 2.9\tex\latex\tools\calc.sty"
Package: calc 2017/05/25 v4.3 Infix arithmetic (KKT,FJ)
\calc@Acount=\count89
\calc@Bcount=\count90
\calc@Adimen=\dimen103
\calc@Bdimen=\dimen104
\calc@Askip=\skip45
\calc@Bskip=\skip46
LaTeX Info: Redefining \setlength on input line 80.
LaTeX Info: Redefining \addtolength on input line 81.
\calc@Ccount=\count91
\calc@Cskip=\skip47
)
("C:\Users\H172461\MiKTeX 2.9\tex\latex\geometry\geometry.sty"
Package: geometry 2018/04/16 v5.8 Page Geometry

("C:\Users\H172461\MiKTeX 2.9\tex\latex\graphics\keyval.sty"
Package: keyval 2014/10/28 v1.15 key=value parser (DPC)
\KV@toks@=\toks14
)
("C:\Users\H172461\MiKTeX 2.9\tex\generic\oberdiek\ifpdf.sty"
Package: ifpdf 2017/03/15 v3.2 Provides the ifpdf switch
)
("C:\Users\H172461\MiKTeX 2.9\tex\generic\oberdiek\ifvtex.sty"
Package: ifvtex 2016/05/16 v1.6 Detect VTeX and its facilities (HO)
Package ifvtex Info: VTeX not detected.
)
("C:\Users\H172461\MiKTeX 2.9\tex\generic\ifxetex\ifxetex.sty"
Package: ifxetex 2010/09/12 v0.6 Provides ifxetex conditional
)
\Gm@cnth=\count92
\Gm@cntv=\count93
\c@Gm@tempcnt=\count94
\Gm@bindingoffset=\dimen105
\Gm@wd@mp=\dimen106
\Gm@odd@mp=\dimen107
\Gm@even@mp=\dimen108
\Gm@layoutwidth=\dimen109
\Gm@layoutheight=\dimen110
\Gm@layouthoffset=\dimen111
\Gm@layoutvoffset=\dimen112
\Gm@dimlist=\toks15

("C:\Users\H172461\MiKTeX 2.9\tex\latex\geometry\geometry.cfg"))
("C:\Users\H172461\MiKTeX 2.9\tex\latex\setspace\setspace.sty"
Package: setspace 2011/12/19 v6.7a set line spacing
))
("C:\Users\H172461\MiKTeX 2.9\tex\generic\babel\babel.sty"
Package: babel 2018/06/05 3.22 The Babel package

("C:\Users\H172461\MiKTeX 2.9\tex\generic\babel\switch.def"
File: switch.def 2018/06/05 3.22 Babel switching mechanism
)
*************************************
* Local config file bblopts.cfg used
*
("C:\Users\H172461\MiKTeX 2.9\tex\latex\arabi\bblopts.cfg"
File: bblopts.cfg 2005/09/08 v0.1 add Arabic and Farsi to "declared" options of
 babel
)
("C:\Users\H172461\MiKTeX 2.9\tex\latex\babel-english\english.ldf"
Language: english 2017/06/06 v3.3r English support from the babel system

("C:\Users\H172461\MiKTeX 2.9\tex\generic\babel\babel.def"
File: babel.def 2018/06/05 3.22 Babel common definitions
\babel@savecnt=\count95
\U@D=\dimen113

("C:\Users\H172461\MiKTeX 2.9\tex\generic\babel\txtbabel.def")
\bbl@dirlevel=\count96
)
\l@canadian = a dialect from \language\l@american 
\l@australian = a dialect from \language\l@british 
\l@newzealand = a dialect from \language\l@british 
))
("C:\Users\H172461\MiKTeX 2.9\tex\latex\lipsum\lipsum.sty"
("C:\Users\H172461\MiKTeX 2.9\tex\latex\l3kernel\expl3.sty"
Package: expl3 2018-11-19 L3 programming layer (loader) 

("C:\Users\H172461\MiKTeX 2.9\tex\latex\l3kernel\expl3-code.tex"
Package: expl3 2018-11-19 L3 programming layer (code)
\c_max_int=\count97
\l_tmpa_int=\count98
\l_tmpb_int=\count99
\g_tmpa_int=\count100
\g_tmpb_int=\count101
\g__kernel_prg_map_int=\count102
\c_log_iow=\count103
\l_iow_line_count_int=\count104
\l__iow_line_target_int=\count105
\l__iow_one_indent_int=\count106
\l__iow_indent_int=\count107
\c_zero_dim=\dimen114
\c_max_dim=\dimen115
\l_tmpa_dim=\dimen116
\l_tmpb_dim=\dimen117
\g_tmpa_dim=\dimen118
\g_tmpb_dim=\dimen119
\c_zero_skip=\skip48
\c_max_skip=\skip49
\l_tmpa_skip=\skip50
\l_tmpb_skip=\skip51
\g_tmpa_skip=\skip52
\g_tmpb_skip=\skip53
\c_zero_muskip=\muskip10
\c_max_muskip=\muskip11
\l_tmpa_muskip=\muskip12
\l_tmpb_muskip=\muskip13
\g_tmpa_muskip=\muskip14
\g_tmpb_muskip=\muskip15
\l_keys_choice_int=\count108
\l__intarray_loop_int=\count109
\c__intarray_sp_dim=\dimen120
\g__intarray_font_int=\count110
\c__fp_leading_shift_int=\count111
\c__fp_middle_shift_int=\count112
\c__fp_trailing_shift_int=\count113
\c__fp_big_leading_shift_int=\count114
\c__fp_big_middle_shift_int=\count115
\c__fp_big_trailing_shift_int=\count116
\c__fp_Bigg_leading_shift_int=\count117
\c__fp_Bigg_middle_shift_int=\count118
\c__fp_Bigg_trailing_shift_int=\count119
\c__kernel_randint_max_int=\count120
\g__fp_array_int=\count121
\l__fp_array_loop_int=\count122
\l__sort_length_int=\count123
\l__sort_min_int=\count124
\l__sort_top_int=\count125
\l__sort_max_int=\count126
\l__sort_true_max_int=\count127
\l__sort_block_int=\count128
\l__sort_begin_int=\count129
\l__sort_end_int=\count130
\l__sort_A_int=\count131
\l__sort_B_int=\count132
\l__sort_C_int=\count133
\l__tl_analysis_normal_int=\count134
\l__tl_analysis_index_int=\count135
\l__tl_analysis_nesting_int=\count136
\l__tl_analysis_type_int=\count137
\l__regex_internal_a_int=\count138
\l__regex_internal_b_int=\count139
\l__regex_internal_c_int=\count140
\l__regex_balance_int=\count141
\l__regex_group_level_int=\count142
\l__regex_mode_int=\count143
\c__regex_cs_in_class_mode_int=\count144
\c__regex_cs_mode_int=\count145
\l__regex_catcodes_int=\count146
\l__regex_default_catcodes_int=\count147
\c__regex_catcode_D_int=\count148
\c__regex_catcode_S_int=\count149
\c__regex_catcode_L_int=\count150
\c__regex_catcode_O_int=\count151
\c__regex_catcode_A_int=\count152
\c__regex_all_catcodes_int=\count153
\l__regex_show_lines_int=\count154
\l__regex_min_state_int=\count155
\l__regex_max_state_int=\count156
\l__regex_left_state_int=\count157
\l__regex_right_state_int=\count158
\l__regex_capturing_group_int=\count159
\l__regex_min_pos_int=\count160
\l__regex_max_pos_int=\count161
\l__regex_curr_pos_int=\count162
\l__regex_start_pos_int=\count163
\l__regex_success_pos_int=\count164
\l__regex_curr_char_int=\count165
\l__regex_curr_catcode_int=\count166
\l__regex_last_char_int=\count167
\l__regex_case_changed_char_int=\count168
\l__regex_curr_state_int=\count169
\l__regex_step_int=\count170
\l__regex_min_active_int=\count171
\l__regex_max_active_int=\count172
\l__regex_replacement_csnames_int=\count173
\l__regex_match_count_int=\count174
\l__regex_min_submatch_int=\count175
\l__regex_submatch_int=\count176
\l__regex_zeroth_submatch_int=\count177
\g__regex_trace_regex_int=\count178
\c_empty_box=\box26
\l_tmpa_box=\box27
\l_tmpb_box=\box28
\g_tmpa_box=\box29
\g_tmpb_box=\box30
\l__box_top_dim=\dimen121
\l__box_bottom_dim=\dimen122
\l__box_left_dim=\dimen123
\l__box_right_dim=\dimen124
\l__box_top_new_dim=\dimen125
\l__box_bottom_new_dim=\dimen126
\l__box_left_new_dim=\dimen127
\l__box_right_new_dim=\dimen128
\l__box_internal_box=\box31
\l__coffin_internal_box=\box32
\l__coffin_internal_dim=\dimen129
\l__coffin_offset_x_dim=\dimen130
\l__coffin_offset_y_dim=\dimen131
\l__coffin_x_dim=\dimen132
\l__coffin_y_dim=\dimen133
\l__coffin_x_prime_dim=\dimen134
\l__coffin_y_prime_dim=\dimen135
\c_empty_coffin=\box33
\l__coffin_aligned_coffin=\box34
\l__coffin_aligned_internal_coffin=\box35
\l_tmpa_coffin=\box36
\l_tmpb_coffin=\box37
\l__coffin_display_coffin=\box38
\l__coffin_display_coord_coffin=\box39
\l__coffin_display_pole_coffin=\box40
\l__coffin_display_offset_dim=\dimen136
\l__coffin_display_x_dim=\dimen137
\l__coffin_display_y_dim=\dimen138
\g__file_internal_ior=\read1
\l__coffin_bounding_shift_dim=\dimen139
\l__coffin_left_corner_dim=\dimen140
\l__coffin_right_corner_dim=\dimen141
\l__coffin_bottom_corner_dim=\dimen142
\l__coffin_top_corner_dim=\dimen143
\l__coffin_scaled_total_height_dim=\dimen144
\l__coffin_scaled_width_dim=\dimen145
\l__seq_internal_a_int=\count179
\l__seq_internal_b_int=\count180
)
("C:\Users\H172461\MiKTeX 2.9\tex\latex\l3kernel\l3pdfmode.def"
File: l3pdfmode.def 2018-11-19 v L3 Experimental driver: PDF mode
\l__driver_color_stack_int=\count181
))
("C:\Users\H172461\MiKTeX 2.9\tex\latex\l3packages\xparse\xparse.sty"
Package: xparse 2018-10-17 L3 Experimental document command parser
\l__xparse_current_arg_int=\count182
\g__xparse_grabber_int=\count183
\l__xparse_m_args_int=\count184
\l__xparse_mandatory_args_int=\count185
\l__xparse_v_nesting_int=\count186
)
Package: lipsum 2018/11/24 v2.1a 150 paragraphs of Lorem Ipsum dummy text
)
("C:\Users\H172461\MiKTeX 2.9\tex\latex\base\inputenc.sty"
Package: inputenc 2018/04/06 v1.3b Input encoding file
\inpenc@prehook=\toks16
\inpenc@posthook=\toks17
)
("C:\Users\H172461\MiKTeX 2.9\tex\latex\tools\array.sty"
Package: array 2018/04/30 v2.4h Tabular extension package (FMi)
\col@sep=\dimen146
\ar@mcellbox=\box41
\extrarowheight=\dimen147
\NC@list=\toks18
\extratabsurround=\skip54
\backup@length=\skip55
\ar@cellbox=\box42
)
("C:\Users\H172461\MiKTeX 2.9\tex\latex\amsmath\amsmath.sty"
Package: amsmath 2017/09/02 v2.17a AMS math features
\@mathmargin=\skip56

For additional information on amsmath, use the `?' option.
("C:\Users\H172461\MiKTeX 2.9\tex\latex\amsmath\amstext.sty"
Package: amstext 2000/06/29 v2.01 AMS text

("C:\Users\H172461\MiKTeX 2.9\tex\latex\amsmath\amsgen.sty"
File: amsgen.sty 1999/11/30 v2.0 generic functions
\@emptytoks=\toks19
\ex@=\dimen148
))
("C:\Users\H172461\MiKTeX 2.9\tex\latex\amsmath\amsbsy.sty"
Package: amsbsy 1999/11/29 v1.2d Bold Symbols
\pmbraise@=\dimen149
)
("C:\Users\H172461\MiKTeX 2.9\tex\latex\amsmath\amsopn.sty"
Package: amsopn 2016/03/08 v2.02 operator names
)
\inf@bad=\count187
LaTeX Info: Redefining \frac on input line 213.
\uproot@=\count188
\leftroot@=\count189
LaTeX Info: Redefining \overline on input line 375.
\classnum@=\count190
\DOTSCASE@=\count191
LaTeX Info: Redefining \ldots on input line 472.
LaTeX Info: Redefining \dots on input line 475.
LaTeX Info: Redefining \cdots on input line 596.
\Mathstrutbox@=\box43
\strutbox@=\box44
\big@size=\dimen150
LaTeX Font Info:    Redeclaring font encoding OML on input line 712.
LaTeX Font Info:    Redeclaring font encoding OMS on input line 713.
\macc@depth=\count192
\c@MaxMatrixCols=\count193
\dotsspace@=\muskip16
\c@parentequation=\count194
\dspbrk@lvl=\count195
\tag@help=\toks20
\row@=\count196
\column@=\count197
\maxfields@=\count198
\andhelp@=\toks21
\eqnshift@=\dimen151
\alignsep@=\dimen152
\tagshift@=\dimen153
\tagwidth@=\dimen154
\totwidth@=\dimen155
\lineht@=\dimen156
\@envbody=\toks22
\multlinegap=\skip57
\multlinetaggap=\skip58
\mathdisplay@stack=\toks23
LaTeX Info: Redefining \[ on input line 2817.
LaTeX Info: Redefining \] on input line 2818.
)
("C:\Users\H172461\MiKTeX 2.9\tex\latex\amsfonts\amssymb.sty"
Package: amssymb 2013/01/14 v3.01 AMS font symbols

("C:\Users\H172461\MiKTeX 2.9\tex\latex\amsfonts\amsfonts.sty"
Package: amsfonts 2013/01/14 v3.01 Basic AMSFonts support
\symAMSa=\mathgroup4
\symAMSb=\mathgroup5
LaTeX Font Info:    Overwriting math alphabet `\mathfrak' in version `bold'
(Font)                  U/euf/m/n --> U/euf/b/n on input line 106.
))
("C:\Users\H172461\MiKTeX 2.9\tex\latex\amscls\amsthm.sty"
Package: amsthm 2017/10/31 v2.20.4
\thm@style=\toks24
\thm@bodyfont=\toks25
\thm@headfont=\toks26
\thm@notefont=\toks27
\thm@headpunct=\toks28
\thm@preskip=\skip59
\thm@postskip=\skip60
\thm@headsep=\skip61
\dth@everypar=\toks29
)
("C:\Users\H172461\MiKTeX 2.9\tex\latex\algorithm2e\algorithm2e.sty"
Package: algorithm2e 2017/07/18 v5.2 algorithms environments
\c@AlgoLine=\count199

("C:\Users\H172461\MiKTeX 2.9\tex\latex\base\ifthen.sty"
Package: ifthen 2014/09/29 v1.1c Standard LaTeX ifthen package (DPC)
)
\algocf@hangindent=\skip62

("C:\Users\H172461\MiKTeX 2.9\tex\latex\ifoddpage\ifoddpage.sty"
Package: ifoddpage 2016/04/23 v1.1 Conditionals for odd/even page detection
\c@checkoddpage=\count266
)
("C:\Users\H172461\MiKTeX 2.9\tex\latex\tools\xspace.sty"
Package: xspace 2014/10/28 v1.13 Space after command names (DPC,MH)
)
("C:\Users\H172461\MiKTeX 2.9\tex\latex\relsize\relsize.sty"
Package: relsize 2013/03/29 ver 4.1
)
\skiptotal=\skip63
\skiplinenumber=\skip64
\skiprule=\skip65
\skiphlne=\skip66
\skiptext=\skip67
\skiplength=\skip68
\algomargin=\skip69
\skipalgocfslide=\skip70
\algowidth=\dimen157
\inoutsize=\dimen158
\inoutindent=\dimen159
\interspacetitleruled=\dimen160
\interspacealgoruled=\dimen161
\interspacetitleboxruled=\dimen162
\algocf@ruledwidth=\skip71
\algocf@inoutbox=\box45
\algocf@inputbox=\box46
\AlCapSkip=\skip72
\AlCapHSkip=\skip73
\algoskipindent=\skip74
\algocf@nlbox=\box47
\algocf@hangingbox=\box48
\algocf@untilbox=\box49
\algocf@skipuntil=\skip75
\algocf@capbox=\box50
\algocf@lcaptionbox=\skip76
\algoheightruledefault=\skip77
\algoheightrule=\skip78
\algotitleheightruledefault=\skip79
\algotitleheightrule=\skip80
\c@algocfline=\count267
\c@algocfproc=\count268
\c@algocf=\count269
\algocf@algoframe=\box51
\algocf@algobox=\box52
)
("C:\Users\H172461\MiKTeX 2.9\tex\latex\algorithms\algorithmic.sty"
Package: algorithmic 2009/08/24 v0.1 Document Style `algorithmic'
\c@ALC@unique=\count270
\c@ALC@line=\count271
\c@ALC@rem=\count272
\c@ALC@depth=\count273
\ALC@tlm=\skip81
\algorithmicindent=\skip82
)
("C:\Users\H172461\MiKTeX 2.9\tex\latex\tools\bm.sty"
Package: bm 2017/01/16 v1.2c Bold Symbol Support (DPC/FMi)
\symboldoperators=\mathgroup6
\symboldletters=\mathgroup7
\symboldsymbols=\mathgroup8
LaTeX Font Info:    Redeclaring math alphabet \mathbf on input line 141.
LaTeX Info: Redefining \bm on input line 207.
)
("C:\Users\H172461\MiKTeX 2.9\tex\latex\amsfonts\euscript.sty"
Package: euscript 2009/06/22 v3.00 Euler Script fonts
LaTeX Font Info:    Overwriting math alphabet `\EuScript' in version `bold'
(Font)                  U/eus/m/n --> U/eus/b/n on input line 33.
)
("C:\Users\H172461\MiKTeX 2.9\tex\latex\graphics\graphicx.sty"
Package: graphicx 2017/06/01 v1.1a Enhanced LaTeX Graphics (DPC,SPQR)

("C:\Users\H172461\MiKTeX 2.9\tex\latex\graphics\graphics.sty"
Package: graphics 2017/06/25 v1.2c Standard LaTeX Graphics (DPC,SPQR)

("C:\Users\H172461\MiKTeX 2.9\tex\latex\graphics\trig.sty"
Package: trig 2016/01/03 v1.10 sin cos tan (DPC)
)
("C:\Users\H172461\MiKTeX 2.9\tex\latex\graphics-cfg\graphics.cfg"
File: graphics.cfg 2016/06/04 v1.11 sample graphics configuration
)
Package graphics Info: Driver file: pdftex.def on input line 99.

("C:\Users\H172461\MiKTeX 2.9\tex\latex\graphics-def\pdftex.def"
File: pdftex.def 2018/01/08 v1.0l Graphics/color driver for pdftex
))
\Gin@req@height=\dimen163
\Gin@req@width=\dimen164
)
("C:\Users\H172461\MiKTeX 2.9\tex\latex\psfrag\psfrag.sty"
Package: psfrag 1998/04/11 v3.04 PSfrag (MCG)
\pfg@pcount=\count274
\pfg@scount=\count275
\pfg@temp=\write3
)
("C:\Users\H172461\MiKTeX 2.9\tex\latex\fancyvrb\fancyvrb.sty"
Package: fancyvrb 2008/02/07

Style option: `fancyvrb' v2.7a, with DG/SPQR fixes, and firstline=lastline fix 
<2008/02/07> (tvz)
\FV@CodeLineNo=\count276
\FV@InFile=\read2
\FV@TabBox=\box53
\c@FancyVerbLine=\count277
\FV@StepNumber=\count278
\FV@OutFile=\write4
) ("C:\Users\H172461\MiKTeX 2.9\tex\latex\float\float.sty"
Package: float 2001/11/08 v1.3d Float enhancements (AL)
\c@float@type=\count279
\float@exts=\toks30
\float@box=\box54
\@float@everytoks=\toks31
\@floatcapt=\box55
)
("C:\Users\H172461\MiKTeX 2.9\tex\latex\ltablex\ltablex.sty"
Package: ltablex 2014/08/13 v1.1 Modified tabularx

("C:\Users\H172461\MiKTeX 2.9\tex\latex\tools\longtable.sty"
Package: longtable 2014/10/28 v4.11 Multi-page Table package (DPC)
\LTleft=\skip83
\LTright=\skip84
\LTpre=\skip85
\LTpost=\skip86
\LTchunksize=\count280
\LTcapwidth=\dimen165
\LT@head=\box56
\LT@firsthead=\box57
\LT@foot=\box58
\LT@lastfoot=\box59
\LT@cols=\count281
\LT@rows=\count282
\c@LT@tables=\count283
\c@LT@chunks=\count284
\LT@p@ftn=\toks32
)
("C:\Users\H172461\MiKTeX 2.9\tex\latex\tools\tabularx.sty"
Package: tabularx 2016/02/03 v2.11b `tabularx' package (DPC)
\TX@col@width=\dimen166
\TX@old@table=\dimen167
\TX@old@col=\dimen168
\TX@target=\dimen169
\TX@delta=\dimen170
\TX@cols=\count285
\TX@ftn=\toks33
))
("C:\Users\H172461\MiKTeX 2.9\tex\latex\natbib\natbib.sty"
Package: natbib 2010/09/13 8.31b (PWD, AO)
\bibhang=\skip87
\bibsep=\skip88
LaTeX Info: Redefining \cite on input line 694.
\c@NAT@ctr=\count286
)
("C:\Users\H172461\MiKTeX 2.9\tex\latex\bbding\bbding.sty"
Package: bbding 1999/04/15 v1.01 Dingbats symbols
)
("C:\Users\H172461\MiKTeX 2.9\tex\latex\tools\dcolumn.sty"
Package: dcolumn 2014/10/28 v1.06 decimal alignment package (DPC)
)
("C:\Users\H172461\MiKTeX 2.9\tex\latex\booktabs\booktabs.sty"
Package: booktabs 2005/04/14 v1.61803 publication quality tables
\heavyrulewidth=\dimen171
\lightrulewidth=\dimen172
\cmidrulewidth=\dimen173
\belowrulesep=\dimen174
\belowbottomsep=\dimen175
\aboverulesep=\dimen176
\abovetopsep=\dimen177
\cmidrulesep=\dimen178
\cmidrulekern=\dimen179
\defaultaddspace=\dimen180
\@cmidla=\count287
\@cmidlb=\count288
\@aboverulesep=\dimen181
\@belowrulesep=\dimen182
\@thisruleclass=\count289
\@lastruleclass=\count290
\@thisrulewidth=\dimen183
)
("C:\Users\H172461\MiKTeX 2.9\tex\latex\multirow\multirow.sty"
Package: multirow 2018/08/03 v2.3 Span multiple rows of a table
\multirow@colwidth=\skip89
\multirow@cntb=\count291
\multirow@dima=\skip90
\bigstrutjot=\dimen184
)
("C:\Users\H172461\MiKTeX 2.9\tex\latex\paralist\paralist.sty"
Package: paralist 2017/01/22 v2.7 Extended list environments
\pltopsep=\skip91
\plpartopsep=\skip92
\plitemsep=\skip93
\plparsep=\skip94
\pl@lab=\toks34
)
("C:\Users\H172461\MiKTeX 2.9\tex\latex\oberdiek\ifdraft.sty"
Package: ifdraft 2016/05/16 v1.4 Detect class options draft and final (HO)
)
("C:\Users\H172461\MiKTeX 2.9\tex\latex\tools\indentfirst.sty"
Package: indentfirst 1995/11/23 v1.03 Indent first paragraph (DPC)
)
("C:\Users\H172461\MiKTeX 2.9\tex\latex\tocbibind\tocbibind.sty"
Package: tocbibind 2010/10/13 v1.5k extra ToC listings
Package tocbibind Info: The document has chapter divisions on input line 50.


Package tocbibind Note: Using chapter style headings, unless overridden.

) ("C:\Users\H172461\MiKTeX 2.9\tex\latex\url\url.sty"
\Urlmuskip=\muskip17
Package: url 2013/09/16  ver 3.4  Verb mode for urls, etc.
)
("C:\Users\H172461\MiKTeX 2.9\tex\latex\caption\subcaption.sty"
Package: subcaption 2018/05/01 v1.1-162 Sub-captions (AR)

("C:\Users\H172461\MiKTeX 2.9\tex\latex\caption\caption.sty"
Package: caption 2018/05/01 v3.3-147 Customizing captions (AR)

("C:\Users\H172461\MiKTeX 2.9\tex\latex\caption\caption3.sty"
Package: caption3 2018/05/27 v1.8a caption3 kernel (AR)
Package caption3 Info: TeX engine: e-TeX on input line 64.
\captionmargin=\dimen185
\captionmargin@=\dimen186
\captionwidth=\dimen187
\caption@tempdima=\dimen188
\caption@indent=\dimen189
\caption@parindent=\dimen190
\caption@hangindent=\dimen191
)
\c@ContinuedFloat=\count292
Package caption Info: float package is loaded.
Package caption Info: longtable package is loaded.

("C:\Users\H172461\MiKTeX 2.9\tex\latex\caption\ltcaption.sty"
Package: ltcaption 2013/06/09 v1.4-94 longtable captions (AR)
))
\c@subfigure=\count293
\c@subtable=\count294
)
("C:\Users\H172461\MiKTeX 2.9\tex\latex\hyperref\hyperref.sty"
Package: hyperref 2018/02/06 v6.86b Hypertext links for LaTeX

("C:\Users\H172461\MiKTeX 2.9\tex\generic\oberdiek\hobsub-hyperref.sty"
Package: hobsub-hyperref 2016/05/16 v1.14 Bundle oberdiek, subset hyperref (HO)


("C:\Users\H172461\MiKTeX 2.9\tex\generic\oberdiek\hobsub-generic.sty"
Package: hobsub-generic 2016/05/16 v1.14 Bundle oberdiek, subset generic (HO)
Package: hobsub 2016/05/16 v1.14 Construct package bundles (HO)
Package: infwarerr 2016/05/16 v1.4 Providing info/warning/error messages (HO)
Package: ltxcmds 2016/05/16 v1.23 LaTeX kernel commands for general use (HO)
Package: ifluatex 2016/05/16 v1.4 Provides the ifluatex switch (HO)
Package ifluatex Info: LuaTeX not detected.
Package hobsub Info: Skipping package `ifvtex' (already loaded).
Package: intcalc 2016/05/16 v1.2 Expandable calculations with integers (HO)
Package hobsub Info: Skipping package `ifpdf' (already loaded).
Package: etexcmds 2016/05/16 v1.6 Avoid name clashes with e-TeX commands (HO)
Package etexcmds Info: Could not find \expanded.
(etexcmds)             That can mean that you are not using pdfTeX 1.50 or
(etexcmds)             that some package has redefined \expanded.
(etexcmds)             In the latter case, load this package earlier.
Package: kvsetkeys 2016/05/16 v1.17 Key value parser (HO)
Package: kvdefinekeys 2016/05/16 v1.4 Define keys (HO)
Package: pdftexcmds 2018/01/30 v0.27 Utility functions of pdfTeX for LuaTeX (HO
)
Package pdftexcmds Info: LuaTeX not detected.
Package pdftexcmds Info: \pdf@primitive is available.
Package pdftexcmds Info: \pdf@ifprimitive is available.
Package pdftexcmds Info: \pdfdraftmode found.
Package: pdfescape 2016/05/16 v1.14 Implements pdfTeX's escape features (HO)
Package: bigintcalc 2016/05/16 v1.4 Expandable calculations on big integers (HO
)
Package: bitset 2016/05/16 v1.2 Handle bit-vector datatype (HO)
Package: uniquecounter 2016/05/16 v1.3 Provide unlimited unique counter (HO)
)
Package hobsub Info: Skipping package `hobsub' (already loaded).
Package: letltxmacro 2016/05/16 v1.5 Let assignment for LaTeX macros (HO)
Package: hopatch 2016/05/16 v1.3 Wrapper for package hooks (HO)
Package: xcolor-patch 2016/05/16 xcolor patch
Package: atveryend 2016/05/16 v1.9 Hooks at the very end of document (HO)
Package atveryend Info: \enddocument detected (standard20110627).
Package: atbegshi 2016/06/09 v1.18 At begin shipout hook (HO)
Package: refcount 2016/05/16 v3.5 Data extraction from label references (HO)
Package: hycolor 2016/05/16 v1.8 Color options for hyperref/bookmark (HO)
)
("C:\Users\H172461\MiKTeX 2.9\tex\latex\oberdiek\auxhook.sty"
Package: auxhook 2016/05/16 v1.4 Hooks for auxiliary files (HO)
)
("C:\Users\H172461\MiKTeX 2.9\tex\latex\oberdiek\kvoptions.sty"
Package: kvoptions 2016/05/16 v3.12 Key value format for package options (HO)
)
\@linkdim=\dimen192
\Hy@linkcounter=\count295
\Hy@pagecounter=\count296

("C:\Users\H172461\MiKTeX 2.9\tex\latex\hyperref\pd1enc.def"
File: pd1enc.def 2018/02/06 v6.86b Hyperref: PDFDocEncoding definition (HO)
Now handling font encoding PD1 ...
... no UTF-8 mapping file for font encoding PD1
)
\Hy@SavedSpaceFactor=\count297

("C:\Users\H172461\MiKTeX 2.9\tex\latex\00miktex\hyperref.cfg"
File: hyperref.cfg 2002/06/06 v1.2 hyperref configuration of TeXLive
)
Package hyperref Info: Option `unicode' set `true' on input line 4383.

("C:\Users\H172461\MiKTeX 2.9\tex\latex\hyperref\puenc.def"
File: puenc.def 2018/02/06 v6.86b Hyperref: PDF Unicode definition (HO)
Now handling font encoding PU ...
... no UTF-8 mapping file for font encoding PU
)
Package hyperref Info: Hyper figures OFF on input line 4509.
Package hyperref Info: Link nesting OFF on input line 4514.
Package hyperref Info: Hyper index ON on input line 4517.
Package hyperref Info: Plain pages OFF on input line 4524.
Package hyperref Info: Backreferencing OFF on input line 4529.
Package hyperref Info: Implicit mode ON; LaTeX internals redefined.
Package hyperref Info: Bookmarks ON on input line 4762.
\c@Hy@tempcnt=\count298
LaTeX Info: Redefining \url on input line 5115.
\XeTeXLinkMargin=\dimen193
\Fld@menulength=\count299
\Field@Width=\dimen194
\Fld@charsize=\dimen195
Package hyperref Info: Hyper figures OFF on input line 6369.
Package hyperref Info: Link nesting OFF on input line 6374.
Package hyperref Info: Hyper index ON on input line 6377.
Package hyperref Info: backreferencing OFF on input line 6384.
Package hyperref Info: Link coloring OFF on input line 6389.
Package hyperref Info: Link coloring with OCG OFF on input line 6394.
Package hyperref Info: PDF/A mode OFF on input line 6399.
LaTeX Info: Redefining \ref on input line 6439.
LaTeX Info: Redefining \pageref on input line 6443.
\Hy@abspage=\count300
\c@Item=\count301
\c@Hfootnote=\count302
)
Package hyperref Info: Driver (autodetected): hpdftex.

("C:\Users\H172461\MiKTeX 2.9\tex\latex\hyperref\hpdftex.def"
File: hpdftex.def 2018/02/06 v6.86b Hyperref driver for pdfTeX
\Fld@listcount=\count303
\c@bookmark@seq@number=\count304

("C:\Users\H172461\MiKTeX 2.9\tex\latex\oberdiek\rerunfilecheck.sty"
Package: rerunfilecheck 2016/05/16 v1.8 Rerun checks for auxiliary files (HO)
Package uniquecounter Info: New unique counter `rerunfilecheck' on input line 2
82.
)
\Hy@SectionHShift=\skip95
)
("C:\Users\H172461\MiKTeX 2.9\tex\latex\xcolor\xcolor.sty"
Package: xcolor 2016/05/11 v2.12 LaTeX color extensions (UK)

("C:\Users\H172461\MiKTeX 2.9\tex\latex\graphics-cfg\color.cfg"
File: color.cfg 2016/01/02 v1.6 sample color configuration
)
Package xcolor Info: Driver file: pdftex.def on input line 225.
Package xcolor Info: Model `cmy' substituted by `cmy0' on input line 1348.
Package xcolor Info: Model `hsb' substituted by `rgb' on input line 1352.
Package xcolor Info: Model `RGB' extended on input line 1364.
Package xcolor Info: Model `HTML' substituted by `rgb' on input line 1366.
Package xcolor Info: Model `Hsb' substituted by `hsb' on input line 1367.
Package xcolor Info: Model `tHsb' substituted by `hsb' on input line 1368.
Package xcolor Info: Model `HSB' substituted by `hsb' on input line 1369.
Package xcolor Info: Model `Gray' substituted by `gray' on input line 1370.
Package xcolor Info: Model `wave' substituted by `hsb' on input line 1371.
)
Package hyperref Info: Option `colorlinks' set `false' on input line 129.
Package hyperref Info: Option `pdfnewwindow' set `true' on input line 129.
Package hyperref Info: Option `breaklinks' set `true' on input line 129.
\c@theorem=\count305
\c@definition=\count306
\c@problem=\count307
\c@example=\count308
\c@assumption=\count309


LaTeX Warning: Unused global option(s):
    [a4].

([CHB]-07-Simulations.aux)
\openout1 = `[CHB]-07-Simulations.aux'.

LaTeX Font Info:    Checking defaults for OML/cmm/m/it on input line 250.
LaTeX Font Info:    ... okay on input line 250.
LaTeX Font Info:    Checking defaults for T1/cmr/m/n on input line 250.
LaTeX Font Info:    ... okay on input line 250.
LaTeX Font Info:    Checking defaults for OT1/cmr/m/n on input line 250.
LaTeX Font Info:    ... okay on input line 250.
LaTeX Font Info:    Checking defaults for OMS/cmsy/m/n on input line 250.
LaTeX Font Info:    ... okay on input line 250.
LaTeX Font Info:    Checking defaults for OMX/cmex/m/n on input line 250.
LaTeX Font Info:    ... okay on input line 250.
LaTeX Font Info:    Checking defaults for U/cmr/m/n on input line 250.
LaTeX Font Info:    ... okay on input line 250.
LaTeX Font Info:    Checking defaults for PD1/pdf/m/n on input line 250.
LaTeX Font Info:    ... okay on input line 250.
LaTeX Font Info:    Checking defaults for PU/pdf/m/n on input line 250.
LaTeX Font Info:    ... okay on input line 250.

*geometry* driver: auto-detecting
*geometry* detected driver: pdftex
*geometry* verbose mode - [ preamble ] result:
* driver: pdftex
* paper: <default>
* layout: <same size as paper>
* layoutoffset:(h,v)=(0.0pt,0.0pt)
* modes: twoside 
* h-part:(L,W,R)=(90.3375pt, 469.755pt, 54.2025pt)
* v-part:(T,H,B)=(54.2025pt, 686.56499pt, 54.2025pt)
* \paperwidth=614.295pt
* \paperheight=794.96999pt
* \textwidth=469.755pt
* \textheight=686.56499pt
* \oddsidemargin=18.0675pt
* \evensidemargin=-18.06749pt
* \topmargin=-45.16873pt
* \headheight=12.0pt
* \headsep=15.10124pt
* \topskip=12.0pt
* \footskip=27.10124pt
* \marginparwidth=36.135pt
* \marginparsep=9.03374pt
* \columnsep=10.0pt
* \skip\footins=10.8pt plus 4.0pt minus 2.0pt
* \hoffset=0.0pt
* \voffset=0.0pt
* \mag=1000
* \@twocolumnfalse
* \@twosidetrue
* \@mparswitchtrue
* \@reversemarginfalse
* (1in=72.27pt=25.4mm, 1cm=28.453pt)

("C:\Users\H172461\MiKTeX 2.9\tex\context\base\supp-pdf.mkii"
[Loading MPS to PDF converter (version 2006.09.02).]
\scratchcounter=\count310
\scratchdimen=\dimen196
\scratchbox=\box60
\nofMPsegments=\count311
\nofMParguments=\count312
\everyMPshowfont=\toks35
\MPscratchCnt=\count313
\MPscratchDim=\dimen197
\MPnumerator=\count314
\makeMPintoPDFobject=\count315
\everyMPtoPDFconversion=\toks36
) ("C:\Users\H172461\MiKTeX 2.9\tex\latex\oberdiek\epstopdf-base.sty"
Package: epstopdf-base 2016/05/15 v2.6 Base part for package epstopdf

("C:\Users\H172461\MiKTeX 2.9\tex\latex\oberdiek\grfext.sty"
Package: grfext 2016/05/16 v1.2 Manage graphics extensions (HO)
)
Package epstopdf-base Info: Redefining graphics rule for `.eps' on input line 4
38.
Package grfext Info: Graphics extension search list:
(grfext)             [.pdf,.png,.jpg,.mps,.jpeg,.jbig2,.jb2,.PDF,.PNG,.JPG,.JPE
G,.JBIG2,.JB2,.eps]
(grfext)             \AppendGraphicsExtensions on input line 456.
)
Package caption Info: Begin \AtBeginDocument code.
Package caption Info: hyperref package is loaded.
Package caption Info: End \AtBeginDocument code.
\AtBeginShipoutBox=\box61
Package hyperref Info: Link coloring OFF on input line 250.

("C:\Users\H172461\MiKTeX 2.9\tex\latex\hyperref\nameref.sty"
Package: nameref 2016/05/21 v2.44 Cross-referencing by name of section

("C:\Users\H172461\MiKTeX 2.9\tex\generic\oberdiek\gettitlestring.sty"
Package: gettitlestring 2016/05/16 v1.5 Cleanup title references (HO)
)
\c@section@level=\count316
)
LaTeX Info: Redefining \ref on input line 250.
LaTeX Info: Redefining \pageref on input line 250.
LaTeX Info: Redefining \nameref on input line 250.

([CHB]-07-Simulations.out) ([CHB]-07-Simulations.out)
\@outlinefile=\write5
\openout5 = `[CHB]-07-Simulations.out'.

 (07S01-Simulations.tex
Chapter 7.
) (07S02-Test-Plan.tex

LaTeX Warning: Reference `s:AvoidanceRequirements' on page 1 undefined on input
 line 3.


LaTeX Warning: Reference `s:Safety' on page 1 undefined on input line 5.


LaTeX Warning: Reference `s:trajectoryTracking' on page 1 undefined on input li
ne 6.


LaTeX Warning: Reference `s:EnergyEfficiency' on page 1 undefined on input line
 6.


LaTeX Warning: Reference `s:aviudabceGridRun' on page 1 undefined on input line
 9.


LaTeX Warning: Reference `sec:ruleImplementation' on page 1 undefined on input 
line 9.


LaTeX Warning: Reference `s:navigationRequirements' on page 1 undefined on inpu
t line 11.


LaTeX Warning: Reference `s:missionControlRun' on page 1 undefined on input lin
e 11.

[1
Non-PDF special ignored!
<special> header=psfrag.pro



{C:/Users/H172461/AppData/Local/MiKTeX/2.9/pdftex/config/pdftex.map}]
LaTeX Font Info:    Try loading font information for U+msa on input line 25.

("C:\Users\H172461\MiKTeX 2.9\tex\latex\amsfonts\umsa.fd"
File: umsa.fd 2013/01/14 v3.01 AMS symbols A
)
LaTeX Font Info:    Try loading font information for U+msb on input line 25.

("C:\Users\H172461\MiKTeX 2.9\tex\latex\amsfonts\umsb.fd"
File: umsb.fd 2013/01/14 v3.01 AMS symbols B
)
Underfull \hbox (badness 1748) in paragraph at lines 47--48
\OT1/cmr/m/n/12 straints), re-stricted airspace (hard con-straint), weather (so
ft/hard con-straint),
 []

[2]

LaTeX Warning: Reference `s:uncertaintyIntersection' on page 3 undefined on inp
ut line 56.


LaTeX Warning: Reference `s:bodyvolumeIntersection' on page 3 undefined on inpu
t line 58.


LaTeX Warning: Reference `sec:positionNotification' on page 3 undefined on inpu
t line 76.


LaTeX Warning: Reference `sec:collisionCase' on page 3 undefined on input line 
76.


LaTeX Warning: Reference `sec:ruleImplementation' on page 3 undefined on input 
line 76.

[3]) (07S02a-Test-Performance-Evaluation.tex
Underfull \vbox (badness 10000) has occurred while \output is active []

 [4]

LaTeX Warning: Reference `s:AvoidanceRequirements' on page 5 undefined on input
 line 2.


LaTeX Warning: Reference `s:Safety' on page 5 undefined on input line 2.


LaTeX Warning: Reference `s:trajectoryTracking' on page 5 undefined on input li
ne 2.


LaTeX Warning: Reference `s:EnergyEfficiency' on page 5 undefined on input line
 2.


Underfull \vbox (badness 10000) has occurred while \output is active []

 [5]

LaTeX Warning: Reference `s:KnownWorld' on page 6 undefined on input line 12.

[6]

LaTeX Warning: Reference `eq:missionAbstractSet' on page 7 undefined on input l
ine 45.


LaTeX Warning: Reference `eq:waypointPassingFunction' on page 7 undefined on in
put line 45.


LaTeX Warning: Reference `eq:trajectoryTrackingOptimalizaitonProblem' on page 7
 undefined on input line 47.


LaTeX Warning: Reference `s:BasicProblemDefinition' on page 7 undefined on inpu
t line 47.


LaTeX Warning: Reference `feasibleTrajectoryCondition' on page 7 undefined on i
nput line 47.


LaTeX Warning: Reference `s:staticObstacles' on page 7 undefined on input line 
60.


LaTeX Warning: Reference `s:intruders' on page 7 undefined on input line 60.


LaTeX Warning: Reference `s:aviudabceGridRun' on page 7 undefined on input line
 60.


LaTeX Warning: Reference `s:missionControlRun' on page 7 undefined on input lin
e 60.

[7]) (07S03-Testing-Configuration.tex [8]

LaTeX Warning: Reference `s:modelMAImplementation' on page 9 undefined on input
 line 4.


LaTeX Warning: Reference `s:AvoidanceGrid' on page 9 undefined on input line 41
.


LaTeX Warning: Reference `s:reachSet' on page 9 undefined on input line 41.


Overfull \hbox (22.8306pt too wide) in paragraph at lines 43--128
[][] 
 []

[9

]) (07S04-NonCooperativeTestCases.tex [10]

LaTeX Warning: Reference `tab:uncontrolledAirspaceViolations' on page 11 undefi
ned on input line 7.


LaTeX Warning: Reference `fig:missionControlRunActivityDiagram' on page 11 unde
fined on input line 12.

) (07S05-Building-Scenario.tex
LaTeX Font Info:    Try loading font information for U+eus on input line 9.

("C:\Users\H172461\MiKTeX 2.9\tex\latex\amsfonts\ueus.fd"
File: ueus.fd 2013/01/14 v3.01 Euler Script
) [11

] [12]
<./Pics/NS001ConstraintsBuildingObstacle00061.png, id=311, 940.7145pt x 622.726
5pt>
File: ./Pics/NS001ConstraintsBuildingObstacle00061.png Graphic file (type png)
<use ./Pics/NS001ConstraintsBuildingObstacle00061.png>
Package pdftex.def Info: ./Pics/NS001ConstraintsBuildingObstacle00061.png  used
 on input line 69.
(pdftex.def)             Requested size: 202.93097pt x 134.33018pt.
<./Pics/NS002ConstraintsBuildingObstacles00161.png, id=313, 376.2858pt x 249.09
06pt>
File: ./Pics/NS002ConstraintsBuildingObstacles00161.png Graphic file (type png)

<use ./Pics/NS002ConstraintsBuildingObstacles00161.png>
Package pdftex.def Info: ./Pics/NS002ConstraintsBuildingObstacles00161.png  use
d on input line 75.
(pdftex.def)             Requested size: 202.93097pt x 134.33208pt.
<./Pics/NS003ConstraintsBuildingObstacles00311.png, id=314, 376.2858pt x 249.09
06pt>
File: ./Pics/NS003ConstraintsBuildingObstacles00311.png Graphic file (type png)

<use ./Pics/NS003ConstraintsBuildingObstacles00311.png>
Package pdftex.def Info: ./Pics/NS003ConstraintsBuildingObstacles00311.png  use
d on input line 82.
(pdftex.def)             Requested size: 202.93097pt x 134.33208pt.
<./Pics/NS004ConstraintsBuildingObstacles00470.png, id=315, 940.7145pt x 622.72
65pt>
File: ./Pics/NS004ConstraintsBuildingObstacles00470.png Graphic file (type png)

<use ./Pics/NS004ConstraintsBuildingObstacles00470.png>
Package pdftex.def Info: ./Pics/NS004ConstraintsBuildingObstacles00470.png  use
d on input line 88.
(pdftex.def)             Requested size: 202.93097pt x 134.33018pt.
<./Pics/NS005ConstraintsPolynomialBuildingObstaclesPerformance.png, id=318, 641
.7576pt x 291.489pt>
File: ./Pics/NS005ConstraintsPolynomialBuildingObstaclesPerformance.png Graphic
 file (type png)
<use ./Pics/NS005ConstraintsPolynomialBuildingObstaclesPerformance.png>
Package pdftex.def Info: ./Pics/NS005ConstraintsPolynomialBuildingObstaclesPerf
ormance.png  used on input line 106.
(pdftex.def)             Requested size: 375.80544pt x 170.6916pt.
 [13 <./Pics/NS001ConstraintsBuildingObstacle00061.png> <./Pics/NS002Constraint
sBuildingObstacles00161.png> <./Pics/NS003ConstraintsBuildingObstacles00311.png
> <./Pics/NS004ConstraintsBuildingObstacles00470.png>]
<./Pics/NS006ConstraintsPolynomialBuildingPathFollowing.png, id=338, 377.7312pt
 x 283.2984pt>
File: ./Pics/NS006ConstraintsPolynomialBuildingPathFollowing.png Graphic file (
type png)
<use ./Pics/NS006ConstraintsPolynomialBuildingPathFollowing.png>
Package pdftex.def Info: ./Pics/NS006ConstraintsPolynomialBuildingPathFollowing
.png  used on input line 131.
(pdftex.def)             Requested size: 258.36668pt x 193.77724pt.

Underfull \vbox (badness 8132) has occurred while \output is active []

 [14 <./Pics/NS005ConstraintsPolynomialBuildingObstaclesPerformance.png>]
Missing character: There is no 2 in font eusm10!
<./Pics/NS092BuildingAvoidanceComputationTime.png, id=352, 360.6273pt x 149.358
pt>
File: ./Pics/NS092BuildingAvoidanceComputationTime.png Graphic file (type png)
<use ./Pics/NS092BuildingAvoidanceComputationTime.png>
Package pdftex.def Info: ./Pics/NS092BuildingAvoidanceComputationTime.png  used
 on input line 160.
(pdftex.def)             Requested size: 305.33788pt x 126.45805pt.
)
(07S06-Slalom-Scenario.tex [15 <./Pics/NS006ConstraintsPolynomialBuildingPathFo
llowing.png> <./Pics/NS092BuildingAvoidanceComputationTime.png>] [16]
<./Pics/NS007ConstraintsPolynomialSlalom-00015.png, id=391, 373.8768pt x 307.87
02pt>
File: ./Pics/NS007ConstraintsPolynomialSlalom-00015.png Graphic file (type png)

<use ./Pics/NS007ConstraintsPolynomialSlalom-00015.png>
Package pdftex.def Info: ./Pics/NS007ConstraintsPolynomialSlalom-00015.png  use
d on input line 71.
(pdftex.def)             Requested size: 202.93097pt x 167.1024pt.
<./Pics/NS008ConstraintsPolynomialSlalom-00069.png, id=392, 373.1541pt x 308.35
2pt>
File: ./Pics/NS008ConstraintsPolynomialSlalom-00069.png Graphic file (type png)

<use ./Pics/NS008ConstraintsPolynomialSlalom-00069.png>
Package pdftex.def Info: ./Pics/NS008ConstraintsPolynomialSlalom-00069.png  use
d on input line 77.
(pdftex.def)             Requested size: 202.93097pt x 167.69327pt.
<./Pics/NS009ConstraintsPolynomialSlalom00080.png, id=393, 373.395pt x 308.1111
pt>
File: ./Pics/NS009ConstraintsPolynomialSlalom00080.png Graphic file (type png)
<use ./Pics/NS009ConstraintsPolynomialSlalom00080.png>
Package pdftex.def Info: ./Pics/NS009ConstraintsPolynomialSlalom00080.png  used
 on input line 84.
(pdftex.def)             Requested size: 202.93097pt x 167.44942pt.
<./Pics/NS010ConstraintsPolynomialSlalom00094.png, id=394, 373.6359pt x 308.352
pt>
File: ./Pics/NS010ConstraintsPolynomialSlalom00094.png Graphic file (type png)
<use ./Pics/NS010ConstraintsPolynomialSlalom00094.png>
Package pdftex.def Info: ./Pics/NS010ConstraintsPolynomialSlalom00094.png  used
 on input line 90.
(pdftex.def)             Requested size: 202.93097pt x 167.47684pt.

Underfull \vbox (badness 10000) has occurred while \output is active []

 [17]
<./Pics/NS011ConstraintsPolynomialSlalomPerformance.png, id=409, 775.698pt x 29
3.898pt>
File: ./Pics/NS011ConstraintsPolynomialSlalomPerformance.png Graphic file (type
 png)
<use ./Pics/NS011ConstraintsPolynomialSlalomPerformance.png>
Package pdftex.def Info: ./Pics/NS011ConstraintsPolynomialSlalomPerformance.png
  used on input line 105.
(pdftex.def)             Requested size: 375.80544pt x 142.38339pt.

Underfull \vbox (badness 10000) has occurred while \output is active []

 [18 <./Pics/NS007ConstraintsPolynomialSlalom-00015.png> <./Pics/NS008Constrain
tsPolynomialSlalom-00069.png> <./Pics/NS009ConstraintsPolynomialSlalom00080.png
> <./Pics/NS010ConstraintsPolynomialSlalom00094.png>]
<./Pics/NS012ConstraintsPolynomialSlalomPathFollowing.png, id=424, 361.8318pt x
 276.7941pt>
File: ./Pics/NS012ConstraintsPolynomialSlalomPathFollowing.png Graphic file (ty
pe png)
<use ./Pics/NS012ConstraintsPolynomialSlalomPathFollowing.png>
Package pdftex.def Info: ./Pics/NS012ConstraintsPolynomialSlalomPathFollowing.p
ng  used on input line 137.
(pdftex.def)             Requested size: 258.36668pt x 197.65286pt.
 [19 <./Pics/NS011ConstraintsPolynomialSlalomPerformance.png>]
<./Pics/NS093SlalomComputationTime.png, id=440, 363.9999pt x 151.767pt>
File: ./Pics/NS093SlalomComputationTime.png Graphic file (type png)
<use ./Pics/NS093SlalomComputationTime.png>
Package pdftex.def Info: ./Pics/NS093SlalomComputationTime.png  used on input l
ine 166.
(pdftex.def)             Requested size: 305.33788pt x 127.31667pt.
) (07S07-Maze-Scenario.tex
Underfull \vbox (badness 10000) has occurred while \output is active []

 [20 <./Pics/NS012ConstraintsPolynomialSlalomPathFollowing.png>] [21 <./Pics/NS
093SlalomComputationTime.png>] [22]
<./Pics/NS013ConstraintsPolynomialMaze00022.png, id=491, 419.166pt x 276.5532pt
>
File: ./Pics/NS013ConstraintsPolynomialMaze00022.png Graphic file (type png)
<use ./Pics/NS013ConstraintsPolynomialMaze00022.png>
Package pdftex.def Info: ./Pics/NS013ConstraintsPolynomialMaze00022.png  used o
n input line 84.
(pdftex.def)             Requested size: 202.93097pt x 133.8876pt.
<./Pics/NS014ConstraintsPolynomialMaze00044.png, id=492, 418.6842pt x 276.0714p
t>
File: ./Pics/NS014ConstraintsPolynomialMaze00044.png Graphic file (type png)
<use ./Pics/NS014ConstraintsPolynomialMaze00044.png>
Package pdftex.def Info: ./Pics/NS014ConstraintsPolynomialMaze00044.png  used o
n input line 90.
(pdftex.def)             Requested size: 202.93097pt x 133.81021pt.
<./Pics/NS015ConstraintsPolynomialMaze00081.png, id=493, 420.6114pt x 276.0714p
t>
File: ./Pics/NS015ConstraintsPolynomialMaze00081.png Graphic file (type png)
<use ./Pics/NS015ConstraintsPolynomialMaze00081.png>
Package pdftex.def Info: ./Pics/NS015ConstraintsPolynomialMaze00081.png  used o
n input line 97.
(pdftex.def)             Requested size: 202.93097pt x 133.19518pt.
<./Pics/NS016ConstraintsPolynomialMaze00098.png, id=494, 421.575pt x 278.4804pt
>
File: ./Pics/NS016ConstraintsPolynomialMaze00098.png Graphic file (type png)
<use ./Pics/NS016ConstraintsPolynomialMaze00098.png>
Package pdftex.def Info: ./Pics/NS016ConstraintsPolynomialMaze00098.png  used o
n input line 103.
(pdftex.def)             Requested size: 202.93097pt x 134.0515pt.
 [23 <./Pics/NS013ConstraintsPolynomialMaze00022.png> <./Pics/NS014ConstraintsP
olynomialMaze00044.png> <./Pics/NS015ConstraintsPolynomialMaze00081.png> <./Pic
s/NS016ConstraintsPolynomialMaze00098.png>]
<./Pics/NS017ConstraintsPolynomialMazePerformance.png, id=513, 505.89pt x 293.8
98pt>
File: ./Pics/NS017ConstraintsPolynomialMazePerformance.png Graphic file (type p
ng)
<use ./Pics/NS017ConstraintsPolynomialMazePerformance.png>
Package pdftex.def Info: ./Pics/NS017ConstraintsPolynomialMazePerformance.png  
used on input line 124.
(pdftex.def)             Requested size: 375.80544pt x 218.32867pt.
 [24 <./Pics/NS017ConstraintsPolynomialMazePerformance.png>]
<./Pics/NS018ConstraintsPolynomialMazePathFollowing.png, id=523, 360.3864pt x 2
76.5532pt>
File: ./Pics/NS018ConstraintsPolynomialMazePathFollowing.png Graphic file (type
 png)
<use ./Pics/NS018ConstraintsPolynomialMazePathFollowing.png>
Package pdftex.def Info: ./Pics/NS018ConstraintsPolynomialMazePathFollowing.png
  used on input line 160.
(pdftex.def)             Requested size: 258.36668pt x 198.26996pt.
 [25 <./Pics/NS018ConstraintsPolynomialMazePathFollowing.png>]
File: ./Pics/NS093SlalomComputationTime.png Graphic file (type png)
<use ./Pics/NS093SlalomComputationTime.png>
Package pdftex.def Info: ./Pics/NS093SlalomComputationTime.png  used on input l
ine 190.
(pdftex.def)             Requested size: 305.33788pt x 127.31667pt.
) (07S08-Storm-Scenario.tex

LaTeX Warning: Reference `s:virtualConstraints' on page 26 undefined on input l
ine 2.

[26]

LaTeX Warning: Reference `tab:ruleEnforceSafetyMargin' on page 27 undefined on 
input line 54.

<./Pics/NS019ConstraintsPolynomialStorm00017.png, id=563, 1005.7575pt x 449.278
5pt>
File: ./Pics/NS019ConstraintsPolynomialStorm00017.png Graphic file (type png)
<use ./Pics/NS019ConstraintsPolynomialStorm00017.png>
Package pdftex.def Info: ./Pics/NS019ConstraintsPolynomialStorm00017.png  used 
on input line 68.
(pdftex.def)             Requested size: 202.93097pt x 90.64932pt.
<./Pics/NS020ConstraintsPolynomialStorm00031.png, id=564, 1005.7575pt x 449.278
5pt>
File: ./Pics/NS020ConstraintsPolynomialStorm00031.png Graphic file (type png)
<use ./Pics/NS020ConstraintsPolynomialStorm00031.png>
Package pdftex.def Info: ./Pics/NS020ConstraintsPolynomialStorm00031.png  used 
on input line 74.
(pdftex.def)             Requested size: 202.93097pt x 90.64932pt.
<./Pics/NS021ConstraintsPolynomialStorm00043.png, id=565, 1005.7575pt x 449.278
5pt>
File: ./Pics/NS021ConstraintsPolynomialStorm00043.png Graphic file (type png)
<use ./Pics/NS021ConstraintsPolynomialStorm00043.png>
Package pdftex.def Info: ./Pics/NS021ConstraintsPolynomialStorm00043.png  used 
on input line 81.
(pdftex.def)             Requested size: 202.93097pt x 90.64932pt.
<./Pics/NS022ConstraintsPolynomialStorm00062.png, id=566, 1005.7575pt x 449.278
5pt>
File: ./Pics/NS022ConstraintsPolynomialStorm00062.png Graphic file (type png)
<use ./Pics/NS022ConstraintsPolynomialStorm00062.png>
Package pdftex.def Info: ./Pics/NS022ConstraintsPolynomialStorm00062.png  used 
on input line 87.
(pdftex.def)             Requested size: 202.93097pt x 90.64932pt.
[27]
<./Pics/NS023ConstraintsPolynomialStormPerformance.png, id=586, 531.9072pt x 29
1.9708pt>
File: ./Pics/NS023ConstraintsPolynomialStormPerformance.png Graphic file (type 
png)
<use ./Pics/NS023ConstraintsPolynomialStormPerformance.png>
Package pdftex.def Info: ./Pics/NS023ConstraintsPolynomialStormPerformance.png 
 used on input line 101.
(pdftex.def)             Requested size: 375.80544pt x 206.29385pt.
 [28 <./Pics/NS019ConstraintsPolynomialStorm00017.png> <./Pics/NS020Constraints
PolynomialStorm00031.png> <./Pics/NS021ConstraintsPolynomialStorm00043.png> <./
Pics/NS022ConstraintsPolynomialStorm00062.png> <./Pics/NS023ConstraintsPolynomi
alStormPerformance.png>]
<./Pics/NS024ConstraintsPolynomialStormPathFollowing.png, id=602, 363.759pt x 2
70.2898pt>
File: ./Pics/NS024ConstraintsPolynomialStormPathFollowing.png Graphic file (typ
e png)
<use ./Pics/NS024ConstraintsPolynomialStormPathFollowing.png>
Package pdftex.def Info: ./Pics/NS024ConstraintsPolynomialStormPathFollowing.pn
g  used on input line 128.
(pdftex.def)             Requested size: 258.36668pt x 191.98134pt.

Underfull \vbox (badness 4205) has occurred while \output is active []

 [29 <./Pics/NS024ConstraintsPolynomialStormPathFollowing.png>]
<./Pics/NS095StormComputationTime.png, id=617, 367.3725pt x 152.9715pt>
File: ./Pics/NS095StormComputationTime.png Graphic file (type png)
<use ./Pics/NS095StormComputationTime.png>
Package pdftex.def Info: ./Pics/NS095StormComputationTime.png  used on input li
ne 157.
(pdftex.def)             Requested size: 305.33788pt x 127.14835pt.
)
(07S09-Emergency-Converging.tex

LaTeX Warning: Reference `fig:OvertakeManeuverTheoretical' on page 30 undefined
 on input line 18.

[30 <./Pics/NS095StormComputationTime.png>]

LaTeX Warning: Reference `s:bodyvolumeIntersection' on page 31 undefined on inp
ut line 60.


LaTeX Warning: Reference `s:uncertaintyIntersection' on page 31 undefined on in
put line 60.

[31]
<./Pics/NS025UtmEmergencyConverging00001.png, id=659, 1002.144pt x 809.424pt>
File: ./Pics/NS025UtmEmergencyConverging00001.png Graphic file (type png)
<use ./Pics/NS025UtmEmergencyConverging00001.png>
Package pdftex.def Info: ./Pics/NS025UtmEmergencyConverging00001.png  used on i
nput line 83.
(pdftex.def)             Requested size: 202.93097pt x 163.89511pt.
<./Pics/NS026UtmEmergencyConverging00012.png, id=660, 990.099pt x 809.424pt>
File: ./Pics/NS026UtmEmergencyConverging00012.png Graphic file (type png)
<use ./Pics/NS026UtmEmergencyConverging00012.png>
Package pdftex.def Info: ./Pics/NS026UtmEmergencyConverging00012.png  used on i
nput line 89.
(pdftex.def)             Requested size: 202.93097pt x 165.89594pt.
<./Pics/NS027UtmEmergencyConverging00018.png, id=661, 1002.144pt x 809.424pt>
File: ./Pics/NS027UtmEmergencyConverging00018.png Graphic file (type png)
<use ./Pics/NS027UtmEmergencyConverging00018.png>
Package pdftex.def Info: ./Pics/NS027UtmEmergencyConverging00018.png  used on i
nput line 96.
(pdftex.def)             Requested size: 202.93097pt x 163.89511pt.
<./Pics/NS028UtmEmergencyConverging00032.png, id=662, 1002.144pt x 809.424pt>
File: ./Pics/NS028UtmEmergencyConverging00032.png Graphic file (type png)
<use ./Pics/NS028UtmEmergencyConverging00032.png>
Package pdftex.def Info: ./Pics/NS028UtmEmergencyConverging00032.png  used on i
nput line 102.
(pdftex.def)             Requested size: 202.93097pt x 163.89511pt.

Underfull \vbox (badness 10000) has occurred while \output is active []

 [32]
<./Pics/NS029UtmEmergencyConvergingPerformance.png, id=676, 356.2911pt x 290.04
36pt>
File: ./Pics/NS029UtmEmergencyConvergingPerformance.png Graphic file (type png)

<use ./Pics/NS029UtmEmergencyConvergingPerformance.png>
Package pdftex.def Info: ./Pics/NS029UtmEmergencyConvergingPerformance.png  use
d on input line 117.
(pdftex.def)             Requested size: 258.36668pt x 210.33153pt.

Underfull \vbox (badness 10000) has occurred while \output is active []

 [33 <./Pics/NS025UtmEmergencyConverging00001.png> <./Pics/NS026UtmEmergencyCon
verging00012.png> <./Pics/NS027UtmEmergencyConverging00018.png> <./Pics/NS028Ut
mEmergencyConverging00032.png>]
<./Pics/NS030UtmEmergencyConvergingUAV1PathFollowing.png, id=692, 990.099pt x 8
09.424pt>
File: ./Pics/NS030UtmEmergencyConvergingUAV1PathFollowing.png Graphic file (typ
e png)
<use ./Pics/NS030UtmEmergencyConvergingUAV1PathFollowing.png>
Package pdftex.def Info: ./Pics/NS030UtmEmergencyConvergingUAV1PathFollowing.pn
g  used on input line 150.
(pdftex.def)             Requested size: 202.93097pt x 165.89594pt.
<./Pics/NS031UtmEmergencyConvergingUAV2PathFollowing.png, id=693, 990.099pt x 8
09.424pt>
File: ./Pics/NS031UtmEmergencyConvergingUAV2PathFollowing.png Graphic file (typ
e png)
<use ./Pics/NS031UtmEmergencyConvergingUAV2PathFollowing.png>
Package pdftex.def Info: ./Pics/NS031UtmEmergencyConvergingUAV2PathFollowing.pn
g  used on input line 156.
(pdftex.def)             Requested size: 202.93097pt x 165.89594pt.
 [34 <./Pics/NS029UtmEmergencyConvergingPerformance.png>]
<./Pics/NS096EmergencyConvergingComputationTime.png, id=709, 365.2044pt x 291.7
299pt>
File: ./Pics/NS096EmergencyConvergingComputationTime.png Graphic file (type png
)
<use ./Pics/NS096EmergencyConvergingComputationTime.png>
Package pdftex.def Info: ./Pics/NS096EmergencyConvergingComputationTime.png  us
ed on input line 187.
(pdftex.def)             Requested size: 305.33788pt x 243.91632pt.

Underfull \vbox (badness 10000) has occurred while \output is active []

 [35 <./Pics/NS030UtmEmergencyConvergingUAV1PathFollowing.png> <./Pics/NS031Utm
EmergencyConvergingUAV2PathFollowing.png>]) (07S10-Emergency-Head-On.tex

LaTeX Warning: Reference `fig:HeadOnApproachTheoretical' on page 36 undefined o
n input line 20.

[36 <./Pics/NS096EmergencyConvergingComputationTime.png>]

LaTeX Warning: Reference `s:bodyvolumeIntersection' on page 37 undefined on inp
ut line 69.

[37]

LaTeX Warning: Reference `safetyMarginBloat' on page 38 undefined on input line
 87.

<./Pics/NS032UtmEmergencyHeadOn00013.png, id=762, 932.283pt x 286.671pt>
File: ./Pics/NS032UtmEmergencyHeadOn00013.png Graphic file (type png)
<use ./Pics/NS032UtmEmergencyHeadOn00013.png>
Package pdftex.def Info: ./Pics/NS032UtmEmergencyHeadOn00013.png  used on input
 line 95.
(pdftex.def)             Requested size: 317.08247pt x 97.50183pt.
<./Pics/NS033UtmEmergencyHeadOn00018.png, id=763, 932.283pt x 286.671pt>
File: ./Pics/NS033UtmEmergencyHeadOn00018.png Graphic file (type png)
<use ./Pics/NS033UtmEmergencyHeadOn00018.png>
Package pdftex.def Info: ./Pics/NS033UtmEmergencyHeadOn00018.png  used on input
 line 102.
(pdftex.def)             Requested size: 317.08247pt x 97.50183pt.
<./Pics/NS034UtmEmergencyHeadOn00021.png, id=764, 932.283pt x 286.671pt>
File: ./Pics/NS034UtmEmergencyHeadOn00021.png Graphic file (type png)
<use ./Pics/NS034UtmEmergencyHeadOn00021.png>
Package pdftex.def Info: ./Pics/NS034UtmEmergencyHeadOn00021.png  used on input
 line 109.
(pdftex.def)             Requested size: 317.08247pt x 97.50183pt.
<./Pics/NS035UtmEmergencyHeadOn00022.png, id=765, 932.283pt x 286.671pt>
File: ./Pics/NS035UtmEmergencyHeadOn00022.png Graphic file (type png)
<use ./Pics/NS035UtmEmergencyHeadOn00022.png>
Package pdftex.def Info: ./Pics/NS035UtmEmergencyHeadOn00022.png  used on input
 line 116.
(pdftex.def)             Requested size: 317.08247pt x 97.50183pt.

Underfull \vbox (badness 10000) has occurred while \output is active []

 [38]
<./Pics/NS036UtmEmergencyHeadOnPerformance.png, id=778, 356.2911pt x 292.6935pt
>
File: ./Pics/NS036UtmEmergencyHeadOnPerformance.png Graphic file (type png)
<use ./Pics/NS036UtmEmergencyHeadOnPerformance.png>
Package pdftex.def Info: ./Pics/NS036UtmEmergencyHeadOnPerformance.png  used on
 input line 131.
(pdftex.def)             Requested size: 258.36668pt x 212.25317pt.

Underfull \vbox (badness 7256) has occurred while \output is active []

 [39 <./Pics/NS032UtmEmergencyHeadOn00013.png> <./Pics/NS033UtmEmergencyHeadOn0
0018.png> <./Pics/NS034UtmEmergencyHeadOn00021.png> <./Pics/NS035UtmEmergencyHe
adOn00022.png>]
<./Pics/NS037UtmEmergencyHeadOnUAV1PathFollowing.png, id=795, 915.42pt x 699.81
45pt>
File: ./Pics/NS037UtmEmergencyHeadOnUAV1PathFollowing.png Graphic file (type pn
g)
<use ./Pics/NS037UtmEmergencyHeadOnUAV1PathFollowing.png>
Package pdftex.def Info: ./Pics/NS037UtmEmergencyHeadOnUAV1PathFollowing.png  u
sed on input line 167.
(pdftex.def)             Requested size: 202.93097pt x 155.13428pt.
<./Pics/NS038UtmEmergencyHeadOnUAV2PathFollowing.png, id=796, 366.168pt x 279.9
258pt>
File: ./Pics/NS038UtmEmergencyHeadOnUAV2PathFollowing.png Graphic file (type pn
g)
<use ./Pics/NS038UtmEmergencyHeadOnUAV2PathFollowing.png>
Package pdftex.def Info: ./Pics/NS038UtmEmergencyHeadOnUAV2PathFollowing.png  u
sed on input line 173.
(pdftex.def)             Requested size: 202.93097pt x 155.13853pt.
 [40 <./Pics/NS036UtmEmergencyHeadOnPerformance.png>]
<./Pics/NS097EmergencyHeadOnComputationTime.png, id=811, 359.9046pt x 293.898pt
>
File: ./Pics/NS097EmergencyHeadOnComputationTime.png Graphic file (type png)
<use ./Pics/NS097EmergencyHeadOnComputationTime.png>
Package pdftex.def Info: ./Pics/NS097EmergencyHeadOnComputationTime.png  used o
n input line 206.
(pdftex.def)             Requested size: 234.8775pt x 191.80724pt.
)
(07S11-Emergency-Mixed.tex
Underfull \vbox (badness 10000) has occurred while \output is active []

 [41 <./Pics/NS037UtmEmergencyHeadOnUAV1PathFollowing.png> <./Pics/NS038UtmEmer
gencyHeadOnUAV2PathFollowing.png>] [42 <./Pics/NS097EmergencyHeadOnComputationT
ime.png>]
[43]
<./Pics/NS039UtmEmergencyHeadOnMultiple00012.png, id=870, 899.7615pt x 540.8205
pt>
File: ./Pics/NS039UtmEmergencyHeadOnMultiple00012.png Graphic file (type png)
<use ./Pics/NS039UtmEmergencyHeadOnMultiple00012.png>
Package pdftex.def Info: ./Pics/NS039UtmEmergencyHeadOnMultiple00012.png  used 
on input line 85.
(pdftex.def)             Requested size: 202.93097pt x 121.97644pt.
<./Pics/NS040UtmEmergencyHeadOnMultiple00019.png, id=871, 899.7615pt x 540.8205
pt>
File: ./Pics/NS040UtmEmergencyHeadOnMultiple00019.png Graphic file (type png)
<use ./Pics/NS040UtmEmergencyHeadOnMultiple00019.png>
Package pdftex.def Info: ./Pics/NS040UtmEmergencyHeadOnMultiple00019.png  used 
on input line 91.
(pdftex.def)             Requested size: 202.93097pt x 121.97644pt.
<./Pics/NS041UtmEmergencyHeadOnMultiple00024.png, id=872, 899.7615pt x 540.8205
pt>
File: ./Pics/NS041UtmEmergencyHeadOnMultiple00024.png Graphic file (type png)
<use ./Pics/NS041UtmEmergencyHeadOnMultiple00024.png>
Package pdftex.def Info: ./Pics/NS041UtmEmergencyHeadOnMultiple00024.png  used 
on input line 98.
(pdftex.def)             Requested size: 202.93097pt x 121.97644pt.
<./Pics/NS042UtmEmergencyHeadOnMultiple00030.png, id=873, 899.7615pt x 540.8205
pt>
File: ./Pics/NS042UtmEmergencyHeadOnMultiple00030.png Graphic file (type png)
<use ./Pics/NS042UtmEmergencyHeadOnMultiple00030.png>
Package pdftex.def Info: ./Pics/NS042UtmEmergencyHeadOnMultiple00030.png  used 
on input line 104.
(pdftex.def)             Requested size: 202.93097pt x 121.97644pt.
<./Pics/NS043UtmEmergencyHeadOnMultiplePerformance.png, id=875, 2119.92pt x 119
4.864pt>
File: ./Pics/NS043UtmEmergencyHeadOnMultiplePerformance.png Graphic file (type 
png)
<use ./Pics/NS043UtmEmergencyHeadOnMultiplePerformance.png>
Package pdftex.def Info: ./Pics/NS043UtmEmergencyHeadOnMultiplePerformance.png 
 used on input line 118.
(pdftex.def)             Requested size: 422.77663pt x 238.27574pt.
 [44 <./Pics/NS039UtmEmergencyHeadOnMultiple00012.png> <./Pics/NS040UtmEmergenc
yHeadOnMultiple00019.png> <./Pics/NS041UtmEmergencyHeadOnMultiple00024.png> <./
Pics/NS042UtmEmergencyHeadOnMultiple00030.png>] [45 <./Pics/NS043UtmEmergencyHe
adOnMultiplePerformance.png>]
<./Pics/NS044UtmEmergencyHeadOnMultipleUAV1PathFollowing.png, id=905, 913.011pt
 x 701.62125pt>
File: ./Pics/NS044UtmEmergencyHeadOnMultipleUAV1PathFollowing.png Graphic file 
(type png)
<use ./Pics/NS044UtmEmergencyHeadOnMultipleUAV1PathFollowing.png>
Package pdftex.def Info: ./Pics/NS044UtmEmergencyHeadOnMultipleUAV1PathFollowin
g.png  used on input line 164.
(pdftex.def)             Requested size: 202.93097pt x 155.9416pt.
<./Pics/NS045UtmEmergencyHeadOnMultipleUAV2PathFollowing.png, id=906, 913.011pt
 x 701.62125pt>
File: ./Pics/NS045UtmEmergencyHeadOnMultipleUAV2PathFollowing.png Graphic file 
(type png)
<use ./Pics/NS045UtmEmergencyHeadOnMultipleUAV2PathFollowing.png>
Package pdftex.def Info: ./Pics/NS045UtmEmergencyHeadOnMultipleUAV2PathFollowin
g.png  used on input line 170.
(pdftex.def)             Requested size: 202.93097pt x 155.9416pt.
<./Pics/NS046UtmEmergencyHeadOnMultipleUAV3PathFollowing.png, id=907, 913.011pt
 x 701.62125pt>
File: ./Pics/NS046UtmEmergencyHeadOnMultipleUAV3PathFollowing.png Graphic file 
(type png)
<use ./Pics/NS046UtmEmergencyHeadOnMultipleUAV3PathFollowing.png>
Package pdftex.def Info: ./Pics/NS046UtmEmergencyHeadOnMultipleUAV3PathFollowin
g.png  used on input line 177.
(pdftex.def)             Requested size: 202.93097pt x 155.9416pt.
<./Pics/NS047UtmEmergencyHeadOnMultipleUAV4PathFollowing.png, id=908, 357.7365p
t x 280.6485pt>
File: ./Pics/NS047UtmEmergencyHeadOnMultipleUAV4PathFollowing.png Graphic file 
(type png)
<use ./Pics/NS047UtmEmergencyHeadOnMultipleUAV4PathFollowing.png>
Package pdftex.def Info: ./Pics/NS047UtmEmergencyHeadOnMultipleUAV4PathFollowin
g.png  used on input line 183.
(pdftex.def)             Requested size: 202.93097pt x 159.20049pt.
 [46 <./Pics/NS044UtmEmergencyHeadOnMultipleUAV1PathFollowing.png> <./Pics/NS04
5UtmEmergencyHeadOnMultipleUAV2PathFollowing.png> <./Pics/NS046UtmEmergencyHead
OnMultipleUAV3PathFollowing.png> <./Pics/NS047UtmEmergencyHeadOnMultipleUAV4Pat
hFollowing.png>]
<./Pics/NS098EmergencyHeadOnMultipleComputationTime.png, id=925, 733.7814pt x 2
21.628pt>
File: ./Pics/NS098EmergencyHeadOnMultipleComputationTime.png Graphic file (type
 png)
<use ./Pics/NS098EmergencyHeadOnMultipleComputationTime.png>
Package pdftex.def Info: ./Pics/NS098EmergencyHeadOnMultipleComputationTime.png
  used on input line 215.
(pdftex.def)             Requested size: 446.26581pt x 134.79045pt.
)
(07S12-Cooperative-Test-Cases.tex [47 <./Pics/NS098EmergencyHeadOnMultipleCompu
tationTime.png>] [48

]

LaTeX Warning: Reference `sec:UASTrafficManagement' on page 49 undefined on inp
ut line 4.


LaTeX Warning: Reference `tab:controlledAirspaceViolations' on page 49 undefine
d on input line 8.

) (07S13-Rule-Converging.tex

LaTeX Warning: Reference `tab:positionNotification' on page 49 undefined on inp
ut line 17.


LaTeX Warning: Reference `tab:collisionCase' on page 49 undefined on input line
 19.

[49] [50]

LaTeX Warning: Reference `fig:RuleEngineInstanceLevels' on page 51 undefined on
 input line 70.


LaTeX Warning: Reference `tab:collisionCase' on page 51 undefined on input line
 72.


LaTeX Warning: Reference `tab:positionNotification' on page 51 undefined on inp
ut line 72.

<./Pics/NS048UtmCooperativeConverging00003.png, id=983, 341.3553pt x 272.217pt>

File: ./Pics/NS048UtmCooperativeConverging00003.png Graphic file (type png)
<use ./Pics/NS048UtmCooperativeConverging00003.png>
Package pdftex.def Info: ./Pics/NS048UtmCooperativeConverging00003.png  used on
 input line 107.
(pdftex.def)             Requested size: 202.93097pt x 161.83195pt.
<./Pics/NS049UtmCooperativeConverging00016.png, id=984, 853.38824pt x 680.5425p
t>
File: ./Pics/NS049UtmCooperativeConverging00016.png Graphic file (type png)
<use ./Pics/NS049UtmCooperativeConverging00016.png>
Package pdftex.def Info: ./Pics/NS049UtmCooperativeConverging00016.png  used on
 input line 113.
(pdftex.def)             Requested size: 202.93097pt x 161.82782pt.
<./Pics/NS050UtmCooperativeConverging00024.png, id=985, 853.38824pt x 680.5425p
t>
File: ./Pics/NS050UtmCooperativeConverging00024.png Graphic file (type png)
<use ./Pics/NS050UtmCooperativeConverging00024.png>
Package pdftex.def Info: ./Pics/NS050UtmCooperativeConverging00024.png  used on
 input line 120.
(pdftex.def)             Requested size: 202.93097pt x 161.82782pt.
<./Pics/NS051UtmCooperativeConverging00037.png, id=986, 853.38824pt x 680.5425p
t>
File: ./Pics/NS051UtmCooperativeConverging00037.png Graphic file (type png)
<use ./Pics/NS051UtmCooperativeConverging00037.png>
Package pdftex.def Info: ./Pics/NS051UtmCooperativeConverging00037.png  used on
 input line 126.
(pdftex.def)             Requested size: 202.93097pt x 161.82782pt.
[51]
Underfull \vbox (badness 10000) has occurred while \output is active []

 [52 <./Pics/NS048UtmCooperativeConverging00003.png> <./Pics/NS049UtmCooperativ
eConverging00016.png> <./Pics/NS050UtmCooperativeConverging00024.png> <./Pics/N
S051UtmCooperativeConverging00037.png>]

LaTeX Warning: Reference `tab:ruleConvergingManuever' on page 53 undefined on i
nput line 161.

<./Pics/NS052UtmCooperativeConvergingPerformance.png, id=1022, 356.2911pt x 289
.8027pt>
File: ./Pics/NS052UtmCooperativeConvergingPerformance.png Graphic file (type pn
g)
<use ./Pics/NS052UtmCooperativeConvergingPerformance.png>
Package pdftex.def Info: ./Pics/NS052UtmCooperativeConvergingPerformance.png  u
sed on input line 167.
(pdftex.def)             Requested size: 258.36668pt x 210.15685pt.

Underfull \vbox (badness 4805) has occurred while \output is active []

 [53 <./Pics/NS052UtmCooperativeConvergingPerformance.png>]
<./Pics/NS053UtmCooperativeConvergingUAV1PathFollowing.png, id=1036, 893.739pt 
x 678.1335pt>
File: ./Pics/NS053UtmCooperativeConvergingUAV1PathFollowing.png Graphic file (t
ype png)
<use ./Pics/NS053UtmCooperativeConvergingUAV1PathFollowing.png>
Package pdftex.def Info: ./Pics/NS053UtmCooperativeConvergingUAV1PathFollowing.
png  used on input line 198.
(pdftex.def)             Requested size: 202.93097pt x 153.97035pt.
<./Pics/NS054UtmCooperativeConvergingUAV2PathFollowing.png, id=1037, 893.739pt 
x 678.1335pt>
File: ./Pics/NS054UtmCooperativeConvergingUAV2PathFollowing.png Graphic file (t
ype png)
<use ./Pics/NS054UtmCooperativeConvergingUAV2PathFollowing.png>
Package pdftex.def Info: ./Pics/NS054UtmCooperativeConvergingUAV2PathFollowing.
png  used on input line 204.
(pdftex.def)             Requested size: 202.93097pt x 153.97035pt.

Underfull \vbox (badness 1454) has occurred while \output is active []

 [54 <./Pics/NS053UtmCooperativeConvergingUAV1PathFollowing.png> <./Pics/NS054U
tmCooperativeConvergingUAV2PathFollowing.png>]
<./Pics/NS099RuleBasedCConvergingComputationTime.png, id=1053, 363.0363pt x 295
.3434pt>
File: ./Pics/NS099RuleBasedCConvergingComputationTime.png Graphic file (type pn
g)
<use ./Pics/NS099RuleBasedCConvergingComputationTime.png>
Package pdftex.def Info: ./Pics/NS099RuleBasedCConvergingComputationTime.png  u
sed on input line 236.
(pdftex.def)             Requested size: 305.33788pt x 248.4022pt.
) (07S14-Rule-Head-On.tex

LaTeX Warning: Reference `tab:positionNotification' on page 55 undefined on inp
ut line 12.

[55 <./Pics/NS099RuleBasedCConvergingComputationTime.png>]

LaTeX Warning: Reference `tab:collisionCase' on page 56 undefined on input line
 14.

[56]

LaTeX Warning: Reference `fig:RuleEngineInstanceLevels' on page 57 undefined on
 input line 63.


LaTeX Warning: Reference `tab:collisionCase' on page 57 undefined on input line
 65.


LaTeX Warning: Reference `tab:positionNotification' on page 57 undefined on inp
ut line 65.

[57]
<./Pics/NS055UtmCooperativeHeadOn00008.png, id=1109, 925.65825pt x 361.35pt>
File: ./Pics/NS055UtmCooperativeHeadOn00008.png Graphic file (type png)
<use ./Pics/NS055UtmCooperativeHeadOn00008.png>
Package pdftex.def Info: ./Pics/NS055UtmCooperativeHeadOn00008.png  used on inp
ut line 96.
(pdftex.def)             Requested size: 317.08247pt x 123.78368pt.
<./Pics/NS056UtmCooperativeHeadOn00018.png, id=1110, 925.65825pt x 361.35pt>
File: ./Pics/NS056UtmCooperativeHeadOn00018.png Graphic file (type png)
<use ./Pics/NS056UtmCooperativeHeadOn00018.png>
Package pdftex.def Info: ./Pics/NS056UtmCooperativeHeadOn00018.png  used on inp
ut line 103.
(pdftex.def)             Requested size: 317.08247pt x 123.78368pt.
<./Pics/NS057UtmCooperativeHeadOn00023.png, id=1111, 925.65825pt x 361.35pt>
File: ./Pics/NS057UtmCooperativeHeadOn00023.png Graphic file (type png)
<use ./Pics/NS057UtmCooperativeHeadOn00023.png>
Package pdftex.def Info: ./Pics/NS057UtmCooperativeHeadOn00023.png  used on inp
ut line 110.
(pdftex.def)             Requested size: 317.08247pt x 123.78368pt.
<./Pics/NS058UtmCooperativeHeadOn00038.png, id=1112, 925.65825pt x 361.35pt>
File: ./Pics/NS058UtmCooperativeHeadOn00038.png Graphic file (type png)
<use ./Pics/NS058UtmCooperativeHeadOn00038.png>
Package pdftex.def Info: ./Pics/NS058UtmCooperativeHeadOn00038.png  used on inp
ut line 117.
(pdftex.def)             Requested size: 317.08247pt x 123.78368pt.

Underfull \vbox (badness 10000) has occurred while \output is active []

 [58]
[59 <./Pics/NS055UtmCooperativeHeadOn00008.png> <./Pics/NS056UtmCooperativeHead
On00018.png> <./Pics/NS057UtmCooperativeHeadOn00023.png> <./Pics/NS058UtmCooper
ativeHeadOn00038.png>]

LaTeX Warning: Reference `tab:ruleHeadonApproach' on page 60 undefined on input
 line 150.

<./Pics/NS059UtmCooperativeHeadOnPerformance.png, id=1135, 356.532pt x 289.8027
pt>
File: ./Pics/NS059UtmCooperativeHeadOnPerformance.png Graphic file (type png)
<use ./Pics/NS059UtmCooperativeHeadOnPerformance.png>
Package pdftex.def Info: ./Pics/NS059UtmCooperativeHeadOnPerformance.png  used 
on input line 157.
(pdftex.def)             Requested size: 258.36668pt x 210.02419pt.
[60 <./Pics/NS059UtmCooperativeHeadOnPerformance.png>]
<./Pics/NS060UtmCooperativeHeadOnUAV1PathFollowing.png, id=1149, 906.38625pt x 
680.5425pt>
File: ./Pics/NS060UtmCooperativeHeadOnUAV1PathFollowing.png Graphic file (type 
png)
<use ./Pics/NS060UtmCooperativeHeadOnUAV1PathFollowing.png>
Package pdftex.def Info: ./Pics/NS060UtmCooperativeHeadOnUAV1PathFollowing.png 
 used on input line 188.
(pdftex.def)             Requested size: 202.93097pt x 152.36778pt.
<./Pics/NS061UtmCooperativeHeadOnUAV2PathFollowing.png, id=1150, 906.38625pt x 
680.5425pt>
File: ./Pics/NS061UtmCooperativeHeadOnUAV2PathFollowing.png Graphic file (type 
png)
<use ./Pics/NS061UtmCooperativeHeadOnUAV2PathFollowing.png>
Package pdftex.def Info: ./Pics/NS061UtmCooperativeHeadOnUAV2PathFollowing.png 
 used on input line 194.
(pdftex.def)             Requested size: 202.93097pt x 152.36778pt.

Underfull \vbox (badness 2486) has occurred while \output is active []

 [61 <./Pics/NS060UtmCooperativeHeadOnUAV1PathFollowing.png> <./Pics/NS061UtmCo
operativeHeadOnUAV2PathFollowing.png>]
<./Pics/NS100RuleBasedHeadOnComputationTime.png, id=1167, 365.9271pt x 293.1753
pt>
File: ./Pics/NS100RuleBasedHeadOnComputationTime.png Graphic file (type png)
<use ./Pics/NS100RuleBasedHeadOnComputationTime.png>
Package pdftex.def Info: ./Pics/NS100RuleBasedHeadOnComputationTime.png  used o
n input line 223.
(pdftex.def)             Requested size: 305.33788pt x 244.6417pt.
) (07S15-Rule-Mixed.tex [62 <./Pics/NS100RuleBasedHeadOnComputationTime.png>]

LaTeX Warning: Reference `tab:positionNotification' on page 63 undefined on inp
ut line 19.


LaTeX Warning: Reference `tab:collisionCase' on page 63 undefined on input line
 21.

[63]

LaTeX Warning: Reference `fig:RuleEngineInstanceLevels' on page 64 undefined on
 input line 71.


LaTeX Warning: Reference `tab:collisionCase' on page 64 undefined on input line
 73.


LaTeX Warning: Reference `tab:positionNotification' on page 64 undefined on inp
ut line 73.

[64]
<./Pics/NS062UtmCooperativeHeadOnMultiple00002.png, id=1224, 776.9025pt x 732.9
3825pt>
File: ./Pics/NS062UtmCooperativeHeadOnMultiple00002.png Graphic file (type png)

<use ./Pics/NS062UtmCooperativeHeadOnMultiple00002.png>
Package pdftex.def Info: ./Pics/NS062UtmCooperativeHeadOnMultiple00002.png  use
d on input line 114.
(pdftex.def)             Requested size: 202.93097pt x 191.44296pt.
<./Pics/NS063UtmCooperativeHeadOnMultiple00016.png, id=1225, 776.9025pt x 732.9
3825pt>
File: ./Pics/NS063UtmCooperativeHeadOnMultiple00016.png Graphic file (type png)

<use ./Pics/NS063UtmCooperativeHeadOnMultiple00016.png>
Package pdftex.def Info: ./Pics/NS063UtmCooperativeHeadOnMultiple00016.png  use
d on input line 120.
(pdftex.def)             Requested size: 202.93097pt x 191.44296pt.
<./Pics/NS064UtmCooperativeHeadOnMultiple00028.png, id=1226, 776.9025pt x 732.9
3825pt>
File: ./Pics/NS064UtmCooperativeHeadOnMultiple00028.png Graphic file (type png)

<use ./Pics/NS064UtmCooperativeHeadOnMultiple00028.png>
Package pdftex.def Info: ./Pics/NS064UtmCooperativeHeadOnMultiple00028.png  use
d on input line 127.
(pdftex.def)             Requested size: 202.93097pt x 191.44296pt.
<./Pics/NS065UtmCooperativeHeadOnMultiple00040.png, id=1227, 776.9025pt x 732.9
3825pt>
File: ./Pics/NS065UtmCooperativeHeadOnMultiple00040.png Graphic file (type png)

<use ./Pics/NS065UtmCooperativeHeadOnMultiple00040.png>
Package pdftex.def Info: ./Pics/NS065UtmCooperativeHeadOnMultiple00040.png  use
d on input line 133.
(pdftex.def)             Requested size: 202.93097pt x 191.44296pt.
 [65 <./Pics/NS062UtmCooperativeHeadOnMultiple00002.png> <./Pics/NS063UtmCooper
ativeHeadOnMultiple00016.png> <./Pics/NS064UtmCooperativeHeadOnMultiple00028.pn
g> <./Pics/NS065UtmCooperativeHeadOnMultiple00040.png>]
Underfull \vbox (badness 10000) has occurred while \output is active []

 [66]
<./Pics/NS066UtmCooperativeHeadOnMultiplePerformance.png, id=1250, 850.8588pt x
 484.6908pt>
File: ./Pics/NS066UtmCooperativeHeadOnMultiplePerformance.png Graphic file (typ
e png)
<use ./Pics/NS066UtmCooperativeHeadOnMultiplePerformance.png>
Package pdftex.def Info: ./Pics/NS066UtmCooperativeHeadOnMultiplePerformance.pn
g  used on input line 199.
(pdftex.def)             Requested size: 422.77663pt x 240.83606pt.

Underfull \vbox (badness 10000) has occurred while \output is active []

 [67]
[68 <./Pics/NS066UtmCooperativeHeadOnMultiplePerformance.png>]
<./Pics/NS067UtmCooperativeHeadOnMultipleUAV1PathFollowing.png, id=1273, 908.19
3pt x 700.41675pt>
File: ./Pics/NS067UtmCooperativeHeadOnMultipleUAV1PathFollowing.png Graphic fil
e (type png)
<use ./Pics/NS067UtmCooperativeHeadOnMultipleUAV1PathFollowing.png>
Package pdftex.def Info: ./Pics/NS067UtmCooperativeHeadOnMultipleUAV1PathFollow
ing.png  used on input line 241.
(pdftex.def)             Requested size: 202.93097pt x 156.49684pt.
<./Pics/NS068UtmCooperativeHeadOnMultipleUAV2PathFollowing.png, id=1274, 908.19
3pt x 700.41675pt>
File: ./Pics/NS068UtmCooperativeHeadOnMultipleUAV2PathFollowing.png Graphic fil
e (type png)
<use ./Pics/NS068UtmCooperativeHeadOnMultipleUAV2PathFollowing.png>
Package pdftex.def Info: ./Pics/NS068UtmCooperativeHeadOnMultipleUAV2PathFollow
ing.png  used on input line 247.
(pdftex.def)             Requested size: 202.93097pt x 156.49684pt.
<./Pics/NS069UtmCooperativeHeadOnMultipleUAV3PathFollowing.png, id=1275, 908.19
3pt x 700.41675pt>
File: ./Pics/NS069UtmCooperativeHeadOnMultipleUAV3PathFollowing.png Graphic fil
e (type png)
<use ./Pics/NS069UtmCooperativeHeadOnMultipleUAV3PathFollowing.png>
Package pdftex.def Info: ./Pics/NS069UtmCooperativeHeadOnMultipleUAV3PathFollow
ing.png  used on input line 254.
(pdftex.def)             Requested size: 202.93097pt x 156.49684pt.
<./Pics/NS070UtmCooperativeHeadOnMultipleUAV4PathFollowing.png, id=1276, 908.19
3pt x 700.41675pt>
File: ./Pics/NS070UtmCooperativeHeadOnMultipleUAV4PathFollowing.png Graphic fil
e (type png)
<use ./Pics/NS070UtmCooperativeHeadOnMultipleUAV4PathFollowing.png>
Package pdftex.def Info: ./Pics/NS070UtmCooperativeHeadOnMultipleUAV4PathFollow
ing.png  used on input line 260.
(pdftex.def)             Requested size: 202.93097pt x 156.49684pt.
 [69 <./Pics/NS067UtmCooperativeHeadOnMultipleUAV1PathFollowing.png> <./Pics/NS
068UtmCooperativeHeadOnMultipleUAV2PathFollowing.png> <./Pics/NS069UtmCooperati
veHeadOnMultipleUAV3PathFollowing.png> <./Pics/NS070UtmCooperativeHeadOnMultipl
eUAV4PathFollowing.png>]
<./Pics/NS101RuleBasedMultipleComputationTime.png, id=1294, 780.516pt x 298.716
pt>
File: ./Pics/NS101RuleBasedMultipleComputationTime.png Graphic file (type png)
<use ./Pics/NS101RuleBasedMultipleComputationTime.png>
Package pdftex.def Info: ./Pics/NS101RuleBasedMultipleComputationTime.png  used
 on input line 292.
(pdftex.def)             Requested size: 446.26581pt x 170.79405pt.
) (07S16-Rule-Overtake.tex [70 <./Pics/NS101RuleBasedMultipleComputationTime.pn
g>] [71]

LaTeX Warning: Reference `fig:RuleEngineInstanceLevels' on page 72 undefined on
 input line 57.


LaTeX Warning: Reference `tab:collisionCase' on page 72 undefined on input line
 59.


LaTeX Warning: Reference `tab:positionNotification' on page 72 undefined on inp
ut line 59.


LaTeX Warning: Reference `tab:ruleOvertakeDefinition' on page 72 undefined on i
nput line 65.

<./Pics/NS071UtmCooperativeOvertake2xSpeed00002.png, id=1333, 945.5325pt x 310.
761pt>
File: ./Pics/NS071UtmCooperativeOvertake2xSpeed00002.png Graphic file (type png
)
<use ./Pics/NS071UtmCooperativeOvertake2xSpeed00002.png>
Package pdftex.def Info: ./Pics/NS071UtmCooperativeOvertake2xSpeed00002.png  us
ed on input line 84.
(pdftex.def)             Requested size: 317.08247pt x 104.21582pt.
<./Pics/NS072UtmCooperativeOvertake2xSpeed00022.png, id=1334, 945.5325pt x 310.
761pt>
File: ./Pics/NS072UtmCooperativeOvertake2xSpeed00022.png Graphic file (type png
)
<use ./Pics/NS072UtmCooperativeOvertake2xSpeed00022.png>
Package pdftex.def Info: ./Pics/NS072UtmCooperativeOvertake2xSpeed00022.png  us
ed on input line 91.
(pdftex.def)             Requested size: 317.08247pt x 104.21582pt.
<./Pics/NS073UtmCooperativeOvertake2xSpeed00052.png, id=1335, 945.5325pt x 310.
761pt>
File: ./Pics/NS073UtmCooperativeOvertake2xSpeed00052.png Graphic file (type png
)
<use ./Pics/NS073UtmCooperativeOvertake2xSpeed00052.png>
Package pdftex.def Info: ./Pics/NS073UtmCooperativeOvertake2xSpeed00052.png  us
ed on input line 98.
(pdftex.def)             Requested size: 317.08247pt x 104.21582pt.
<./Pics/NS074UtmCooperativeOvertake2xSpeed00073.png, id=1336, 378.213pt x 124.3
044pt>
File: ./Pics/NS074UtmCooperativeOvertake2xSpeed00073.png Graphic file (type png
)
<use ./Pics/NS074UtmCooperativeOvertake2xSpeed00073.png>
Package pdftex.def Info: ./Pics/NS074UtmCooperativeOvertake2xSpeed00073.png  us
ed on input line 105.
(pdftex.def)             Requested size: 317.08247pt x 104.2196pt.
[72]

LaTeX Warning: Reference `sec:collisionCase' on page 73 undefined on input line
 114.


Underfull \vbox (badness 10000) has occurred while \output is active []

 [73 <./Pics/NS071UtmCooperativeOvertake2xSpeed00002.png> <./Pics/NS072UtmCoope
rativeOvertake2xSpeed00022.png> <./Pics/NS073UtmCooperativeOvertake2xSpeed00052
.png> <./Pics/NS074UtmCooperativeOvertake2xSpeed00073.png>]

LaTeX Warning: Reference `eq:overtakeDivergenceLocal' on page 74 undefined on i
nput line 131.


LaTeX Warning: Reference `eq:overtakeConvergenceLocal' on page 74 undefined on 
input line 131.

<./Pics/NS078UtmCooperativeOvertakeMultipleTrajectories.png, id=1365, 836.4048p
t x 401.8212pt>
File: ./Pics/NS078UtmCooperativeOvertakeMultipleTrajectories.png Graphic file (
type png)
<use ./Pics/NS078UtmCooperativeOvertakeMultipleTrajectories.png>
Package pdftex.def Info: ./Pics/NS078UtmCooperativeOvertakeMultipleTrajectories
.png  used on input line 169.
(pdftex.def)             Requested size: 422.77663pt x 203.11122pt.
[74]
<./Pics/NS079UtmCooperativeOvertakeMultiplePerformance.png, id=1377, 359.4228pt
 x 291.9708pt>
File: ./Pics/NS079UtmCooperativeOvertakeMultiplePerformance.png Graphic file (t
ype png)
<use ./Pics/NS079UtmCooperativeOvertakeMultiplePerformance.png>
Package pdftex.def Info: ./Pics/NS079UtmCooperativeOvertakeMultiplePerformance.
png  used on input line 177.
(pdftex.def)             Requested size: 281.85587pt x 228.97037pt.
 [75 <./Pics/NS078UtmCooperativeOvertakeMultipleTrajectories.png> <./Pics/NS079
UtmCooperativeOvertakeMultiplePerformance.png>]
<./Pics/NS076UtmCooperativeOvertake2xSpeedUAV1PathFollowing.png, id=1393, 925.0
56pt x 700.41675pt>
File: ./Pics/NS076UtmCooperativeOvertake2xSpeedUAV1PathFollowing.png Graphic fi
le (type png)
<use ./Pics/NS076UtmCooperativeOvertake2xSpeedUAV1PathFollowing.png>
Package pdftex.def Info: ./Pics/NS076UtmCooperativeOvertake2xSpeedUAV1PathFollo
wing.png  used on input line 224.
(pdftex.def)             Requested size: 202.93097pt x 153.64328pt.
<./Pics/NS077UtmCooperativeOvertake2xSpeedUAV2PathFollowing.png, id=1394, 925.0
56pt x 700.41675pt>
File: ./Pics/NS077UtmCooperativeOvertake2xSpeedUAV2PathFollowing.png Graphic fi
le (type png)
<use ./Pics/NS077UtmCooperativeOvertake2xSpeedUAV2PathFollowing.png>
Package pdftex.def Info: ./Pics/NS077UtmCooperativeOvertake2xSpeedUAV2PathFollo
wing.png  used on input line 230.
(pdftex.def)             Requested size: 202.93097pt x 153.64328pt.

Underfull \vbox (badness 2293) has occurred while \output is active []

 [76]

LaTeX Warning: Reference `eq:overtakedDivergenceGlobal' on page 77 undefined on
 input line 265.


LaTeX Warning: Reference `eq:overtakeConvergenceGlobal' on page 77 undefined on
 input line 265.

<./Pics/NS102RuleBasedOvertakeComputationTime.png, id=1411, 361.35pt x 293.898p
t>
File: ./Pics/NS102RuleBasedOvertakeComputationTime.png Graphic file (type png)
<use ./Pics/NS102RuleBasedOvertakeComputationTime.png>
Package pdftex.def Info: ./Pics/NS102RuleBasedOvertakeComputationTime.png  used
 on input line 269.
(pdftex.def)             Requested size: 305.33788pt x 248.34354pt.
)
Underfull \vbox (badness 3657) has occurred while \output is active []

 [77 <./Pics/NS076UtmCooperativeOvertake2xSpeedUAV1PathFollowing.png> <./Pics/N
S077UtmCooperativeOvertake2xSpeedUAV2PathFollowing.png>] (07S16a-Test-Cases-Con
clusion.tex
[78 <./Pics/NS102RuleBasedOvertakeComputationTime.png>]
Overfull \vbox (11.78946pt too high) detected at line 123
 []


Underfull \vbox (badness 2012) has occurred while \output is active []

 [79

]
Underfull \hbox (badness 1215) in paragraph at lines 142--143
\OT1/cmr/m/n/12 avoided with-out se-cu-rity breach, nav-i-ga-tion al-go-rithm w
as suf-fi-cient for given
 []


LaTeX Warning: Reference `fig:missionControlRunActivityDiagram' on page 80 unde
fined on input line 147.


LaTeX Warning: Reference `s:combinedReachSet' on page 80 undefined on input lin
e 152.


LaTeX Warning: Reference `fig:NonCooperativeConflictResolutionUTM' on page 80 u
ndefined on input line 154.


LaTeX Warning: Reference `fig:UTMArchitectureOverview' on page 80 undefined on 
input line 157.


LaTeX Warning: Reference `fig:missionControlRunActivityDiagram' on page 80 unde
fined on input line 157.


LaTeX Warning: Reference `sec:ruleEngine' on page 80 undefined on input line 15
7.


LaTeX Warning: Reference `fig:ConvergingManeuverTheoretical' on page 80 undefin
ed on input line 160.


LaTeX Warning: Reference `tab:ruleConvergingManuever' on page 80 undefined on i
nput line 160.


LaTeX Warning: Reference `fig:HeadOnApproachTheoretical' on page 80 undefined o
n input line 162.


LaTeX Warning: Reference `tab:ruleHeadonApproach' on page 80 undefined on input
 line 162.


LaTeX Warning: Reference `eq:aggregatedCollisionCaseCenter' on page 80 undefine
d on input line 164.


LaTeX Warning: Reference `eq:naiveSafetyMarginAgregation' on page 80 undefined 
on input line 164.


LaTeX Warning: Reference `fig:OvertakeManeuverTheoretical' on page 80 undefined
 on input line 166.


LaTeX Warning: Reference `tab:ruleOvertakeDefinition' on page 80 undefined on i
nput line 166.


LaTeX Warning: Reference `eq:overtakeDivergenceLocal' on page 80 undefined on i
nput line 166.


LaTeX Warning: Reference `eq:overtakeConvergenceLocal' on page 80 undefined on 
input line 166.

[80]

LaTeX Warning: Reference `tab:positionNotification' on page 81 undefined on inp
ut line 178.

[81]
<./Pics/NS086UTMAdversary00011.png, id=1533, 436.029pt x 235.6002pt>
File: ./Pics/NS086UTMAdversary00011.png Graphic file (type png)
<use ./Pics/NS086UTMAdversary00011.png>
Package pdftex.def Info: ./Pics/NS086UTMAdversary00011.png  used on input line 
215.
(pdftex.def)             Requested size: 202.93097pt x 109.65001pt.
<./Pics/NS087UTMAdversary-00014.png, id=1534, 433.62pt x 234.6366pt>
File: ./Pics/NS087UTMAdversary-00014.png Graphic file (type png)
<use ./Pics/NS087UTMAdversary-00014.png>
Package pdftex.def Info: ./Pics/NS087UTMAdversary-00014.png  used on input line
 221.
(pdftex.def)             Requested size: 202.93097pt x 109.8102pt.
<./Pics/NS088UTMAdversary-00017.png, id=1535, 434.5836pt x 235.1184pt>
File: ./Pics/NS088UTMAdversary-00017.png Graphic file (type png)
<use ./Pics/NS088UTMAdversary-00017.png>
Package pdftex.def Info: ./Pics/NS088UTMAdversary-00017.png  used on input line
 228.
(pdftex.def)             Requested size: 202.93097pt x 109.78812pt.
<./Pics/NS089UTMAdversary-00020.png, id=1536, 433.1382pt x 235.1184pt>
File: ./Pics/NS089UTMAdversary-00020.png Graphic file (type png)
<use ./Pics/NS089UTMAdversary-00020.png>
Package pdftex.def Info: ./Pics/NS089UTMAdversary-00020.png  used on input line
 234.
(pdftex.def)             Requested size: 202.93097pt x 110.15764pt.
<./Pics/NS090UTMAdversaryCrash.png, id=1537, 145.5036pt x 105.0324pt>
File: ./Pics/NS090UTMAdversaryCrash.png Graphic file (type png)
<use ./Pics/NS090UTMAdversaryCrash.png>
Package pdftex.def Info: ./Pics/NS090UTMAdversaryCrash.png  used on input line 
241.
(pdftex.def)             Requested size: 169.10806pt x 122.07324pt.

Underfull \vbox (badness 10000) has occurred while \output is active []

 [82]
[83 <./Pics/NS086UTMAdversary00011.png> <./Pics/NS087UTMAdversary-00014.png> <.
/Pics/NS088UTMAdversary-00017.png> <./Pics/NS089UTMAdversary-00020.png> <./Pics
/NS090UTMAdversaryCrash.png>]
<./Pics/NS091UTMAdversaryPerformance.png, id=1569, 574.3056pt x 233.673pt>
File: ./Pics/NS091UTMAdversaryPerformance.png Graphic file (type png)
<use ./Pics/NS091UTMAdversaryPerformance.png>
Package pdftex.def Info: ./Pics/NS091UTMAdversaryPerformance.png  used on input
 line 263.
(pdftex.def)             Requested size: 446.26581pt x 181.58318pt.
 [84 <./Pics/NS091UTMAdversaryPerformance.png>]

LaTeX Warning: Reference `s:MovingVirtualConstraints' on page 85 undefined on i
nput line 342.


LaTeX Warning: Reference `s:bodyvolumeIntersection' on page 85 undefined on inp
ut line 344.


LaTeX Warning: Reference `sec:ruleImplementation' on page 85 undefined on input
 line 346.


LaTeX Warning: Reference `tab:ruleOvertakeDefinition' on page 85 undefined on i
nput line 348.

) (07S17-Reduced-Reach-Sets.tex [85] [86

]

LaTeX Warning: Reference `alg:Wavefront Propagation' on page 87 undefined on in
put line 4.


LaTeX Warning: Reference `alg:Wavefront Propagation' on page 87 undefined on in
put line 13.


LaTeX Warning: Reference `def:SmoothnessRatingForTrajectory' on page 87 undefin
ed on input line 18.


LaTeX Warning: Reference `s:harmonicReachSet' on page 87 undefined on input lin
e 18.


LaTeX Warning: Reference `s:combinedReachSet' on page 87 undefined on input lin
e 18.


LaTeX Warning: Reference `s:acasReachSet' on page 87 undefined on input line 18
.


LaTeX Warning: Reference `def:coverageRatio' on page 87 undefined on input line
 24.

[87]

LaTeX Warning: Reference `s:chaoticReachSet' on page 88 undefined on input line
 48.

<./Pics/NS082CoverageRS00010.png, id=1631, 944.93025pt x 675.7245pt>
File: ./Pics/NS082CoverageRS00010.png Graphic file (type png)
<use ./Pics/NS082CoverageRS00010.png>
Package pdftex.def Info: ./Pics/NS082CoverageRS00010.png  used on input line 57
.
(pdftex.def)             Requested size: 202.93097pt x 145.11296pt.
<./Pics/NS083CoverageRSAfterPruning.png, id=1632, 377.9721pt x 270.2898pt>
File: ./Pics/NS083CoverageRSAfterPruning.png Graphic file (type png)
<use ./Pics/NS083CoverageRSAfterPruning.png>
Package pdftex.def Info: ./Pics/NS083CoverageRSAfterPruning.png  used on input 
line 63.
(pdftex.def)             Requested size: 202.93097pt x 145.11708pt.

LaTeX Warning: Reference `s:harmonicReachSet' on page 88 undefined on input lin
e 71.

<./Pics/NS084smoothRS00010.png, id=1635, 377.7312pt x 271.0125pt>
File: ./Pics/NS084smoothRS00010.png Graphic file (type png)
<use ./Pics/NS084smoothRS00010.png>
Package pdftex.def Info: ./Pics/NS084smoothRS00010.png  used on input line 79.
(pdftex.def)             Requested size: 202.93097pt x 145.6002pt.
<./Pics/NS085smoothRSAfterPruning.png, id=1636, 944.328pt x 677.53125pt>
File: ./Pics/NS085smoothRSAfterPruning.png Graphic file (type png)
<use ./Pics/NS085smoothRSAfterPruning.png>
Package pdftex.def Info: ./Pics/NS085smoothRSAfterPruning.png  used on input li
ne 85.
(pdftex.def)             Requested size: 202.93097pt x 145.59401pt.

Underfull \vbox (badness 10000) has occurred while \output is active []

 [88 <./Pics/NS082CoverageRS00010.png> <./Pics/NS083CoverageRSAfterPruning.png>
]

LaTeX Warning: Reference `s:combinedReachSet' on page 89 undefined on input lin
e 93.


LaTeX Warning: Reference `s:acasReachSet' on page 89 undefined on input line 95
.

<./Pics/NS080acasLikeRS00010.png, id=1652, 377.9721pt x 270.7716pt>
File: ./Pics/NS080acasLikeRS00010.png Graphic file (type png)
<use ./Pics/NS080acasLikeRS00010.png>
Package pdftex.def Info: ./Pics/NS080acasLikeRS00010.png  used on input line 10
1.
(pdftex.def)             Requested size: 202.93097pt x 145.37576pt.
<./Pics/NS081acasLikeRSAfterPruning.png, id=1653, 944.93025pt x 676.929pt>
File: ./Pics/NS081acasLikeRSAfterPruning.png Graphic file (type png)
<use ./Pics/NS081acasLikeRSAfterPruning.png>
Package pdftex.def Info: ./Pics/NS081acasLikeRSAfterPruning.png  used on input 
line 107.
(pdftex.def)             Requested size: 202.93097pt x 145.37163pt.
[89 <./Pics/NS084smoothRS00010.png> <./Pics/NS085smoothRSAfterPruning.png> <./P
ics/NS080acasLikeRS00010.png> <./Pics/NS081acasLikeRSAfterPruning.png>]

LaTeX Warning: Reference `alg:Wavefront Propagation' on page 90 undefined on in
put line 124.


LaTeX Warning: Reference `alg:Wavefront Propagation' on page 90 undefined on in
put line 149.

[90]

LaTeX Warning: Reference `def:coverageRatio' on page 91 undefined on input line
 180.

[91]) ([CHB]-07-Simulations.bbl [92])
Package atveryend Info: Empty hook `BeforeClearDocument' on input line 305.
 [93

]
Package atveryend Info: Empty hook `AfterLastShipout' on input line 305.
 ([CHB]-07-Simulations.aux)
Package atveryend Info: Executing hook `AtVeryEndDocument' on input line 305.
Package atveryend Info: Executing hook `AtEndAfterFileList' on input line 305.
Package rerunfilecheck Info: File `[CHB]-07-Simulations.out' has not changed.
(rerunfilecheck)             Checksum: 7579C2186DE6FC8A202A15FE695F9D68;4510.


LaTeX Warning: There were undefined references.

Package atveryend Info: Empty hook `AtVeryVeryEnd' on input line 305.
 ) 
Here is how much of TeX's memory you used:
 25688 strings out of 492973
 441644 string characters out of 3135926
 603721 words of memory out of 3000000
 28464 multiletter control sequences out of 15000+200000
 551868 words of font info for 97 fonts, out of 3000000 for 9000
 1141 hyphenation exceptions out of 8191
 42i,20n,63p,862b,564s stack positions out of 5000i,500n,10000p,200000b,50000s
pdfTeX warning (dest): name{Hfootnote.5} has been referenced but does not exi
st, replaced by a fixed one

pdfTeX warning (dest): name{Hfootnote.4} has been referenced but does not exist
, replaced by a fixed one

pdfTeX warning (dest): name{Hfootnote.3} has been referenced but does not exist
, replaced by a fixed one

pdfTeX warning (dest): name{Hfootnote.2} has been referenced but does not exist
, replaced by a fixed one

pdfTeX warning (dest): name{Hfootnote.1} has been referenced but does not exist
, replaced by a fixed one

<C:/Users/H172461/MiKTeX 2.9/fonts/type1/public/amsfonts/cm/cmbx12.pfb><C:/User
s/H172461/MiKTeX 2.9/fonts/type1/public/amsfonts/cm/cmcsc10.pfb><C:/Users/H1724
61/MiKTeX 2.9/fonts/type1/public/amsfonts/cm/cmex10.pfb><C:/Users/H172461/MiKTe
X 2.9/fonts/type1/public/amsfonts/cm/cmmi12.pfb><C:/Users/H172461/MiKTeX 2.9/fo
nts/type1/public/amsfonts/cm/cmmi8.pfb><C:/Users/H172461/MiKTeX 2.9/fonts/type1
/public/amsfonts/cm/cmr10.pfb><C:/Users/H172461/MiKTeX 2.9/fonts/type1/public/a
msfonts/cm/cmr12.pfb><C:/Users/H172461/MiKTeX 2.9/fonts/type1/public/amsfonts/c
m/cmr6.pfb><C:/Users/H172461/MiKTeX 2.9/fonts/type1/public/amsfonts/cm/cmr7.pfb
><C:/Users/H172461/MiKTeX 2.9/fonts/type1/public/amsfonts/cm/cmr8.pfb><C:/Users
/H172461/MiKTeX 2.9/fonts/type1/public/amsfonts/cm/cmsy10.pfb><C:/Users/H172461
/MiKTeX 2.9/fonts/type1/public/amsfonts/cm/cmsy8.pfb><C:/Users/H172461/MiKTeX 2
.9/fonts/type1/public/amsfonts/cm/cmti12.pfb><C:/Users/H172461/MiKTeX 2.9/fonts
/type1/public/amsfonts/cm/cmti8.pfb><C:/Users/H172461/MiKTeX 2.9/fonts/type1/pu
blic/amsfonts/cm/cmtt10.pfb><C:/Users/H172461/MiKTeX 2.9/fonts/type1/public/ams
fonts/cm/cmtt12.pfb><C:/Users/H172461/MiKTeX 2.9/fonts/type1/public/amsfonts/eu
ler/eusm10.pfb><C:/Users/H172461/MiKTeX 2.9/fonts/type1/public/amsfonts/symbols
/msam10.pfb>
Output written on [CHB]-07-Simulations.pdf (93 pages, 8385690 bytes).
PDF statistics:
 1898 PDF objects out of 2073 (max. 8388607)
 680 named destinations out of 1000 (max. 500000)
 709 words of extra memory for PDF output out of 10000 (max. 10000000)

