\BOOKMARK [0][-]{chapter.7}{\376\377\000\040\000\040\000S\000i\000m\000u\000l\000a\000t\000i\000o\000n\000s}{}% 1
\BOOKMARK [1][-]{section.7.1}{\376\377\000\040\000\040\000T\000e\000s\000t\000\040\000P\000l\000a\000n}{chapter.7}% 2
\BOOKMARK [2][-]{subsection.7.1.1}{\376\377\000\040\000\040\000T\000e\000s\000t\000i\000n\000g\000\040\000a\000p\000p\000r\000o\000a\000c\000h}{section.7.1}% 3
\BOOKMARK [2][-]{subsection.7.1.2}{\376\377\000\040\000\040\000T\000e\000s\000t\000\040\000C\000a\000s\000e\000s\000\040\000S\000u\000m\000m\000a\000r\000y}{section.7.1}% 4
\BOOKMARK [2][-]{subsection.7.1.3}{\376\377\000\040\000\040\000P\000e\000r\000f\000o\000r\000m\000a\000n\000c\000e\000\040\000E\000v\000a\000l\000u\000a\000t\000i\000o\000n}{section.7.1}% 5
\BOOKMARK [1][-]{section.7.2}{\376\377\000\040\000\040\000T\000e\000s\000t\000i\000n\000g\000\040\000C\000o\000n\000f\000i\000g\000u\000r\000a\000t\000i\000o\000n}{chapter.7}% 6
\BOOKMARK [1][-]{section.7.3}{\376\377\000\040\000\040\000N\000o\000n\000-\000c\000o\000o\000p\000e\000r\000a\000t\000i\000v\000e\000\040\000t\000e\000s\000t\000\040\000c\000a\000s\000e\000s}{chapter.7}% 7
\BOOKMARK [2][-]{subsection.7.3.1}{\376\377\000\040\000\040\000B\000u\000i\000l\000d\000i\000n\000g\000\040\000a\000v\000o\000i\000d\000a\000n\000c\000e}{section.7.3}% 8
\BOOKMARK [2][-]{subsection.7.3.2}{\376\377\000\040\000\040\000S\000l\000a\000l\000o\000m}{section.7.3}% 9
\BOOKMARK [2][-]{subsection.7.3.3}{\376\377\000\040\000\040\000M\000a\000z\000e}{section.7.3}% 10
\BOOKMARK [2][-]{subsection.7.3.4}{\376\377\000\040\000\040\000S\000t\000o\000r\000m}{section.7.3}% 11
\BOOKMARK [2][-]{subsection.7.3.5}{\376\377\000\040\000\040\000E\000m\000e\000r\000g\000e\000n\000c\000y\000\040\000C\000o\000n\000v\000e\000r\000g\000i\000n\000g}{section.7.3}% 12
\BOOKMARK [2][-]{subsection.7.3.6}{\376\377\000\040\000\040\000E\000m\000e\000r\000g\000e\000n\000c\000y\000\040\000H\000e\000a\000d\000-\000O\000n}{section.7.3}% 13
\BOOKMARK [2][-]{subsection.7.3.7}{\376\377\000\040\000\040\000E\000m\000e\000r\000g\000e\000n\000c\000y\000\040\000M\000i\000x\000e\000d\000\040\000H\000e\000a\000d\000-\000O\000n\000\040\000w\000i\000t\000h\000\040\000C\000o\000n\000v\000e\000r\000g\000i\000n\000g}{section.7.3}% 14
\BOOKMARK [1][-]{section.7.4}{\376\377\000\040\000\040\000C\000o\000o\000p\000e\000r\000a\000t\000i\000v\000e\000\040\000T\000e\000s\000t\000\040\000C\000a\000s\000e\000s}{chapter.7}% 15
\BOOKMARK [2][-]{subsection.7.4.1}{\376\377\000\040\000\040\000R\000u\000l\000e\000\040\000B\000a\000s\000e\000d\000\040\000C\000o\000n\000v\000e\000r\000g\000i\000n\000g}{section.7.4}% 16
\BOOKMARK [2][-]{subsection.7.4.2}{\376\377\000\040\000\040\000R\000u\000l\000e\000\040\000B\000a\000s\000e\000d\000\040\000H\000e\000a\000d\000-\000O\000n}{section.7.4}% 17
\BOOKMARK [2][-]{subsection.7.4.3}{\376\377\000\040\000\040\000R\000u\000l\000e\000\040\000B\000a\000s\000e\000d\000\040\000M\000i\000x\000e\000d\000\040\000H\000e\000a\000d\000-\000O\000n\000\040\000w\000i\000t\000h\000\040\000C\000o\000n\000v\000e\000r\000g\000i\000n\000g}{section.7.4}% 18
\BOOKMARK [2][-]{subsection.7.4.4}{\376\377\000\040\000\040\000R\000u\000l\000e\000\040\000B\000a\000s\000e\000d\000\040\000O\000v\000e\000r\000t\000a\000k\000e}{section.7.4}% 19
\BOOKMARK [1][-]{section.7.5}{\376\377\000\040\000\040\000T\000e\000s\000t\000\040\000C\000a\000s\000e\000s\000\040\000C\000o\000n\000c\000l\000u\000s\000i\000o\000n}{chapter.7}% 20
\BOOKMARK [2][-]{subsection.7.5.1}{\376\377\000\040\000\040\000P\000e\000r\000f\000o\000r\000m\000a\000n\000c\000e\000\040\000E\000v\000a\000l\000u\000a\000t\000i\000o\000n}{section.7.5}% 21
\BOOKMARK [2][-]{subsection.7.5.2}{\376\377\000\040\000\040\000A\000d\000v\000e\000r\000s\000a\000r\000y\000\040\000B\000e\000h\000a\000v\000i\000o\000u\000r\000\040\000I\000m\000p\000a\000c\000t}{section.7.5}% 22
\BOOKMARK [2][-]{subsection.7.5.3}{\376\377\000\040\000\040\000C\000o\000m\000p\000u\000t\000a\000t\000i\000o\000n\000\040\000F\000o\000o\000t\000p\000r\000i\000n\000t}{section.7.5}% 23
\BOOKMARK [1][-]{section.7.6}{\376\377\000\040\000\040\000R\000e\000d\000u\000c\000e\000d\000\040\000R\000e\000a\000c\000h\000\040\000S\000e\000t\000s\000\040\000P\000e\000r\000f\000o\000r\000m\000a\000n\000c\000e}{chapter.7}% 24
\BOOKMARK [0][-]{Item.290}{\376\377\000B\000i\000b\000l\000i\000o\000g\000r\000a\000p\000h\000y}{}% 25
\BOOKMARK [0][-]{chapter*.253}{\376\377\000B\000i\000b\000l\000i\000o\000g\000r\000a\000p\000h\000y}{}% 26
