\BOOKMARK [0][-]{chapter.1}{\376\377\000\050\000W\000\051\000\040\000I\000n\000t\000r\000o\000d\000u\000c\000t\000i\000o\000n}{}% 1
\BOOKMARK [1][-]{section.1.1}{\376\377\000\050\000W\000\051\000\040\000R\000e\000l\000a\000t\000e\000d\000\040\000W\000o\000r\000k}{chapter.1}% 2
\BOOKMARK [1][-]{section.1.2}{\376\377\000\050\000W\000\051\000\040\000G\000o\000a\000l\000s}{chapter.1}% 3
\BOOKMARK [1][-]{section.1.3}{\376\377\000\050\000W\000\051\000\040\000A\000s\000s\000u\000m\000p\000t\000i\000o\000n\000s}{chapter.1}% 4
\BOOKMARK [1][-]{section.1.4}{\376\377\000\050\000W\000\051\000\040\000O\000v\000e\000r\000v\000i\000e\000w}{chapter.1}% 5
\BOOKMARK [1][-]{section.1.5}{\376\377\000\050\000W\000\051\000\040\000C\000o\000n\000t\000r\000i\000b\000u\000t\000i\000o\000n\000s}{chapter.1}% 6
\BOOKMARK [0][-]{chapter.2}{\376\377\000\050\000W\000\051\000\040\000C\000o\000l\000l\000i\000s\000i\000o\000n\000\040\000a\000v\000o\000i\000d\000a\000n\000c\000e}{}% 7
\BOOKMARK [1][-]{section.2.1}{\376\377\000\050\000R\000\051\000\040\000A\000i\000r\000s\000p\000a\000c\000e\000\040\000C\000l\000a\000s\000s\000i\000f\000i\000c\000a\000t\000i\000o\000n}{chapter.2}% 8
\BOOKMARK [1][-]{section.2.2}{\376\377\000\050\000R\000\051\000\040\000A\000i\000r\000c\000r\000a\000f\000t\000\040\000O\000p\000e\000r\000a\000t\000i\000o\000n\000a\000l\000\040\000R\000u\000l\000e\000s}{chapter.2}% 9
\BOOKMARK [2][-]{subsection.2.2.1}{\376\377\000\050\000R\000\051\000\040\000V\000i\000s\000u\000a\000l\000\040\000F\000l\000i\000g\000h\000t\000\040\000R\000u\000l\000e\000s\000\040\000\050\000V\000F\000R\000\051}{section.2.2}% 10
\BOOKMARK [2][-]{subsection.2.2.2}{\376\377\000\050\000W\000\051\000\040\000I\000n\000s\000t\000r\000u\000m\000e\000n\000t\000a\000l\000\040\000F\000l\000i\000g\000h\000t\000\040\000R\000u\000l\000e\000s\000\040\000\050\000I\000F\000R\000\051}{section.2.2}% 11
\BOOKMARK [1][-]{section.2.3}{\376\377\000\050\000W\000\051\000\040\000R\000e\000m\000a\000i\000n\000i\000n\000g\000\040\000"\000W\000e\000l\000l\000\040\000C\000l\000e\000a\000r\000"}{chapter.2}% 12
\BOOKMARK [2][-]{subsection.2.3.1}{\376\377\000\050\000W\000\051\000\040\000A\000i\000r\000\040\000T\000r\000a\000f\000f\000i\000c\000\040\000C\000o\000n\000t\000r\000o\000l\000\050\000A\000T\000C\000\051}{section.2.3}% 13
\BOOKMARK [2][-]{subsection.2.3.2}{\376\377\000\050\000W\000\051\000\040\000T\000r\000a\000f\000f\000i\000c\000\040\000C\000o\000l\000l\000i\000s\000i\000o\000n\000\040\000A\000v\000o\000i\000d\000a\000n\000c\000e\000\040\000S\000y\000s\000t\000e\000m\000\040\000\050\000T\000C\000A\000S\000\051}{section.2.3}% 14
\BOOKMARK [2][-]{subsection.2.3.3}{\376\377\000\050\000W\000\051\000\040\000A\000i\000r\000b\000o\000r\000n\000e\000\040\000C\000o\000l\000l\000i\000s\000i\000o\000n\000\040\000A\000v\000o\000i\000d\000a\000n\000c\000e\000\040\000S\000y\000s\000t\000e\000m\000\040\000X\000\040\000\050\000A\000C\000A\000S\000-\000X\000\051}{section.2.3}% 15
\BOOKMARK [1][-]{section.2.4}{\376\377\000\050\000R\000\051\000\040\000U\000A\000S\000\040\000T\000r\000a\000f\000f\000i\000c\000\040\000M\000a\000n\000a\000g\000e\000m\000e\000n\000t\000\040\000\050\000U\000T\000M\000\051}{chapter.2}% 16
\BOOKMARK [2][-]{subsection.2.4.1}{\376\377\000\050\000R\000\051\000\040\000U\000-\000S\000p\000a\000c\000e\000\040\000\050\000E\000U\000\051}{section.2.4}% 17
\BOOKMARK [2][-]{subsection.2.4.2}{\376\377\000\050\000R\000\051\000\040\000N\000A\000S\000A\000\040\000U\000T\000M\000\040\000\050\000U\000S\000\051}{section.2.4}% 18
\BOOKMARK [1][-]{section.2.5}{\376\377\000\050\000W\000\051\000\040\000E\000v\000e\000n\000t\000\040\000B\000a\000s\000e\000d\000\040\000A\000v\000o\000i\000d\000a\000n\000c\000e}{chapter.2}% 19
\BOOKMARK [2][-]{subsection.2.5.1}{\376\377\000\050\000W\000\051\000\040\000M\000i\000d\000-\000A\000i\000r\000\040\000C\000o\000l\000l\000i\000s\000i\000o\000n\000\040\000P\000r\000e\000v\000e\000n\000t\000i\000o\000n}{section.2.5}% 20
\BOOKMARK [2][-]{subsection.2.5.2}{\376\377\000\050\000W\000\051\000\040\000W\000e\000a\000t\000h\000e\000r\000\040\000I\000m\000p\000a\000c\000t}{section.2.5}% 21
\BOOKMARK [1][-]{section.2.6}{\376\377\000\050\000W\000\051\000\040\000U\000T\000M\000\040\000F\000u\000n\000c\000t\000i\000o\000n\000a\000l\000\040\000D\000e\000c\000o\000m\000p\000o\000s\000i\000t\000i\000o\000n}{chapter.2}% 22
\BOOKMARK [2][-]{subsection.2.6.1}{\376\377\000\050\000W\000\051\000\040\000I\000n\000f\000o\000r\000m\000a\000t\000i\000o\000n\000\040\000E\000x\000c\000h\000a\000n\000g\000e\000\040\000P\000r\000i\000n\000c\000i\000p\000l\000e\000s}{section.2.6}% 23
\BOOKMARK [2][-]{subsection.2.6.2}{\376\377\000\050\000W\000\051\000\040\000R\000e\000s\000o\000l\000u\000t\000i\000o\000n\000\040\000A\000d\000v\000i\000s\000o\000r\000i\000e\000s}{section.2.6}% 24
\BOOKMARK [0][-]{chapter.3}{\376\377\000\050\000R\000\051\000\040\000B\000a\000c\000k\000g\000r\000o\000u\000n\000d\000\040\000T\000h\000e\000o\000r\000y}{}% 25
\BOOKMARK [1][-]{section.3.1}{\376\377\000\050\000R\000\051\000\040\000U\000A\000S\000\040\000S\000y\000s\000t\000e\000m\000\040\000M\000o\000d\000e\000l}{chapter.3}% 26
\BOOKMARK [2][-]{subsection.3.1.1}{\376\377\000C\000o\000n\000t\000i\000n\000u\000o\000u\000s\000-\000t\000i\000m\000e\000\040\000s\000y\000s\000t\000e\000m\000s}{section.3.1}% 27
\BOOKMARK [2][-]{subsection.3.1.2}{\376\377\000D\000i\000s\000c\000r\000e\000t\000e\000-\000t\000i\000m\000e\000\040\000s\000y\000s\000t\000e\000m\000s}{section.3.1}% 28
\BOOKMARK [2][-]{subsection.3.1.3}{\376\377\000A\000d\000v\000e\000r\000s\000a\000r\000i\000a\000l\000\040\000b\000e\000h\000a\000v\000i\000o\000u\000r\000\040\000i\000n\000\040\000c\000o\000n\000t\000i\000n\000u\000o\000u\000s\000\040\000s\000y\000s\000t\000e\000m\000s}{section.3.1}% 29
\BOOKMARK [1][-]{section.3.2}{\376\377\000R\000e\000a\000c\000h\000\040\000S\000e\000t\000s}{chapter.3}% 30
\BOOKMARK [2][-]{subsection.3.2.1}{\376\377\000I\000n\000c\000r\000e\000m\000e\000n\000t\000a\000l\000\040\000D\000e\000f\000i\000n\000i\000t\000i\000o\000n}{section.3.2}% 31
\BOOKMARK [2][-]{subsection.3.2.2}{\376\377\000C\000o\000m\000p\000u\000t\000a\000t\000i\000o\000n\000\040\000o\000f\000\040\000R\000e\000a\000c\000h\000\040\000S\000e\000t\000s}{section.3.2}% 32
\BOOKMARK [1][-]{section.3.3}{\376\377\000\050\000R\000\051\000\040\000M\000o\000v\000e\000m\000e\000n\000t\000\040\000A\000u\000t\000o\000m\000a\000t\000o\000n}{chapter.3}% 33
\BOOKMARK [2][-]{subsection.3.3.1}{\376\377\000H\000y\000b\000r\000i\000d\000\040\000A\000u\000t\000o\000m\000a\000t\000o\000n}{section.3.3}% 34
\BOOKMARK [2][-]{subsection.3.3.2}{\376\377\000B\000u\000i\000l\000d\000i\000n\000g\000\040\000B\000l\000o\000c\000k\000s}{section.3.3}% 35
\BOOKMARK [2][-]{subsection.3.3.3}{\376\377\000D\000e\000f\000i\000n\000i\000t\000i\000o\000n}{section.3.3}% 36
\BOOKMARK [1][-]{section.3.4}{\376\377\000\050\000R\000\051\000\040\000L\000i\000D\000A\000R}{chapter.3}% 37
\BOOKMARK [1][-]{section.3.5}{\376\377\000\050\000R\000\051\000\040\000C\000o\000m\000p\000l\000e\000m\000e\000n\000t\000s\000\040\000o\000f\000\040\000A\000l\000g\000e\000b\000r\000a}{chapter.3}% 38
\BOOKMARK [0][-]{chapter.4}{\376\377\000\050\000R\000\051\000\040\000P\000r\000o\000b\000l\000e\000m\000\040\000S\000t\000a\000t\000e\000m\000e\000n\000t}{}% 39
\BOOKMARK [1][-]{section.4.1}{\376\377\000B\000a\000s\000i\000c\000\040\000D\000e\000f\000i\000n\000i\000t\000i\000o\000n\000s}{chapter.4}% 40
\BOOKMARK [2][-]{subsection.4.1.1}{\376\377\000W\000o\000r\000l\000d}{section.4.1}% 41
\BOOKMARK [2][-]{subsection.4.1.2}{\376\377\000M\000i\000s\000s\000i\000o\000n}{section.4.1}% 42
\BOOKMARK [2][-]{subsection.4.1.3}{\376\377\000F\000l\000i\000g\000h\000t\000\040\000c\000o\000n\000s\000t\000r\000a\000i\000n\000t\000s}{section.4.1}% 43
\BOOKMARK [2][-]{subsection.4.1.4}{\376\377\000P\000a\000r\000t\000i\000t\000i\000o\000n\000\040\000o\000f\000\040\000S\000p\000a\000c\000e}{section.4.1}% 44
\BOOKMARK [2][-]{subsection.4.1.5}{\376\377\000I\000n\000f\000o\000r\000m\000a\000t\000i\000o\000n\000\040\000s\000o\000u\000r\000c\000e}{section.4.1}% 45
\BOOKMARK [2][-]{subsection.4.1.6}{\376\377\000S\000i\000n\000g\000l\000e\000\040\000O\000b\000s\000e\000r\000v\000a\000t\000i\000o\000n\000\040\000b\000y\000\040\000s\000i\000n\000g\000l\000e\000\040\000s\000e\000n\000s\000o\000r\000\040\000c\000l\000a\000s\000s\000i\000f\000i\000c\000a\000t\000i\000o\000n}{section.4.1}% 46
\BOOKMARK [2][-]{subsection.4.1.7}{\376\377\000M\000u\000l\000t\000i\000p\000l\000e\000\040\000o\000b\000s\000e\000r\000v\000a\000t\000i\000o\000n\000s\000\040\000b\000y\000\040\000s\000i\000n\000g\000l\000e\000\040\000s\000e\000n\000s\000o\000r\000\040\000c\000l\000a\000s\000s\000i\000f\000i\000c\000a\000t\000i\000o\000n}{section.4.1}% 47
\BOOKMARK [2][-]{subsection.4.1.8}{\376\377\000S\000e\000n\000s\000o\000r\000\040\000f\000u\000s\000i\000o\000n}{section.4.1}% 48
\BOOKMARK [2][-]{subsection.4.1.9}{\376\377\000D\000a\000t\000a\000\040\000f\000u\000s\000i\000o\000n}{section.4.1}% 49
\BOOKMARK [2][-]{subsection.4.1.10}{\376\377\000K\000n\000o\000w\000n\000\040\000w\000o\000r\000l\000d}{section.4.1}% 50
\BOOKMARK [2][-]{subsection.4.1.11}{\376\377\000S\000a\000f\000e\000t\000y\000\040\000m\000a\000r\000g\000i\000n}{section.4.1}% 51
\BOOKMARK [1][-]{section.4.2}{\376\377\000B\000a\000s\000i\000c\000\040\000o\000b\000s\000t\000a\000c\000l\000e\000\040\000a\000v\000o\000i\000d\000a\000n\000c\000e\000\040\000p\000r\000o\000b\000l\000e\000m}{chapter.4}% 52
\BOOKMARK [1][-]{section.4.3}{\376\377\000I\000n\000i\000t\000i\000a\000l\000\040\000a\000s\000s\000u\000m\000p\000t\000i\000o\000n\000s}{chapter.4}% 53
\BOOKMARK [1][-]{section.4.4}{\376\377\000\050\000R\000\051\000\040\000I\000n\000c\000r\000e\000m\000e\000n\000t\000a\000l\000\040\000p\000r\000o\000b\000l\000e\000m\000\040\000d\000e\000f\000i\000n\000i\000t\000i\000o\000n}{chapter.4}% 54
\BOOKMARK [1][-]{section.4.5}{\376\377\000A\000v\000o\000i\000d\000a\000n\000c\000e\000\040\000r\000e\000q\000u\000i\000r\000e\000m\000e\000n\000t\000s}{chapter.4}% 55
\BOOKMARK [2][-]{subsection.4.5.1}{\376\377\000E\000n\000e\000r\000g\000y\000\040\000e\000f\000f\000i\000c\000i\000e\000n\000c\000y}{section.4.5}% 56
\BOOKMARK [2][-]{subsection.4.5.2}{\376\377\000T\000r\000a\000j\000e\000c\000t\000o\000r\000y\000\040\000t\000r\000a\000c\000k\000i\000n\000g}{section.4.5}% 57
\BOOKMARK [2][-]{subsection.4.5.3}{\376\377\000S\000a\000f\000e\000t\000y}{section.4.5}% 58
\BOOKMARK [1][-]{section.4.6}{\376\377\000\050\000R\000\051\000\040\000N\000a\000v\000i\000g\000a\000t\000i\000o\000n\000\040\000r\000e\000q\000u\000i\000r\000e\000m\000e\000n\000t\000s}{chapter.4}% 59
\BOOKMARK [0][-]{chapter.5}{\376\377\000\050\000R\000\051\000\040\000S\000t\000a\000t\000e\000\040\000o\000f\000\040\000a\000r\000t}{}% 60
\BOOKMARK [1][-]{section.5.1}{\376\377\000\050\000R\000\051\000\040\000M\000o\000v\000e\000m\000e\000n\000t\000\040\000A\000u\000t\000o\000m\000a\000t\000o\000n}{chapter.5}% 61
\BOOKMARK [1][-]{section.5.2}{\376\377\000\050\000R\000\051\000\040\000S\000e\000n\000s\000o\000r\000\040\000\050\000D\000a\000t\000a\000\051\000\040\000F\000u\000s\000i\000o\000n\000\040\000-\000\040\000I\000n\000p\000u\000t\000\040\000I\000n\000t\000e\000r\000f\000a\000c\000e}{chapter.5}% 62
\BOOKMARK [1][-]{section.5.3}{\376\377\000\050\000R\000\051\000\040\000N\000a\000v\000i\000g\000a\000t\000i\000o\000n\000\040\000A\000l\000g\000o\000r\000i\000t\000h\000m\000s}{chapter.5}% 63
\BOOKMARK [1][-]{section.5.4}{\376\377\000\050\000R\000\051\000\040\000R\000e\000a\000c\000h\000\040\000S\000e\000t\000\040\000E\000s\000t\000i\000m\000a\000t\000i\000o\000n}{chapter.5}% 64
\BOOKMARK [1][-]{section.5.5}{\376\377\000\050\000R\000\051\000\040\000T\000e\000s\000t\000i\000n\000g\000\040\000F\000r\000a\000m\000e\000w\000o\000r\000k}{chapter.5}% 65
\BOOKMARK [1][-]{section.5.6}{\376\377\000\050\000R\000\051\000\040\000U\000T\000M\000\040\000S\000e\000r\000v\000i\000c\000e\000s}{chapter.5}% 66
\BOOKMARK [0][-]{chapter.6}{\376\377\000\050\000R\000\051\000\040\000A\000p\000p\000r\000o\000a\000c\000h}{}% 67
\BOOKMARK [1][-]{section.6.1}{\376\377\000\050\000R\000\051\000\040\000O\000v\000e\000r\000v\000i\000e\000w}{chapter.6}% 68
\BOOKMARK [1][-]{section.6.2}{\376\377\000\050\000R\000\051\000\040\000U\000A\000S\000\040\000M\000o\000d\000e\000l\000\040\000a\000n\000d\000\040\000C\000o\000n\000t\000r\000o\000l}{chapter.6}% 69
\BOOKMARK [2][-]{subsection.6.2.1}{\376\377\000\050\000R\000\051\000\040\000U\000A\000S\000\040\000N\000o\000n\000l\000i\000n\000e\000a\000r\000\040\000M\000o\000d\000e\000l}{section.6.2}% 70
\BOOKMARK [2][-]{subsection.6.2.2}{\376\377\000\050\000R\000\051\000\040\000M\000o\000v\000e\000m\000e\000n\000t\000\040\000A\000u\000t\000o\000m\000a\000t\000o\000n\000\040\000f\000o\000r\000\040\000U\000A\000S\000\040\000M\000o\000d\000e\000l}{section.6.2}% 71
\BOOKMARK [2][-]{subsection.6.2.3}{\376\377\000\050\000R\000\051\000\040\000S\000e\000g\000m\000e\000n\000t\000e\000d\000\040\000M\000o\000v\000e\000m\000e\000n\000t\000\040\000A\000u\000t\000o\000m\000a\000t\000o\000n}{section.6.2}% 72
\BOOKMARK [2][-]{subsection.6.2.4}{\376\377\000\050\000R\000\051\000\040\000R\000e\000f\000e\000r\000e\000n\000c\000e\000\040\000T\000r\000a\000j\000e\000c\000t\000o\000r\000y\000\040\000G\000e\000n\000e\000r\000a\000t\000o\000r}{section.6.2}% 73
\BOOKMARK [1][-]{section.6.3}{\376\377\000\050\000R\000\051\000\040\000S\000p\000a\000c\000e\000\040\000D\000i\000s\000c\000r\000e\000t\000i\000z\000a\000t\000i\000o\000n\000\040\000-\000\040\000A\000v\000o\000i\000d\000a\000n\000c\000e\000\040\000G\000r\000i\000d}{chapter.6}% 74
\BOOKMARK [1][-]{section.6.4}{\376\377\000\050\000R\000\051\000\040\000R\000e\000a\000c\000h\000\040\000S\000e\000t\000\040\000A\000p\000p\000r\000o\000x\000i\000m\000a\000t\000i\000o\000n}{chapter.6}% 75
\BOOKMARK [2][-]{subsection.6.4.1}{\376\377\000\050\000R\000\051\000\040\000R\000e\000a\000c\000h\000\040\000S\000e\000t\000\040\000P\000e\000r\000f\000o\000r\000m\000a\000n\000c\000e\000\040\000C\000r\000i\000t\000e\000r\000i\000a}{section.6.4}% 76
\BOOKMARK [2][-]{subsection.6.4.2}{\376\377\000\050\000R\000\051\000\040\000C\000o\000n\000s\000t\000r\000a\000i\000n\000e\000d\000\040\000T\000r\000a\000j\000e\000c\000t\000o\000r\000y\000\040\000E\000x\000p\000a\000n\000s\000i\000o\000n}{section.6.4}% 77
\BOOKMARK [2][-]{subsection.6.4.3}{\376\377\000\050\000R\000\051\000\040\000C\000h\000a\000o\000t\000i\000c\000\040\000R\000e\000a\000c\000h\000\040\000s\000e\000t}{section.6.4}% 78
\BOOKMARK [2][-]{subsection.6.4.4}{\376\377\000\050\000R\000\051\000\040\000H\000a\000r\000m\000o\000n\000i\000c\000\040\000R\000e\000a\000c\000h\000\040\000s\000e\000t}{section.6.4}% 79
\BOOKMARK [2][-]{subsection.6.4.5}{\376\377\000\050\000R\000\051\000\040\000C\000o\000m\000b\000i\000n\000e\000d\000\040\000R\000e\000a\000c\000h\000\040\000s\000e\000t}{section.6.4}% 80
\BOOKMARK [2][-]{subsection.6.4.6}{\376\377\000\050\000R\000\051\000\040\000A\000C\000A\000S\000-\000X\000\040\000l\000i\000k\000e\000\040\000R\000e\000a\000c\000h\000\040\000s\000e\000t}{section.6.4}% 81
\BOOKMARK [1][-]{section.6.5}{\376\377\000\050\000R\000\051\000\040\000S\000t\000a\000t\000i\000c\000\040\000O\000b\000s\000t\000a\000c\000l\000e\000s\000\040\000a\000n\000d\000\040\000C\000o\000n\000s\000t\000r\000a\000i\000n\000t\000s}{chapter.6}% 82
\BOOKMARK [2][-]{subsection.6.5.1}{\376\377\000\050\000R\000\051\000\040\000D\000e\000t\000e\000c\000t\000e\000d\000\040\000o\000b\000s\000t\000a\000c\000l\000e\000s}{section.6.5}% 83
\BOOKMARK [2][-]{subsection.6.5.2}{\376\377\000\050\000R\000\051\000\040\000M\000a\000p\000\040\000o\000b\000s\000t\000a\000c\000l\000e\000s}{section.6.5}% 84
\BOOKMARK [2][-]{subsection.6.5.3}{\376\377\000\050\000R\000\051\000\040\000S\000t\000a\000t\000i\000c\000\040\000c\000o\000n\000s\000t\000r\000a\000i\000n\000t\000s}{section.6.5}% 85
\BOOKMARK [1][-]{section.6.6}{\376\377\000\050\000R\000\051\000\040\000I\000n\000t\000r\000u\000d\000e\000r\000s\000\040\000a\000n\000d\000\040\000M\000o\000v\000i\000n\000g\000\040\000C\000o\000n\000s\000t\000r\000a\000i\000n\000t\000s}{chapter.6}% 86
\BOOKMARK [2][-]{subsection.6.6.1}{\376\377\000\050\000R\000\051\000\040\000I\000n\000t\000r\000u\000d\000e\000r\000\040\000B\000e\000h\000a\000v\000i\000o\000u\000r\000\040\000P\000r\000e\000d\000i\000c\000t\000i\000o\000n}{section.6.6}% 87
\BOOKMARK [2][-]{subsection.6.6.2}{\376\377\000\050\000R\000\051\000\040\000L\000i\000n\000e\000a\000r\000\040\000I\000n\000t\000e\000r\000s\000e\000c\000t\000i\000o\000n}{section.6.6}% 88
\BOOKMARK [2][-]{subsection.6.6.3}{\376\377\000\050\000R\000\051\000\040\000B\000o\000d\000y\000-\000v\000o\000l\000u\000m\000e\000\040\000I\000n\000t\000e\000r\000s\000e\000c\000t\000i\000o\000n}{section.6.6}% 89
\BOOKMARK [2][-]{subsection.6.6.4}{\376\377\000\050\000R\000\051\000\040\000M\000a\000n\000e\000u\000v\000e\000r\000a\000b\000i\000l\000i\000t\000y\000\040\000U\000n\000c\000e\000r\000t\000a\000i\000n\000t\000y\000\040\000I\000n\000t\000e\000r\000s\000e\000c\000t\000i\000o\000n}{section.6.6}% 90
\BOOKMARK [2][-]{subsection.6.6.5}{\376\377\000\050\000R\000\051\000\040\000M\000o\000v\000i\000n\000g\000\040\000C\000o\000n\000s\000t\000r\000a\000i\000n\000t\000s}{section.6.6}% 91
\BOOKMARK [1][-]{section.6.7}{\376\377\000\050\000R\000\051\000\040\000A\000v\000o\000i\000d\000a\000n\000c\000e\000\040\000C\000o\000n\000c\000e\000p\000t}{chapter.6}% 92
\BOOKMARK [2][-]{subsection.6.7.1}{\376\377\000\050\000R\000\051\000\040\000D\000a\000t\000a\000\040\000f\000u\000s\000i\000o\000n}{section.6.7}% 93
\BOOKMARK [2][-]{subsection.6.7.2}{\376\377\000\050\000R\000\051\000\040\000A\000v\000o\000i\000d\000a\000n\000c\000e\000\040\000G\000r\000i\000d\000\040\000R\000u\000n}{section.6.7}% 94
\BOOKMARK [2][-]{subsection.6.7.3}{\376\377\000\050\000R\000\051\000\040\000M\000i\000s\000s\000i\000o\000n\000\040\000C\000o\000n\000t\000r\000o\000l\000\040\000R\000u\000n}{section.6.7}% 95
\BOOKMARK [2][-]{subsection.6.7.4}{\376\377\000\050\000R\000\051\000\040\000C\000o\000m\000p\000u\000t\000a\000t\000i\000o\000n\000\040\000C\000o\000m\000p\000l\000e\000x\000i\000t\000y}{section.6.7}% 96
\BOOKMARK [2][-]{subsection.6.7.5}{\376\377\000\050\000R\000\051\000\040\000S\000a\000f\000e\000t\000y\000\040\000M\000a\000r\000g\000i\000n\000\040\000C\000a\000l\000c\000u\000l\000a\000t\000i\000o\000n}{section.6.7}% 97
\BOOKMARK [1][-]{section.6.8}{\376\377\000\050\000R\000\051\000\040\000U\000A\000S\000\040\000T\000r\000a\000f\000f\000i\000c\000\040\000M\000a\000n\000a\000g\000e\000m\000e\000n\000t}{chapter.6}% 98
\BOOKMARK [2][-]{subsection.6.8.1}{\376\377\000\050\000R\000\051\000\040\000A\000r\000c\000h\000i\000t\000e\000c\000t\000u\000r\000e}{section.6.8}% 99
\BOOKMARK [2][-]{subsection.6.8.2}{\376\377\000\050\000R\000\051\000\040\000C\000o\000o\000p\000e\000r\000a\000t\000i\000v\000e\000\040\000C\000o\000n\000f\000l\000i\000c\000t\000\040\000R\000e\000s\000o\000l\000u\000t\000i\000o\000n}{section.6.8}% 100
\BOOKMARK [2][-]{subsection.6.8.3}{\376\377\000\050\000R\000\051\000\040\000N\000o\000n\000-\000C\000o\000o\000p\000e\000r\000a\000t\000i\000v\000e\000\040\000C\000o\000n\000f\000l\000i\000c\000t\000\040\000R\000e\000s\000o\000l\000u\000t\000i\000o\000n}{section.6.8}% 101
\BOOKMARK [2][-]{subsection.6.8.4}{\376\377\000\050\000R\000\051\000\040\000H\000a\000n\000d\000l\000i\000n\000g\000\040\000H\000e\000a\000d\000\040\000o\000n\000\040\000A\000p\000p\000r\000o\000a\000c\000h}{section.6.8}% 102
\BOOKMARK [2][-]{subsection.6.8.5}{\376\377\000\050\000R\000\051\000\040\000H\000a\000n\000d\000l\000i\000n\000g\000\040\000C\000o\000n\000v\000e\000r\000g\000i\000n\000g\000\040\000M\000a\000n\000e\000u\000v\000e\000r}{section.6.8}% 103
\BOOKMARK [2][-]{subsection.6.8.6}{\376\377\000\050\000R\000\051\000\040\000H\000a\000n\000d\000l\000i\000n\000g\000\040\000O\000v\000e\000r\000t\000a\000k\000e\000\040\000M\000a\000n\000e\000u\000v\000e\000r}{section.6.8}% 104
\BOOKMARK [2][-]{subsection.6.8.7}{\376\377\000\050\000R\000\051\000\040\000P\000o\000s\000i\000t\000i\000o\000n\000\040\000N\000o\000t\000i\000f\000i\000c\000a\000t\000i\000o\000n}{section.6.8}% 105
\BOOKMARK [2][-]{subsection.6.8.8}{\376\377\000\050\000R\000\051\000\040\000C\000o\000l\000l\000i\000s\000i\000o\000n\000\040\000C\000a\000s\000e}{section.6.8}% 106
\BOOKMARK [2][-]{subsection.6.8.9}{\376\377\000\050\000R\000\051\000\040\000W\000e\000a\000t\000h\000e\000r\000\040\000C\000a\000s\000e}{section.6.8}% 107
\BOOKMARK [1][-]{section.6.9}{\376\377\000\050\000R\000\051\000\040\000R\000u\000l\000e\000\040\000E\000n\000g\000i\000n\000e}{chapter.6}% 108
\BOOKMARK [2][-]{subsection.6.9.1}{\376\377\000\050\000R\000\051\000\040\000A\000r\000c\000h\000i\000t\000e\000c\000t\000u\000r\000e}{section.6.9}% 109
\BOOKMARK [2][-]{subsection.6.9.2}{\376\377\000\050\000R\000\051\000\040\000R\000u\000l\000e\000\040\000I\000m\000p\000l\000e\000m\000e\000n\000t\000a\000t\000i\000o\000n}{section.6.9}% 110
\BOOKMARK [2][-]{subsection.6.9.3}{\376\377\000\050\000R\000\051\000\040\000R\000u\000l\000e\000:\000\040\000D\000e\000t\000e\000c\000t\000\040\000C\000o\000l\000l\000i\000s\000i\000o\000n\000\040\000C\000a\000s\000e\000s}{section.6.9}% 111
\BOOKMARK [2][-]{subsection.6.9.4}{\376\377\000\050\000R\000\051\000\040\000R\000u\000l\000e\000:\000\040\000R\000e\000s\000o\000l\000v\000e\000\040\000C\000o\000l\000l\000i\000s\000i\000o\000n\000\040\000C\000a\000s\000e}{section.6.9}% 112
\BOOKMARK [2][-]{subsection.6.9.5}{\376\377\000\050\000R\000\051\000\040\000R\000u\000l\000e\000:\000\040\000C\000l\000o\000s\000e\000\040\000C\000o\000l\000l\000i\000s\000i\000o\000n\000\040\000C\000a\000s\000e\000s}{section.6.9}% 113
\BOOKMARK [2][-]{subsection.6.9.6}{\376\377\000\050\000R\000\051\000\040\000R\000u\000l\000e\000:\000\040\000H\000e\000a\000d\000\040\000o\000n\000\040\000A\000p\000p\000r\000o\000a\000c\000h}{section.6.9}% 114
\BOOKMARK [2][-]{subsection.6.9.7}{\376\377\000\050\000R\000\051\000\040\000R\000u\000l\000e\000:\000\040\000C\000o\000n\000v\000e\000r\000g\000i\000n\000g\000\040\000M\000a\000n\000e\000u\000v\000e\000r}{section.6.9}% 115
\BOOKMARK [2][-]{subsection.6.9.8}{\376\377\000\050\000R\000\051\000\040\000R\000u\000l\000e\000:\000\040\000O\000v\000e\000r\000t\000a\000k\000e}{section.6.9}% 116
\BOOKMARK [2][-]{subsection.6.9.9}{\376\377\000\050\000R\000\051\000\040\000R\000u\000l\000e\000:\000\040\000R\000i\000g\000h\000t\000\040\000P\000l\000a\000n\000e\000\040\000H\000e\000a\000d\000i\000n\000g}{section.6.9}% 117
\BOOKMARK [2][-]{subsection.6.9.10}{\376\377\000\050\000R\000\051\000\040\000R\000u\000l\000e\000:\000\040\000E\000n\000f\000o\000r\000c\000e\000\040\000s\000a\000f\000e\000t\000y\000\040\000m\000a\000r\000g\000i\000n}{section.6.9}% 118
\BOOKMARK [0][-]{chapter.7}{\376\377\000S\000i\000m\000u\000l\000a\000t\000i\000o\000n\000s}{}% 119
\BOOKMARK [1][-]{section.7.1}{\376\377\000T\000e\000s\000t\000\040\000P\000l\000a\000n}{chapter.7}% 120
\BOOKMARK [2][-]{subsection.7.1.1}{\376\377\000T\000e\000s\000t\000i\000n\000g\000\040\000a\000p\000p\000r\000o\000a\000c\000h}{section.7.1}% 121
\BOOKMARK [2][-]{subsection.7.1.2}{\376\377\000T\000e\000s\000t\000\040\000C\000a\000s\000e\000s\000\040\000S\000u\000m\000m\000a\000r\000y}{section.7.1}% 122
\BOOKMARK [2][-]{subsection.7.1.3}{\376\377\000\050\000R\000\051\000\040\000P\000e\000r\000f\000o\000r\000m\000a\000n\000c\000e\000\040\000E\000v\000a\000l\000u\000a\000t\000i\000o\000n}{section.7.1}% 123
\BOOKMARK [1][-]{section.7.2}{\376\377\000T\000e\000s\000t\000i\000n\000g\000\040\000c\000o\000n\000f\000i\000g\000u\000r\000a\000t\000i\000o\000n}{chapter.7}% 124
\BOOKMARK [1][-]{section.7.3}{\376\377\000N\000o\000n\000-\000c\000o\000o\000p\000e\000r\000a\000t\000i\000v\000e\000\040\000t\000e\000s\000t\000\040\000c\000a\000s\000e\000s}{chapter.7}% 125
\BOOKMARK [2][-]{subsection.7.3.1}{\376\377\000B\000u\000i\000l\000d\000i\000n\000g\000\040\000a\000v\000o\000i\000d\000a\000n\000c\000e}{section.7.3}% 126
\BOOKMARK [2][-]{subsection.7.3.2}{\376\377\000S\000l\000a\000l\000o\000m}{section.7.3}% 127
\BOOKMARK [2][-]{subsection.7.3.3}{\376\377\000M\000a\000z\000e}{section.7.3}% 128
\BOOKMARK [2][-]{subsection.7.3.4}{\376\377\000S\000t\000o\000r\000m}{section.7.3}% 129
\BOOKMARK [2][-]{subsection.7.3.5}{\376\377\000E\000m\000e\000r\000g\000e\000n\000c\000y\000\040\000C\000o\000n\000v\000e\000r\000g\000i\000n\000g}{section.7.3}% 130
\BOOKMARK [2][-]{subsection.7.3.6}{\376\377\000E\000m\000e\000r\000g\000e\000n\000c\000y\000\040\000H\000e\000a\000d\000\040\000o\000n}{section.7.3}% 131
\BOOKMARK [2][-]{subsection.7.3.7}{\376\377\000E\000m\000e\000r\000g\000e\000n\000c\000y\000\040\000M\000i\000x\000e\000d\000\040\000H\000e\000a\000d\000\040\000o\000n\000\040\000w\000i\000t\000h\000\040\000C\000o\000n\000v\000e\000r\000g\000i\000n\000g}{section.7.3}% 132
\BOOKMARK [1][-]{section.7.4}{\376\377\000C\000o\000o\000p\000e\000r\000a\000t\000i\000v\000e\000\040\000t\000e\000s\000t\000\040\000c\000a\000s\000e\000s}{chapter.7}% 133
\BOOKMARK [2][-]{subsection.7.4.1}{\376\377\000R\000u\000l\000e\000\040\000b\000a\000s\000e\000d\000\040\000C\000o\000n\000v\000e\000r\000g\000i\000n\000g}{section.7.4}% 134
\BOOKMARK [2][-]{subsection.7.4.2}{\376\377\000R\000u\000l\000e\000\040\000b\000a\000s\000e\000d\000\040\000H\000e\000a\000d\000\040\000o\000n}{section.7.4}% 135
\BOOKMARK [2][-]{subsection.7.4.3}{\376\377\000R\000u\000l\000e\000\040\000b\000a\000s\000e\000d\000\040\000M\000i\000x\000e\000d\000\040\000H\000e\000a\000d\000\040\000o\000n\000\040\000w\000i\000t\000h\000\040\000C\000o\000n\000v\000e\000r\000g\000i\000n\000g}{section.7.4}% 136
\BOOKMARK [2][-]{subsection.7.4.4}{\376\377\000R\000u\000l\000e\000\040\000b\000a\000s\000e\000d\000\040\000O\000v\000e\000r\000t\000a\000k\000e}{section.7.4}% 137
\BOOKMARK [1][-]{section.7.5}{\376\377\000\050\000R\000\051\000\040\000T\000e\000s\000t\000\040\000C\000a\000s\000e\000s\000\040\000C\000o\000n\000c\000l\000u\000s\000i\000o\000n}{chapter.7}% 138
\BOOKMARK [2][-]{subsection.7.5.1}{\376\377\000\050\000R\000\051\000\040\000P\000e\000r\000f\000o\000r\000m\000a\000n\000c\000e\000\040\000E\000v\000a\000l\000u\000a\000t\000i\000o\000n}{section.7.5}% 139
\BOOKMARK [2][-]{subsection.7.5.2}{\376\377\000\050\000R\000\051\000A\000d\000v\000e\000r\000s\000a\000r\000y\000\040\000B\000e\000h\000a\000v\000i\000o\000u\000r\000\040\000I\000m\000p\000a\000c\000t}{section.7.5}% 140
\BOOKMARK [2][-]{subsection.7.5.3}{\376\377\000\050\000R\000\051\000\040\000C\000o\000m\000p\000u\000t\000a\000t\000i\000o\000n\000\040\000F\000o\000o\000t\000p\000r\000i\000n\000t}{section.7.5}% 141
\BOOKMARK [1][-]{section.7.6}{\376\377\000R\000e\000d\000u\000c\000e\000d\000\040\000R\000e\000a\000c\000h\000\040\000S\000e\000t\000s\000\040\000P\000e\000r\000f\000o\000r\000m\000a\000n\000c\000e}{chapter.7}% 142
\BOOKMARK [0][-]{chapter.8}{\376\377\000\050\000W\000\051\000\040\000C\000o\000n\000c\000l\000u\000s\000i\000o\000n\000\040\000a\000n\000d\000\040\000F\000u\000t\000u\000r\000e\000\040\000W\000o\000r\000k}{}% 143
\BOOKMARK [1][-]{section.8.1}{\376\377\000\050\000W\000\051\000\040\000F\000r\000a\000m\000e\000w\000o\000r\000k\000\040\000S\000u\000m\000m\000a\000r\000y}{chapter.8}% 144
\BOOKMARK [1][-]{section.8.2}{\376\377\000\050\000W\000\051\000\040\000O\000t\000h\000e\000r\000\040\000M\000e\000t\000h\000o\000d\000s\000\040\000C\000o\000m\000p\000a\000r\000i\000s\000o\000n}{chapter.8}% 145
\BOOKMARK [1][-]{section.8.3}{\376\377\000\050\000R\000\051\000\040\000A\000p\000p\000r\000o\000a\000c\000h\000\040\000R\000e\000u\000s\000a\000b\000i\000l\000i\000t\000y}{chapter.8}% 146
\BOOKMARK [1][-]{section.8.4}{\376\377\000\050\000W\000\051\000\040\000L\000e\000s\000s\000o\000n\000s\000\040\000l\000e\000a\000r\000n\000e\000d}{chapter.8}% 147
\BOOKMARK [1][-]{section.8.5}{\376\377\000\050\000W\000\051\000\040\000F\000u\000t\000u\000r\000e\000\040\000W\000o\000r\000k}{chapter.8}% 148
\BOOKMARK [0][-]{chapter*.627}{\376\377\000B\000i\000b\000l\000i\000o\000g\000r\000a\000p\000h\000y}{}% 149
