This is pdfTeX, Version 3.14159265-2.6-1.40.19 (MiKTeX 2.9.6745 64-bit) (preloaded format=pdflatex 2018.8.23)  15 NOV 2018 16:15
entering extended mode
**./main.tex
(main.tex
LaTeX2e <2018-04-01> patch level 5
("C:\Users\H172461\MiKTeX 2.9\tex\latex\base\report.cls"
Document Class: report 2014/09/29 v1.4h Standard LaTeX document class
("C:\Users\H172461\MiKTeX 2.9\tex\latex\base\size12.clo"
File: size12.clo 2014/09/29 v1.4h Standard LaTeX file (size option)
)
\c@part=\count80
\c@chapter=\count81
\c@section=\count82
\c@subsection=\count83
\c@subsubsection=\count84
\c@paragraph=\count85
\c@subparagraph=\count86
\c@figure=\count87
\c@table=\count88
\abovecaptionskip=\skip41
\belowcaptionskip=\skip42
\bibindent=\dimen102
)
("C:\Users\H172461\MiKTeX 2.9\tex\latex\base\inputenc.sty"
Package: inputenc 2018/04/06 v1.3b Input encoding file
\inpenc@prehook=\toks14
\inpenc@posthook=\toks15
)
("C:\Users\H172461\MiKTeX 2.9\tex\latex\tools\array.sty"
Package: array 2018/04/30 v2.4h Tabular extension package (FMi)
\col@sep=\dimen103
\ar@mcellbox=\box26
\extrarowheight=\dimen104
\NC@list=\toks16
\extratabsurround=\skip43
\backup@length=\skip44
\ar@cellbox=\box27
)
("C:\Users\H172461\MiKTeX 2.9\tex\latex\amsmath\amsmath.sty"
Package: amsmath 2017/09/02 v2.17a AMS math features
\@mathmargin=\skip45

For additional information on amsmath, use the `?' option.
("C:\Users\H172461\MiKTeX 2.9\tex\latex\amsmath\amstext.sty"
Package: amstext 2000/06/29 v2.01 AMS text

("C:\Users\H172461\MiKTeX 2.9\tex\latex\amsmath\amsgen.sty"
File: amsgen.sty 1999/11/30 v2.0 generic functions
\@emptytoks=\toks17
\ex@=\dimen105
))
("C:\Users\H172461\MiKTeX 2.9\tex\latex\amsmath\amsbsy.sty"
Package: amsbsy 1999/11/29 v1.2d Bold Symbols
\pmbraise@=\dimen106
)
("C:\Users\H172461\MiKTeX 2.9\tex\latex\amsmath\amsopn.sty"
Package: amsopn 2016/03/08 v2.02 operator names
)
\inf@bad=\count89
LaTeX Info: Redefining \frac on input line 213.
\uproot@=\count90
\leftroot@=\count91
LaTeX Info: Redefining \overline on input line 375.
\classnum@=\count92
\DOTSCASE@=\count93
LaTeX Info: Redefining \ldots on input line 472.
LaTeX Info: Redefining \dots on input line 475.
LaTeX Info: Redefining \cdots on input line 596.
\Mathstrutbox@=\box28
\strutbox@=\box29
\big@size=\dimen107
LaTeX Font Info:    Redeclaring font encoding OML on input line 712.
LaTeX Font Info:    Redeclaring font encoding OMS on input line 713.
\macc@depth=\count94
\c@MaxMatrixCols=\count95
\dotsspace@=\muskip10
\c@parentequation=\count96
\dspbrk@lvl=\count97
\tag@help=\toks18
\row@=\count98
\column@=\count99
\maxfields@=\count100
\andhelp@=\toks19
\eqnshift@=\dimen108
\alignsep@=\dimen109
\tagshift@=\dimen110
\tagwidth@=\dimen111
\totwidth@=\dimen112
\lineht@=\dimen113
\@envbody=\toks20
\multlinegap=\skip46
\multlinetaggap=\skip47
\mathdisplay@stack=\toks21
LaTeX Info: Redefining \[ on input line 2817.
LaTeX Info: Redefining \] on input line 2818.
)
("C:\Users\H172461\MiKTeX 2.9\tex\latex\amsfonts\amssymb.sty"
Package: amssymb 2013/01/14 v3.01 AMS font symbols

("C:\Users\H172461\MiKTeX 2.9\tex\latex\amsfonts\amsfonts.sty"
Package: amsfonts 2013/01/14 v3.01 Basic AMSFonts support
\symAMSa=\mathgroup4
\symAMSb=\mathgroup5
LaTeX Font Info:    Overwriting math alphabet `\mathfrak' in version `bold'
(Font)                  U/euf/m/n --> U/euf/b/n on input line 106.
))
("C:\Users\H172461\MiKTeX 2.9\tex\latex\amscls\amsthm.sty"
Package: amsthm 2017/10/31 v2.20.4
\thm@style=\toks22
\thm@bodyfont=\toks23
\thm@headfont=\toks24
\thm@notefont=\toks25
\thm@headpunct=\toks26
\thm@preskip=\skip48
\thm@postskip=\skip49
\thm@headsep=\skip50
\dth@everypar=\toks27
)
("C:\Users\H172461\MiKTeX 2.9\tex\latex\algorithm2e\algorithm2e.sty"
Package: algorithm2e 2017/07/18 v5.2 algorithms environments
\c@AlgoLine=\count101

("C:\Users\H172461\MiKTeX 2.9\tex\latex\base\ifthen.sty"
Package: ifthen 2014/09/29 v1.1c Standard LaTeX ifthen package (DPC)
)
\algocf@hangindent=\skip51

("C:\Users\H172461\MiKTeX 2.9\tex\latex\ifoddpage\ifoddpage.sty"
Package: ifoddpage 2016/04/23 v1.1 Conditionals for odd/even page detection
\c@checkoddpage=\count102
)
("C:\Users\H172461\MiKTeX 2.9\tex\latex\tools\xspace.sty"
Package: xspace 2014/10/28 v1.13 Space after command names (DPC,MH)
)
("C:\Users\H172461\MiKTeX 2.9\tex\latex\relsize\relsize.sty"
Package: relsize 2013/03/29 ver 4.1
)
\skiptotal=\skip52
\skiplinenumber=\skip53
\skiprule=\skip54
\skiphlne=\skip55
\skiptext=\skip56
\skiplength=\skip57
\algomargin=\skip58
\skipalgocfslide=\skip59
\algowidth=\dimen114
\inoutsize=\dimen115
\inoutindent=\dimen116
\interspacetitleruled=\dimen117
\interspacealgoruled=\dimen118
\interspacetitleboxruled=\dimen119
\algocf@ruledwidth=\skip60
\algocf@inoutbox=\box30
\algocf@inputbox=\box31
\AlCapSkip=\skip61
\AlCapHSkip=\skip62
\algoskipindent=\skip63
\algocf@nlbox=\box32
\algocf@hangingbox=\box33
\algocf@untilbox=\box34
\algocf@skipuntil=\skip64
\algocf@capbox=\box35
\algocf@lcaptionbox=\skip65
\algoheightruledefault=\skip66
\algoheightrule=\skip67
\algotitleheightruledefault=\skip68
\algotitleheightrule=\skip69
\c@algocfline=\count103
\c@algocfproc=\count104
\c@algocf=\count105
\algocf@algoframe=\box36
\algocf@algobox=\box37
)
("C:\Users\H172461\MiKTeX 2.9\tex\latex\algorithms\algorithmic.sty"
Package: algorithmic 2009/08/24 v0.1 Document Style `algorithmic'

("C:\Users\H172461\MiKTeX 2.9\tex\latex\graphics\keyval.sty"
Package: keyval 2014/10/28 v1.15 key=value parser (DPC)
\KV@toks@=\toks28
)
\c@ALC@unique=\count106
\c@ALC@line=\count107
\c@ALC@rem=\count108
\c@ALC@depth=\count109
\ALC@tlm=\skip70
\algorithmicindent=\skip71
)
("C:\Users\H172461\MiKTeX 2.9\tex\latex\tools\bm.sty"
Package: bm 2017/01/16 v1.2c Bold Symbol Support (DPC/FMi)
\symboldoperators=\mathgroup6
\symboldletters=\mathgroup7
\symboldsymbols=\mathgroup8
LaTeX Font Info:    Redeclaring math alphabet \mathbf on input line 141.
LaTeX Info: Redefining \bm on input line 207.
)
("C:\Users\H172461\MiKTeX 2.9\tex\latex\amsfonts\euscript.sty"
Package: euscript 2009/06/22 v3.00 Euler Script fonts
LaTeX Font Info:    Overwriting math alphabet `\EuScript' in version `bold'
(Font)                  U/eus/m/n --> U/eus/b/n on input line 33.
)
("C:\Users\H172461\MiKTeX 2.9\tex\latex\graphics\graphicx.sty"
Package: graphicx 2017/06/01 v1.1a Enhanced LaTeX Graphics (DPC,SPQR)

("C:\Users\H172461\MiKTeX 2.9\tex\latex\graphics\graphics.sty"
Package: graphics 2017/06/25 v1.2c Standard LaTeX Graphics (DPC,SPQR)

("C:\Users\H172461\MiKTeX 2.9\tex\latex\graphics\trig.sty"
Package: trig 2016/01/03 v1.10 sin cos tan (DPC)
)
("C:\Users\H172461\MiKTeX 2.9\tex\latex\graphics-cfg\graphics.cfg"
File: graphics.cfg 2016/06/04 v1.11 sample graphics configuration
)
Package graphics Info: Driver file: pdftex.def on input line 99.

("C:\Users\H172461\MiKTeX 2.9\tex\latex\graphics-def\pdftex.def"
File: pdftex.def 2018/01/08 v1.0l Graphics/color driver for pdftex
))
\Gin@req@height=\dimen120
\Gin@req@width=\dimen121
)
("C:\Users\H172461\MiKTeX 2.9\tex\latex\psfrag\psfrag.sty"
Package: psfrag 1998/04/11 v3.04 PSfrag (MCG)
\pfg@pcount=\count110
\pfg@scount=\count111
\pfg@temp=\write3
)
("C:\Users\H172461\MiKTeX 2.9\tex\latex\fancyvrb\fancyvrb.sty"
Package: fancyvrb 2008/02/07

Style option: `fancyvrb' v2.7a, with DG/SPQR fixes, and firstline=lastline fix 
<2008/02/07> (tvz)
\FV@CodeLineNo=\count112
\FV@InFile=\read1
\FV@TabBox=\box38
\c@FancyVerbLine=\count113
\FV@StepNumber=\count114
\FV@OutFile=\write4
) ("C:\Users\H172461\MiKTeX 2.9\tex\latex\float\float.sty"
Package: float 2001/11/08 v1.3d Float enhancements (AL)
\c@float@type=\count115
\float@exts=\toks29
\float@box=\box39
\@float@everytoks=\toks30
\@floatcapt=\box40
)
("C:\Users\H172461\MiKTeX 2.9\tex\latex\ltablex\ltablex.sty"
Package: ltablex 2014/08/13 v1.1 Modified tabularx

("C:\Users\H172461\MiKTeX 2.9\tex\latex\tools\longtable.sty"
Package: longtable 2014/10/28 v4.11 Multi-page Table package (DPC)
\LTleft=\skip72
\LTright=\skip73
\LTpre=\skip74
\LTpost=\skip75
\LTchunksize=\count116
\LTcapwidth=\dimen122
\LT@head=\box41
\LT@firsthead=\box42
\LT@foot=\box43
\LT@lastfoot=\box44
\LT@cols=\count117
\LT@rows=\count118
\c@LT@tables=\count119
\c@LT@chunks=\count120
\LT@p@ftn=\toks31
)
("C:\Users\H172461\MiKTeX 2.9\tex\latex\tools\tabularx.sty"
Package: tabularx 2016/02/03 v2.11b `tabularx' package (DPC)
\TX@col@width=\dimen123
\TX@old@table=\dimen124
\TX@old@col=\dimen125
\TX@target=\dimen126
\TX@delta=\dimen127
\TX@cols=\count121
\TX@ftn=\toks32
))
("C:\Users\H172461\MiKTeX 2.9\tex\latex\natbib\natbib.sty"
Package: natbib 2010/09/13 8.31b (PWD, AO)
\bibhang=\skip76
\bibsep=\skip77
LaTeX Info: Redefining \cite on input line 694.
\c@NAT@ctr=\count122
)
("C:\Users\H172461\MiKTeX 2.9\tex\latex\bbding\bbding.sty"
Package: bbding 1999/04/15 v1.01 Dingbats symbols
)
("C:\Users\H172461\MiKTeX 2.9\tex\latex\tools\dcolumn.sty"
Package: dcolumn 2014/10/28 v1.06 decimal alignment package (DPC)
)
("C:\Users\H172461\MiKTeX 2.9\tex\latex\booktabs\booktabs.sty"
Package: booktabs 2005/04/14 v1.61803 publication quality tables
\heavyrulewidth=\dimen128
\lightrulewidth=\dimen129
\cmidrulewidth=\dimen130
\belowrulesep=\dimen131
\belowbottomsep=\dimen132
\aboverulesep=\dimen133
\abovetopsep=\dimen134
\cmidrulesep=\dimen135
\cmidrulekern=\dimen136
\defaultaddspace=\dimen137
\@cmidla=\count123
\@cmidlb=\count124
\@aboverulesep=\dimen138
\@belowrulesep=\dimen139
\@thisruleclass=\count125
\@lastruleclass=\count126
\@thisrulewidth=\dimen140
)
("C:\Users\H172461\MiKTeX 2.9\tex\latex\multirow\multirow.sty"
Package: multirow 2018/08/03 v2.3 Span multiple rows of a table
\multirow@colwidth=\skip78
\multirow@cntb=\count127
\multirow@dima=\skip79
\bigstrutjot=\dimen141
)
("C:\Users\H172461\MiKTeX 2.9\tex\latex\paralist\paralist.sty"
Package: paralist 2017/01/22 v2.7 Extended list environments
\pltopsep=\skip80
\plpartopsep=\skip81
\plitemsep=\skip82
\plparsep=\skip83
\pl@lab=\toks33
)
("C:\Users\H172461\MiKTeX 2.9\tex\latex\tools\indentfirst.sty"
Package: indentfirst 1995/11/23 v1.03 Indent first paragraph (DPC)
)
("C:\Users\H172461\MiKTeX 2.9\tex\latex\tocbibind\tocbibind.sty"
Package: tocbibind 2010/10/13 v1.5k extra ToC listings
Package tocbibind Info: The document has chapter divisions on input line 50.


Package tocbibind Note: Using chapter style headings, unless overridden.

) ("C:\Users\H172461\MiKTeX 2.9\tex\latex\url\url.sty"
\Urlmuskip=\muskip11
Package: url 2013/09/16  ver 3.4  Verb mode for urls, etc.
)
("C:\Users\H172461\MiKTeX 2.9\tex\latex\caption\subcaption.sty"
Package: subcaption 2018/05/01 v1.1-162 Sub-captions (AR)

("C:\Users\H172461\MiKTeX 2.9\tex\latex\caption\caption.sty"
Package: caption 2018/05/01 v3.3-147 Customizing captions (AR)

("C:\Users\H172461\MiKTeX 2.9\tex\latex\caption\caption3.sty"
Package: caption3 2018/05/27 v1.8a caption3 kernel (AR)
Package caption3 Info: TeX engine: e-TeX on input line 64.
\captionmargin=\dimen142
\captionmargin@=\dimen143
\captionwidth=\dimen144
\caption@tempdima=\dimen145
\caption@indent=\dimen146
\caption@parindent=\dimen147
\caption@hangindent=\dimen148
)
\c@ContinuedFloat=\count128
Package caption Info: float package is loaded.
Package caption Info: longtable package is loaded.

("C:\Users\H172461\MiKTeX 2.9\tex\latex\caption\ltcaption.sty"
Package: ltcaption 2013/06/09 v1.4-94 longtable captions (AR)
))
\c@subfigure=\count129
\c@subtable=\count130
)
("C:\Users\H172461\MiKTeX 2.9\tex\latex\hyperref\hyperref.sty"
Package: hyperref 2018/02/06 v6.86b Hypertext links for LaTeX

("C:\Users\H172461\MiKTeX 2.9\tex\generic\oberdiek\hobsub-hyperref.sty"
Package: hobsub-hyperref 2016/05/16 v1.14 Bundle oberdiek, subset hyperref (HO)


("C:\Users\H172461\MiKTeX 2.9\tex\generic\oberdiek\hobsub-generic.sty"
Package: hobsub-generic 2016/05/16 v1.14 Bundle oberdiek, subset generic (HO)
Package: hobsub 2016/05/16 v1.14 Construct package bundles (HO)
Package: infwarerr 2016/05/16 v1.4 Providing info/warning/error messages (HO)
Package: ltxcmds 2016/05/16 v1.23 LaTeX kernel commands for general use (HO)
Package: ifluatex 2016/05/16 v1.4 Provides the ifluatex switch (HO)
Package ifluatex Info: LuaTeX not detected.
Package: ifvtex 2016/05/16 v1.6 Detect VTeX and its facilities (HO)
Package ifvtex Info: VTeX not detected.
Package: intcalc 2016/05/16 v1.2 Expandable calculations with integers (HO)
Package: ifpdf 2017/03/15 v3.2 Provides the ifpdf switch
Package: etexcmds 2016/05/16 v1.6 Avoid name clashes with e-TeX commands (HO)
Package etexcmds Info: Could not find \expanded.
(etexcmds)             That can mean that you are not using pdfTeX 1.50 or
(etexcmds)             that some package has redefined \expanded.
(etexcmds)             In the latter case, load this package earlier.
Package: kvsetkeys 2016/05/16 v1.17 Key value parser (HO)
Package: kvdefinekeys 2016/05/16 v1.4 Define keys (HO)
Package: pdftexcmds 2018/01/30 v0.27 Utility functions of pdfTeX for LuaTeX (HO
)
Package pdftexcmds Info: LuaTeX not detected.
Package pdftexcmds Info: \pdf@primitive is available.
Package pdftexcmds Info: \pdf@ifprimitive is available.
Package pdftexcmds Info: \pdfdraftmode found.
Package: pdfescape 2016/05/16 v1.14 Implements pdfTeX's escape features (HO)
Package: bigintcalc 2016/05/16 v1.4 Expandable calculations on big integers (HO
)
Package: bitset 2016/05/16 v1.2 Handle bit-vector datatype (HO)
Package: uniquecounter 2016/05/16 v1.3 Provide unlimited unique counter (HO)
)
Package hobsub Info: Skipping package `hobsub' (already loaded).
Package: letltxmacro 2016/05/16 v1.5 Let assignment for LaTeX macros (HO)
Package: hopatch 2016/05/16 v1.3 Wrapper for package hooks (HO)
Package: xcolor-patch 2016/05/16 xcolor patch
Package: atveryend 2016/05/16 v1.9 Hooks at the very end of document (HO)
Package atveryend Info: \enddocument detected (standard20110627).
Package: atbegshi 2016/06/09 v1.18 At begin shipout hook (HO)
Package: refcount 2016/05/16 v3.5 Data extraction from label references (HO)
Package: hycolor 2016/05/16 v1.8 Color options for hyperref/bookmark (HO)
)
("C:\Users\H172461\MiKTeX 2.9\tex\generic\ifxetex\ifxetex.sty"
Package: ifxetex 2010/09/12 v0.6 Provides ifxetex conditional
)
("C:\Users\H172461\MiKTeX 2.9\tex\latex\oberdiek\auxhook.sty"
Package: auxhook 2016/05/16 v1.4 Hooks for auxiliary files (HO)
)
("C:\Users\H172461\MiKTeX 2.9\tex\latex\oberdiek\kvoptions.sty"
Package: kvoptions 2016/05/16 v3.12 Key value format for package options (HO)
)
\@linkdim=\dimen149
\Hy@linkcounter=\count131
\Hy@pagecounter=\count132

("C:\Users\H172461\MiKTeX 2.9\tex\latex\hyperref\pd1enc.def"
File: pd1enc.def 2018/02/06 v6.86b Hyperref: PDFDocEncoding definition (HO)
Now handling font encoding PD1 ...
... no UTF-8 mapping file for font encoding PD1
)
\Hy@SavedSpaceFactor=\count133

("C:\Users\H172461\MiKTeX 2.9\tex\latex\00miktex\hyperref.cfg"
File: hyperref.cfg 2002/06/06 v1.2 hyperref configuration of TeXLive
)
Package hyperref Info: Option `unicode' set `true' on input line 4383.

("C:\Users\H172461\MiKTeX 2.9\tex\latex\hyperref\puenc.def"
File: puenc.def 2018/02/06 v6.86b Hyperref: PDF Unicode definition (HO)
Now handling font encoding PU ...
... no UTF-8 mapping file for font encoding PU
)
Package hyperref Info: Hyper figures OFF on input line 4509.
Package hyperref Info: Link nesting OFF on input line 4514.
Package hyperref Info: Hyper index ON on input line 4517.
Package hyperref Info: Plain pages OFF on input line 4524.
Package hyperref Info: Backreferencing OFF on input line 4529.
Package hyperref Info: Implicit mode ON; LaTeX internals redefined.
Package hyperref Info: Bookmarks ON on input line 4762.
\c@Hy@tempcnt=\count134
LaTeX Info: Redefining \url on input line 5115.
\XeTeXLinkMargin=\dimen150
\Fld@menulength=\count135
\Field@Width=\dimen151
\Fld@charsize=\dimen152
Package hyperref Info: Hyper figures OFF on input line 6369.
Package hyperref Info: Link nesting OFF on input line 6374.
Package hyperref Info: Hyper index ON on input line 6377.
Package hyperref Info: backreferencing OFF on input line 6384.
Package hyperref Info: Link coloring OFF on input line 6389.
Package hyperref Info: Link coloring with OCG OFF on input line 6394.
Package hyperref Info: PDF/A mode OFF on input line 6399.
LaTeX Info: Redefining \ref on input line 6439.
LaTeX Info: Redefining \pageref on input line 6443.
\Hy@abspage=\count136
\c@Item=\count137
\c@Hfootnote=\count138
)
Package hyperref Info: Driver (autodetected): hpdftex.

("C:\Users\H172461\MiKTeX 2.9\tex\latex\hyperref\hpdftex.def"
File: hpdftex.def 2018/02/06 v6.86b Hyperref driver for pdfTeX
\Fld@listcount=\count139
\c@bookmark@seq@number=\count140

("C:\Users\H172461\MiKTeX 2.9\tex\latex\oberdiek\rerunfilecheck.sty"
Package: rerunfilecheck 2016/05/16 v1.8 Rerun checks for auxiliary files (HO)
Package uniquecounter Info: New unique counter `rerunfilecheck' on input line 2
82.
)
\Hy@SectionHShift=\skip84
)
("C:\Users\H172461\MiKTeX 2.9\tex\latex\xcolor\xcolor.sty"
Package: xcolor 2016/05/11 v2.12 LaTeX color extensions (UK)

("C:\Users\H172461\MiKTeX 2.9\tex\latex\graphics-cfg\color.cfg"
File: color.cfg 2016/01/02 v1.6 sample color configuration
)
Package xcolor Info: Driver file: pdftex.def on input line 225.
Package xcolor Info: Model `cmy' substituted by `cmy0' on input line 1348.
Package xcolor Info: Model `hsb' substituted by `rgb' on input line 1352.
Package xcolor Info: Model `RGB' extended on input line 1364.
Package xcolor Info: Model `HTML' substituted by `rgb' on input line 1366.
Package xcolor Info: Model `Hsb' substituted by `hsb' on input line 1367.
Package xcolor Info: Model `tHsb' substituted by `hsb' on input line 1368.
Package xcolor Info: Model `HSB' substituted by `hsb' on input line 1369.
Package xcolor Info: Model `Gray' substituted by `gray' on input line 1370.
Package xcolor Info: Model `wave' substituted by `hsb' on input line 1371.
)
Package hyperref Info: Option `colorlinks' set `false' on input line 62.
Package hyperref Info: Option `pdfnewwindow' set `true' on input line 62.
Package hyperref Info: Option `breaklinks' set `true' on input line 62.
\c@theorem=\count141
\c@definition=\count142
\c@problem=\count143
\c@example=\count144
\c@assumption=\count145
 (main.aux
(00T01-Title-Page.aux) (00T02-Nomenclature.aux) (08Conclusion.aux))
\openout1 = `main.aux'.

LaTeX Font Info:    Checking defaults for OML/cmm/m/it on input line 150.
LaTeX Font Info:    ... okay on input line 150.
LaTeX Font Info:    Checking defaults for T1/cmr/m/n on input line 150.
LaTeX Font Info:    ... okay on input line 150.
LaTeX Font Info:    Checking defaults for OT1/cmr/m/n on input line 150.
LaTeX Font Info:    ... okay on input line 150.
LaTeX Font Info:    Checking defaults for OMS/cmsy/m/n on input line 150.
LaTeX Font Info:    ... okay on input line 150.
LaTeX Font Info:    Checking defaults for OMX/cmex/m/n on input line 150.
LaTeX Font Info:    ... okay on input line 150.
LaTeX Font Info:    Checking defaults for U/cmr/m/n on input line 150.
LaTeX Font Info:    ... okay on input line 150.
LaTeX Font Info:    Checking defaults for PD1/pdf/m/n on input line 150.
LaTeX Font Info:    ... okay on input line 150.
LaTeX Font Info:    Checking defaults for PU/pdf/m/n on input line 150.
LaTeX Font Info:    ... okay on input line 150.

("C:\Users\H172461\MiKTeX 2.9\tex\context\base\supp-pdf.mkii"
[Loading MPS to PDF converter (version 2006.09.02).]
\scratchcounter=\count146
\scratchdimen=\dimen153
\scratchbox=\box45
\nofMPsegments=\count147
\nofMParguments=\count148
\everyMPshowfont=\toks34
\MPscratchCnt=\count149
\MPscratchDim=\dimen154
\MPnumerator=\count150
\makeMPintoPDFobject=\count151
\everyMPtoPDFconversion=\toks35
) ("C:\Users\H172461\MiKTeX 2.9\tex\latex\oberdiek\epstopdf-base.sty"
Package: epstopdf-base 2016/05/15 v2.6 Base part for package epstopdf

("C:\Users\H172461\MiKTeX 2.9\tex\latex\oberdiek\grfext.sty"
Package: grfext 2016/05/16 v1.2 Manage graphics extensions (HO)
)
Package epstopdf-base Info: Redefining graphics rule for `.eps' on input line 4
38.
Package grfext Info: Graphics extension search list:
(grfext)             [.pdf,.png,.jpg,.mps,.jpeg,.jbig2,.jb2,.PDF,.PNG,.JPG,.JPE
G,.JBIG2,.JB2,.eps]
(grfext)             \AppendGraphicsExtensions on input line 456.
)
Package caption Info: Begin \AtBeginDocument code.
Package caption Info: hyperref package is loaded.
Package caption Info: End \AtBeginDocument code.
\AtBeginShipoutBox=\box46
Package hyperref Info: Link coloring OFF on input line 150.

("C:\Users\H172461\MiKTeX 2.9\tex\latex\hyperref\nameref.sty"
Package: nameref 2016/05/21 v2.44 Cross-referencing by name of section

("C:\Users\H172461\MiKTeX 2.9\tex\generic\oberdiek\gettitlestring.sty"
Package: gettitlestring 2016/05/16 v1.5 Cleanup title references (HO)
)
\c@section@level=\count152
)
LaTeX Info: Redefining \ref on input line 150.
LaTeX Info: Redefining \pageref on input line 150.
LaTeX Info: Redefining \nameref on input line 150.

(main.out) (main.out)
\@outlinefile=\write5
\openout5 = `main.out'.

\openout2 = `00T01-Title-Page.aux'.

 (00T01-Title-Page.tex
Package epstopdf Info: Source file: <./Pics/feuplogo.eps>
(epstopdf)                    date: 2018-10-26 08:40:13
(epstopdf)                    size: 722750 bytes
(epstopdf)             Output file: <./Pics/feuplogo-eps-converted-to.pdf>
(epstopdf)                    date: 2018-10-26 08:40:13
(epstopdf)                    size: 24984 bytes
(epstopdf)             Command: <epstopdf --outfile=./Pics/feuplogo-eps-convert
ed-to.pdf ./Pics/feuplogo.eps>
(epstopdf)             \includegraphics on input line 19.
Package epstopdf Info: Output file is already uptodate.
<./Pics/feuplogo-eps-converted-to.pdf, id=599, 563.10374pt x 174.6525pt>
File: ./Pics/feuplogo-eps-converted-to.pdf Graphic file (type pdf)
<use ./Pics/feuplogo-eps-converted-to.pdf>
Package pdftex.def Info: ./Pics/feuplogo-eps-converted-to.pdf  used on input li
ne 19.
(pdftex.def)             Requested size: 170.71652pt x 52.9478pt.
LaTeX Font Info:    Try loading font information for U+msa on input line 26.

("C:\Users\H172461\MiKTeX 2.9\tex\latex\amsfonts\umsa.fd"
File: umsa.fd 2013/01/14 v3.01 AMS symbols A
)
LaTeX Font Info:    Try loading font information for U+msb on input line 26.

("C:\Users\H172461\MiKTeX 2.9\tex\latex\amsfonts\umsb.fd"
File: umsb.fd 2013/01/14 v3.01 AMS symbols B
) [1
Non-PDF special ignored!
<special> header=psfrag.pro


{C:/Users/H172461/AppData/Local/MiKTeX/2.9/pdftex/config/pdftex.map} <./Pics/fe
uplogo-eps-converted-to.pdf>] [2] (main.tocpdfTeX warning (ext4): destination w
ith the same identifier (name{page.1}) has been already used, duplicate ignored

<to be read again> 
                   \relax 
l.76 ...) Complements of Algebra}{45}{section.3.5}
                                                   [1


]pdfTeX warning (ext4): destination with the same identifier (name{page.2}) has
 been already used, duplicate ignored
<to be read again> 
                   \relax 
l.262 ...(R) Map obstacles}{119}{subsection.6.5.2}
                                                   [2] [3])
\tf@toc=\write6
\openout6 = `main.toc'.

 [4] (main.lof
LaTeX Font Info:    Try loading font information for U+eus on input line 34.

("C:\Users\H172461\MiKTeX 2.9\tex\latex\amsfonts\ueus.fd"
File: ueus.fd 2013/01/14 v3.01 Euler Script
)
Underfull \hbox (badness 1454) in paragraph at lines 34--34
 [][] [][]\OT1/cmr/m/n/12 Avoidance grid $\U/eus/m/n/12 A\OT1/cmr/m/n/12 (\OML/
cmm/m/it/12 t[]\OT1/cmr/m/n/12 )$ (blue) in-ter-sec-tion with el-lip-tic cone i
n-truder 
 []

[5

] [6])
\tf@lof=\write7
\openout7 = `main.lof'.

 [7] (main.lot [8

])
\tf@lot=\write8
\openout8 = `main.lot'.

) [9]
\openout2 = `00T02-Nomenclature.aux'.

 (00T02-Nomenclature.tex [10


]
Underfull \hbox (badness 10000) in paragraph at lines 117--117
[]|\OT1/cmr/m/n/12 Collision
 []


Underfull \hbox (badness 10000) in paragraph at lines 117--117
[]|\OT1/cmr/m/n/12 Communication
 []


Underfull \hbox (badness 10000) in paragraph at lines 117--117
[]|\OT1/cmr/m/n/12 Crewmember
 []


Underfull \hbox (badness 1675) in paragraph at lines 117--117
[]|\OT1/cmr/m/n/12 Optionally Pi-loted
 []

[11] [12]) [13] (01I01-Introduction.tex
Chapter 1.
LaTeX Font Info:    Try loading font information for OMS+cmr on input line 4.
("C:\Users\H172461\MiKTeX 2.9\tex\latex\base\omscmr.fd"
File: omscmr.fd 2014/09/29 v2.5h Standard LaTeX font definitions
)
LaTeX Font Info:    Font shape `OMS/cmr/m/n' in size <12> not available
(Font)              Font shape `OMS/cmsy/m/n' tried instead on input line 4.
)
(01I02-Related-Work.tex) (01I03-Goals.tex) (01I04-Assumptions.tex)
(01I05-Overview.tex [14


]) (01I06-Contributions.tex)
(02C01-Collision-Avoidance.tex [15]
Chapter 2.
[16

]) (02C02-Airspace-Clasification.tex) (02C03-Operational-Rules.tex

Package natbib Warning: Citation `rulesOfTheFlight2012' on page 17 undefined on
 input line 7.


Underfull \hbox (badness 2409) in paragraph at lines 13--14
[]\OT1/cmr/m/it/12 SERA Reg-u-la-tion 2016/1185 \OT1/cmr/m/n/12 - Com-mis-sion 
Im-ple-ment-ing Reg-u-la-tion (EU)
 []

[17] [18]) (02C04-WellClear-ATC.tex
<./Pics/02_05_WellClearTreshold.png, id=1336, 587.796pt x 417.9615pt>
File: ./Pics/02_05_WellClearTreshold.png Graphic file (type png)
<use ./Pics/02_05_WellClearTreshold.png>
Package pdftex.def Info: ./Pics/02_05_WellClearTreshold.png  used on input line
 8.
(pdftex.def)             Requested size: 273.14922pt x 194.22891pt.
 [19]
<./Pics/02_02_DAM_Example.png, id=1360, 863.6265pt x 222.23026pt>
File: ./Pics/02_02_DAM_Example.png Graphic file (type png)
<use ./Pics/02_02_DAM_Example.png>
Package pdftex.def Info: ./Pics/02_02_DAM_Example.png  used on input line 27.
(pdftex.def)             Requested size: 455.24408pt x 117.14735pt.
 [20 <./Pics/02_05_WellClearTreshold.png> <./Pics/02_02_DAM_Example.png>]) (02C
05-UTM.tex [21] [22] [23] [24] [25]
[26]) (02C05a-U-Space.tex
Overfull \hbox (8.26682pt too wide) in paragraph at lines 31--41
 [][] 
 []

[27] [28] [29] [30]) (02C05b-NASA-UTM.tex) (02C06-Event-Based-Avoidance.tex
[31]
<./Pics/02_03_RelativeHumidity.png, id=1526, 445.06274pt x 363.15675pt>
File: ./Pics/02_03_RelativeHumidity.png Graphic file (type png)
<use ./Pics/02_03_RelativeHumidity.png>
Package pdftex.def Info: ./Pics/02_03_RelativeHumidity.png  used on input line 
40.
(pdftex.def)             Requested size: 204.85844pt x 167.15941pt.
<./Pics/02_04_WindTemperature.png, id=1527, 438.438pt x 360.74776pt>
File: ./Pics/02_04_WindTemperature.png Graphic file (type png)
<use ./Pics/02_04_WindTemperature.png>
Package pdftex.def Info: ./Pics/02_04_WindTemperature.png  used on input line 4
5.
(pdftex.def)             Requested size: 204.85844pt x 168.56064pt.
 [32]
<./Pics/02_01_IVS_Model.png, id=1540, 567.3195pt x 419.76825pt>
File: ./Pics/02_01_IVS_Model.png Graphic file (type png)
<use ./Pics/02_01_IVS_Model.png>
Package pdftex.def Info: ./Pics/02_01_IVS_Model.png  used on input line 57.
(pdftex.def)             Requested size: 318.66946pt x 235.78598pt.
) (02C07-Functional-Decomposition-UTM.tex [33 <./Pics/02_03_RelativeHumidity.pn
g> <./Pics/02_04_WindTemperature.png> <./Pics/02_01_IVS_Model.png>])
(03B01-Background-Theory.tex [34]
Chapter 3.
) (03B02-UAS-Motion-Model.tex [35

]) (03B03-Reach-Sets.tex [36] [37])
(03B05-Movement-Automaton.tex [38] [39] [40]

LaTeX Font Warning: Command \small invalid in math mode on input line 128.


LaTeX Font Warning: Command \small invalid in math mode on input line 135.


LaTeX Font Warning: Command \small invalid in math mode on input line 137.


LaTeX Font Warning: Command \small invalid in math mode on input line 138.


LaTeX Font Warning: Command \small invalid in math mode on input line 144.

LaTeX Font Info:    Calculating math sizes for size <> on input line 147.

LaTeX Font Warning: Font shape `OT1/cmr/m/n' in size <> not available
(Font)              size <5> substituted on input line 147.


LaTeX Font Warning: Font shape `OT1/cmr/m/n' in size <0.7> not available
(Font)              size <5> substituted on input line 147.


LaTeX Font Warning: Font shape `OT1/cmr/m/n' in size <0.5> not available
(Font)              size <5> substituted on input line 147.


LaTeX Font Warning: Font shape `OML/cmm/m/it' in size <> not available
(Font)              size <5> substituted on input line 147.


LaTeX Font Warning: Font shape `OML/cmm/m/it' in size <0.7> not available
(Font)              size <5> substituted on input line 147.


LaTeX Font Warning: Font shape `OML/cmm/m/it' in size <0.5> not available
(Font)              size <5> substituted on input line 147.


LaTeX Font Warning: Font shape `OMS/cmsy/m/n' in size <> not available
(Font)              size <5> substituted on input line 147.


LaTeX Font Warning: Font shape `OMS/cmsy/m/n' in size <0.7> not available
(Font)              size <5> substituted on input line 147.


LaTeX Font Warning: Font shape `OMS/cmsy/m/n' in size <0.5> not available
(Font)              size <5> substituted on input line 147.


LaTeX Font Warning: Font shape `OT1/cmr/bx/n' in size <> not available
(Font)              size <5> substituted on input line 147.


LaTeX Font Warning: Font shape `OT1/cmr/bx/n' in size <0.7> not available
(Font)              size <5> substituted on input line 147.


LaTeX Font Warning: Font shape `OT1/cmr/bx/n' in size <0.5> not available
(Font)              size <5> substituted on input line 147.


LaTeX Font Warning: Font shape `OML/cmm/b/it' in size <> not available
(Font)              size <5> substituted on input line 147.


LaTeX Font Warning: Font shape `OML/cmm/b/it' in size <0.7> not available
(Font)              size <5> substituted on input line 147.


LaTeX Font Warning: Font shape `OML/cmm/b/it' in size <0.5> not available
(Font)              size <5> substituted on input line 147.


LaTeX Font Warning: Font shape `OMS/cmsy/b/n' in size <> not available
(Font)              size <5> substituted on input line 147.


LaTeX Font Warning: Font shape `OMS/cmsy/b/n' in size <0.7> not available
(Font)              size <5> substituted on input line 147.


LaTeX Font Warning: Font shape `OMS/cmsy/b/n' in size <0.5> not available
(Font)              size <5> substituted on input line 147.

[41] [42] [43]) (03B06-LiDAR.tex
Underfull \hbox (badness 10000) in paragraph at lines 16--18

 []

<./Pics/10_Lidar_sets1.PNG, id=1802, 359.84438pt x 115.93312pt>
File: ./Pics/10_Lidar_sets1.PNG Graphic file (type png)
<use ./Pics/10_Lidar_sets1.PNG>
Package pdftex.def Info: ./Pics/10_Lidar_sets1.PNG  used on input line 34.
(pdftex.def)             Requested size: 204.85844pt x 66.00294pt.
<./Pics/11_Lidar_sets2.PNG, id=1803, 358.33875pt x 116.68594pt>
File: ./Pics/11_Lidar_sets2.PNG Graphic file (type png)
<use ./Pics/11_Lidar_sets2.PNG>
Package pdftex.def Info: ./Pics/11_Lidar_sets2.PNG  used on input line 40.
(pdftex.def)             Requested size: 204.85844pt x 66.70929pt.

Overfull \hbox (2.61108pt too wide) in paragraph at lines 32--44
[]$[]$ $[]$ 
 []

[44]) (03B07-Complements-of-Algebra.tex [45 <./Pics/10_Lidar_sets1.PNG> <./Pics
/11_Lidar_sets2.PNG>] [46] [47]
<./Pics/80BallSpan.jpg, id=1905, 337.26pt x 305.14pt>
File: ./Pics/80BallSpan.jpg Graphic file (type jpg)
<use ./Pics/80BallSpan.jpg>
Package pdftex.def Info: ./Pics/80BallSpan.jpg  used on input line 156.
(pdftex.def)             Requested size: 136.5746pt x 123.56705pt.
<./Pics/81BallSpan2.png, id=1906, 330.23375pt x 329.23pt>
File: ./Pics/81BallSpan2.png Graphic file (type png)
<use ./Pics/81BallSpan2.png>
Package pdftex.def Info: ./Pics/81BallSpan2.png  used on input line 161.
(pdftex.def)             Requested size: 136.5746pt x 136.16069pt.
 [48 <./Pics/80BallSpan.jpg> <./Pics/81BallSpan2.png>]) (04P01-Problem-Statemen
t.tex [49]
Chapter 4.
) (04P02-Basic-Definitions.tex [50

] [51] [52] [53] [54])
(04P03-Basic-Obstacle-Avoidance-Problem.tex
Overfull \hbox (30.28557pt too wide) in paragraph at lines 15--16
[]\OT1/cmr/m/n/12 Information sources $\OML/cmm/m/it/12 informationSource[]; in
formationSource[]; [] ; informationSource[]$
 []

) (04P04-Initial-Assumptions.tex [55])
(04P07-Incremental-Problem-Definition.tex [56] [57] [58] [59])
(04P05-Avoidance-Requirements.tex [60]

LaTeX Font Warning: Command \scriptsize invalid in math mode on input line 41.


LaTeX Font Warning: Command \normalsize invalid in math mode on input line 41.


LaTeX Font Warning: Command \normalsize invalid in math mode on input line 47.

[61]

LaTeX Font Warning: Command \scriptsize invalid in math mode on input line 53.


LaTeX Font Warning: Command \normalsize invalid in math mode on input line 57.

[62]

LaTeX Font Warning: Command \scriptsize invalid in math mode on input line 122.



LaTeX Font Warning: Command \normalsize invalid in math mode on input line 122.


[63] [64] [65]) (04P06-Navigation-Requirements.tex [66]
Underfull \hbox (badness 10000) in paragraph at lines 25--25
[]|\OT1/cmr/m/n/12 Constrained space
 []

) (05S01-State-Of-Art.tex [67]
Chapter 5.
<./Pics/TE001BlockSchemeOfControlConcept.png, id=2267, 431.84468pt x 330.57793p
t>
File: ./Pics/TE001BlockSchemeOfControlConcept.png Graphic file (type png)
<use ./Pics/TE001BlockSchemeOfControlConcept.png>
Package pdftex.def Info: ./Pics/TE001BlockSchemeOfControlConcept.png  used on i
nput line 7.
(pdftex.def)             Requested size: 364.19664pt x 278.80843pt.
[68

 <./Pics/TE001BlockSchemeOfControlConcept.png>] [69]
<./Pics/TE030MovementAutomatonFrazzCite.png, id=2327, 526.96875pt x 390.258pt>
File: ./Pics/TE030MovementAutomatonFrazzCite.png Graphic file (type png)
<use ./Pics/TE030MovementAutomatonFrazzCite.png>
Package pdftex.def Info: ./Pics/TE030MovementAutomatonFrazzCite.png  used on in
put line 73.
(pdftex.def)             Requested size: 250.38562pt x 185.42805pt.
 [70 <./Pics/TE030MovementAutomatonFrazzCite.png>] [71] [72]
<./Pics/TE028LattuceMovementSet01.png, id=2451, 652.23676pt x 384.2355pt>
File: ./Pics/TE028LattuceMovementSet01.png Graphic file (type png)
<use ./Pics/TE028LattuceMovementSet01.png>
Package pdftex.def Info: ./Pics/TE028LattuceMovementSet01.png  used on input li
ne 171.
(pdftex.def)             Requested size: 196.66235pt x 115.85196pt.
<./Pics/TE029LattuceMovementSe02t.png, id=2452, 652.23676pt x 384.2355pt>
File: ./Pics/TE029LattuceMovementSe02t.png Graphic file (type png)
<use ./Pics/TE029LattuceMovementSe02t.png>
Package pdftex.def Info: ./Pics/TE029LattuceMovementSe02t.png  used on input li
ne 177.
(pdftex.def)             Requested size: 196.66235pt x 115.85196pt.
 [73 <./Pics/TE028LattuceMovementSet01.png> <./Pics/TE029LattuceMovementSe02t.p
ng>]
<./Pics/TE036LSTSDeployment.png, id=2489, 458.46281pt x 246.1697pt>
File: ./Pics/TE036LSTSDeployment.png Graphic file (type png)
<use ./Pics/TE036LSTSDeployment.png>
Package pdftex.def Info: ./Pics/TE036LSTSDeployment.png  used on input line 224
.
(pdftex.def)             Requested size: 409.71689pt x 220.00685pt.
 [74 <./Pics/TE036LSTSDeployment.png>]
[75]
<./Pics/TE032FreeRoute.png, id=2532, 221.628pt x 436.63126pt>
File: ./Pics/TE032FreeRoute.png Graphic file (type png)
<use ./Pics/TE032FreeRoute.png>
Package pdftex.def Info: ./Pics/TE032FreeRoute.png  used on input line 268.
(pdftex.def)             Requested size: 131.11238pt x 258.3031pt.
<./Pics/TE034Corridors.png, id=2533, 223.43475pt x 436.63126pt>
File: ./Pics/TE034Corridors.png Graphic file (type png)
<use ./Pics/TE034Corridors.png>
Package pdftex.def Info: ./Pics/TE034Corridors.png  used on input line 274.
(pdftex.def)             Requested size: 131.11238pt x 256.22441pt.
<./Pics/TE035FixedRoute.png, id=2534, 224.037pt x 436.63126pt>
File: ./Pics/TE035FixedRoute.png Graphic file (type png)
<use ./Pics/TE035FixedRoute.png>
Package pdftex.def Info: ./Pics/TE035FixedRoute.png  used on input line 280.
(pdftex.def)             Requested size: 131.11238pt x 255.53152pt.
 [76]) (06A01-Approach.tex [77 <./Pics/TE032FreeRoute.png> <./Pics/TE034Corrido
rs.png> <./Pics/TE035FixedRoute.png>]
Chapter 6.
<./Pics/RE001AvoidanceLevelsBasedOnReactionTime.png, id=2566, 2038.61626pt x 53
9.01375pt>
File: ./Pics/RE001AvoidanceLevelsBasedOnReactionTime.png Graphic file (type png
)
<use ./Pics/RE001AvoidanceLevelsBasedOnReactionTime.png>
Package pdftex.def Info: ./Pics/RE001AvoidanceLevelsBasedOnReactionTime.png  us
ed on input line 7.
(pdftex.def)             Requested size: 318.66946pt x 84.25359pt.
[78

 <./Pics/RE001AvoidanceLevelsBasedOnReactionTime.png>]
<./Pics/TE037ConceptualSchemeNew.jpg, id=2580, 831.5868pt x 449.0376pt>
File: ./Pics/TE037ConceptualSchemeNew.jpg Graphic file (type jpg)
<use ./Pics/TE037ConceptualSchemeNew.jpg>
Package pdftex.def Info: ./Pics/TE037ConceptualSchemeNew.jpg  used on input lin
e 31.
(pdftex.def)             Requested size: 432.48048pt x 233.53514pt.
 [79 <./Pics/TE037ConceptualSchemeNew.jpg>]
Underfull \hbox (badness 8094) in paragraph at lines 56--57
[]\OT1/cmr/m/it/12 Weather In-for-ma-tion \OT1/cmr/m/n/12 (Static/Dynamic Re-st
ric-tion Source) - im-pos-ing
 []


Underfull \hbox (badness 2547) in paragraph at lines 56--57
\OT1/cmr/m/n/12 static/moving soft/hard con-straints on \OT1/cmr/m/it/12 Known 
World\OT1/cmr/m/n/12 /\OT1/cmr/m/it/12 Operational Space\OT1/cmr/m/n/12 .
 []

[80]) (06A03-UAS-Model-MA-Implementation.tex [81] [82] [83] [84] [85] [86]
[87]) (06A02-Avoidance-Grid.tex [88] [89]
<./Pics/TE046LiDARRasterRange.png, id=2806, 715.9548pt x 622.4856pt>
File: ./Pics/TE046LiDARRasterRange.png Graphic file (type png)
<use ./Pics/TE046LiDARRasterRange.png>
Package pdftex.def Info: ./Pics/TE046LiDARRasterRange.png  used on input line 7
8.
(pdftex.def)             Requested size: 364.19664pt x 316.6561pt.
 [90 <./Pics/TE046LiDARRasterRange.png>] [91] [92]) (06A06a-Reach-Set-Approxima
tion.tex [93]
Underfull \hbox (badness 3108) in paragraph at lines 11--12
[]\OT1/cmr/m/it/12 Property bind-ing \OT1/cmr/m/n/12 - bind-ing re-lated prop-e
r-ties seems prob-lem-atic, be-cause
 []

[94] [95]) (06A06b-Reach-Set-Performance-Criteria.tex [96] [97] [98])
(06A06c-Contrained-Trajectory-Expansion.tex
<./Pics/RS001RapidExplorationTreeExampleShrink.png, id=2987, 808.52063pt x 460.
72125pt>
File: ./Pics/RS001RapidExplorationTreeExampleShrink.png Graphic file (type png)

<use ./Pics/RS001RapidExplorationTreeExampleShrink.png>
Package pdftex.def Info: ./Pics/RS001RapidExplorationTreeExampleShrink.png  use
d on input line 11.
(pdftex.def)             Requested size: 409.71689pt x 233.47437pt.
 [99 <./Pics/RS001RapidExplorationTreeExampleShrink.png>] [100]) (06A06e-Reach-
Set-Approximations.tex [101]
[102]
<./Pics/RS002ChaoticReachSetEstimationMethod.png, id=3058, 384.6872pt x 298.113
75pt>
File: ./Pics/RS002ChaoticReachSetEstimationMethod.png Graphic file (type png)
<use ./Pics/RS002ChaoticReachSetEstimationMethod.png>
Package pdftex.def Info: ./Pics/RS002ChaoticReachSetEstimationMethod.png  used 
on input line 76.
(pdftex.def)             Requested size: 318.66946pt x 246.97037pt.
 [103] [104 <./Pics/RS002ChaoticReachSetEstimationMethod.png>] [105]
[106]
<./Pics/RS003HarmonicReachSetEstimationMethod.png, id=3108, 389.95688pt x 295.1
025pt>
File: ./Pics/RS003HarmonicReachSetEstimationMethod.png Graphic file (type png)
<use ./Pics/RS003HarmonicReachSetEstimationMethod.png>
Package pdftex.def Info: ./Pics/RS003HarmonicReachSetEstimationMethod.png  used
 on input line 196.
(pdftex.def)             Requested size: 318.66946pt x 241.16608pt.
 [107 <./Pics/RS003HarmonicReachSetEstimationMethod.png>]
LaTeX Font Info:    Font shape `OMS/cmr/m/it' in size <12> not available
(Font)              Font shape `OMS/cmsy/m/n' tried instead on input line 284.
 [108]
<./Pics/RS004CombinedReachSetEstimationMethod.png, id=3143, 403.5075pt x 296.60
812pt>
File: ./Pics/RS004CombinedReachSetEstimationMethod.png Graphic file (type png)
<use ./Pics/RS004CombinedReachSetEstimationMethod.png>
Package pdftex.def Info: ./Pics/RS004CombinedReachSetEstimationMethod.png  used
 on input line 361.
(pdftex.def)             Requested size: 318.66946pt x 234.24542pt.
 [109]
[110 <./Pics/RS004CombinedReachSetEstimationMethod.png>]
Underfull \hbox (badness 1924) in paragraph at lines 420--421
\OT1/cmr/m/n/12 For each $\OML/cmm/m/it/12 Node\OT1/cmr/m/n/12 ([] \OML/cmm/m/i
t/12 ; buffer\OT1/cmr/m/n/12 )$ and each \OT1/cmr/m/it/12 sep-a-ra-tion \OT1/cm
r/m/n/12 there is a eval-u-a-tion func-tion
 []

[111] [112]
<./Pics/RS005ACASLikeReachSetEstimationMethodFull.png, id=3208, 386.6445pt x 29
5.70474pt>
File: ./Pics/RS005ACASLikeReachSetEstimationMethodFull.png Graphic file (type p
ng)
<use ./Pics/RS005ACASLikeReachSetEstimationMethodFull.png>
Package pdftex.def Info: ./Pics/RS005ACASLikeReachSetEstimationMethodFull.png  
used on input line 511.
(pdftex.def)             Requested size: 196.66235pt x 150.40584pt.
<./Pics/RS006ACASLikeReachSetEstimationMethodHorizontalVertical.png, id=3209, 3
86.6445pt x 295.70474pt>
File: ./Pics/RS006ACASLikeReachSetEstimationMethodHorizontalVertical.png Graphi
c file (type png)
<use ./Pics/RS006ACASLikeReachSetEstimationMethodHorizontalVertical.png>
Package pdftex.def Info: ./Pics/RS006ACASLikeReachSetEstimationMethodHorizontal
Vertical.png  used on input line 516.
(pdftex.def)             Requested size: 196.66235pt x 150.40584pt.
<./Pics/RS008ACASLikeReachSetEstimationMethodHorizontal.png, id=3210, 386.6445p
t x 295.70474pt>
File: ./Pics/RS008ACASLikeReachSetEstimationMethodHorizontal.png Graphic file (
type png)
<use ./Pics/RS008ACASLikeReachSetEstimationMethodHorizontal.png>
Package pdftex.def Info: ./Pics/RS008ACASLikeReachSetEstimationMethodHorizontal
.png  used on input line 522.
(pdftex.def)             Requested size: 196.66235pt x 150.40584pt.
<./Pics/RS009CASLikeReachSetEstimationMethodVertical.png, id=3211, 386.6445pt x
 295.70474pt>
File: ./Pics/RS009CASLikeReachSetEstimationMethodVertical.png Graphic file (typ
e png)
<use ./Pics/RS009CASLikeReachSetEstimationMethodVertical.png>
Package pdftex.def Info: ./Pics/RS009CASLikeReachSetEstimationMethodVertical.pn
g  used on input line 527.
(pdftex.def)             Requested size: 196.66235pt x 150.40584pt.
) (06A04-Static-Obstace-Constraints.tex [113 <./Pics/RS005ACASLikeReachSetEstim
ationMethodFull.png> <./Pics/RS006ACASLikeReachSetEstimationMethodHorizontalVer
tical.png> <./Pics/RS008ACASLikeReachSetEstimationMethodHorizontal.png> <./Pics
/RS009CASLikeReachSetEstimationMethodVertical.png>]
<./Pics/TE051CountOfLiDARHits.jpg, id=3232, 570.63188pt x 505.13719pt>
File: ./Pics/TE051CountOfLiDARHits.jpg Graphic file (type jpg)
<use ./Pics/TE051CountOfLiDARHits.jpg>
Package pdftex.def Info: ./Pics/TE051CountOfLiDARHits.jpg  used on input line 2
2.
(pdftex.def)             Requested size: 318.66946pt x 282.0964pt.
 [114 <./Pics/TE051CountOfLiDARHits.jpg>]
<./Pics/TE053OvershadowedMapobstacle.jpg, id=3246, 570.63188pt x 501.37312pt>
File: ./Pics/TE053OvershadowedMapobstacle.jpg Graphic file (type jpg)
<use ./Pics/TE053OvershadowedMapobstacle.jpg>
Package pdftex.def Info: ./Pics/TE053OvershadowedMapobstacle.jpg  used on input
 line 36.
(pdftex.def)             Requested size: 318.66946pt x 279.99434pt.
) (06A04a-Detected-Obstacles.tex [115 <./Pics/TE053OvershadowedMapobstacle.jpg>
] [116] [117]
<./Pics/TE006VisibilityFirstObstacle.png, id=3297, 1110.549pt x 751.608pt>
File: ./Pics/TE006VisibilityFirstObstacle.png Graphic file (type png)
<use ./Pics/TE006VisibilityFirstObstacle.png>
Package pdftex.def Info: ./Pics/TE006VisibilityFirstObstacle.png  used on input
 line 142.
(pdftex.def)             Requested size: 131.11238pt x 88.73254pt.
<./Pics/TE007VisibilitySecondObstacle.png, id=3298, 1110.549pt x 751.608pt>
File: ./Pics/TE007VisibilitySecondObstacle.png Graphic file (type png)
<use ./Pics/TE007VisibilitySecondObstacle.png>
Package pdftex.def Info: ./Pics/TE007VisibilitySecondObstacle.png  used on inpu
t line 147.
(pdftex.def)             Requested size: 131.11238pt x 88.73254pt.
<./Pics/TE008VisibilityThirdObstacle.png, id=3299, 1110.549pt x 751.608pt>
File: ./Pics/TE008VisibilityThirdObstacle.png Graphic file (type png)
<use ./Pics/TE008VisibilityThirdObstacle.png>
Package pdftex.def Info: ./Pics/TE008VisibilityThirdObstacle.png  used on input
 line 152.
(pdftex.def)             Requested size: 131.11238pt x 88.73254pt.
 [118 <./Pics/TE006VisibilityFirstObstacle.png> <./Pics/TE007VisibilitySecondOb
stacle.png> <./Pics/TE008VisibilityThirdObstacle.png>]) (06A04b-Map-Obstacles.t
ex
<./Pics/TE009MapObstacleUndetected.png, id=3320, 1086.459pt x 754.017pt>
File: ./Pics/TE009MapObstacleUndetected.png Graphic file (type png)
<use ./Pics/TE009MapObstacleUndetected.png>
Package pdftex.def Info: ./Pics/TE009MapObstacleUndetected.png  used on input l
ine 17.
(pdftex.def)             Requested size: 131.11238pt x 90.98436pt.
<./Pics/TE010MapObstacleDetected.png, id=3321, 1358.07375pt x 942.52126pt>
File: ./Pics/TE010MapObstacleDetected.png Graphic file (type png)
<use ./Pics/TE010MapObstacleDetected.png>
Package pdftex.def Info: ./Pics/TE010MapObstacleDetected.png  used on input lin
e 22.
(pdftex.def)             Requested size: 131.11238pt x 90.993pt.
<./Pics/TE011MapObstacleHiden.png, id=3322, 1086.459pt x 754.017pt>
File: ./Pics/TE011MapObstacleHiden.png Graphic file (type png)
<use ./Pics/TE011MapObstacleHiden.png>
Package pdftex.def Info: ./Pics/TE011MapObstacleHiden.png  used on input line 2
7.
(pdftex.def)             Requested size: 131.11238pt x 90.98436pt.
 [119 <./Pics/TE009MapObstacleUndetected.png> <./Pics/TE010MapObstacleDetected.
png> <./Pics/TE011MapObstacleHiden.png>]
<./Pics/TE054ExtractedMapObstaclesExample.png, id=3344, 578.16pt x 433.62pt>
File: ./Pics/TE054ExtractedMapObstaclesExample.png Graphic file (type png)
<use ./Pics/TE054ExtractedMapObstaclesExample.png>
Package pdftex.def Info: ./Pics/TE054ExtractedMapObstaclesExample.png  used on 
input line 62.
(pdftex.def)             Requested size: 318.66946pt x 239.0012pt.
[120 <./Pics/TE054ExtractedMapObstaclesExample.png (PNG copy)>] [121])
(06A04c-Static-Contraints.tex
Underfull \hbox (badness 3039) detected at line 23
 []$[]  \OML/cmm/m/it/12 constraint \OT1/cmr/m/n/12 = \OMS/cmsy/m/n/12 f\OML/cm
m/m/it/12 position; boundary; altitude[]; altitude[]; safetyMargin\OMS/cmsy/m/n
/12 g$ [][][]  
 []

[122] [123]) (06A05-Moving-Obstacles-Intruders.tex [124]
<./Pics/TE052AdversaryProbabilitySpread.jpg, id=3428, 567.62062pt x 493.845pt>
File: ./Pics/TE052AdversaryProbabilitySpread.jpg Graphic file (type jpg)
<use ./Pics/TE052AdversaryProbabilitySpread.jpg>
Package pdftex.def Info: ./Pics/TE052AdversaryProbabilitySpread.jpg  used on in
put line 18.
(pdftex.def)             Requested size: 318.66946pt x 277.25964pt.
 [125 <./Pics/TE052AdversaryProbabilitySpread.jpg>]) (06A05a-Intruder-Behaviour
-Prediction.tex
[126] [127]) (06A05b-Linear-Intersection-Model.tex [128])
(06A05c-Body-Volume-Intersection.tex [129])
(06A05d-Manuevurability-Uncertainty-Intersection.tex [130]
<./Pics/TE014ElipticConeIOnePoint.png, id=3549, 763.35187pt x 560.0925pt>
File: ./Pics/TE014ElipticConeIOnePoint.png Graphic file (type png)
<use ./Pics/TE014ElipticConeIOnePoint.png>
Package pdftex.def Info: ./Pics/TE014ElipticConeIOnePoint.png  used on input li
ne 34.
(pdftex.def)             Requested size: 318.66946pt x 233.81856pt.
<./Pics/TE015ProbabilisticDistributionOfEllipsoidCutSideForTE016.png, id=3554, 
1623.666pt x 760.0395pt>
File: ./Pics/TE015ProbabilisticDistributionOfEllipsoidCutSideForTE016.png Graph
ic file (type png)
<use ./Pics/TE015ProbabilisticDistributionOfEllipsoidCutSideForTE016.png>
Package pdftex.def Info: ./Pics/TE015ProbabilisticDistributionOfEllipsoidCutSid
eForTE016.png  used on input line 52.
(pdftex.def)             Requested size: 409.71689pt x 191.78378pt.
 [131 <./Pics/TE014ElipticConeIOnePoint.png>] [132 <./Pics/TE015ProbabilisticDi
stributionOfEllipsoidCutSideForTE016.png>]
<./Pics/TE013ElipticConeIntersecitonExample.png, id=3587, 467.346pt x 342.68025
pt>
File: ./Pics/TE013ElipticConeIntersecitonExample.png Graphic file (type png)
<use ./Pics/TE013ElipticConeIntersecitonExample.png>
Package pdftex.def Info: ./Pics/TE013ElipticConeIntersecitonExample.png  used o
n input line 99.
(pdftex.def)             Requested size: 318.66946pt x 233.66263pt.
 [133 <./Pics/TE013ElipticConeIntersecitonExample.png>]
<./Pics/TE016EllipsoidCutTimeOfArrival.png, id=3610, 2701.09125pt x 1264.725pt>

File: ./Pics/TE016EllipsoidCutTimeOfArrival.png Graphic file (type png)
<use ./Pics/TE016EllipsoidCutTimeOfArrival.png>
Package pdftex.def Info: ./Pics/TE016EllipsoidCutTimeOfArrival.png  used on inp
ut line 158.
(pdftex.def)             Requested size: 318.66946pt x 149.1938pt.

[134]
Overfull \hbox (4.16646pt too wide) in paragraph at lines 193--194
 []\OT1/cmr/bx/n/12 Combined in-ter-sec-tion model:[] \OT1/cmr/m/n/12 The \OT1/
cmr/m/it/12 com-bined in-ter-sec-tion model $\OML/cmm/m/it/12 P[]\OT1/cmr/m/n/1
2 (\OML/cmm/m/it/12 i[]; c[]; l; b; s; \OT1/cmr/m/n/12 )$
 []

[135 <./Pics/TE016EllipsoidCutTimeOfArrival.png>]
Overfull \hbox (3.63026pt too wide) in paragraph at lines 211--212
[]\OT1/cmr/m/n/12 The \OT1/cmr/m/it/12 space in-ter-sec-tion rate for body vol-
ume $\OML/cmm/m/it/12 P[]\OT1/cmr/m/n/12 (\OML/cmm/m/it/12 i[]; c[]\OT1/cmr/m/n
/12 )$ is de-fined as $\OML/cmm/m/it/12 P[]\OT1/cmr/m/n/12 (\OML/cmm/m/it/12 i[
]\OT1/cmr/m/n/12 (\OML/cmm/m/it/12 x; v; r\OT1/cmr/m/n/12 )\OML/cmm/m/it/12 ; c
[]\OT1/cmr/m/n/12 )$
 []

[136]) (06A05e-Moving-Contraints.tex [137]) (06A07-Avodiance-Concept.tex
[138]) (06A07d-Data-Fusion.tex [139] [140] [141] [142]
Underfull \hbox (badness 1365) in paragraph at lines 159--160
\OT1/cmr/m/n/12 The \OT1/cmr/m/it/12 Free \OT1/cmr/m/n/12 space is the space wh
ich is \OT1/cmr/m/it/12 Vis-i-ble \OT1/cmr/m/n/12 and $\OMS/cmsy/m/n/12 :\OML/c
mm/m/it/12 Obstacle$\OT1/cmr/m/n/12 , $\OMS/cmsy/m/n/12 :\OML/cmm/m/it/12 Intru
der$\OT1/cmr/m/n/12 , and,
 []

) (06A07a-Avoidance-Grid-Run.tex [143]
<./Pics/CA001ObstacleDetection.png, id=3785, 1069.596pt x 780.516pt>
File: ./Pics/CA001ObstacleDetection.png Graphic file (type png)
<use ./Pics/CA001ObstacleDetection.png>
Package pdftex.def Info: ./Pics/CA001ObstacleDetection.png  used on input line 
12.
(pdftex.def)             Requested size: 196.66235pt x 143.51187pt.
<./Pics/CA002UncertainityAssesment.png, id=3786, 1069.596pt x 780.516pt>
File: ./Pics/CA002UncertainityAssesment.png Graphic file (type png)
<use ./Pics/CA002UncertainityAssesment.png>
Package pdftex.def Info: ./Pics/CA002UncertainityAssesment.png  used on input l
ine 17.
(pdftex.def)             Requested size: 196.66235pt x 143.51187pt.
<./Pics/CA003SurveyOfVacantSpace.png, id=3787, 1069.596pt x 780.516pt>
File: ./Pics/CA003SurveyOfVacantSpace.png Graphic file (type png)
<use ./Pics/CA003SurveyOfVacantSpace.png>
Package pdftex.def Info: ./Pics/CA003SurveyOfVacantSpace.png  used on input lin
e 23.
(pdftex.def)             Requested size: 196.66235pt x 143.51187pt.
<./Pics/CA004ReachableSpaceAssesment.png, id=3788, 1336.995pt x 975.645pt>
File: ./Pics/CA004ReachableSpaceAssesment.png Graphic file (type png)
<use ./Pics/CA004ReachableSpaceAssesment.png>
Package pdftex.def Info: ./Pics/CA004ReachableSpaceAssesment.png  used on input
 line 28.
(pdftex.def)             Requested size: 196.66235pt x 143.497pt.
 [144 <./Pics/CA001ObstacleDetection.png> <./Pics/CA002UncertainityAssesment.pn
g> <./Pics/CA003SurveyOfVacantSpace.png> <./Pics/CA004ReachableSpaceAssesment.p
ng>] [145] [146]
<./Pics/TE038AvoidanceRunExample.png, id=3856, 217.7736pt x 198.9834pt>
File: ./Pics/TE038AvoidanceRunExample.png Graphic file (type png)
<use ./Pics/TE038AvoidanceRunExample.png>
Package pdftex.def Info: ./Pics/TE038AvoidanceRunExample.png  used on input lin
e 142.
(pdftex.def)             Requested size: 341.43306pt x 312.00383pt.
 [147 <./Pics/TE038AvoidanceRunExample.png>]
<./Pics/TE040Visibility.png, id=3864, 500.1084pt x 410.4936pt>
File: ./Pics/TE040Visibility.png Graphic file (type png)
<use ./Pics/TE040Visibility.png>
Package pdftex.def Info: ./Pics/TE040Visibility.png  used on input line 162.
(pdftex.def)             Requested size: 432.48048pt x 354.99066pt.
 [148 <./Pics/TE040Visibility.png>]
<./Pics/TE041Reachibility.png, id=3873, 491.436pt x 402.303pt>
File: ./Pics/TE041Reachibility.png Graphic file (type png)
<use ./Pics/TE041Reachibility.png>
Package pdftex.def Info: ./Pics/TE041Reachibility.png  used on input line 186.
(pdftex.def)             Requested size: 432.48048pt x 354.05841pt.
)
(06A07b-Mission-Control-Run.tex [149 <./Pics/TE041Reachibility.png>]
<./Pics/CA005PathCalculation.png, id=3892, 1063.5735pt x 809.424pt>
File: ./Pics/CA005PathCalculation.png Graphic file (type png)
<use ./Pics/CA005PathCalculation.png>
Package pdftex.def Info: ./Pics/CA005PathCalculation.png  used on input line 27
.
(pdftex.def)             Requested size: 196.66235pt x 149.66699pt.
<./Pics/CA006FieldOfViewZones.png, id=3893, 1069.596pt x 809.424pt>
File: ./Pics/CA006FieldOfViewZones.png Graphic file (type png)
<use ./Pics/CA006FieldOfViewZones.png>
Package pdftex.def Info: ./Pics/CA006FieldOfViewZones.png  used on input line 3
3.
(pdftex.def)             Requested size: 196.66235pt x 148.82713pt.
 [150 <./Pics/CA005PathCalculation.png> <./Pics/CA006FieldOfViewZones.png>]
<./Pics/TE042MissionExample.png, id=3912, 1186.4325pt x 775.39688pt>
File: ./Pics/TE042MissionExample.png Graphic file (type png)
<use ./Pics/TE042MissionExample.png>
Package pdftex.def Info: ./Pics/TE042MissionExample.png  used on input line 60.

(pdftex.def)             Requested size: 196.66235pt x 128.52654pt.
<./Pics/TE043AllDecisionDecisionPoint.png, id=3913, 1186.4325pt x 775.39688pt>
File: ./Pics/TE043AllDecisionDecisionPoint.png Graphic file (type png)
<use ./Pics/TE043AllDecisionDecisionPoint.png>
Package pdftex.def Info: ./Pics/TE043AllDecisionDecisionPoint.png  used on inpu
t line 66.
(pdftex.def)             Requested size: 196.66235pt x 128.52654pt.
<./Pics/TE044WaypointReach.png, id=3914, 379.6584pt x 248.127pt>
File: ./Pics/TE044WaypointReach.png Graphic file (type png)
<use ./Pics/TE044WaypointReach.png>
Package pdftex.def Info: ./Pics/TE044WaypointReach.png  used on input line 74.
(pdftex.def)             Requested size: 196.66235pt x 128.527pt.
<./Pics/TE045NewWaypointSetup.png, id=3915, 1186.4325pt x 775.39688pt>
File: ./Pics/TE045NewWaypointSetup.png Graphic file (type png)
<use ./Pics/TE045NewWaypointSetup.png>
Package pdftex.def Info: ./Pics/TE045NewWaypointSetup.png  used on input line 8
0.
(pdftex.def)             Requested size: 196.66235pt x 128.52654pt.
 [151 <./Pics/TE042MissionExample.png> <./Pics/TE043AllDecisionDecisionPoint.pn
g> <./Pics/TE044WaypointReach.png> <./Pics/TE045NewWaypointSetup.png>]
<./Pics/TE026AvoidanceAlgorithmMainLoopRun.png, id=3934, 2127.95pt x 1644.1425p
t>
File: ./Pics/TE026AvoidanceAlgorithmMainLoopRun.png Graphic file (type png)
<use ./Pics/TE026AvoidanceAlgorithmMainLoopRun.png>
Package pdftex.def Info: ./Pics/TE026AvoidanceAlgorithmMainLoopRun.png  used on
 input line 106.
(pdftex.def)             Requested size: 455.24408pt x 351.72762pt.
 [152 <./Pics/TE026AvoidanceAlgorithmMainLoopRun.png>] [153] [154] [155] [156] 
[157] [158])
(06A07e-Calculation-Complexity.tex [159] [160] [161])
(06A07c-Safety-Margin-Calculation.tex [162]) (06A08a-UAS-Traffic-Management.tex
[163]) (06A08b-Architecture.tex [164]
<./Pics/RE002UTMCommunicationDiagram.png, id=4145, 635.0124pt x 348.8232pt>
File: ./Pics/RE002UTMCommunicationDiagram.png Graphic file (type png)
<use ./Pics/RE002UTMCommunicationDiagram.png>
Package pdftex.def Info: ./Pics/RE002UTMCommunicationDiagram.png  used on input
 line 30.
(pdftex.def)             Requested size: 318.66946pt x 175.04988pt.
) (06A08f-Cooperative-Resolution.tex
[165 <./Pics/RE002UTMCommunicationDiagram.png>]
<./Pics/RE003CooperativeResolution.png, id=4170, 620.5584pt x 423.984pt>
File: ./Pics/RE003CooperativeResolution.png Graphic file (type png)
<use ./Pics/RE003CooperativeResolution.png>
Package pdftex.def Info: ./Pics/RE003CooperativeResolution.png  used on input l
ine 14.
(pdftex.def)             Requested size: 318.66946pt x 217.72987pt.
 [166 <./Pics/RE003CooperativeResolution.png>]) (06A08g-Non-Cooperative-Resolut
ion.tex [167]
<./Pics/RE004NonCooperativeResolution.png, id=4209, 659.1024pt x 422.0568pt>
File: ./Pics/RE004NonCooperativeResolution.png Graphic file (type png)
<use ./Pics/RE004NonCooperativeResolution.png>
Package pdftex.def Info: ./Pics/RE004NonCooperativeResolution.png  used on inpu
t line 46.
(pdftex.def)             Requested size: 318.66946pt x 204.05972pt.
)
(06A08h-Collision-Case-Resolution.tex [168 <./Pics/RE004NonCooperativeResolutio
n.png>]
<./Pics/RE008HeadOnApproach01.png, id=4229, 644.6484pt x 328.5876pt>
File: ./Pics/RE008HeadOnApproach01.png Graphic file (type png)
<use ./Pics/RE008HeadOnApproach01.png>
Package pdftex.def Info: ./Pics/RE008HeadOnApproach01.png  used on input line 2
3.
(pdftex.def)             Requested size: 184.36607pt x 93.97433pt.
<./Pics/RE009HeadOnApproach02.png, id=4230, 686.0832pt x 410.4936pt>
File: ./Pics/RE009HeadOnApproach02.png Graphic file (type png)
<use ./Pics/RE009HeadOnApproach02.png>
Package pdftex.def Info: ./Pics/RE009HeadOnApproach02.png  used on input line 2
9.
(pdftex.def)             Requested size: 158.76941pt x 94.99405pt.
 [169 <./Pics/RE008HeadOnApproach01.png> <./Pics/RE009HeadOnApproach02.png>]
<./Pics/RE005ConvergingManeuver01.png, id=4258, 487.5816pt x 418.2024pt>
File: ./Pics/RE005ConvergingManeuver01.png Graphic file (type png)
<use ./Pics/RE005ConvergingManeuver01.png>
Package pdftex.def Info: ./Pics/RE005ConvergingManeuver01.png  used on input li
ne 95.
(pdftex.def)             Requested size: 122.4159pt x 104.99702pt.
<./Pics/RE006ConvergingManuever02.png, id=4259, 493.3632pt x 418.2024pt>
File: ./Pics/RE006ConvergingManuever02.png Graphic file (type png)
<use ./Pics/RE006ConvergingManuever02.png>
Package pdftex.def Info: ./Pics/RE006ConvergingManuever02.png  used on input li
ne 101.
(pdftex.def)             Requested size: 123.86746pt x 104.99702pt.
<./Pics/RE007ConvergingManuever03.png, id=4260, 429.7656pt x 359.4228pt>
File: ./Pics/RE007ConvergingManuever03.png Graphic file (type png)
<use ./Pics/RE007ConvergingManuever03.png>
Package pdftex.def Info: ./Pics/RE007ConvergingManuever03.png  used on input li
ne 107.
(pdftex.def)             Requested size: 125.5469pt x 104.99774pt.
 [170 <./Pics/RE005ConvergingManeuver01.png> <./Pics/RE006ConvergingManuever02.
png> <./Pics/RE007ConvergingManuever03.png>]
<./Pics/RE010OvertakeMAnuever01.png, id=4284, 384.4764pt x 446.1468pt>
File: ./Pics/RE010OvertakeMAnuever01.png Graphic file (type png)
<use ./Pics/RE010OvertakeMAnuever01.png>
Package pdftex.def Info: ./Pics/RE010OvertakeMAnuever01.png  used on input line
 159.
(pdftex.def)             Requested size: 122.37202pt x 142.00063pt.
<./Pics/RE011OvertakeMAnuever02.png, id=4285, 291.9708pt x 444.2196pt>
File: ./Pics/RE011OvertakeMAnuever02.png Graphic file (type png)
<use ./Pics/RE011OvertakeMAnuever02.png>
Package pdftex.def Info: ./Pics/RE011OvertakeMAnuever02.png  used on input line
 164.
(pdftex.def)             Requested size: 93.33455pt x 142.00406pt.
<./Pics/RE012OvertakeMAnuever03.png, id=4286, 405.6756pt x 437.4744pt>
File: ./Pics/RE012OvertakeMAnuever03.png Graphic file (type png)
<use ./Pics/RE012OvertakeMAnuever03.png>
Package pdftex.def Info: ./Pics/RE012OvertakeMAnuever03.png  used on input line
 169.
(pdftex.def)             Requested size: 131.11256pt x 141.3898pt.
 [171])
(06A08c-Position-Notification.tex [172 <./Pics/RE010OvertakeMAnuever01.png> <./
Pics/RE011OvertakeMAnuever02.png> <./Pics/RE012OvertakeMAnuever03.png>]
[173] [174]
Underfull \hbox (badness 4779) in paragraph at lines 93--93
[]|\OT1/cmr/m/n/12 secondary cat-e-go-riza-tion spec-i-fy-ing size class, hor-i
-zon-
 []

) (06A08d-Collision-Case.tex [175]
Underfull \hbox (badness 2261) in paragraph at lines 18--19
 []\OT1/cmr/bx/n/12 Resolution/Mandate En-force-ment:[] \OT1/cmr/m/it/12 En-for
ce-ment pro-ce-dure \OT1/cmr/m/n/12 is con-sist-ing from
 []

[176] [177] [178] [179] [180]) (06A08e-Weather-Case.tex [181] [182])
(06A09-Rule-Engine.tex [183]) (06A09a-Rule-Engine-Architecture.tex
<./Pics/RE013RuleEngineBasicArchitecture.png, id=4548, 646.5756pt x 435.5472pt>

File: ./Pics/RE013RuleEngineBasicArchitecture.png Graphic file (type png)
<use ./Pics/RE013RuleEngineBasicArchitecture.png>
Package pdftex.def Info: ./Pics/RE013RuleEngineBasicArchitecture.png  used on i
nput line 27.
(pdftex.def)             Requested size: 318.66946pt x 214.66277pt.
 [184])
(06A09b-Rule-Implementation.tex [185 <./Pics/RE013RuleEngineBasicArchitecture.p
ng>]
<./Pics/RE014RuleEngineInstanceLevels.png, id=4583, 2125.9425pt x 1355.0625pt>
File: ./Pics/RE014RuleEngineInstanceLevels.png Graphic file (type png)
<use ./Pics/RE014RuleEngineInstanceLevels.png>
Package pdftex.def Info: ./Pics/RE014RuleEngineInstanceLevels.png  used on inpu
t line 8.
(pdftex.def)             Requested size: 318.66946pt x 203.10587pt.
 [186 <./Pics/RE014RuleEngineInstanceLevels.png>])
(06A09c-Rule-Definition.tex [187] [188]
Underfull \hbox (badness 10000) in paragraph at lines 98--98

 []


Underfull \vbox (badness 10000) detected at line 98
 []

[189]
Underfull \hbox (badness 10000) in paragraph at lines 145--145

 []


Underfull \hbox (badness 1122) in paragraph at lines 145--145
\OT1/cmr/m/n/12 jec-tory re-stric-tion, Col-li-
 []


Underfull \hbox (badness 10000) in paragraph at lines 145--145
[]\OT1/cmr/m/n/12 Active merged col-li-sion
 []


Underfull \vbox (badness 10000) detected at line 145
 []

[190]
Underfull \hbox (badness 10000) in paragraph at lines 209--209

 []


Underfull \vbox (badness 10000) detected at line 209
 []

[191]
Underfull \hbox (badness 10000) in paragraph at lines 273--273

 []


Underfull \hbox (badness 1226) in paragraph at lines 273--273
\OT1/cmr/m/it/12 Objective: \OT1/cmr/m/n/12 En-sure that \OT1/cmr/m/it/12 UAS b
ody \OT1/cmr/m/n/12 does not en-ter into \OT1/cmr/m/it/12 in-truder`s well clea
r
 []


Underfull \vbox (badness 10000) detected at line 273
 []

[192]
Underfull \hbox (badness 10000) in paragraph at lines 312--312

 []


Underfull \hbox (badness 1226) in paragraph at lines 312--312
\OT1/cmr/m/it/12 Objective: \OT1/cmr/m/n/12 En-sure that \OT1/cmr/m/it/12 UAS b
ody \OT1/cmr/m/n/12 does not en-ter into \OT1/cmr/m/it/12 in-truder`s well clea
r
 []


Underfull \vbox (badness 10000) detected at line 312
 []

[193] [194]
Underfull \hbox (badness 10000) in paragraph at lines 429--429

 []


Underfull \hbox (badness 10000) in paragraph at lines 429--429

 []


Underfull \hbox (badness 1112) in paragraph at lines 429--429
\OT1/cmr/m/it/12 Convergence Way-point \OT1/cmr/m/n/12 ([]6.190[]): way-point w
hen con-ver-gence to orig-i-nal UAS
 []


Underfull \hbox (badness 10000) in paragraph at lines 429--429

 []


Underfull \vbox (badness 10000) detected at line 429
 []


Overfull \hbox (36.99721pt too wide) in paragraph at lines 440--442
\OT1/cmr/m/n/12 The prop-er-ties of these three points guar-an-tees that $\OML/
cmm/m/it/12 scale:usasPosition \OMS/cmsy/m/n/12 6\OT1/cmr/m/n/12 = \OML/cmm/m/i
t/12 scale:collisionPoint \OMS/cmsy/m/n/12 6\OT1/cmr/m/n/12 =
 []

[195]
<./Pics/RE016RightPlaneHeadin01.png, id=4783, 825.0825pt x 516.42938pt>
File: ./Pics/RE016RightPlaneHeadin01.png Graphic file (type png)
<use ./Pics/RE016RightPlaneHeadin01.png>
Package pdftex.def Info: ./Pics/RE016RightPlaneHeadin01.png  used on input line
 467.
(pdftex.def)             Requested size: 131.10944pt x 82.06302pt.
<./Pics/RE17RightPlaneHeading02.png, id=4784, 837.1275pt x 515.67656pt>
File: ./Pics/RE17RightPlaneHeading02.png Graphic file (type png)
<use ./Pics/RE17RightPlaneHeading02.png>
Package pdftex.def Info: ./Pics/RE17RightPlaneHeading02.png  used on input line
 473.
(pdftex.def)             Requested size: 131.1074pt x 80.7631pt.
<./Pics/RE018RightPlaneHeading03.png, id=4785, 889.82437pt x 514.92375pt>
File: ./Pics/RE018RightPlaneHeading03.png Graphic file (type png)
<use ./Pics/RE018RightPlaneHeading03.png>
Package pdftex.def Info: ./Pics/RE018RightPlaneHeading03.png  used on input lin
e 479.
(pdftex.def)             Requested size: 131.1054pt x 75.86809pt.
<./Pics/RE019RightPlaneHeading04.png, id=4786, 919.93687pt x 511.9125pt>
File: ./Pics/RE019RightPlaneHeading04.png Graphic file (type png)
<use ./Pics/RE019RightPlaneHeading04.png>
Package pdftex.def Info: ./Pics/RE019RightPlaneHeading04.png  used on input lin
e 486.
(pdftex.def)             Requested size: 131.1064pt x 72.9561pt.
<./Pics/RE020RightPlaneHeading05.png, id=4787, 907.89188pt x 516.42938pt>
File: ./Pics/RE020RightPlaneHeading05.png Graphic file (type png)
<use ./Pics/RE020RightPlaneHeading05.png>
Package pdftex.def Info: ./Pics/RE020RightPlaneHeading05.png  used on input lin
e 492.
(pdftex.def)             Requested size: 131.10759pt x 74.57695pt.
<./Pics/RE021RightPlaneHeading07.png, id=4788, 870.25125pt x 516.42938pt>
File: ./Pics/RE021RightPlaneHeading07.png Graphic file (type png)
<use ./Pics/RE021RightPlaneHeading07.png>
Package pdftex.def Info: ./Pics/RE021RightPlaneHeading07.png  used on input lin
e 498.
(pdftex.def)             Requested size: 131.10304pt x 77.7999pt.

Underfull \hbox (badness 10000) in paragraph at lines 540--540

 []


Underfull \hbox (badness 10000) in paragraph at lines 540--540
[]\OT1/cmr/m/n/12 Disable tra-jec-to-ries in
 []


Underfull \vbox (badness 10000) detected at line 540
 []


Overfull \vbox (8.1035pt too high) has occurred while \output is active []


[196 <./Pics/RE016RightPlaneHeadin01.png> <./Pics/RE17RightPlaneHeading02.png> 
<./Pics/RE018RightPlaneHeading03.png> <./Pics/RE019RightPlaneHeading04.png> <./
Pics/RE020RightPlaneHeading05.png> <./Pics/RE021RightPlaneHeading07.png>]
<./Pics/RE023EnforceSafetyMargin01.png, id=4808, 702.2235pt x 431.211pt>
File: ./Pics/RE023EnforceSafetyMargin01.png Graphic file (type png)
<use ./Pics/RE023EnforceSafetyMargin01.png>
Package pdftex.def Info: ./Pics/RE023EnforceSafetyMargin01.png  used on input l
ine 568.
(pdftex.def)             Requested size: 131.11238pt x 80.5097pt.
<./Pics/RE024EnforceSafetyMargin02.png, id=4809, 702.2235pt x 431.211pt>
File: ./Pics/RE024EnforceSafetyMargin02.png Graphic file (type png)
<use ./Pics/RE024EnforceSafetyMargin02.png>
Package pdftex.def Info: ./Pics/RE024EnforceSafetyMargin02.png  used on input l
ine 575.
(pdftex.def)             Requested size: 131.11238pt x 80.5097pt.
<./Pics/RE025EnforceSafetyMargin03.png, id=4810, 702.2235pt x 431.211pt>
File: ./Pics/RE025EnforceSafetyMargin03.png Graphic file (type png)
<use ./Pics/RE025EnforceSafetyMargin03.png>
Package pdftex.def Info: ./Pics/RE025EnforceSafetyMargin03.png  used on input l
ine 582.
(pdftex.def)             Requested size: 131.11238pt x 80.5097pt.
<./Pics/RE026EnforceSafetyMargin04.png, id=4811, 702.2235pt x 431.211pt>
File: ./Pics/RE026EnforceSafetyMargin04.png Graphic file (type png)
<use ./Pics/RE026EnforceSafetyMargin04.png>
Package pdftex.def Info: ./Pics/RE026EnforceSafetyMargin04.png  used on input l
ine 590.
(pdftex.def)             Requested size: 131.11238pt x 80.5097pt.
<./Pics/RE027EnforceSafetyMargin05.png, id=4812, 702.2235pt x 431.211pt>
File: ./Pics/RE027EnforceSafetyMargin05.png Graphic file (type png)
<use ./Pics/RE027EnforceSafetyMargin05.png>
Package pdftex.def Info: ./Pics/RE027EnforceSafetyMargin05.png  used on input l
ine 597.
(pdftex.def)             Requested size: 131.11238pt x 80.5097pt.
<./Pics/RE028EnforceSafetyMargin06.png, id=4813, 702.2235pt x 431.211pt>
File: ./Pics/RE028EnforceSafetyMargin06.png Graphic file (type png)
<use ./Pics/RE028EnforceSafetyMargin06.png>
Package pdftex.def Info: ./Pics/RE028EnforceSafetyMargin06.png  used on input l
ine 604.
(pdftex.def)             Requested size: 131.11238pt x 80.5097pt.

[197 <./Pics/RE023EnforceSafetyMargin01.png> <./Pics/RE024EnforceSafetyMargin02
.png> <./Pics/RE025EnforceSafetyMargin03.png> <./Pics/RE026EnforceSafetyMargin0
4.png> <./Pics/RE027EnforceSafetyMargin05.png> <./Pics/RE028EnforceSafetyMargin
06.png>]
Underfull \hbox (badness 10000) in paragraph at lines 650--650

 []


Underfull \hbox (badness 10000) in paragraph at lines 650--650
[]\OT1/cmr/m/n/12 Disable tra-jec-to-ries in
 []


Underfull \vbox (badness 10000) detected at line 650
 []

) (07S01-Simulations.tex [198]
Chapter 7.
) (07S02-Test-Plan.tex [199

] [200] [201])
(07S02a-Test-Performance-Evaluation.tex [202] [203] [204])
(07S03-Testing-Configuration.tex
Overfull \hbox (23.41116pt too wide) in paragraph at lines 42--127
[][] 
 []

[205]) (07S04-NonCooperativeTestCases.tex [206]) (07S05-Building-Scenario.tex
[207] [208]
<./Pics/NS001ConstraintsBuildingObstacle00061.png, id=5043, 940.7145pt x 622.72
65pt>
File: ./Pics/NS001ConstraintsBuildingObstacle00061.png Graphic file (type png)
<use ./Pics/NS001ConstraintsBuildingObstacle00061.png>
Package pdftex.def Info: ./Pics/NS001ConstraintsBuildingObstacle00061.png  used
 on input line 70.
(pdftex.def)             Requested size: 196.66235pt x 130.1778pt.
<./Pics/NS002ConstraintsBuildingObstacles00161.png, id=5044, 376.2858pt x 249.0
906pt>
File: ./Pics/NS002ConstraintsBuildingObstacles00161.png Graphic file (type png)

<use ./Pics/NS002ConstraintsBuildingObstacles00161.png>
Package pdftex.def Info: ./Pics/NS002ConstraintsBuildingObstacles00161.png  use
d on input line 76.
(pdftex.def)             Requested size: 196.66235pt x 130.1854pt.
<./Pics/NS003ConstraintsBuildingObstacles00311.png, id=5045, 376.2858pt x 249.0
906pt>
File: ./Pics/NS003ConstraintsBuildingObstacles00311.png Graphic file (type png)

<use ./Pics/NS003ConstraintsBuildingObstacles00311.png>
Package pdftex.def Info: ./Pics/NS003ConstraintsBuildingObstacles00311.png  use
d on input line 83.
(pdftex.def)             Requested size: 196.66235pt x 130.1854pt.
<.