This is XeTeX, Version 3.14159265-2.6-0.99999 (MiKTeX 2.9.6745 64-bit) (preloaded format=xelatex 2018.12.6)  6 DEC 2018 18:26
entering extended mode
**./cdface.tex
(cdface.tex
LaTeX2e <2018-04-01> patch level 5
("C:\Users\H172461\MiKTeX 2.9\tex\latex\base\article.cls"
Document Class: article 2014/09/29 v1.4h Standard LaTeX document class
("C:\Users\H172461\MiKTeX 2.9\tex\latex\base\size12.clo"
File: size12.clo 2014/09/29 v1.4h Standard LaTeX file (size option)
)
\c@part=\count80
\c@section=\count81
\c@subsection=\count82
\c@subsubsection=\count83
\c@paragraph=\count84
\c@subparagraph=\count85
\c@figure=\count86
\c@table=\count87
\abovecaptionskip=\skip41
\belowcaptionskip=\skip42
\bibindent=\dimen102
)
("C:\Users\H172461\MiKTeX 2.9\tex\latex\geometry\geometry.sty"
Package: geometry 2018/04/16 v5.8 Page Geometry

("C:\Users\H172461\MiKTeX 2.9\tex\latex\graphics\keyval.sty"
Package: keyval 2014/10/28 v1.15 key=value parser (DPC)
\KV@toks@=\toks14
)
("C:\Users\H172461\MiKTeX 2.9\tex\generic\oberdiek\ifpdf.sty"
Package: ifpdf 2017/03/15 v3.2 Provides the ifpdf switch
)
("C:\Users\H172461\MiKTeX 2.9\tex\generic\oberdiek\ifvtex.sty"
Package: ifvtex 2016/05/16 v1.6 Detect VTeX and its facilities (HO)
Package ifvtex Info: VTeX not detected.
)
("C:\Users\H172461\MiKTeX 2.9\tex\generic\ifxetex\ifxetex.sty"
Package: ifxetex 2010/09/12 v0.6 Provides ifxetex conditional
)
\Gm@cnth=\count88
\Gm@cntv=\count89
\c@Gm@tempcnt=\count90
\Gm@bindingoffset=\dimen103
\Gm@wd@mp=\dimen104
\Gm@odd@mp=\dimen105
\Gm@even@mp=\dimen106
\Gm@layoutwidth=\dimen107
\Gm@layoutheight=\dimen108
\Gm@layouthoffset=\dimen109
\Gm@layoutvoffset=\dimen110
\Gm@dimlist=\toks15

("C:\Users\H172461\MiKTeX 2.9\tex\xelatex\xetexconfig\geometry.cfg"))
("C:\Users\H172461\MiKTeX 2.9\tex\latex\pstricks\pstricks.sty"
Package: pstricks 2018/01/06 v0.67 LaTeX wrapper for `PSTricks' (RN,HV)

("C:\Users\H172461\MiKTeX 2.9\tex\latex\iftex\iftex.sty"
Package: iftex 2013/04/04 v0.2 Provides if(tex) conditional for PDFTeX, XeTeX, 
and LuaTeX
)
("C:\Users\H172461\MiKTeX 2.9\tex\latex\tools\shellesc.sty"
Package: shellesc 2016/06/07 v0.02a unified shell escape interface for LaTeX
Package shellesc Info: Restricted shell escape enabled on input line 69.
)
("C:\Users\H172461\MiKTeX 2.9\tex\latex\xcolor\xcolor.sty"
Package: xcolor 2016/05/11 v2.12 LaTeX color extensions (UK)

("C:\Users\H172461\MiKTeX 2.9\tex\latex\graphics-cfg\color.cfg"
File: color.cfg 2016/01/02 v1.6 sample color configuration
)
Package xcolor Info: Driver file: xetex.def on input line 225.

("C:\Users\H172461\MiKTeX 2.9\tex\latex\graphics-def\xetex.def"
File: xetex.def 2017/06/24 v5.0h Graphics/color driver for xetex
)
Package xcolor Info: Model `cmy' substituted by `cmy0' on input line 1348.
Package xcolor Info: Model `RGB' extended on input line 1364.
Package xcolor Info: Model `HTML' substituted by `rgb' on input line 1366.
Package xcolor Info: Model `Hsb' substituted by `hsb' on input line 1367.
Package xcolor Info: Model `tHsb' substituted by `hsb' on input line 1368.
Package xcolor Info: Model `HSB' substituted by `hsb' on input line 1369.
Package xcolor Info: Model `Gray' substituted by `gray' on input line 1370.
Package xcolor Info: Model `wave' substituted by `hsb' on input line 1371.

("C:\Users\H172461\MiKTeX 2.9\tex\latex\graphics\dvipsnam.def"
File: dvipsnam.def 2016/06/17 v3.0m Driver-dependent file (DPC,SPQR)
))
("C:\Users\H172461\MiKTeX 2.9\tex\generic\xkeyval\pst-xkey.tex"
File: pst-xkey.tex 2005/11/25 v1.6 PSTricks specialization of xkeyval (HA)

("C:\Users\H172461\MiKTeX 2.9\tex\latex\xkeyval\xkeyval.sty"
Package: xkeyval 2014/12/03 v2.7a package option processing (HA)

("C:\Users\H172461\MiKTeX 2.9\tex\generic\xkeyval\xkeyval.tex"
("C:\Users\H172461\MiKTeX 2.9\tex\generic\xkeyval\xkvutils.tex"
\XKV@toks=\toks16
\XKV@tempa@toks=\toks17
)
\XKV@depth=\count91
File: xkeyval.tex 2014/12/03 v2.7a key=value parser (HA)
)))
("C:\Users\H172461\MiKTeX 2.9\tex\generic\pstricks\pstricks.tex"
("C:\Users\H172461\MiKTeX 2.9\tex\generic\pstricks\pst-fp.tex"
`pst-fp' v0.05, 2010/01/17 (hv)
\pstFP@xs=\count92
\pstFP@xia=\count93
\pstFP@xib=\count94
\pstFP@xfa=\count95
\pstFP@xfb=\count96
\pstFP@rega=\count97
\pstFP@regb=\count98
\pstFP@regs=\count99
\pstFP@times=\count100
)
("C:\Users\H172461\MiKTeX 2.9\tex\generic\pgf\utilities\pgfutil-common.tex"
\pgfutil@everybye=\toks18
\pgfutil@tempdima=\dimen111
\pgfutil@tempdimb=\dimen112

("C:\Users\H172461\MiKTeX 2.9\tex\generic\pgf\utilities\pgfutil-common-lists.te
x")) ("C:\Users\H172461\MiKTeX 2.9\tex\generic\pgf\utilities\pgfkeys.code.tex"
\pgfkeys@pathtoks=\toks19
\pgfkeys@temptoks=\toks20

("C:\Users\H172461\MiKTeX 2.9\tex\generic\pgf\utilities\pgfkeysfiltered.code.te
x"
\pgfkeys@tmptoks=\toks21
)) ("C:\Users\H172461\MiKTeX 2.9\tex\generic\pgf\utilities\pgffor.code.tex"
("C:\Users\H172461\MiKTeX 2.9\tex\generic\pgf\math\pgfmath.code.tex"
("C:\Users\H172461\MiKTeX 2.9\tex\generic\pgf\math\pgfmathcalc.code.tex"
("C:\Users\H172461\MiKTeX 2.9\tex\generic\pgf\math\pgfmathutil.code.tex"
\pgf@x=\dimen113
\pgf@xa=\dimen114
\pgf@xb=\dimen115
\pgf@xc=\dimen116
\pgf@y=\dimen117
\pgf@ya=\dimen118
\pgf@yb=\dimen119
\pgf@yc=\dimen120
\c@pgf@counta=\count101
\c@pgf@countb=\count102
\c@pgf@countc=\count103
\c@pgf@countd=\count104
\pgfutil@tempcnta=\count105
\pgfutil@tempcntb=\count106
)
("C:\Users\H172461\MiKTeX 2.9\tex\generic\pgf\math\pgfmathparser.code.tex"
\pgfmath@dimen=\dimen121
\pgfmath@count=\count107
\pgfmath@box=\box26
\pgfmath@toks=\toks22
\pgfmath@stack@operand=\toks23
\pgfmath@stack@operation=\toks24
)
("C:\Users\H172461\MiKTeX 2.9\tex\generic\pgf\math\pgfmathfunctions.code.tex"
("C:\Users\H172461\MiKTeX 2.9\tex\generic\pgf\math\pgfmathfunctions.basic.code.
tex")
("C:\Users\H172461\MiKTeX 2.9\tex\generic\pgf\math\pgfmathfunctions.trigonometr
ic.code.tex")
("C:\Users\H172461\MiKTeX 2.9\tex\generic\pgf\math\pgfmathfunctions.random.code
.tex")
("C:\Users\H172461\MiKTeX 2.9\tex\generic\pgf\math\pgfmathfunctions.comparison.
code.tex")
("C:\Users\H172461\MiKTeX 2.9\tex\generic\pgf\math\pgfmathfunctions.base.code.t
ex")
("C:\Users\H172461\MiKTeX 2.9\tex\generic\pgf\math\pgfmathfunctions.round.code.
tex")
("C:\Users\H172461\MiKTeX 2.9\tex\generic\pgf\math\pgfmathfunctions.misc.code.t
ex")
("C:\Users\H172461\MiKTeX 2.9\tex\generic\pgf\math\pgfmathfunctions.integerarit
hmetics.code.tex")))
("C:\Users\H172461\MiKTeX 2.9\tex\generic\pgf\math\pgfmathfloat.code.tex"
\c@pgfmathroundto@lastzeros=\count108
))
\pgffor@iter=\dimen122
\pgffor@skip=\dimen123
\pgffor@stack=\toks25
\pgffor@toks=\toks26
)
\psLoopIndex=\count109

`PSTricks' v2.85  <2018/07/22> (tvz,hv)
\pst@dima=\dimen124
\pst@dimb=\dimen125
\pst@dimc=\dimen126
\pst@dimd=\dimen127
\pst@dimg=\dimen128
\pst@dimh=\dimen129
\pst@dimm=\dimen130
\pst@dimn=\dimen131
\pst@dimo=\dimen132
\pst@dimp=\dimen133
\pst@hbox=\box27
\pst@ibox=\box28
\pst@boxg=\box29
\pst@cnta=\count110
\pst@cntb=\count111
\pst@cntc=\count112
\pst@cntd=\count113
\pst@cntg=\count114
\pst@cnth=\count115
\pst@cntm=\count116
\pst@cntn=\count117
\pst@cnto=\count118
\pst@cntp=\count119
\@zero=\count120
\pst@toks=\toks27
("C:\Users\H172461\MiKTeX 2.9\tex\xelatex\xetex-pstricks\pstricks.con"
("C:\Users\H172461\MiKTeX 2.9\tex\generic\pstricks\xdvipdfmx.cfg"))
\psunit=\dimen134
\psxunit=\dimen135
\psyunit=\dimen136
\pst@C@@rType=\count121
\pslinewidth=\dimen137
\psk@startLW=\dimen138
\psk@endLW=\dimen139
\pst@customdefs=\toks28
\pslinearc=\dimen140
\pst@symbolStep=\dimen141
\pst@symbolWidth=\dimen142
\pst@symbolLinewidth=\dimen143
\everypsbox=\toks29
\psframesep=\dimen144
\pslabelsep=\dimen145
\sh@wgridXunit=\dimen146
\sh@wgridYunit=\dimen147
\pst@shift=\dimen148

("C:\Users\H172461\MiKTeX 2.9\tex\xelatex\xetex-pstricks\pstricks.con"
("C:\Users\H172461\MiKTeX 2.9\tex\generic\pstricks\xdvipdfmx.cfg"
Using PSTricks configuration for XeTeX+xdvipdfmx
)))
File: pstricks.tex 2018/07/22 v2.85 `PSTricks' (tvz,hv)
 ("C:\Users\H172461\MiKTeX 2.9\tex\generic\pstricks\pst-fp.tex")
File: pst-fp.tex 2018/07/22 v2.85 `PST-fp' (hv)
)
("C:\Users\H172461\MiKTeX 2.9\tex\latex\graphics\graphicx.sty"
Package: graphicx 2017/06/01 v1.1a Enhanced LaTeX Graphics (DPC,SPQR)

("C:\Users\H172461\MiKTeX 2.9\tex\latex\graphics\graphics.sty"
Package: graphics 2017/06/25 v1.2c Standard LaTeX Graphics (DPC,SPQR)

("C:\Users\H172461\MiKTeX 2.9\tex\latex\graphics\trig.sty"
Package: trig 2016/01/03 v1.10 sin cos tan (DPC)
)
("C:\Users\H172461\MiKTeX 2.9\tex\latex\graphics-cfg\graphics.cfg"
File: graphics.cfg 2016/06/04 v1.11 sample graphics configuration
)
Package graphics Info: Driver file: xetex.def on input line 99.
)
\Gin@req@height=\dimen149
\Gin@req@width=\dimen150
)
("C:\Users\H172461\MiKTeX 2.9\tex\latex\base\fontenc.sty"
Package: fontenc 2017/04/05 v2.0i Standard LaTeX package

("C:\Users\H172461\MiKTeX 2.9\tex\latex\base\t1enc.def"
File: t1enc.def 2017/04/05 v2.0i Standard LaTeX file
LaTeX Font Info:    Redeclaring font encoding T1 on input line 48.
)
LaTeX Font Info:    Try loading font information for T1+lmr on input line 105.

("C:\Users\H172461\MiKTeX 2.9\tex\latex\lm\t1lmr.fd"
File: t1lmr.fd 2009/10/30 v1.6 Font defs for Latin Modern
))
("C:\Users\H172461\MiKTeX 2.9\tex\latex\lm\lmodern.sty"
Package: lmodern 2009/10/30 v1.6 Latin Modern Fonts
LaTeX Font Info:    Overwriting symbol font `operators' in version `normal'
(Font)                  OT1/cmr/m/n --> OT1/lmr/m/n on input line 22.
LaTeX Font Info:    Overwriting symbol font `letters' in version `normal'
(Font)                  OML/cmm/m/it --> OML/lmm/m/it on input line 23.
LaTeX Font Info:    Overwriting symbol font `symbols' in version `normal'
(Font)                  OMS/cmsy/m/n --> OMS/lmsy/m/n on input line 24.
LaTeX Font Info:    Overwriting symbol font `largesymbols' in version `normal'
(Font)                  OMX/cmex/m/n --> OMX/lmex/m/n on input line 25.
LaTeX Font Info:    Overwriting symbol font `operators' in version `bold'
(Font)                  OT1/cmr/bx/n --> OT1/lmr/bx/n on input line 26.
LaTeX Font Info:    Overwriting symbol font `letters' in version `bold'
(Font)                  OML/cmm/b/it --> OML/lmm/b/it on input line 27.
LaTeX Font Info:    Overwriting symbol font `symbols' in version `bold'
(Font)                  OMS/cmsy/b/n --> OMS/lmsy/b/n on input line 28.
LaTeX Font Info:    Overwriting symbol font `largesymbols' in version `bold'
(Font)                  OMX/cmex/m/n --> OMX/lmex/m/n on input line 29.
LaTeX Font Info:    Overwriting math alphabet `\mathbf' in version `normal'
(Font)                  OT1/cmr/bx/n --> OT1/lmr/bx/n on input line 31.
LaTeX Font Info:    Overwriting math alphabet `\mathsf' in version `normal'
(Font)                  OT1/cmss/m/n --> OT1/lmss/m/n on input line 32.
LaTeX Font Info:    Overwriting math alphabet `\mathit' in version `normal'
(Font)                  OT1/cmr/m/it --> OT1/lmr/m/it on input line 33.
LaTeX Font Info:    Overwriting math alphabet `\mathtt' in version `normal'
(Font)                  OT1/cmtt/m/n --> OT1/lmtt/m/n on input line 34.
LaTeX Font Info:    Overwriting math alphabet `\mathbf' in version `bold'
(Font)                  OT1/cmr/bx/n --> OT1/lmr/bx/n on input line 35.
LaTeX Font Info:    Overwriting math alphabet `\mathsf' in version `bold'
(Font)                  OT1/cmss/bx/n --> OT1/lmss/bx/n on input line 36.
LaTeX Font Info:    Overwriting math alphabet `\mathit' in version `bold'
(Font)                  OT1/cmr/bx/it --> OT1/lmr/bx/it on input line 37.
LaTeX Font Info:    Overwriting math alphabet `\mathtt' in version `bold'
(Font)                  OT1/cmtt/m/n --> OT1/lmtt/m/n on input line 38.
)
("C:\Users\H172461\MiKTeX 2.9\tex\latex\psnfss\helvet.sty"
Package: helvet 2005/04/12 PSNFSS-v9.2a (WaS) 
)
("C:\Users\H172461\MiKTeX 2.9\tex\latex\simplecd\simplecd.sty"
Package: simplecd 2013/02/28 v1.4 Simple CD, DVD covers and many more

("C:\Users\H172461\MiKTeX 2.9\tex\latex\base\fix-cm.sty"
Package: fix-cm 2015/01/14 v1.1t fixes to LaTeX

("C:\Users\H172461\MiKTeX 2.9\tex\latex\base\ts1enc.def"
File: ts1enc.def 2001/06/05 v3.0e (jk/car/fm) Standard LaTeX file
))
("C:\Users\H172461\MiKTeX 2.9\tex\latex\tools\calc.sty"
Package: calc 2017/05/25 v4.3 Infix arithmetic (KKT,FJ)
\calc@Acount=\count122
\calc@Bcount=\count123
\calc@Adimen=\dimen151
\calc@Bdimen=\dimen152
\calc@Askip=\skip43
\calc@Bskip=\skip44
LaTeX Info: Redefining \setlength on input line 80.
LaTeX Info: Redefining \addtolength on input line 81.
\calc@Ccount=\count124
\calc@Cskip=\skip45
)
("C:\Users\H172461\MiKTeX 2.9\tex\latex\base\ifthen.sty"
Package: ifthen 2014/09/29 v1.1c Standard LaTeX ifthen package (DPC)
)
\sc@jewelalign=\skip46
\sc@keepcasealign=\skip47
\sc@inalign=\skip48
\c@sc@cdjccoverwidthdraw=\count125
\c@sc@cdjccoverheightdraw=\count126
\c@sc@cdjcspinewidthdraw=\count127
\c@sc@cdjcbackheightdraw=\count128
\c@sc@cdjcbackwidthdraw=\count129
\c@sc@cdjcbackinwidthdraw=\count130
\c@sc@cdLXXXjccoverwidthdraw=\count131
\c@sc@cdLXXXjccoverheightdraw=\count132
\c@sc@cdLXjccoverwidthdraw=\count133
\c@sc@cdLXjccoverheightdraw=\count134
\c@sc@dvdkccoverwidthdraw=\count135
\c@sc@dvdkccoverheightdraw=\count136
\c@sc@dvdkcspinewidthdraw=\count137
\c@sc@dvdkcinletwidthdraw=\count138
\c@sc@dvdkcinletheightdraw=\count139
\c@sc@sdvdkcspinewidthdraw=\count140
\c@sc@brcoverheightdraw=\count141
\c@sc@brinletwidthdraw=\count142
\c@sc@brinletheightdraw=\count143
\c@sc@dssleeve=\count144
\c@sc@dssleeveLXXXmm=\count145
\c@sc@dssleeveLXmm=\count146
\c@sc@tempa=\count147
\c@sc@tempb=\count148
\c@sc@tempc=\count149
\c@sc@tempd=\count150
\c@sc@tempe=\count151
\c@sc@tempf=\count152
\c@sc@tempg=\count153
\c@sc@layouttempa=\count154
\c@sc@layouttempb=\count155
\c@sc@layouttempc=\count156
\c@sc@resizertempa=\count157
\c@sc@backsheetspinerot=\count158
\sc@sleevebox=\box30
\sc@sleeveboxLXmm=\box31
\sc@sleeveboxLXXXmm=\box32
)
("C:\Users\H172461\MiKTeX 2.9\tex\latex\stackengine\stackengine.sty"
Package: stackengine 2017/02/13 v4.01\ Stacking text and objects in convenient 
ways

("C:\Users\H172461\MiKTeX 2.9\tex\latex\etoolbox\etoolbox.sty"
Package: etoolbox 2018/08/19 v2.5f e-TeX tools for LaTeX (JAW)
\etb@tempcnta=\count159
)
("C:\Users\H172461\MiKTeX 2.9\tex\latex\listofitems\listofitems.sty"
("C:\Users\H172461\MiKTeX 2.9\tex\generic\listofitems\listofitems.tex"
Invalid UTF-8 byte or sequence at line 50 replaced by U+FFFD.
Invalid UTF-8 byte or sequence at line 50 replaced by U+FFFD.
Invalid UTF-8 byte or sequence at line 90 replaced by U+FFFD.
\loi_cnt_foreach_nest=\count160
Invalid UTF-8 byte or sequence at line 134 replaced by U+FFFD.
Invalid UTF-8 byte or sequence at line 141 replaced by U+FFFD.
Invalid UTF-8 byte or sequence at line 187 replaced by U+FFFD.
Invalid UTF-8 byte or sequence at line 204 replaced by U+FFFD.
Invalid UTF-8 byte or sequence at line 204 replaced by U+FFFD.
Invalid UTF-8 byte or sequence at line 213 replaced by U+FFFD.
Invalid UTF-8 byte or sequence at line 213 replaced by U+FFFD.
Invalid UTF-8 byte or sequence at line 214 replaced by U+FFFD.
Invalid UTF-8 byte or sequence at line 214 replaced by U+FFFD.
Invalid UTF-8 byte or sequence at line 215 replaced by U+FFFD.
Invalid UTF-8 byte or sequence at line 217 replaced by U+FFFD.
Invalid UTF-8 byte or sequence at line 217 replaced by U+FFFD.
Invalid UTF-8 byte or sequence at line 229 replaced by U+FFFD.
Invalid UTF-8 byte or sequence at line 234 replaced by U+FFFD.
Invalid UTF-8 byte or sequence at line 234 replaced by U+FFFD.
Invalid UTF-8 byte or sequence at line 248 replaced by U+FFFD.
Invalid UTF-8 byte or sequence at line 262 replaced by U+FFFD.
Invalid UTF-8 byte or sequence at line 275 replaced by U+FFFD.
Invalid UTF-8 byte or sequence at line 275 replaced by U+FFFD.
Invalid UTF-8 byte or sequence at line 275 replaced by U+FFFD.
Invalid UTF-8 byte or sequence at line 292 replaced by U+FFFD.
Invalid UTF-8 byte or sequence at line 292 replaced by U+FFFD.
Invalid UTF-8 byte or sequence at line 306 replaced by U+FFFD.
Invalid UTF-8 byte or sequence at line 319 replaced by U+FFFD.
Invalid UTF-8 byte or sequence at line 319 replaced by U+FFFD.
Invalid UTF-8 byte or sequence at line 321 replaced by U+FFFD.
Invalid UTF-8 byte or sequence at line 332 replaced by U+FFFD.
Invalid UTF-8 byte or sequence at line 332 replaced by U+FFFD.
Invalid UTF-8 byte or sequence at line 332 replaced by U+FFFD.
Invalid UTF-8 byte or sequence at line 336 replaced by U+FFFD.
\loi_nestcnt=\count161
Invalid UTF-8 byte or sequence at line 349 replaced by U+FFFD.
Invalid UTF-8 byte or sequence at line 349 replaced by U+FFFD.
Invalid UTF-8 byte or sequence at line 349 replaced by U+FFFD.
Invalid UTF-8 byte or sequence at line 349 replaced by U+FFFD.
Invalid UTF-8 byte or sequence at line 355 replaced by U+FFFD.
Invalid UTF-8 byte or sequence at line 356 replaced by U+FFFD.
Invalid UTF-8 byte or sequence at line 377 replaced by U+FFFD.
Invalid UTF-8 byte or sequence at line 377 replaced by U+FFFD.
Invalid UTF-8 byte or sequence at line 378 replaced by U+FFFD.
Invalid UTF-8 byte or sequence at line 378 replaced by U+FFFD.
Invalid UTF-8 byte or sequence at line 378 replaced by U+FFFD.
Invalid UTF-8 byte or sequence at line 378 replaced by U+FFFD.
Invalid UTF-8 byte or sequence at line 378 replaced by U+FFFD.
Invalid UTF-8 byte or sequence at line 378 replaced by U+FFFD.
Invalid UTF-8 byte or sequence at line 388 replaced by U+FFFD.
Invalid UTF-8 byte or sequence at line 389 replaced by U+FFFD.
Invalid UTF-8 byte or sequence at line 389 replaced by U+FFFD.
Invalid UTF-8 byte or sequence at line 389 replaced by U+FFFD.
Invalid UTF-8 byte or sequence at line 389 replaced by U+FFFD.
Invalid UTF-8 byte or sequence at line 390 replaced by U+FFFD.
Invalid UTF-8 byte or sequence at line 390 replaced by U+FFFD.
Invalid UTF-8 byte or sequence at line 390 replaced by U+FFFD.
Invalid UTF-8 byte or sequence at line 390 replaced by U+FFFD.
Invalid UTF-8 byte or sequence at line 390 replaced by U+FFFD.
Invalid UTF-8 byte or sequence at line 390 replaced by U+FFFD.
Invalid UTF-8 byte or sequence at line 393 replaced by U+FFFD.
Invalid UTF-8 byte or sequence at line 401 replaced by U+FFFD.
Invalid UTF-8 byte or sequence at line 401 replaced by U+FFFD.
Invalid UTF-8 byte or sequence at line 405 replaced by U+FFFD.
Invalid UTF-8 byte or sequence at line 407 replaced by U+FFFD.
Invalid UTF-8 byte or sequence at line 418 replaced by U+FFFD.
Invalid UTF-8 byte or sequence at line 418 replaced by U+FFFD.
Invalid UTF-8 byte or sequence at line 419 replaced by U+FFFD.
Invalid UTF-8 byte or sequence at line 420 replaced by U+FFFD.
Invalid UTF-8 byte or sequence at line 420 replaced by U+FFFD.
Invalid UTF-8 byte or sequence at line 420 replaced by U+FFFD.
Invalid UTF-8 byte or sequence at line 423 replaced by U+FFFD.
Invalid UTF-8 byte or sequence at line 423 replaced by U+FFFD.
Invalid UTF-8 byte or sequence at line 423 replaced by U+FFFD.
Invalid UTF-8 byte or sequence at line 425 replaced by U+FFFD.
Invalid UTF-8 byte or sequence at line 425 replaced by U+FFFD.
Invalid UTF-8 byte or sequence at line 427 replaced by U+FFFD.
Invalid UTF-8 byte or sequence at line 428 replaced by U+FFFD.
Invalid UTF-8 byte or sequence at line 432 replaced by U+FFFD.
Invalid UTF-8 byte or sequence at line 432 replaced by U+FFFD.
Invalid UTF-8 byte or sequence at line 435 replaced by U+FFFD.
Invalid UTF-8 byte or sequence at line 435 replaced by U+FFFD.
Invalid UTF-8 byte or sequence at line 447 replaced by U+FFFD.
Invalid UTF-8 byte or sequence at line 450 replaced by U+FFFD.
Invalid UTF-8 byte or sequence at line 467 replaced by U+FFFD.
Invalid UTF-8 byte or sequence at line 483 replaced by U+FFFD.
Invalid UTF-8 byte or sequence at line 483 replaced by U+FFFD.
Invalid UTF-8 byte or sequence at line 484 replaced by U+FFFD.
Invalid UTF-8 byte or sequence at line 484 replaced by U+FFFD.
Invalid UTF-8 byte or sequence at line 494 replaced by U+FFFD.
Invalid UTF-8 byte or sequence at line 516 replaced by U+FFFD.
Invalid UTF-8 byte or sequence at line 516 replaced by U+FFFD.
)
Package: listofitems 2018/11/01 v1.6 Grab items in lists using user-specified s
ep char (CT)
)
\c@@stackindex=\count162
\@boxshift=\skip49
\stack@tmplength=\skip50
\temp@stkl=\skip51
\@stackedboxwidth=\skip52
\@addedbox=\box33
\@anchorbox=\box34
\stackedbox=\box35
\@centerbox=\box36
\c@ROWcellindex@=\count163
)
\shadowHoffset=\skip53
\shadowVoffset=\skip54

(cdface.aux)
\openout1 = `cdface.aux'.

LaTeX Font Info:    Checking defaults for OML/cmm/m/it on input line 61.
LaTeX Font Info:    ... okay on input line 61.
LaTeX Font Info:    Checking defaults for T1/cmr/m/n on input line 61.
LaTeX Font Info:    ... okay on input line 61.
LaTeX Font Info:    Checking defaults for OT1/cmr/m/n on input line 61.
LaTeX Font Info:    ... okay on input line 61.
LaTeX Font Info:    Checking defaults for OMS/cmsy/m/n on input line 61.
LaTeX Font Info:    ... okay on input line 61.
LaTeX Font Info:    Checking defaults for TU/lmr/m/n on input line 61.
LaTeX Font Info:    ... okay on input line 61.
LaTeX Font Info:    Checking defaults for OMX/cmex/m/n on input line 61.
LaTeX Font Info:    ... okay on input line 61.
LaTeX Font Info:    Checking defaults for U/cmr/m/n on input line 61.
LaTeX Font Info:    ... okay on input line 61.
LaTeX Font Info:    Checking defaults for TS1/cmr/m/n on input line 61.
LaTeX Font Info:    ... okay on input line 61.
LaTeX Font Info:    Try loading font information for T1+phv on input line 61.
 ("C:\Users\H172461\MiKTeX 2.9\tex\latex\psnfss\t1phv.fd"
File: t1phv.fd 2001/06/04 scalable font definitions for T1/phv.
)
LaTeX Font Info:    Font shape `T1/phv/m/n' will be
(Font)              scaled to size 11.39996pt on input line 61.

*geometry* detected driver: pdftex
*geometry* verbose mode - [ preamble ] result:
* driver: pdftex
* paper: a4paper
* layout: <same size as paper>
* layoutoffset:(h,v)=(0.0pt,0.0pt)
* modes: 
* h-part:(L,W,R)=(0.0pt, 597.50787pt, 0.0pt)
* v-part:(T,H,B)=(0.0pt, 845.04684pt, 0.0pt)
* \paperwidth=597.50787pt
* \paperheight=845.04684pt
* \textwidth=597.50787pt
* \textheight=845.04684pt
* \oddsidemargin=-72.26999pt
* \evensidemargin=-72.26999pt
* \topmargin=-109.26999pt
* \headheight=12.0pt
* \headsep=25.0pt
* \topskip=12.0pt
* \footskip=30.0pt
* \marginparwidth=35.0pt
* \marginparsep=10.0pt
* \columnsep=10.0pt
* \skip\footins=10.8pt plus 4.0pt minus 2.0pt
* \hoffset=0.0pt
* \voffset=0.0pt
* \mag=1000
* \@twocolumnfalse
* \@twosidefalse
* \@mparswitchfalse
* \@reversemarginfalse
* (1in=72.27pt=25.4mm, 1cm=28.453pt)

File: fcup.pdf Graphic file (type pdf)
<use fcup.pdf>
LaTeX Font Info:    Font shape `T1/phv/m/n' will be
(Font)              scaled to size 45.59985pt on input line 91.
LaTeX Font Info:    Font shape `T1/phv/m/n' will be
(Font)              scaled to size 9.49997pt on input line 91.
LaTeX Font Info:    Font shape `T1/phv/bx/n' in size <10> not available
(Font)              Font shape `T1/phv/b/n' tried instead on input line 91.
LaTeX Font Info:    Font shape `T1/phv/b/n' will be
(Font)              scaled to size 9.49997pt on input line 91.
LaTeX Font Info:    Font shape `T1/phv/m/n' will be
(Font)              scaled to size 8.54997pt on input line 91.
LaTeX Font Info:    Font shape `T1/phv/m/n' will be
(Font)              scaled to size 6.64998pt on input line 91.
LaTeX Font Info:    Font shape `T1/phv/bx/n' in size <12> not available
(Font)              Font shape `T1/phv/b/n' tried instead on input line 91.
LaTeX Font Info:    Font shape `T1/phv/b/n' will be
(Font)              scaled to size 11.39996pt on input line 91.
LaTeX Font Info:    Try loading font information for OT1+lmr on input line 91.
("C:\Users\H172461\MiKTeX 2.9\tex\latex\lm\ot1lmr.fd"
File: ot1lmr.fd 2009/10/30 v1.6 Font defs for Latin Modern
)
LaTeX Font Info:    Try loading font information for OML+lmm on input line 91.

("C:\Users\H172461\MiKTeX 2.9\tex\latex\lm\omllmm.fd"
File: omllmm.fd 2009/10/30 v1.6 Font defs for Latin Modern
)
LaTeX Font Info:    Try loading font information for OMS+lmsy on input line 91.


("C:\Users\H172461\MiKTeX 2.9\tex\latex\lm\omslmsy.fd"
File: omslmsy.fd 2009/10/30 v1.6 Font defs for Latin Modern
)
LaTeX Font Info:    Try loading font information for OMX+lmex on input line 91.


("C:\Users\H172461\MiKTeX 2.9\tex\latex\lm\omxlmex.fd"
File: omxlmex.fd 2009/10/30 v1.6 Font defs for Latin Modern
)
LaTeX Font Info:    External font `lmex10' loaded for size
(Font)              <12> on input line 91.
LaTeX Font Info:    External font `lmex10' loaded for size
(Font)              <8> on input line 91.
LaTeX Font Info:    External font `lmex10' loaded for size
(Font)              <6> on input line 91.
 [1

] (cdface.aux) ) 
Here is how much of TeX's memory you used:
 9966 strings out of 427798
 170162 string characters out of 3151797
 394413 words of memory out of 3000000
 13837 multiletter control sequences out of 15000+200000
 29618 words of font info for 33 fonts, out of 3000000 for 9000
 1328 hyphenation exceptions out of 8191
 36i,10n,61p,916b,378s stack positions out of 5000i,500n,10000p,200000b,50000s

Output written on cdface.pdf (1 page).
