This is XeTeX, Version 3.14159265-2.6-0.99999 (MiKTeX 2.9.6745 64-bit) (preloaded format=xelatex 2018.12.6)  13 DEC 2018 17:13
entering extended mode
**./DissertationThesis.tex
(DissertationThesis.tex
LaTeX2e <2018-04-01> patch level 5
("C:\Users\H172461\MiKTeX 2.9\tex\latex\base\article.cls"
Document Class: article 2014/09/29 v1.4h Standard LaTeX document class
("C:\Users\H172461\MiKTeX 2.9\tex\latex\base\size10.clo"
File: size10.clo 2014/09/29 v1.4h Standard LaTeX file (size option)
)
\c@part=\count80
\c@section=\count81
\c@subsection=\count82
\c@subsubsection=\count83
\c@paragraph=\count84
\c@subparagraph=\count85
\c@figure=\count86
\c@table=\count87
\abovecaptionskip=\skip41
\belowcaptionskip=\skip42
\bibindent=\dimen102
)
("C:\Users\H172461\MiKTeX 2.9\tex\latex\pdfpages\pdfpages.sty"
Package: pdfpages 2017/10/31 v0.5l Insert pages of external PDF documents (AM)

("C:\Users\H172461\MiKTeX 2.9\tex\latex\base\ifthen.sty"
Package: ifthen 2014/09/29 v1.1c Standard LaTeX ifthen package (DPC)
)
("C:\Users\H172461\MiKTeX 2.9\tex\latex\tools\calc.sty"
Package: calc 2017/05/25 v4.3 Infix arithmetic (KKT,FJ)
\calc@Acount=\count88
\calc@Bcount=\count89
\calc@Adimen=\dimen103
\calc@Bdimen=\dimen104
\calc@Askip=\skip43
\calc@Bskip=\skip44
LaTeX Info: Redefining \setlength on input line 80.
LaTeX Info: Redefining \addtolength on input line 81.
\calc@Ccount=\count90
\calc@Cskip=\skip45
)
("C:\Users\H172461\MiKTeX 2.9\tex\latex\eso-pic\eso-pic.sty"
Package: eso-pic 2018/04/12 v2.0h eso-pic (RN)

("C:\Users\H172461\MiKTeX 2.9\tex\generic\oberdiek\atbegshi.sty"
Package: atbegshi 2016/06/09 v1.18 At begin shipout hook (HO)

("C:\Users\H172461\MiKTeX 2.9\tex\generic\oberdiek\infwarerr.sty"
Package: infwarerr 2016/05/16 v1.4 Providing info/warning/error messages (HO)
)
("C:\Users\H172461\MiKTeX 2.9\tex\generic\oberdiek\ltxcmds.sty"
Package: ltxcmds 2016/05/16 v1.23 LaTeX kernel commands for general use (HO)
)
("C:\Users\H172461\MiKTeX 2.9\tex\generic\oberdiek\ifpdf.sty"
Package: ifpdf 2017/03/15 v3.2 Provides the ifpdf switch
))
("C:\Users\H172461\MiKTeX 2.9\tex\latex\graphics\keyval.sty"
Package: keyval 2014/10/28 v1.15 key=value parser (DPC)
\KV@toks@=\toks14
)
("C:\Users\H172461\MiKTeX 2.9\tex\latex\xcolor\xcolor.sty"
Package: xcolor 2016/05/11 v2.12 LaTeX color extensions (UK)

("C:\Users\H172461\MiKTeX 2.9\tex\latex\graphics-cfg\color.cfg"
File: color.cfg 2016/01/02 v1.6 sample color configuration
)
Package xcolor Info: Driver file: xetex.def on input line 225.

("C:\Users\H172461\MiKTeX 2.9\tex\latex\graphics-def\xetex.def"
File: xetex.def 2017/06/24 v5.0h Graphics/color driver for xetex
)
Package xcolor Info: Model `cmy' substituted by `cmy0' on input line 1348.
Package xcolor Info: Model `RGB' extended on input line 1364.
Package xcolor Info: Model `HTML' substituted by `rgb' on input line 1366.
Package xcolor Info: Model `Hsb' substituted by `hsb' on input line 1367.
Package xcolor Info: Model `tHsb' substituted by `hsb' on input line 1368.
Package xcolor Info: Model `HSB' substituted by `hsb' on input line 1369.
Package xcolor Info: Model `Gray' substituted by `gray' on input line 1370.
Package xcolor Info: Model `wave' substituted by `hsb' on input line 1371.
))
("C:\Users\H172461\MiKTeX 2.9\tex\latex\graphics\graphicx.sty"
Package: graphicx 2017/06/01 v1.1a Enhanced LaTeX Graphics (DPC,SPQR)

("C:\Users\H172461\MiKTeX 2.9\tex\latex\graphics\graphics.sty"
Package: graphics 2017/06/25 v1.2c Standard LaTeX Graphics (DPC,SPQR)

("C:\Users\H172461\MiKTeX 2.9\tex\latex\graphics\trig.sty"
Package: trig 2016/01/03 v1.10 sin cos tan (DPC)
)
("C:\Users\H172461\MiKTeX 2.9\tex\latex\graphics-cfg\graphics.cfg"
File: graphics.cfg 2016/06/04 v1.11 sample graphics configuration
)
Package graphics Info: Driver file: xetex.def on input line 99.
)
\Gin@req@height=\dimen105
\Gin@req@width=\dimen106
)
\AM@pagewidth=\dimen107
\AM@pageheight=\dimen108

("C:\Users\H172461\MiKTeX 2.9\tex\latex\pdfpages\ppxetex.def"
File: ppxetex.def 2017/10/31 v0.5l Pdfpages driver for XeTeX (AM)
)
\AM@pagebox=\box26
\AM@global@opts=\toks15
\AM@toc@title=\toks16
\c@AM@survey=\count91
\AM@templatesizebox=\box27
)
(DissertationThesis.aux)
\openout1 = `DissertationThesis.aux'.

LaTeX Font Info:    Checking defaults for OML/cmm/m/it on input line 3.
LaTeX Font Info:    ... okay on input line 3.
LaTeX Font Info:    Checking defaults for T1/cmr/m/n on input line 3.
LaTeX Font Info:    ... okay on input line 3.
LaTeX Font Info:    Checking defaults for OT1/cmr/m/n on input line 3.
LaTeX Font Info:    ... okay on input line 3.
LaTeX Font Info:    Checking defaults for OMS/cmsy/m/n on input line 3.
LaTeX Font Info:    ... okay on input line 3.
LaTeX Font Info:    Checking defaults for TU/lmr/m/n on input line 3.
LaTeX Font Info:    ... okay on input line 3.
LaTeX Font Info:    Checking defaults for OMX/cmex/m/n on input line 3.
LaTeX Font Info:    ... okay on input line 3.
LaTeX Font Info:    Checking defaults for U/cmr/m/n on input line 3.
LaTeX Font Info:    ... okay on input line 3.
\AtBeginShipoutBox=\box28

("C:\Users\H172461\MiKTeX 2.9\tex\latex\oberdiek\pdflscape.sty"
Package: pdflscape 2016/05/14 v0.11 Display of landscape pages in PDF (HO)

("C:\Users\H172461\MiKTeX 2.9\tex\latex\graphics\lscape.sty"
Package: lscape 2000/10/22 v3.01 Landscape Pages (DPC)
)
("C:\Users\H172461\MiKTeX 2.9\tex\generic\ifxetex\ifxetex.sty"
Package: ifxetex 2010/09/12 v0.6 Provides ifxetex conditional
)
Package pdflscape Info: Auto-detected driver: dvipdfm (xetex) on input line 99.

)
File: ../CoverCDTitlePage/TitlePage.pdf Graphic file (type pdf)
<use ../CoverCDTitlePage/TitlePage.pdf>
File: ../CoverCDTitlePage/TitlePage.pdf Graphic file (type pdf)
<use ../CoverCDTitlePage/TitlePage.pdf>
File: ../CoverCDTitlePage/TitlePage.pdf Graphic file (type pdf)
<use ../CoverCDTitlePage/TitlePage.pdf, page 1>
File: ../CoverCDTitlePage/TitlePage.pdf Graphic file (type pdf)
<use ../CoverCDTitlePage/TitlePage.pdf, page 1>
File: ../CoverCDTitlePage/TitlePage.pdf Graphic file (type pdf)
<use ../CoverCDTitlePage/TitlePage.pdf, page 1>
File: ../CoverCDTitlePage/TitlePage.pdf Graphic file (type pdf)
<use ../CoverCDTitlePage/TitlePage.pdf, page 1>
File: ../CoverCDTitlePage/TitlePage.pdf Graphic file (type pdf)
<use ../CoverCDTitlePage/TitlePage.pdf, page 1>
 [1

]
File: ../CoverCDTitlePage/CD.pdf Graphic file (type pdf)
<use ../CoverCDTitlePage/CD.pdf>
File: ../CoverCDTitlePage/CD.pdf Graphic file (type pdf)
<use ../CoverCDTitlePage/CD.pdf>
File: ../CoverCDTitlePage/CD.pdf Graphic file (type pdf)
<use ../CoverCDTitlePage/CD.pdf, page 1>
File: ../CoverCDTitlePage/CD.pdf Graphic file (type pdf)
<use ../CoverCDTitlePage/CD.pdf, page 1>
File: ../CoverCDTitlePage/CD.pdf Graphic file (type pdf)
<use ../CoverCDTitlePage/CD.pdf, page 1>
File: ../CoverCDTitlePage/CD.pdf Graphic file (type pdf)
<use ../CoverCDTitlePage/CD.pdf, page 1>
File: ../CoverCDTitlePage/CD.pdf Graphic file (type pdf)
<use ../CoverCDTitlePage/CD.pdf, page 1>
 [2]
File: ../CoverCDTitlePage/CD.pdf Graphic file (type pdf)
<use ../CoverCDTitlePage/CD.pdf, page 2>
File: ../CoverCDTitlePage/CD.pdf Graphic file (type pdf)
<use ../CoverCDTitlePage/CD.pdf, page 2>
File: ../CoverCDTitlePage/CD.pdf Graphic file (type pdf)
<use ../CoverCDTitlePage/CD.pdf, page 2>

[3]
File: ../CoverCDTitlePage/BlankPage.pdf Graphic file (type pdf)
<use ../CoverCDTitlePage/BlankPage.pdf>
File: ../CoverCDTitlePage/BlankPage.pdf Graphic file (type pdf)
<use ../CoverCDTitlePage/BlankPage.pdf>
File: ../CoverCDTitlePage/BlankPage.pdf Graphic file (type pdf)
<use ../CoverCDTitlePage/BlankPage.pdf, page 1>
File: ../CoverCDTitlePage/BlankPage.pdf Graphic file (type pdf)
<use ../CoverCDTitlePage/BlankPage.pdf, page 1>
File: ../CoverCDTitlePage/BlankPage.pdf Graphic file (type pdf)
<use ../CoverCDTitlePage/BlankPage.pdf, page 1>
File: ../CoverCDTitlePage/BlankPage.pdf Graphic file (type pdf)
<use ../CoverCDTitlePage/BlankPage.pdf, page 1>
File: ../CoverCDTitlePage/BlankPage.pdf Graphic file (type pdf)
<use ../CoverCDTitlePage/BlankPage.pdf, page 1>
 [4]
File: ../main.pdf Graphic file (type pdf)
<use ../main.pdf>
File: ../main.pdf Graphic file (type pdf)
<use ../main.pdf>
File: ../main.pdf Graphic file (type pdf)
<use ../main.pdf, page 1>
File: ../main.pdf Graphic file (type pdf)
<use ../main.pdf, page 1>
File: ../main.pdf Graphic file (type pdf)
<use ../main.pdf, page 1>
File: ../main.pdf Graphic file (type pdf)
<use ../main.pdf, page 1>
File: ../main.pdf Graphic file (type pdf)
<use ../main.pdf, page 1>
 [5]
File: ../main.pdf Graphic file (type pdf)
<use ../main.pdf, page 2>
File: ../main.pdf Graphic file (type pdf)
<use ../main.pdf, page 2>
File: ../main.pdf Graphic file (type pdf)
<use ../main.pdf, page 2>
 [6]
File: ../main.pdf Graphic file (type pdf)
<use ../main.pdf, page 3>
File: ../main.pdf Graphic file (type pdf)
<use ../main.pdf, page 3>
File: ../main.pdf Graphic file (type pdf)
<use ../main.pdf, page 3>
 [7]
File: ../main.pdf Graphic file (type pdf)
<use ../main.pdf, page 4>
File: ../main.pdf Graphic file (type pdf)
<use ../main.pdf, page 4>
File: ../main.pdf Graphic file (type pdf)
<use ../main.pdf, page 4>
 [8]
File: ../main.pdf Graphic file (type pdf)
<use ../main.pdf, page 5>
File: ../main.pdf Graphic file (type pdf)
<use ../main.pdf, page 5>
File: ../main.pdf Graphic file (type pdf)
<use ../main.pdf, page 5>
 [9]
File: ../main.pdf Graphic file (type pdf)
<use ../main.pdf, page 6>
File: ../main.pdf Graphic file (type pdf)
<use ../main.pdf, page 6>
File: ../main.pdf Graphic file (type pdf)
<use ../main.pdf, page 6>
 [10]
File: ../main.pdf Graphic file (type pdf)
<use ../main.pdf, page 7>
File: ../main.pdf Graphic file (type pdf)
<use ../main.pdf, page 7>
File: ../main.pdf Graphic file (type pdf)
<use ../main.pdf, page 7>
 [11]
File: ../main.pdf Graphic file (type pdf)
<use ../main.pdf, page 8>
File: ../main.pdf Graphic file (type pdf)
<use ../main.pdf, page 8>
File: ../main.pdf Graphic file (type pdf)
<use ../main.pdf, page 8>
 [12]
File: ../main.pdf Graphic file (type pdf)
<use ../main.pdf, page 9>
File: ../main.pdf Graphic file (type pdf)
<use ../main.pdf, page 9>
File: ../main.pdf Graphic file (type pdf)
<use ../main.pdf, page 9>
 [13]
File: ../main.pdf Graphic file (type pdf)
<use ../main.pdf, page 10>
File: ../main.pdf Graphic file (type pdf)
<use ../main.pdf, page 10>
File: ../main.pdf Graphic file (type pdf)
<use ../main.pdf, page 10>
 [14]
File: ../main.pdf Graphic file (type pdf)
<use ../main.pdf, page 11>
File: ../main.pdf Graphic file (type pdf)
<use ../main.pdf, page 11>
File: ../main.pdf Graphic file (type pdf)
<use ../main.pdf, page 11>
 [15]
File: ../main.pdf Graphic file (type pdf)
<use ../main.pdf, page 12>
File: ../main.pdf Graphic file (type pdf)
<use ../main.pdf, page 12>
File: ../main.pdf Graphic file (type pdf)
<use ../main.pdf, page 12>
 [16]
File: ../main.pdf Graphic file (type pdf)
<use ../main.pdf, page 13>
File: ../main.pdf Graphic file (type pdf)
<use ../main.pdf, page 13>
File: ../main.pdf Graphic file (type pdf)
<use ../main.pdf, page 13>
 [17]
File: ../main.pdf Graphic file (type pdf)
<use ../main.pdf, page 14>
File: ../main.pdf Graphic file (type pdf)
<use ../main.pdf, page 14>
File: ../main.pdf Graphic file (type pdf)
<use ../main.pdf, page 14>
 [18]
File: ../main.pdf Graphic file (type pdf)
<use ../main.pdf, page 15>
File: ../main.pdf Graphic file (type pdf)
<use ../main.pdf, page 15>
File: ../main.pdf Graphic file (type pdf)
<use ../main.pdf, page 15>

[19]
File: ../main.pdf Graphic file (type pdf)
<use ../main.pdf, page 16>
File: ../main.pdf Graphic file (type pdf)
<use ../main.pdf, page 16>
File: ../main.pdf Graphic file (type pdf)
<use ../main.pdf, page 16>
 [20]
File: ../main.pdf Graphic file (type pdf)
<use ../main.pdf, page 17>
File: ../main.pdf Graphic file (type pdf)
<use ../main.pdf, page 17>
File: ../main.pdf Graphic file (type pdf)
<use ../main.pdf, page 17>
 [21]
File: ../main.pdf Graphic file (type pdf)
<use ../main.pdf, page 18>
File: ../main.pdf Graphic file (type pdf)
<use ../main.pdf, page 18>
File: ../main.pdf Graphic file (type pdf)
<use ../main.pdf, page 18>
 [22]
File: ../main.pdf Graphic file (type pdf)
<use ../main.pdf, page 19>
File: ../main.pdf Graphic file (type pdf)
<use ../main.pdf, page 19>
File: ../main.pdf Graphic file (type pdf)
<use ../main.pdf, page 19>
 [23]
File: ../main.pdf Graphic file (type pdf)
<use ../main.pdf, page 20>
File: ../main.pdf Graphic file (type pdf)
<use ../main.pdf, page 20>
File: ../main.pdf Graphic file (type pdf)
<use ../main.pdf, page 20>
 [24]
File: ../main.pdf Graphic file (type pdf)
<use ../main.pdf, page 21>
File: ../main.pdf Graphic file (type pdf)
<use ../main.pdf, page 21>
File: ../main.pdf Graphic file (type pdf)
<use ../main.pdf, page 21>
 [25]
File: ../main.pdf Graphic file (type pdf)
<use ../main.pdf, page 22>
File: ../main.pdf Graphic file (type pdf)
<use ../main.pdf, page 22>
File: ../main.pdf Graphic file (type pdf)
<use ../main.pdf, page 22>
 [26]
File: ../main.pdf Graphic file (type pdf)
<use ../main.pdf, page 23>
File: ../main.pdf Graphic file (type pdf)
<use ../main.pdf, page 23>
File: ../main.pdf Graphic file (type pdf)
<use ../main.pdf, page 23>
 [27]
File: ../main.pdf Graphic file (type pdf)
<use ../main.pdf, page 24>
File: ../main.pdf Graphic file (type pdf)
<use ../main.pdf, page 24>
File: ../main.pdf Graphic file (type pdf)
<use ../main.pdf, page 24>
 [28]
File: ../main.pdf Graphic file (type pdf)
<use ../main.pdf, page 25>
File: ../main.pdf Graphic file (type pdf)
<use ../main.pdf, page 25>
File: ../main.pdf Graphic file (type pdf)
<use ../main.pdf, page 25>
 [29]
File: ../main.pdf Graphic file (type pdf)
<use ../main.pdf, page 26>
File: ../main.pdf Graphic file (type pdf)
<use ../main.pdf, page 26>
File: ../main.pdf Graphic file (type pdf)
<use ../main.pdf, page 26>
 [30]
File: ../main.pdf Graphic file (type pdf)
<use ../main.pdf, page 27>
File: ../main.pdf Graphic file (type pdf)
<use ../main.pdf, page 27>
File: ../main.pdf Graphic file (type pdf)
<use ../main.pdf, page 27>
 [31]
File: ../main.pdf Graphic file (type pdf)
<use ../main.pdf, page 28>
File: ../main.pdf Graphic file (type pdf)
<use ../main.pdf, page 28>
File: ../main.pdf Graphic file (type pdf)
<use ../main.pdf, page 28>
 [32]
File: ../main.pdf Graphic file (type pdf)
<use ../main.pdf, page 29>
File: ../main.pdf Graphic file (type pdf)
<use ../main.pdf, page 29>
File: ../main.pdf Graphic file (type pdf)
<use ../main.pdf, page 29>
 [33]
File: ../main.pdf Graphic file (type pdf)
<use ../main.pdf, page 30>
File: ../main.pdf Graphic file (type pdf)
<use ../main.pdf, page 30>
File: ../main.pdf Graphic file (type pdf)
<use ../main.pdf, page 30>

[34]
File: ../main.pdf Graphic file (type pdf)
<use ../main.pdf, page 31>
File: ../main.pdf Graphic file (type pdf)
<use ../main.pdf, page 31>
File: ../main.pdf Graphic file (type pdf)
<use ../main.pdf, page 31>
 [35]
File: ../main.pdf Graphic file (type pdf)
<use ../main.pdf, page 32>
File: ../main.pdf Graphic file (type pdf)
<use ../main.pdf, page 32>
File: ../main.pdf Graphic file (type pdf)
<use ../main.pdf, page 32>
 [36]
File: ../main.pdf Graphic file (type pdf)
<use ../main.pdf, page 33>
File: ../main.pdf Graphic file (type pdf)
<use ../main.pdf, page 33>
File: ../main.pdf Graphic file (type pdf)
<use ../main.pdf, page 33>
 [37]
File: ../main.pdf Graphic file (type pdf)
<use ../main.pdf, page 34>
File: ../main.pdf Graphic file (type pdf)
<use ../main.pdf, page 34>
File: ../main.pdf Graphic file (type pdf)
<use ../main.pdf, page 34>
 [38]
File: ../main.pdf Graphic file (type pdf)
<use ../main.pdf, page 35>
File: ../main.pdf Graphic file (type pdf)
<use ../main.pdf, page 35>
File: ../main.pdf Graphic file (type pdf)
<use ../main.pdf, page 35>
 [39]
File: ../main.pdf Graphic file (type pdf)
<use ../main.pdf, page 36>
File: ../main.pdf Graphic file (type pdf)
<use ../main.pdf, page 36>
File: ../main.pdf Graphic file (type pdf)
<use ../main.pdf, page 36>
 [40]
File: ../main.pdf Graphic file (type pdf)
<use ../main.pdf, page 37>
File: ../main.pdf Graphic file (type pdf)
<use ../main.pdf, page 37>
File: ../main.pdf Graphic file (type pdf)
<use ../main.pdf, page 37>
 [41]
File: ../main.pdf Graphic file (type pdf)
<use ../main.pdf, page 38>
File: ../main.pdf Graphic file (type pdf)
<use ../main.pdf, page 38>
File: ../main.pdf Graphic file (type pdf)
<use ../main.pdf, page 38>
 [42]
File: ../main.pdf Graphic file (type pdf)
<use ../main.pdf, page 39>
File: ../main.pdf Graphic file (type pdf)
<use ../main.pdf, page 39>
File: ../main.pdf Graphic file (type pdf)
<use ../main.pdf, page 39>
 [43]
File: ../main.pdf Graphic file (type pdf)
<use ../main.pdf, page 40>
File: ../main.pdf Graphic file (type pdf)
<use ../main.pdf, page 40>
File: ../main.pdf Graphic file (type pdf)
<use ../main.pdf, page 40>
 [44]
File: ../main.pdf Graphic file (type pdf)
<use ../main.pdf, page 41>
File: ../main.pdf Graphic file (type pdf)
<use ../main.pdf, page 41>
File: ../main.pdf Graphic file (type pdf)
<use ../main.pdf, page 41>
 [45]
File: ../main.pdf Graphic file (type pdf)
<use ../main.pdf, page 42>
File: ../main.pdf Graphic file (type pdf)
<use ../main.pdf, page 42>
File: ../main.pdf Graphic file (type pdf)
<use ../main.pdf, page 42>
 [46]
File: ../main.pdf Graphic file (type pdf)
<use ../main.pdf, page 43>
File: ../main.pdf Graphic file (type pdf)
<use ../main.pdf, page 43>
File: ../main.pdf Graphic file (type pdf)
<use ../main.pdf, page 43>
 [47]
File: ../main.pdf Graphic file (type pdf)
<use ../main.pdf, page 44>
File: ../main.pdf Graphic file (type pdf)
<use ../main.pdf, page 44>
File: ../main.pdf Graphic file (type pdf)
<use ../main.pdf, page 44>
 [48]
File: ../main.pdf Graphic file (type pdf)
<use ../main.pdf, page 45>
File: ../main.pdf Graphic file (type pdf)
<use ../main.pdf, page 45>
File: ../main.pdf Graphic file (type pdf)
<use ../main.pdf, page 45>

[49]
File: ../main.pdf Graphic file (type pdf)
<use ../main.pdf, page 46>
File: ../main.pdf Graphic file (type pdf)
<use ../main.pdf, page 46>
File: ../main.pdf Graphic file (type pdf)
<use ../main.pdf, page 46>
 [50]
File: ../main.pdf Graphic file (type pdf)
<use ../main.pdf, page 47>
File: ../main.pdf Graphic file (type pdf)
<use ../main.pdf, page 47>
File: ../main.pdf Graphic file (type pdf)
<use ../main.pdf, page 47>
 [51]
File: ../main.pdf Graphic file (type pdf)
<use ../main.pdf, page 48>
File: ../main.pdf Graphic file (type pdf)
<use ../main.pdf, page 48>
File: ../main.pdf Graphic file (type pdf)
<use ../main.pdf, page 48>
 [52]
File: ../main.pdf Graphic file (type pdf)
<use ../main.pdf, page 49>
File: ../main.pdf Graphic file (type pdf)
<use ../main.pdf, page 49>
File: ../main.pdf Graphic file (type pdf)
<use ../main.pdf, page 49>
 [53]
File: ../main.pdf Graphic file (type pdf)
<use ../main.pdf, page 50>
File: ../main.pdf Graphic file (type pdf)
<use ../main.pdf, page 50>
File: ../main.pdf Graphic file (type pdf)
<use ../main.pdf, page 50>
 [54]
File: ../main.pdf Graphic file (type pdf)
<use ../main.pdf, page 51>
File: ../main.pdf Graphic file (type pdf)
<use ../main.pdf, page 51>
File: ../main.pdf Graphic file (type pdf)
<use ../main.pdf, page 51>
 [55]
File: ../main.pdf Graphic file (type pdf)
<use ../main.pdf, page 52>
File: ../main.pdf Graphic file (type pdf)
<use ../main.pdf, page 52>
File: ../main.pdf Graphic file (type pdf)
<use ../main.pdf, page 52>
 [56]
File: ../main.pdf Graphic file (type pdf)
<use ../main.pdf, page 53>
File: ../main.pdf Graphic file (type pdf)
<use ../main.pdf, page 53>
File: ../main.pdf Graphic file (type pdf)
<use ../main.pdf, page 53>
 [57]
File: ../main.pdf Graphic file (type pdf)
<use ../main.pdf, page 54>
File: ../main.pdf Graphic file (type pdf)
<use ../main.pdf, page 54>
File: ../main.pdf Graphic file (type pdf)
<use ../main.pdf, page 54>
 [58]
File: ../main.pdf Graphic file (type pdf)
<use ../main.pdf, page 55>
File: ../main.pdf Graphic file (type pdf)
<use ../main.pdf, page 55>
File: ../main.pdf Graphic file (type pdf)
<use ../main.pdf, page 55>
 [59]
File: ../main.pdf Graphic file (type pdf)
<use ../main.pdf, page 56>
File: ../main.pdf Graphic file (type pdf)
<use ../main.pdf, page 56>
File: ../main.pdf Graphic file (type pdf)
<use ../main.pdf, page 56>
 [60]
File: ../main.pdf Graphic file (type pdf)
<use ../main.pdf, page 57>
File: ../main.pdf Graphic file (type pdf)
<use ../main.pdf, page 57>
File: ../main.pdf Graphic file (type pdf)
<use ../main.pdf, page 57>
 [61]
File: ../main.pdf Graphic file (type pdf)
<use ../main.pdf, page 58>
File: ../main.pdf Graphic file (type pdf)
<use ../main.pdf, page 58>
File: ../main.pdf Graphic file (type pdf)
<use ../main.pdf, page 58>
 [62]
File: ../main.pdf Graphic file (type pdf)
<use ../main.pdf, page 59>
File: ../main.pdf Graphic file (type pdf)
<use ../main.pdf, page 59>
File: ../main.pdf Graphic file (type pdf)
<use ../main.pdf, page 59>
 [63]
File: ../main.pdf Graphic file (type pdf)
<use ../main.pdf, page 60>
File: ../main.pdf Graphic file (type pdf)
<use ../main.pdf, page 60>
File: ../main.pdf Graphic file (type pdf)
<use ../main.pdf, page 60>

[64]
File: ../main.pdf Graphic file (type pdf)
<use ../main.pdf, page 61>
File: ../main.pdf Graphic file (type pdf)
<use ../main.pdf, page 61>
File: ../main.pdf Graphic file (type pdf)
<use ../main.pdf, page 61>
 [65]
File: ../main.pdf Graphic file (type pdf)
<use ../main.pdf, page 62>
File: ../main.pdf Graphic file (type pdf)
<use ../main.pdf, page 62>
File: ../main.pdf Graphic file (type pdf)
<use ../main.pdf, page 62>
 [66]
File: ../main.pdf Graphic file (type pdf)
<use ../main.pdf, page 63>
File: ../main.pdf Graphic file (type pdf)
<use ../main.pdf, page 63>
File: ../main.pdf Graphic file (type pdf)
<use ../main.pdf, page 63>
 [67]
File: ../main.pdf Graphic file (type pdf)
<use ../main.pdf, page 64>
File: ../main.pdf Graphic file (type pdf)
<use ../main.pdf, page 64>
File: ../main.pdf Graphic file (type pdf)
<use ../main.pdf, page 64>
 [68]
File: ../main.pdf Graphic file (type pdf)
<use ../main.pdf, page 65>
File: ../main.pdf Graphic file (type pdf)
<use ../main.pdf, page 65>
File: ../main.pdf Graphic file (type pdf)
<use ../main.pdf, page 65>
 [69]
File: ../main.pdf Graphic file (type pdf)
<use ../main.pdf, page 66>
File: ../main.pdf Graphic file (type pdf)
<use ../main.pdf, page 66>
File: ../main.pdf Graphic file (type pdf)
<use ../main.pdf, page 66>
 [70]
File: ../main.pdf Graphic file (type pdf)
<use ../main.pdf, page 67>
File: ../main.pdf Graphic file (type pdf)
<use ../main.pdf, page 67>
File: ../main.pdf Graphic file (type pdf)
<use ../main.pdf, page 67>
 [71]
File: ../main.pdf Graphic file (type pdf)
<use ../main.pdf, page 68>
File: ../main.pdf Graphic file (type pdf)
<use ../main.pdf, page 68>
File: ../main.pdf Graphic file (type pdf)
<use ../main.pdf, page 68>
 [72]
File: ../main.pdf Graphic file (type pdf)
<use ../main.pdf, page 69>
File: ../main.pdf Graphic file (type pdf)
<use ../main.pdf, page 69>
File: ../main.pdf Graphic file (type pdf)
<use ../main.pdf, page 69>
 [73]
File: ../main.pdf Graphic file (type pdf)
<use ../main.pdf, page 70>
File: ../main.pdf Graphic file (type pdf)
<use ../main.pdf, page 70>
File: ../main.pdf Graphic file (type pdf)
<use ../main.pdf, page 70>
 [74]
File: ../main.pdf Graphic file (type pdf)
<use ../main.pdf, page 71>
File: ../main.pdf Graphic file (type pdf)
<use ../main.pdf, page 71>
File: ../main.pdf Graphic file (type pdf)
<use ../main.pdf, page 71>
 [75]
File: ../main.pdf Graphic file (type pdf)
<use ../main.pdf, page 72>
File: ../main.pdf Graphic file (type pdf)
<use ../main.pdf, page 72>
File: ../main.pdf Graphic file (type pdf)
<use ../main.pdf, page 72>
 [76]
File: ../main.pdf Graphic file (type pdf)
<use ../main.pdf, page 73>
File: ../main.pdf Graphic file (type pdf)
<use ../main.pdf, page 73>
File: ../main.pdf Graphic file (type pdf)
<use ../main.pdf, page 73>
 [77]
File: ../main.pdf Graphic file (type pdf)
<use ../main.pdf, page 74>
File: ../main.pdf Graphic file (type pdf)
<use ../main.pdf, page 74>
File: ../main.pdf Graphic file (type pdf)
<use ../main.pdf, page 74>
 [78]
File: ../main.pdf Graphic file (type pdf)
<use ../main.pdf, page 75>
File: ../main.pdf Graphic file (type pdf)
<use ../main.pdf, page 75>
File: ../main.pdf Graphic file (type pdf)
<use ../main.pdf, page 75>

[79]
File: ../main.pdf Graphic file (type pdf)
<use ../main.pdf, page 76>
File: ../main.pdf Graphic file (type pdf)
<use ../main.pdf, page 76>
File: ../main.pdf Graphic file (type pdf)
<use ../main.pdf, page 76>
 [80]
File: ../main.pdf Graphic file (type pdf)
<use ../main.pdf, page 77>
File: ../main.pdf Graphic file (type pdf)
<use ../main.pdf, page 77>
File: ../main.pdf Graphic file (type pdf)
<use ../main.pdf, page 77>
 [81]
File: ../main.pdf Graphic file (type pdf)
<use ../main.pdf, page 78>
File: ../main.pdf Graphic file (type pdf)
<use ../main.pdf, page 78>
File: ../main.pdf Graphic file (type pdf)
<use ../main.pdf, page 78>
 [82]
File: ../main.pdf Graphic file (type pdf)
<use ../main.pdf, page 79>
File: ../main.pdf Graphic file (type pdf)
<use ../main.pdf, page 79>
File: ../main.pdf Graphic file (type pdf)
<use ../main.pdf, page 79>
 [83]
File: ../main.pdf Graphic file (type pdf)
<use ../main.pdf, page 80>
File: ../main.pdf Graphic file (type pdf)
<use ../main.pdf, page 80>
File: ../main.pdf Graphic file (type pdf)
<use ../main.pdf, page 80>
 [84]
File: ../main.pdf Graphic file (type pdf)
<use ../main.pdf, page 81>
File: ../main.pdf Graphic file (type pdf)
<use ../main.pdf, page 81>
File: ../main.pdf Graphic file (type pdf)
<use ../main.pdf, page 81>
 [85]
File: ../main.pdf Graphic file (type pdf)
<use ../main.pdf, page 82>
File: ../main.pdf Graphic file (type pdf)
<use ../main.pdf, page 82>
File: ../main.pdf Graphic file (type pdf)
<use ../main.pdf, page 82>
 [86]
File: ../main.pdf Graphic file (type pdf)
<use ../main.pdf, page 83>
File: ../main.pdf Graphic file (type pdf)
<use ../main.pdf, page 83>
File: ../main.pdf Graphic file (type pdf)
<use ../main.pdf, page 83>
 [87]
File: ../main.pdf Graphic file (type pdf)
<use ../main.pdf, page 84>
File: ../main.pdf Graphic file (type pdf)
<use ../main.pdf, page 84>
File: ../main.pdf Graphic file (type pdf)
<use ../main.pdf, page 84>
 [88]
File: ../main.pdf Graphic file (type pdf)
<use ../main.pdf, page 85>
File: ../main.pdf Graphic file (type pdf)
<use ../main.pdf, page 85>
File: ../main.pdf Graphic file (type pdf)
<use ../main.pdf, page 85>
 [89]
File: ../main.pdf Graphic file (type pdf)
<use ../main.pdf, page 86>
File: ../main.pdf Graphic file (type pdf)
<use ../main.pdf, page 86>
File: ../main.pdf Graphic file (type pdf)
<use ../main.pdf, page 86>
 [90]
File: ../main.pdf Graphic file (type pdf)
<use ../main.pdf, page 87>
File: ../main.pdf Graphic file (type pdf)
<use ../main.pdf, page 87>
File: ../main.pdf Graphic file (type pdf)
<use ../main.pdf, page 87>
 [91]
File: ../main.pdf Graphic file (type pdf)
<use ../main.pdf, page 88>
File: ../main.pdf Graphic file (type pdf)
<use ../main.pdf, page 88>
File: ../main.pdf Graphic file (type pdf)
<use ../main.pdf, page 88>
 [92]
File: ../main.pdf Graphic file (type pdf)
<use ../main.pdf, page 89>
File: ../main.pdf Graphic file (type pdf)
<use ../main.pdf, page 89>
File: ../main.pdf Graphic file (type pdf)
<use ../main.pdf, page 89>
 [93]
File: ../main.pdf Graphic file (type pdf)
<use ../main.pdf, page 90>
File: ../main.pdf Graphic file (type pdf)
<use ../main.pdf, page 90>
File: ../main.pdf Graphic file (type pdf)
<use ../main.pdf, page 90>

[94]
File: ../main.pdf Graphic file (type pdf)
<use ../main.pdf, page 91>
File: ../main.pdf Graphic file (type pdf)
<use ../main.pdf, page 91>
File: ../main.pdf Graphic file (type pdf)
<use ../main.pdf, page 91>
 [95]
File: ../main.pdf Graphic file (type pdf)
<use ../main.pdf, page 92>
File: ../main.pdf Graphic file (type pdf)
<use ../main.pdf, page 92>
File: ../main.pdf Graphic file (type pdf)
<use ../main.pdf, page 92>
 [96]
File: ../main.pdf Graphic file (type pdf)
<use ../main.pdf, page 93>
File: ../main.pdf Graphic file (type pdf)
<use ../main.pdf, page 93>
File: ../main.pdf Graphic file (type pdf)
<use ../main.pdf, page 93>
 [97]
File: ../main.pdf Graphic file (type pdf)
<use ../main.pdf, page 94>
File: ../main.pdf Graphic file (type pdf)
<use ../main.pdf, page 94>
File: ../main.pdf Graphic file (type pdf)
<use ../main.pdf, page 94>
 [98]
File: ../main.pdf Graphic file (type pdf)
<use ../main.pdf, page 95>
File: ../main.pdf Graphic file (type pdf)
<use ../main.pdf, page 95>
File: ../main.pdf Graphic file (type pdf)
<use ../main.pdf, page 95>
 [99]
File: ../main.pdf Graphic file (type pdf)
<use ../main.pdf, page 96>
File: ../main.pdf Graphic file (type pdf)
<use ../main.pdf, page 96>
File: ../main.pdf Graphic file (type pdf)
<use ../main.pdf, page 96>
 [100]
File: ../main.pdf Graphic file (type pdf)
<use ../main.pdf, page 97>
File: ../main.pdf Graphic file (type pdf)
<use ../main.pdf, page 97>
File: ../main.pdf Graphic file (type pdf)
<use ../main.pdf, page 97>
 [101]
File: ../main.pdf Graphic file (type pdf)
<use ../main.pdf, page 98>
File: ../main.pdf Graphic file (type pdf)
<use ../main.pdf, page 98>
File: ../main.pdf Graphic file (type pdf)
<use ../main.pdf, page 98>
 [102]
File: ../main.pdf Graphic file (type pdf)
<use ../main.pdf, page 99>
File: ../main.pdf Graphic file (type pdf)
<use ../main.pdf, page 99>
File: ../main.pdf Graphic file (type pdf)
<use ../main.pdf, page 99>
 [103]
File: ../main.pdf Graphic file (type pdf)
<use ../main.pdf, page 100>
File: ../main.pdf Graphic file (type pdf)
<use ../main.pdf, page 100>
File: ../main.pdf Graphic file (type pdf)
<use ../main.pdf, page 100>
 [104]
File: ../main.pdf Graphic file (type pdf)
<use ../main.pdf, page 101>
File: ../main.pdf Graphic file (type pdf)
<use ../main.pdf, page 101>
File: ../main.pdf Graphic file (type pdf)
<use ../main.pdf, page 101>
 [105]
File: ../main.pdf Graphic file (type pdf)
<use ../main.pdf, page 102>
File: ../main.pdf Graphic file (type pdf)
<use ../main.pdf, page 102>
File: ../main.pdf Graphic file (type pdf)
<use ../main.pdf, page 102>
 [106]
File: ../main.pdf Graphic file (type pdf)
<use ../main.pdf, page 103>
File: ../main.pdf Graphic file (type pdf)
<use ../main.pdf, page 103>
File: ../main.pdf Graphic file (type pdf)
<use ../main.pdf, page 103>

[107]
File: ../main.pdf Graphic file (type pdf)
<use ../main.pdf, page 104>
File: ../main.pdf Graphic file (type pdf)
<use ../main.pdf, page 104>
File: ../main.pdf Graphic file (type pdf)
<use ../main.pdf, page 104>
 [108]
File: ../main.pdf Graphic file (type pdf)
<use ../main.pdf, page 105>
File: ../main.pdf Graphic file (type pdf)
<use ../main.pdf, page 105>
File: ../main.pdf Graphic file (type pdf)
<use ../main.pdf, page 105>
 [109]
File: ../main.pdf Graphic file (type pdf)
<use ../main.pdf, page 106>
File: ../main.pdf Graphic file (type pdf)
<use ../main.pdf, page 106>
File: ../main.pdf Graphic file (type pdf)
<use ../main.pdf, page 106>
 [110]
File: ../main.pdf Graphic file (type pdf)
<use ../main.pdf, page 107>
File: ../main.pdf Graphic file (type pdf)
<use ../main.pdf, page 107>
File: ../main.pdf Graphic file (type pdf)
<use ../main.pdf, page 107>
 [111]
File: ../main.pdf Graphic file (type pdf)
<use ../main.pdf, page 108>
File: ../main.pdf Graphic file (type pdf)
<use ../main.pdf, page 108>
File: ../main.pdf Graphic file (type pdf)
<use ../main.pdf, page 108>
 [112]
File: ../main.pdf Graphic file (type pdf)
<use ../main.pdf, page 109>
File: ../main.pdf Graphic file (type pdf)
<use ../main.pdf, page 109>
File: ../main.pdf Graphic file (type pdf)
<use ../main.pdf, page 109>
 [113]
File: ../main.pdf Graphic file (type pdf)
<use ../main.pdf, page 110>
File: ../main.pdf Graphic file (type pdf)
<use ../main.pdf, page 110>
File: ../main.pdf Graphic file (type pdf)
<use ../main.pdf, page 110>
 [114]
File: ../main.pdf Graphic file (type pdf)
<use ../main.pdf, page 111>
File: ../main.pdf Graphic file (type pdf)
<use ../main.pdf, page 111>
File: ../main.pdf Graphic file (type pdf)
<use ../main.pdf, page 111>
 [115]
File: ../main.pdf Graphic file (type pdf)
<use ../main.pdf, page 112>
File: ../main.pdf Graphic file (type pdf)
<use ../main.pdf, page 112>
File: ../main.pdf Graphic file (type pdf)
<use ../main.pdf, page 112>
 [116]
File: ../main.pdf Graphic file (type pdf)
<use ../main.pdf, page 113>
File: ../main.pdf Graphic file (type pdf)
<use ../main.pdf, page 113>
File: ../main.pdf Graphic file (type pdf)
<use ../main.pdf, page 113>
 [117]
File: ../main.pdf Graphic file (type pdf)
<use ../main.pdf, page 114>
File: ../main.pdf Graphic file (type pdf)
<use ../main.pdf, page 114>
File: ../main.pdf Graphic file (type pdf)
<use ../main.pdf, page 114>
 [118]
File: ../main.pdf Graphic file (type pdf)
<use ../main.pdf, page 115>
File: ../main.pdf Graphic file (type pdf)
<use ../main.pdf, page 115>
File: ../main.pdf Graphic file (type pdf)
<use ../main.pdf, page 115>

[119]
File: ../main.pdf Graphic file (type pdf)
<use ../main.pdf, page 116>
File: ../main.pdf Graphic file (type pdf)
<use ../main.pdf, page 116>
File: ../main.pdf Graphic file (type pdf)
<use ../main.pdf, page 116>
 [120]
File: ../main.pdf Graphic file (type pdf)
<use ../main.pdf, page 117>
File: ../main.pdf Graphic file (type pdf)
<use ../main.pdf, page 117>
File: ../main.pdf Graphic file (type pdf)
<use ../main.pdf, page 117>
 [121]
File: ../main.pdf Graphic file (type pdf)
<use ../main.pdf, page 118>
File: ../main.pdf Graphic file (type pdf)
<use ../main.pdf, page 118>
File: ../main.pdf Graphic file (type pdf)
<use ../main.pdf, page 118>
 [122]
File: ../main.pdf Graphic file (type pdf)
<use ../main.pdf, page 119>
File: ../main.pdf Graphic file (type pdf)
<use ../main.pdf, page 119>
File: ../main.pdf Graphic file (type pdf)
<use ../main.pdf, page 119>
 [123]
File: ../main.pdf Graphic file (type pdf)
<use ../main.pdf, page 120>
File: ../main.pdf Graphic file (type pdf)
<use ../main.pdf, page 120>
File: ../main.pdf Graphic file (type pdf)
<use ../main.pdf, page 120>
 [124]
File: ../main.pdf Graphic file (type pdf)
<use ../main.pdf, page 121>
File: ../main.pdf Graphic file (type pdf)
<use ../main.pdf, page 121>
File: ../main.pdf Graphic file (type pdf)
<use ../main.pdf, page 121>
 [125]
File: ../main.pdf Graphic file (type pdf)
<use ../main.pdf, page 122>
File: ../main.pdf Graphic file (type pdf)
<use ../main.pdf, page 122>
File: ../main.pdf Graphic file (type pdf)
<use ../main.pdf, page 122>
 [126]
File: ../main.pdf Graphic file (type pdf)
<use ../main.pdf, page 123>
File: ../main.pdf Graphic file (type pdf)
<use ../main.pdf, page 123>
File: ../main.pdf Graphic file (type pdf)
<use ../main.pdf, page 123>
 [127]
File: ../main.pdf Graphic file (type pdf)
<use ../main.pdf, page 124>
File: ../main.pdf Graphic file (type pdf)
<use ../main.pdf, page 124>
File: ../main.pdf Graphic file (type pdf)
<use ../main.pdf, page 124>
 [128]
File: ../main.pdf Graphic file (type pdf)
<use ../main.pdf, page 125>
File: ../main.pdf Graphic file (type pdf)
<use ../main.pdf, page 125>
File: ../main.pdf Graphic file (type pdf)
<use ../main.pdf, page 125>
 [129]
File: ../main.pdf Graphic file (type pdf)
<use ../main.pdf, page 126>
File: ../main.pdf Graphic file (type pdf)
<use ../main.pdf, page 126>
File: ../main.pdf Graphic file (type pdf)
<use ../main.pdf, page 126>
 [130]
File: ../main.pdf Graphic file (type pdf)
<use ../main.pdf, page 127>
File: ../main.pdf Graphic file (type pdf)
<use ../main.pdf, page 127>
File: ../main.pdf Graphic file (type pdf)
<use ../main.pdf, page 127>

[131]
File: ../main.pdf Graphic file (type pdf)
<use ../main.pdf, page 128>
File: ../main.pdf Graphic file (type pdf)
<use ../main.pdf, page 128>
File: ../main.pdf Graphic file (type pdf)
<use ../main.pdf, page 128>
 [132]
File: ../main.pdf Graphic file (type pdf)
<use ../main.pdf, page 129>
File: ../main.pdf Graphic file (type pdf)
<use ../main.pdf, page 129>
File: ../main.pdf Graphic file (type pdf)
<use ../main.pdf, page 129>
 [133]
File: ../main.pdf Graphic file (type pdf)
<use ../main.pdf, page 130>
File: ../main.pdf Graphic file (type pdf)
<use ../main.pdf, page 130>
File: ../main.pdf Graphic file (type pdf)
<use ../main.pdf, page 130>
 [134]
File: ../main.pdf Graphic file (type pdf)
<use ../main.pdf, page 131>
File: ../main.pdf Graphic file (type pdf)
<use ../main.pdf, page 131>
File: ../main.pdf Graphic file (type pdf)
<use ../main.pdf, page 131>
 [135]
File: ../main.pdf Graphic file (type pdf)
<use ../main.pdf, page 132>
File: ../main.pdf Graphic file (type pdf)
<use ../main.pdf, page 132>
File: ../main.pdf Graphic file (type pdf)
<use ../main.pdf, page 132>
 [136]
File: ../main.pdf Graphic file (type pdf)
<use ../main.pdf, page 133>
File: ../main.pdf Graphic file (type pdf)
<use ../main.pdf, page 133>
File: ../main.pdf Graphic file (type pdf)
<use ../main.pdf, page 133>
 [137]
File: ../main.pdf Graphic file (type pdf)
<use ../main.pdf, page 134>
File: ../main.pdf Graphic file (type pdf)
<use ../main.pdf, page 134>
File: ../main.pdf Graphic file (type pdf)
<use ../main.pdf, page 134>
 [138]
File: ../main.pdf Graphic file (type pdf)
<use ../main.pdf, page 135>
File: ../main.pdf Graphic file (type pdf)
<use ../main.pdf, page 135>
File: ../main.pdf Graphic file (type pdf)
<use ../main.pdf, page 135>
 [139]
File: ../main.pdf Graphic file (type pdf)
<use ../main.pdf, page 136>
File: ../main.pdf Graphic file (type pdf)
<use ../main.pdf, page 136>
File: ../main.pdf Graphic file (type pdf)
<use ../main.pdf, page 136>
 [140]
File: ../main.pdf Graphic file (type pdf)
<use ../main.pdf, page 137>
File: ../main.pdf Graphic file (type pdf)
<use ../main.pdf, page 137>
File: ../main.pdf Graphic file (type pdf)
<use ../main.pdf, page 137>
 [141]
File: ../main.pdf Graphic file (type pdf)
<use ../main.pdf, page 138>
File: ../main.pdf Graphic file (type pdf)
<use ../main.pdf, page 138>
File: ../main.pdf Graphic file (type pdf)
<use ../main.pdf, page 138>
 [142]
File: ../main.pdf Graphic file (type pdf)
<use ../main.pdf, page 139>
File: ../main.pdf Graphic file (type pdf)
<use ../main.pdf, page 139>
File: ../main.pdf Graphic file (type pdf)
<use ../main.pdf, page 139>

[143]
File: ../main.pdf Graphic file (type pdf)
<use ../main.pdf, page 140>
File: ../main.pdf Graphic file (type pdf)
<use ../main.pdf, page 140>
File: ../main.pdf Graphic file (type pdf)
<use ../main.pdf, page 140>
 [144]
File: ../main.pdf Graphic file (type pdf)
<use ../main.pdf, page 141>
File: ../main.pdf Graphic file (type pdf)
<use ../main.pdf, page 141>
File: ../main.pdf Graphic file (type pdf)
<use ../main.pdf, page 141>
 [145]
File: ../main.pdf Graphic file (type pdf)
<use ../main.pdf, page 142>
File: ../main.pdf Graphic file (type pdf)
<use ../main.pdf, page 142>
File: ../main.pdf Graphic file (type pdf)
<use ../main.pdf, page 142>
 [146]
File: ../main.pdf Graphic file (type pdf)
<use ../main.pdf, page 143>
File: ../main.pdf Graphic file (type pdf)
<use ../main.pdf, page 143>
File: ../main.pdf Graphic file (type pdf)
<use ../main.pdf, page 143>
 [147]
File: ../main.pdf Graphic file (type pdf)
<use ../main.pdf, page 144>
File: ../main.pdf Graphic file (type pdf)
<use ../main.pdf, page 144>
File: ../main.pdf Graphic file (type pdf)
<use ../main.pdf, page 144>
 [148]
File: ../main.pdf Graphic file (type pdf)
<use ../main.pdf, page 145>
File: ../main.pdf Graphic file (type pdf)
<use ../main.pdf, page 145>
File: ../main.pdf Graphic file (type pdf)
<use ../main.pdf, page 145>
 [149]
File: ../main.pdf Graphic file (type pdf)
<use ../main.pdf, page 146>
File: ../main.pdf Graphic file (type pdf)
<use ../main.pdf, page 146>
File: ../main.pdf Graphic file (type pdf)
<use ../main.pdf, page 146>
 [150]
File: ../main.pdf Graphic file (type pdf)
<use ../main.pdf, page 147>
File: ../main.pdf Graphic file (type pdf)
<use ../main.pdf, page 147>
File: ../main.pdf Graphic file (type pdf)
<use ../main.pdf, page 147>
 [151]
File: ../main.pdf Graphic file (type pdf)
<use ../main.pdf, page 148>
File: ../main.pdf Graphic file (type pdf)
<use ../main.pdf, page 148>
File: ../main.pdf Graphic file (type pdf)
<use ../main.pdf, page 148>
 [152]
File: ../main.pdf Graphic file (type pdf)
<use ../main.pdf, page 149>
File: ../main.pdf Graphic file (type pdf)
<use ../main.pdf, page 149>
File: ../main.pdf Graphic file (type pdf)
<use ../main.pdf, page 149>
 [153]
File: ../main.pdf Graphic file (type pdf)
<use ../main.pdf, page 150>
File: ../main.pdf Graphic file (type pdf)
<use ../main.pdf, page 150>
File: ../main.pdf Graphic file (type pdf)
<use ../main.pdf, page 150>
 [154]
File: ../main.pdf Graphic file (type pdf)
<use ../main.pdf, page 151>
File: ../main.pdf Graphic file (type pdf)
<use ../main.pdf, page 151>
File: ../main.pdf Graphic file (type pdf)
<use ../main.pdf, page 151>

[155]
File: ../main.pdf Graphic file (type pdf)
<use ../main.pdf, page 152>
File: ../main.pdf Graphic file (type pdf)
<use ../main.pdf, page 152>
File: ../main.pdf Graphic file (type pdf)
<use ../main.pdf, page 152>
 [156]
File: ../main.pdf Graphic file (type pdf)
<use ../main.pdf, page 153>
File: ../main.pdf Graphic file (type pdf)
<use ../main.pdf, page 153>
File: ../main.pdf Graphic file (type pdf)
<use ../main.pdf, page 153>
 [157]
File: ../main.pdf Graphic file (type pdf)
<use ../main.pdf, page 154>
File: ../main.pdf Graphic file (type pdf)
<use ../main.pdf, page 154>
File: ../main.pdf Graphic file (type pdf)
<use ../main.pdf, page 154>
 [158]
File: ../main.pdf Graphic file (type pdf)
<use ../main.pdf, page 155>
File: ../main.pdf Graphic file (type pdf)
<use ../main.pdf, page 155>
File: ../main.pdf Graphic file (type pdf)
<use ../main.pdf, page 155>
 [159]
File: ../main.pdf Graphic file (type pdf)
<use ../main.pdf, page 156>
File: ../main.pdf Graphic file (type pdf)
<use ../main.pdf, page 156>
File: ../main.pdf Graphic file (type pdf)
<use ../main.pdf, page 156>
 [160]
File: ../main.pdf Graphic file (type pdf)
<use ../main.pdf, page 157>
File: ../main.pdf Graphic file (type pdf)
<use ../main.pdf, page 157>
File: ../main.pdf Graphic file (type pdf)
<use ../main.pdf, page 157>
 [161]
File: ../main.pdf Graphic file (type pdf)
<use ../main.pdf, page 158>
File: ../main.pdf Graphic file (type pdf)
<use ../main.pdf, page 158>
File: ../main.pdf Graphic file (type pdf)
<use ../main.pdf, page 158>
 [162]
File: ../main.pdf Graphic file (type pdf)
<use ../main.pdf, page 159>
File: ../main.pdf Graphic file (type pdf)
<use ../main.pdf, page 159>
File: ../main.pdf Graphic file (type pdf)
<use ../main.pdf, page 159>
 [163]
File: ../main.pdf Graphic file (type pdf)
<use ../main.pdf, page 160>
File: ../main.pdf Graphic file (type pdf)
<use ../main.pdf, page 160>
File: ../main.pdf Graphic file (type pdf)
<use ../main.pdf, page 160>
 [164]
File: ../main.pdf Graphic file (type pdf)
<use ../main.pdf, page 161>
File: ../main.pdf Graphic file (type pdf)
<use ../main.pdf, page 161>
File: ../main.pdf Graphic file (type pdf)
<use ../main.pdf, page 161>
 [165]
File: ../main.pdf Graphic file (type pdf)
<use ../main.pdf, page 162>
File: ../main.pdf Graphic file (type pdf)
<use ../main.pdf, page 162>
File: ../main.pdf Graphic file (type pdf)
<use ../main.pdf, page 162>
 [166]
File: ../main.pdf Graphic file (type pdf)
<use ../main.pdf, page 163>
File: ../main.pdf Graphic file (type pdf)
<use ../main.pdf, page 163>
File: ../main.pdf Graphic file (type pdf)
<use ../main.pdf, page 163>

[167]
File: ../main.pdf Graphic file (type pdf)
<use ../main.pdf, page 164>
File: ../main.pdf Graphic file (type pdf)
<use ../main.pdf, page 164>
File: ../main.pdf Graphic file (type pdf)
<use ../main.pdf, page 164>
 [168]
File: ../main.pdf Graphic file (type pdf)
<use ../main.pdf, page 165>
File: ../main.pdf Graphic file (type pdf)
<use ../main.pdf, page 165>
File: ../main.pdf Graphic file (type pdf)
<use ../main.pdf, page 165>
 [169]
File: ../main.pdf Graphic file (type pdf)
<use ../main.pdf, page 166>
File: ../main.pdf Graphic file (type pdf)
<use ../main.pdf, page 166>
File: ../main.pdf Graphic file (type pdf)
<use ../main.pdf, page 166>
 [170]
File: ../main.pdf Graphic file (type pdf)
<use ../main.pdf, page 167>
File: ../main.pdf Graphic file (type pdf)
<use ../main.pdf, page 167>
File: ../main.pdf Graphic file (type pdf)
<use ../main.pdf, page 167>
 [171]
File: ../main.pdf Graphic file (type pdf)
<use ../main.pdf, page 168>
File: ../main.pdf Graphic file (type pdf)
<use ../main.pdf, page 168>
File: ../main.pdf Graphic file (type pdf)
<use ../main.pdf, page 168>
 [172]
File: ../main.pdf Graphic file (type pdf)
<use ../main.pdf, page 169>
File: ../main.pdf Graphic file (type pdf)
<use ../main.pdf, page 169>
File: ../main.pdf Graphic file (type pdf)
<use ../main.pdf, page 169>
 [173]
File: ../main.pdf Graphic file (type pdf)
<use ../main.pdf, page 170>
File: ../main.pdf Graphic file (type pdf)
<use ../main.pdf, page 170>
File: ../main.pdf Graphic file (type pdf)
<use ../main.pdf, page 170>
 [174]
File: ../main.pdf Graphic file (type pdf)
<use ../main.pdf, page 171>
File: ../main.pdf Graphic file (type pdf)
<use ../main.pdf, page 171>
File: ../main.pdf Graphic file (type pdf)
<use ../main.pdf, page 171>
 [175]
File: ../main.pdf Graphic file (type pdf)
<use ../main.pdf, page 172>
File: ../main.pdf Graphic file (type pdf)
<use ../main.pdf, page 172>
File: ../main.pdf Graphic file (type pdf)
<use ../main.pdf, page 172>
 [176]
File: ../main.pdf Graphic file (type pdf)
<use ../main.pdf, page 173>
File: ../main.pdf Graphic file (type pdf)
<use ../main.pdf, page 173>
File: ../main.pdf Graphic file (type pdf)
<use ../main.pdf, page 173>
 [177]
File: ../main.pdf Graphic file (type pdf)
<use ../main.pdf, page 174>
File: ../main.pdf Graphic file (type pdf)
<use ../main.pdf, page 174>
File: ../main.pdf Graphic file (type pdf)
<use ../main.pdf, page 174>
 [178]
File: ../main.pdf Graphic file (type pdf)
<use ../main.pdf, page 175>
File: ../main.pdf Graphic file (type pdf)
<use ../main.pdf, page 175>
File: ../main.pdf Graphic file (type pdf)
<use ../main.pdf, page 175>

[179]
File: ../main.pdf Graphic file (type pdf)
<use ../main.pdf, page 176>
File: ../main.pdf Graphic file (type pdf)
<use ../main.pdf, page 176>
File: ../main.pdf Graphic file (type pdf)
<use ../main.pdf, page 176>
 [180]
File: ../main.pdf Graphic file (type pdf)
<use ../main.pdf, page 177>
File: ../main.pdf Graphic file (type pdf)
<use ../main.pdf, page 177>
File: ../main.pdf Graphic file (type pdf)
<use ../main.pdf, page 177>
 [181]
File: ../main.pdf Graphic file (type pdf)
<use ../main.pdf, page 178>
File: ../main.pdf Graphic file (type pdf)
<use ../main.pdf, page 178>
File: ../main.pdf Graphic file (type pdf)
<use ../main.pdf, page 178>
 [182]
File: ../main.pdf Graphic file (type pdf)
<use ../main.pdf, page 179>
File: ../main.pdf Graphic file (type pdf)
<use ../main.pdf, page 179>
File: ../main.pdf Graphic file (type pdf)
<use ../main.pdf, page 179>
 [183]
File: ../main.pdf Graphic file (type pdf)
<use ../main.pdf, page 180>
File: ../main.pdf Graphic file (type pdf)
<use ../main.pdf, page 180>
File: ../main.pdf Graphic file (type pdf)
<use ../main.pdf, page 180>
 [184]
File: ../main.pdf Graphic file (type pdf)
<use ../main.pdf, page 181>
File: ../main.pdf Graphic file (type pdf)
<use ../main.pdf, page 181>
File: ../main.pdf Graphic file (type pdf)
<use ../main.pdf, page 181>
 [185]
File: ../main.pdf Graphic file (type pdf)
<use ../main.pdf, page 182>
File: ../main.pdf Graphic file (type pdf)
<use ../main.pdf, page 182>
File: ../main.pdf Graphic file (type pdf)
<use ../main.pdf, page 182>
 [186]
File: ../main.pdf Graphic file (type pdf)
<use ../main.pdf, page 183>
File: ../main.pdf Graphic file (type pdf)
<use ../main.pdf, page 183>
File: ../main.pdf Graphic file (type pdf)
<use ../main.pdf, page 183>
 [187]
File: ../main.pdf Graphic file (type pdf)
<use ../main.pdf, page 184>
File: ../main.pdf Graphic file (type pdf)
<use ../main.pdf, page 184>
File: ../main.pdf Graphic file (type pdf)
<use ../main.pdf, page 184>
 [188]
File: ../main.pdf Graphic file (type pdf)
<use ../main.pdf, page 185>
File: ../main.pdf Graphic file (type pdf)
<use ../main.pdf, page 185>
File: ../main.pdf Graphic file (type pdf)
<use ../main.pdf, page 185>
 [189]
File: ../main.pdf Graphic file (type pdf)
<use ../main.pdf, page 186>
File: ../main.pdf Graphic file (type pdf)
<use ../main.pdf, page 186>
File: ../main.pdf Graphic file (type pdf)
<use ../main.pdf, page 186>
 [190]
File: ../main.pdf Graphic file (type pdf)
<use ../main.pdf, page 187>
File: ../main.pdf Graphic file (type pdf)
<use ../main.pdf, page 187>
File: ../main.pdf Graphic file (type pdf)
<use ../main.pdf, page 187>

[191]
File: ../main.pdf Graphic file (type pdf)
<use ../main.pdf, page 188>
File: ../main.pdf Graphic file (type pdf)
<use ../main.pdf, page 188>
File: ../main.pdf Graphic file (type pdf)
<use ../main.pdf, page 188>
 [192]
File: ../main.pdf Graphic file (type pdf)
<use ../main.pdf, page 189>
File: ../main.pdf Graphic file (type pdf)
<use ../main.pdf, page 189>
File: ../main.pdf Graphic file (type pdf)
<use ../main.pdf, page 189>
 [193]
File: ../main.pdf Graphic file (type pdf)
<use ../main.pdf, page 190>
File: ../main.pdf Graphic file (type pdf)
<use ../main.pdf, page 190>
File: ../main.pdf Graphic file (type pdf)
<use ../main.pdf, page 190>
 [194]
File: ../main.pdf Graphic file (type pdf)
<use ../main.pdf, page 191>
File: ../main.pdf Graphic file (type pdf)
<use ../main.pdf, page 191>
File: ../main.pdf Graphic file (type pdf)
<use ../main.pdf, page 191>
 [195]
File: ../main.pdf Graphic file (type pdf)
<use ../main.pdf, page 192>
File: ../main.pdf Graphic file (type pdf)
<use ../main.pdf, page 192>
File: ../main.pdf Graphic file (type pdf)
<use ../main.pdf, page 192>
 [196]
File: ../main.pdf Graphic file (type pdf)
<use ../main.pdf, page 193>
File: ../main.pdf Graphic file (type pdf)
<use ../main.pdf, page 193>
File: ../main.pdf Graphic file (type pdf)
<use ../main.pdf, page 193>
 [197]
File: ../main.pdf Graphic file (type pdf)
<use ../main.pdf, page 194>
File: ../main.pdf Graphic file (type pdf)
<use ../main.pdf, page 194>
File: ../main.pdf Graphic file (type pdf)
<use ../main.pdf, page 194>
 [198]
File: ../main.pdf Graphic file (type pdf)
<use ../main.pdf, page 195>
File: ../main.pdf Graphic file (type pdf)
<use ../main.pdf, page 195>
File: ../main.pdf Graphic file (type pdf)
<use ../main.pdf, page 195>
 [199]
File: ../main.pdf Graphic file (type pdf)
<use ../main.pdf, page 196>
File: ../main.pdf Graphic file (type pdf)
<use ../main.pdf, page 196>
File: ../main.pdf Graphic file (type pdf)
<use ../main.pdf, page 196>
 [200]
File: ../main.pdf Graphic file (type pdf)
<use ../main.pdf, page 197>
File: ../main.pdf Graphic file (type pdf)
<use ../main.pdf, page 197>
File: ../main.pdf Graphic file (type pdf)
<use ../main.pdf, page 197>
 [201]
File: ../main.pdf Graphic file (type pdf)
<use ../main.pdf, page 198>
File: ../main.pdf Graphic file (type pdf)
<use ../main.pdf, page 198>
File: ../main.pdf Graphic file (type pdf)
<use ../main.pdf, page 198>
 [202]
File: ../main.pdf Graphic file (type pdf)
<use ../main.pdf, page 199>
File: ../main.pdf Graphic file (type pdf)
<use ../main.pdf, page 199>
File: ../main.pdf Graphic file (type pdf)
<use ../main.pdf, page 199>

[203]
File: ../main.pdf Graphic file (type pdf)
<use ../main.pdf, page 200>
File: ../main.pdf Graphic file (type pdf)
<use ../main.pdf, page 200>
File: ../main.pdf Graphic file (type pdf)
<use ../main.pdf, page 200>
 [204]
File: ../main.pdf Graphic file (type pdf)
<use ../main.pdf, page 201>
File: ../main.pdf Graphic file (type pdf)
<use ../main.pdf, page 201>
File: ../main.pdf Graphic file (type pdf)
<use ../main.pdf, page 201>
 [205]
File: ../main.pdf Graphic file (type pdf)
<use ../main.pdf, page 202>
File: ../main.pdf Graphic file (type pdf)
<use ../main.pdf, page 202>
File: ../main.pdf Graphic file (type pdf)
<use ../main.pdf, page 202>
 [206]
File: ../main.pdf Graphic file (type pdf)
<use ../main.pdf, page 203>
File: ../main.pdf Graphic file (type pdf)
<use ../main.pdf, page 203>
File: ../main.pdf Graphic file (type pdf)
<use ../main.pdf, page 203>
 [207]
File: ../main.pdf Graphic file (type pdf)
<use ../main.pdf, page 204>
File: ../main.pdf Graphic file (type pdf)
<use ../main.pdf, page 204>
File: ../main.pdf Graphic file (type pdf)
<use ../main.pdf, page 204>
 [208]
File: ../main.pdf Graphic file (type pdf)
<use ../main.pdf, page 205>
File: ../main.pdf Graphic file (type pdf)
<use ../main.pdf, page 205>
File: ../main.pdf Graphic file (type pdf)
<use ../main.pdf, page 205>
 [209]
File: ../main.pdf Graphic file (type pdf)
<use ../main.pdf, page 206>
File: ../main.pdf Graphic file (type pdf)
<use ../main.pdf, page 206>
File: ../main.pdf Graphic file (type pdf)
<use ../main.pdf, page 206>
 [210]
File: ../main.pdf Graphic file (type pdf)
<use ../main.pdf, page 207>
File: ../main.pdf Graphic file (type pdf)
<use ../main.pdf, page 207>
File: ../main.pdf Graphic file (type pdf)
<use ../main.pdf, page 207>
 [211]
File: ../main.pdf Graphic file (type pdf)
<use ../main.pdf, page 208>
File: ../main.pdf Graphic file (type pdf)
<use ../main.pdf, page 208>
File: ../main.pdf Graphic file (type pdf)
<use ../main.pdf, page 208>
 [212]
File: ../main.pdf Graphic file (type pdf)
<use ../main.pdf, page 209>
File: ../main.pdf Graphic file (type pdf)
<use ../main.pdf, page 209>
File: ../main.pdf Graphic file (type pdf)
<use ../main.pdf, page 209>
 [213]
File: ../main.pdf Graphic file (type pdf)
<use ../main.pdf, page 210>
File: ../main.pdf Graphic file (type pdf)
<use ../main.pdf, page 210>
File: ../main.pdf Graphic file (type pdf)
<use ../main.pdf, page 210>
 [214]
File: ../main.pdf Graphic file (type pdf)
<use ../main.pdf, page 211>
File: ../main.pdf Graphic file (type pdf)
<use ../main.pdf, page 211>
File: ../main.pdf Graphic file (type pdf)
<use ../main.pdf, page 211>

[215]
File: ../main.pdf Graphic file (type pdf)
<use ../main.pdf, page 212>
File: ../main.pdf Graphic file (type pdf)
<use ../main.pdf, page 212>
File: ../main.pdf Graphic file (type pdf)
<use ../main.pdf, page 212>
 [216]
File: ../main.pdf Graphic file (type pdf)
<use ../main.pdf, page 213>
File: ../main.pdf Graphic file (type pdf)
<use ../main.pdf, page 213>
File: ../main.pdf Graphic file (type pdf)
<use ../main.pdf, page 213>
 [217]
File: ../main.pdf Graphic file (type pdf)
<use ../main.pdf, page 214>
File: ../main.pdf Graphic file (type pdf)
<use ../main.pdf, page 214>
File: ../main.pdf Graphic file (type pdf)
<use ../main.pdf, page 214>
 [218]
File: ../main.pdf Graphic file (type pdf)
<use ../main.pdf, page 215>
File: ../main.pdf Graphic file (type pdf)
<use ../main.pdf, page 215>
File: ../main.pdf Graphic file (type pdf)
<use ../main.pdf, page 215>
 [219]
File: ../main.pdf Graphic file (type pdf)
<use ../main.pdf, page 216>
File: ../main.pdf Graphic file (type pdf)
<use ../main.pdf, page 216>
File: ../main.pdf Graphic file (type pdf)
<use ../main.pdf, page 216>
 [220]
File: ../main.pdf Graphic file (type pdf)
<use ../main.pdf, page 217>
File: ../main.pdf Graphic file (type pdf)
<use ../main.pdf, page 217>
File: ../main.pdf Graphic file (type pdf)
<use ../main.pdf, page 217>
 [221]
File: ../main.pdf Graphic file (type pdf)
<use ../main.pdf, page 218>
File: ../main.pdf Graphic file (type pdf)
<use ../main.pdf, page 218>
File: ../main.pdf Graphic file (type pdf)
<use ../main.pdf, page 218>
 [222]
File: ../main.pdf Graphic file (type pdf)
<use ../main.pdf, page 219>
File: ../main.pdf Graphic file (type pdf)
<use ../main.pdf, page 219>
File: ../main.pdf Graphic file (type pdf)
<use ../main.pdf, page 219>
 [223]
File: ../main.pdf Graphic file (type pdf)
<use ../main.pdf, page 220>
File: ../main.pdf Graphic file (type pdf)
<use ../main.pdf, page 220>
File: ../main.pdf Graphic file (type pdf)
<use ../main.pdf, page 220>
 [224]
File: ../main.pdf Graphic file (type pdf)
<use ../main.pdf, page 221>
File: ../main.pdf Graphic file (type pdf)
<use ../main.pdf, page 221>
File: ../main.pdf Graphic file (type pdf)
<use ../main.pdf, page 221>
 [225]
File: ../main.pdf Graphic file (type pdf)
<use ../main.pdf, page 222>
File: ../main.pdf Graphic file (type pdf)
<use ../main.pdf, page 222>
File: ../main.pdf Graphic file (type pdf)
<use ../main.pdf, page 222>
 [226]
File: ../main.pdf Graphic file (type pdf)
<use ../main.pdf, page 223>
File: ../main.pdf Graphic file (type pdf)
<use ../main.pdf, page 223>
File: ../main.pdf Graphic file (type pdf)
<use ../main.pdf, page 223>

[227]
File: ../main.pdf Graphic file (type pdf)
<use ../main.pdf, page 224>
File: ../main.pdf Graphic file (type pdf)
<use ../main.pdf, page 224>
File: ../main.pdf Graphic file (type pdf)
<use ../main.pdf, page 224>
 [228]
File: ../main.pdf Graphic file (type pdf)
<use ../main.pdf, page 225>
File: ../main.pdf Graphic file (type pdf)
<use ../main.pdf, page 225>
File: ../main.pdf Graphic file (type pdf)
<use ../main.pdf, page 225>
 [229]
File: ../main.pdf Graphic file (type pdf)
<use ../main.pdf, page 226>
File: ../main.pdf Graphic file (type pdf)
<use ../main.pdf, page 226>
File: ../main.pdf Graphic file (type pdf)
<use ../main.pdf, page 226>
 [230]
File: ../main.pdf Graphic file (type pdf)
<use ../main.pdf, page 227>
File: ../main.pdf Graphic file (type pdf)
<use ../main.pdf, page 227>
File: ../main.pdf Graphic file (type pdf)
<use ../main.pdf, page 227>
 [231]
File: ../main.pdf Graphic file (type pdf)
<use ../main.pdf, page 228>
File: ../main.pdf Graphic file (type pdf)
<use ../main.pdf, page 228>
File: ../main.pdf Graphic file (type pdf)
<use ../main.pdf, page 228>
 [232]
File: ../main.pdf Graphic file (type pdf)
<use ../main.pdf, page 229>
File: ../main.pdf Graphic file (type pdf)
<use ../main.pdf, page 229>
File: ../main.pdf Graphic file (type pdf)
<use ../main.pdf, page 229>
 [233]
File: ../main.pdf Graphic file (type pdf)
<use ../main.pdf, page 230>
File: ../main.pdf Graphic file (type pdf)
<use ../main.pdf, page 230>
File: ../main.pdf Graphic file (type pdf)
<use ../main.pdf, page 230>
 [234]
File: ../main.pdf Graphic file (type pdf)
<use ../main.pdf, page 231>
File: ../main.pdf Graphic file (type pdf)
<use ../main.pdf, page 231>
File: ../main.pdf Graphic file (type pdf)
<use ../main.pdf, page 231>
 [235]
File: ../main.pdf Graphic file (type pdf)
<use ../main.pdf, page 232>
File: ../main.pdf Graphic file (type pdf)
<use ../main.pdf, page 232>
File: ../main.pdf Graphic file (type pdf)
<use ../main.pdf, page 232>
 [236]
File: ../main.pdf Graphic file (type pdf)
<use ../main.pdf, page 233>
File: ../main.pdf Graphic file (type pdf)
<use ../main.pdf, page 233>
File: ../main.pdf Graphic file (type pdf)
<use ../main.pdf, page 233>
 [237]
File: ../main.pdf Graphic file (type pdf)
<use ../main.pdf, page 234>
File: ../main.pdf Graphic file (type pdf)
<use ../main.pdf, page 234>
File: ../main.pdf Graphic file (type pdf)
<use ../main.pdf, page 234>
 [238]
File: ../main.pdf Graphic file (type pdf)
<use ../main.pdf, page 235>
File: ../main.pdf Graphic file (type pdf)
<use ../main.pdf, page 235>
File: ../main.pdf Graphic file (type pdf)
<use ../main.pdf, page 235>

[239]
File: ../main.pdf Graphic file (type pdf)
<use ../main.pdf, page 236>
File: ../main.pdf Graphic file (type pdf)
<use ../main.pdf, page 236>
File: ../main.pdf Graphic file (type pdf)
<use ../main.pdf, page 236>
 [240]
File: ../main.pdf Graphic file (type pdf)
<use ../main.pdf, page 237>
File: ../main.pdf Graphic file (type pdf)
<use ../main.pdf, page 237>
File: ../main.pdf Graphic file (type pdf)
<use ../main.pdf, page 237>
 [241]
File: ../main.pdf Graphic file (type pdf)
<use ../main.pdf, page 238>
File: ../main.pdf Graphic file (type pdf)
<use ../main.pdf, page 238>
File: ../main.pdf Graphic file (type pdf)
<use ../main.pdf, page 238>
 [242]
File: ../main.pdf Graphic file (type pdf)
<use ../main.pdf, page 239>
File: ../main.pdf Graphic file (type pdf)
<use ../main.pdf, page 239>
File: ../main.pdf Graphic file (type pdf)
<use ../main.pdf, page 239>
 [243]
File: ../main.pdf Graphic file (type pdf)
<use ../main.pdf, page 240>
File: ../main.pdf Graphic file (type pdf)
<use ../main.pdf, page 240>
File: ../main.pdf Graphic file (type pdf)
<use ../main.pdf, page 240>
 [244]
File: ../main.pdf Graphic file (type pdf)
<use ../main.pdf, page 241>
File: ../main.pdf Graphic file (type pdf)
<use ../main.pdf, page 241>
File: ../main.pdf Graphic file (type pdf)
<use ../main.pdf, page 241>
 [245]
File: ../main.pdf Graphic file (type pdf)
<use ../main.pdf, page 242>
File: ../main.pdf Graphic file (type pdf)
<use ../main.pdf, page 242>
File: ../main.pdf Graphic file (type pdf)
<use ../main.pdf, page 242>
 [246]
File: ../main.pdf Graphic file (type pdf)
<use ../main.pdf, page 243>
File: ../main.pdf Graphic file (type pdf)
<use ../main.pdf, page 243>
File: ../main.pdf Graphic file (type pdf)
<use ../main.pdf, page 243>
 [247]
File: ../main.pdf Graphic file (type pdf)
<use ../main.pdf, page 244>
File: ../main.pdf Graphic file (type pdf)
<use ../main.pdf, page 244>
File: ../main.pdf Graphic file (type pdf)
<use ../main.pdf, page 244>
 [248]
File: ../main.pdf Graphic file (type pdf)
<use ../main.pdf, page 245>
File: ../main.pdf Graphic file (type pdf)
<use ../main.pdf, page 245>
File: ../main.pdf Graphic file (type pdf)
<use ../main.pdf, page 245>
 [249]
File: ../main.pdf Graphic file (type pdf)
<use ../main.pdf, page 246>
File: ../main.pdf Graphic file (type pdf)
<use ../main.pdf, page 246>
File: ../main.pdf Graphic file (type pdf)
<use ../main.pdf, page 246>
 [250]
File: ../main.pdf Graphic file (type pdf)
<use ../main.pdf, page 247>
File: ../main.pdf Graphic file (type pdf)
<use ../main.pdf, page 247>
File: ../main.pdf Graphic file (type pdf)
<use ../main.pdf, page 247>

[251]
File: ../main.pdf Graphic file (type pdf)
<use ../main.pdf, page 248>
File: ../main.pdf Graphic file (type pdf)
<use ../main.pdf, page 248>
File: ../main.pdf Graphic file (type pdf)
<use ../main.pdf, page 248>
 [252]
File: ../main.pdf Graphic file (type pdf)
<use ../main.pdf, page 249>
File: ../main.pdf Graphic file (type pdf)
<use ../main.pdf, page 249>
File: ../main.pdf Graphic file (type pdf)
<use ../main.pdf, page 249>
 [253]
File: ../main.pdf Graphic file (type pdf)
<use ../main.pdf, page 250>
File: ../main.pdf Graphic file (type pdf)
<use ../main.pdf, page 250>
File: ../main.pdf Graphic file (type pdf)
<use ../main.pdf, page 250>
 [254]
File: ../main.pdf Graphic file (type pdf)
<use ../main.pdf, page 251>
File: ../main.pdf Graphic file (type pdf)
<use ../main.pdf, page 251>
File: ../main.pdf Graphic file (type pdf)
<use ../main.pdf, page 251>
 [255]
File: ../main.pdf Graphic file (type pdf)
<use ../main.pdf, page 252>
File: ../main.pdf Graphic file (type pdf)
<use ../main.pdf, page 252>
File: ../main.pdf Graphic file (type pdf)
<use ../main.pdf, page 252>
 [256]
File: ../main.pdf Graphic file (type pdf)
<use ../main.pdf, page 253>
File: ../main.pdf Graphic file (type pdf)
<use ../main.pdf, page 253>
File: ../main.pdf Graphic file (type pdf)
<use ../main.pdf, page 253>
 [257]
File: ../main.pdf Graphic file (type pdf)
<use ../main.pdf, page 254>
File: ../main.pdf Graphic file (type pdf)
<use ../main.pdf, page 254>
File: ../main.pdf Graphic file (type pdf)
<use ../main.pdf, page 254>
 [258]
File: ../main.pdf Graphic file (type pdf)
<use ../main.pdf, page 255>
File: ../main.pdf Graphic file (type pdf)
<use ../main.pdf, page 255>
File: ../main.pdf Graphic file (type pdf)
<use ../main.pdf, page 255>
 [259]
File: ../main.pdf Graphic file (type pdf)
<use ../main.pdf, page 256>
File: ../main.pdf Graphic file (type pdf)
<use ../main.pdf, page 256>
File: ../main.pdf Graphic file (type pdf)
<use ../main.pdf, page 256>
 [260]
File: ../main.pdf Graphic file (type pdf)
<use ../main.pdf, page 257>
File: ../main.pdf Graphic file (type pdf)
<use ../main.pdf, page 257>
File: ../main.pdf Graphic file (type pdf)
<use ../main.pdf, page 257>
 [261]
File: ../main.pdf Graphic file (type pdf)
<use ../main.pdf, page 258>
File: ../main.pdf Graphic file (type pdf)
<use ../main.pdf, page 258>
File: ../main.pdf Graphic file (type pdf)
<use ../main.pdf, page 258>
 [262]
File: ../main.pdf Graphic file (type pdf)
<use ../main.pdf, page 259>
File: ../main.pdf Graphic file (type pdf)
<use ../main.pdf, page 259>
File: ../main.pdf Graphic file (type pdf)
<use ../main.pdf, page 259>

[263]
File: ../main.pdf Graphic file (type pdf)
<use ../main.pdf, page 260>
File: ../main.pdf Graphic file (type pdf)
<use ../main.pdf, page 260>
File: ../main.pdf Graphic file (type pdf)
<use ../main.pdf, page 260>
 [264]
File: ../main.pdf Graphic file (type pdf)
<use ../main.pdf, page 261>
File: ../main.pdf Graphic file (type pdf)
<use ../main.pdf, page 261>
File: ../main.pdf Graphic file (type pdf)
<use ../main.pdf, page 261>
 [265]
File: ../main.pdf Graphic file (type pdf)
<use ../main.pdf, page 262>
File: ../main.pdf Graphic file (type pdf)
<use ../main.pdf, page 262>
File: ../main.pdf Graphic file (type pdf)
<use ../main.pdf, page 262>
 [266]
File: ../main.pdf Graphic file (type pdf)
<use ../main.pdf, page 263>
File: ../main.pdf Graphic file (type pdf)
<use ../main.pdf, page 263>
File: ../main.pdf Graphic file (type pdf)
<use ../main.pdf, page 263>
 [267]
File: ../main.pdf Graphic file (type pdf)
<use ../main.pdf, page 264>
File: ../main.pdf Graphic file (type pdf)
<use ../main.pdf, page 264>
File: ../main.pdf Graphic file (type pdf)
<use ../main.pdf, page 264>
 [268]
File: ../main.pdf Graphic file (type pdf)
<use ../main.pdf, page 265>
File: ../main.pdf Graphic file (type pdf)
<use ../main.pdf, page 265>
File: ../main.pdf Graphic file (type pdf)
<use ../main.pdf, page 265>
 [269]
File: ../main.pdf Graphic file (type pdf)
<use ../main.pdf, page 266>
File: ../main.pdf Graphic file (type pdf)
<use ../main.pdf, page 266>
File: ../main.pdf Graphic file (type pdf)
<use ../main.pdf, page 266>
 [270]
File: ../main.pdf Graphic file (type pdf)
<use ../main.pdf, page 267>
File: ../main.pdf Graphic file (type pdf)
<use ../main.pdf, page 267>
File: ../main.pdf Graphic file (type pdf)
<use ../main.pdf, page 267>
 [271]
File: ../main.pdf Graphic file (type pdf)
<use ../main.pdf, page 268>
File: ../main.pdf Graphic file (type pdf)
<use ../main.pdf, page 268>
File: ../main.pdf Graphic file (type pdf)
<use ../main.pdf, page 268>
 [272]
File: ../main.pdf Graphic file (type pdf)
<use ../main.pdf, page 269>
File: ../main.pdf Graphic file (type pdf)
<use ../main.pdf, page 269>
File: ../main.pdf Graphic file (type pdf)
<use ../main.pdf, page 269>
 [273]
File: ../main.pdf Graphic file (type pdf)
<use ../main.pdf, page 270>
File: ../main.pdf Graphic file (type pdf)
<use ../main.pdf, page 270>
File: ../main.pdf Graphic file (type pdf)
<use ../main.pdf, page 270>
 [274]
File: ../main.pdf Graphic file (type pdf)
<use ../main.pdf, page 271>
File: ../main.pdf Graphic file (type pdf)
<use ../main.pdf, page 271>
File: ../main.pdf Graphic file (type pdf)
<use ../main.pdf, page 271>

[275]
File: ../main.pdf Graphic file (type pdf)
<use ../main.pdf, page 272>
File: ../main.pdf Graphic file (type pdf)
<use ../main.pdf, page 272>
File: ../main.pdf Graphic file (type pdf)
<use ../main.pdf, page 272>
 [276]
File: ../main.pdf Graphic file (type pdf)
<use ../main.pdf, page 273>
File: ../main.pdf Graphic file (type pdf)
<use ../main.pdf, page 273>
File: ../main.pdf Graphic file (type pdf)
<use ../main.pdf, page 273>
 [277]
File: ../main.pdf Graphic file (type pdf)
<use ../main.pdf, page 274>
File: ../main.pdf Graphic file (type pdf)
<use ../main.pdf, page 274>
File: ../main.pdf Graphic file (type pdf)
<use ../main.pdf, page 274>
 [278]
File: ../main.pdf Graphic file (type pdf)
<use ../main.pdf, page 275>
File: ../main.pdf Graphic file (type pdf)
<use ../main.pdf, page 275>
File: ../main.pdf Graphic file (type pdf)
<use ../main.pdf, page 275>
 [279]
File: ../main.pdf Graphic file (type pdf)
<use ../main.pdf, page 276>
File: ../main.pdf Graphic file (type pdf)
<use ../main.pdf, page 276>
File: ../main.pdf Graphic file (type pdf)
<use ../main.pdf, page 276>
 [280]
File: ../main.pdf Graphic file (type pdf)
<use ../main.pdf, page 277>
File: ../main.pdf Graphic file (type pdf)
<use ../main.pdf, page 277>
File: ../main.pdf Graphic file (type pdf)
<use ../main.pdf, page 277>
 [281]
File: ../main.pdf Graphic file (type pdf)
<use ../main.pdf, page 278>
File: ../main.pdf Graphic file (type pdf)
<use ../main.pdf, page 278>
File: ../main.pdf Graphic file (type pdf)
<use ../main.pdf, page 278>
 [282]
File: ../main.pdf Graphic file (type pdf)
<use ../main.pdf, page 279>
File: ../main.pdf Graphic file (type pdf)
<use ../main.pdf, page 279>
File: ../main.pdf Graphic file (type pdf)
<use ../main.pdf, page 279>
 [283]
File: ../main.pdf Graphic file (type pdf)
<use ../main.pdf, page 280>
File: ../main.pdf Graphic file (type pdf)
<use ../main.pdf, page 280>
File: ../main.pdf Graphic file (type pdf)
<use ../main.pdf, page 280>
 [284]
File: ../main.pdf Graphic file (type pdf)
<use ../main.pdf, page 281>
File: ../main.pdf Graphic file (type pdf)
<use ../main.pdf, page 281>
File: ../main.pdf Graphic file (type pdf)
<use ../main.pdf, page 281>
 [285]
File: ../main.pdf Graphic file (type pdf)
<use ../main.pdf, page 282>
File: ../main.pdf Graphic file (type pdf)
<use ../main.pdf, page 282>
File: ../main.pdf Graphic file (type pdf)
<use ../main.pdf, page 282>
 [286]
File: ../main.pdf Graphic file (type pdf)
<use ../main.pdf, page 283>
File: ../main.pdf Graphic file (type pdf)
<use ../main.pdf, page 283>
File: ../main.pdf Graphic file (type pdf)
<use ../main.pdf, page 283>

[287]
File: ../main.pdf Graphic file (type pdf)
<use ../main.pdf, page 284>
File: ../main.pdf Graphic file (type pdf)
<use ../main.pdf, page 284>
File: ../main.pdf Graphic file (type pdf)
<use ../main.pdf, page 284>
 [288]
File: ../main.pdf Graphic file (type pdf)
<use ../main.pdf, page 285>
File: ../main.pdf Graphic file (type pdf)
<use ../main.pdf, page 285>
File: ../main.pdf Graphic file (type pdf)
<use ../main.pdf, page 285>
 [289]
File: ../main.pdf Graphic file (type pdf)
<use ../main.pdf, page 286>
File: ../main.pdf Graphic file (type pdf)
<use ../main.pdf, page 286>
File: ../main.pdf Graphic file (type pdf)
<use ../main.pdf, page 286>
 [290]
File: ../main.pdf Graphic file (type pdf)
<use ../main.pdf, page 287>
File: ../main.pdf Graphic file (type pdf)
<use ../main.pdf, page 287>
File: ../main.pdf Graphic file (type pdf)
<use ../main.pdf, page 287>
 [291]
File: ../main.pdf Graphic file (type pdf)
<use ../main.pdf, page 288>
File: ../main.pdf Graphic file (type pdf)
<use ../main.pdf, page 288>
File: ../main.pdf Graphic file (type pdf)
<use ../main.pdf, page 288>
 [292]
File: ../main.pdf Graphic file (type pdf)
<use ../main.pdf, page 289>
File: ../main.pdf Graphic file (type pdf)
<use ../main.pdf, page 289>
File: ../main.pdf Graphic file (type pdf)
<use ../main.pdf, page 289>
 [293]
File: ../main.pdf Graphic file (type pdf)
<use ../main.pdf, page 290>
File: ../main.pdf Graphic file (type pdf)
<use ../main.pdf, page 290>
File: ../main.pdf Graphic file (type pdf)
<use ../main.pdf, page 290>
 [294]
File: ../main.pdf Graphic file (type pdf)
<use ../main.pdf, page 291>
File: ../main.pdf Graphic file (type pdf)
<use ../main.pdf, page 291>
File: ../main.pdf Graphic file (type pdf)
<use ../main.pdf, page 291>
 [295]
File: ../main.pdf Graphic file (type pdf)
<use ../main.pdf, page 292>
File: ../main.pdf Graphic file (type pdf)
<use ../main.pdf, page 292>
File: ../main.pdf Graphic file (type pdf)
<use ../main.pdf, page 292>
 [296]
File: ../main.pdf Graphic file (type pdf)
<use ../main.pdf, page 293>
File: ../main.pdf Graphic file (type pdf)
<use ../main.pdf, page 293>
File: ../main.pdf Graphic file (type pdf)
<use ../main.pdf, page 293>
 [297]
File: ../main.pdf Graphic file (type pdf)
<use ../main.pdf, page 294>
File: ../main.pdf Graphic file (type pdf)
<use ../main.pdf, page 294>
File: ../main.pdf Graphic file (type pdf)
<use ../main.pdf, page 294>
 [298]
File: ../main.pdf Graphic file (type pdf)
<use ../main.pdf, page 295>
File: ../main.pdf Graphic file (type pdf)
<use ../main.pdf, page 295>
File: ../main.pdf Graphic file (type pdf)
<use ../main.pdf, page 295>

[299]
File: ../main.pdf Graphic file (type pdf)
<use ../main.pdf, page 296>
File: ../main.pdf Graphic file (type pdf)
<use ../main.pdf, page 296>
File: ../main.pdf Graphic file (type pdf)
<use ../main.pdf, page 296>
 [300]
File: ../main.pdf Graphic file (type pdf)
<use ../main.pdf, page 297>
File: ../main.pdf Graphic file (type pdf)
<use ../main.pdf, page 297>
File: ../main.pdf Graphic file (type pdf)
<use ../main.pdf, page 297>
 [301]
File: ../main.pdf Graphic file (type pdf)
<use ../main.pdf, page 298>
File: ../main.pdf Graphic file (type pdf)
<use ../main.pdf, page 298>
File: ../main.pdf Graphic file (type pdf)
<use ../main.pdf, page 298>
 [302]
File: ../main.pdf Graphic file (type pdf)
<use ../main.pdf, page 299>
File: ../main.pdf Graphic file (type pdf)
<use ../main.pdf, page 299>
File: ../main.pdf Graphic file (type pdf)
<use ../main.pdf, page 299>
 [303]
File: ../main.pdf Graphic file (type pdf)
<use ../main.pdf, page 300>
File: ../main.pdf Graphic file (type pdf)
<use ../main.pdf, page 300>
File: ../main.pdf Graphic file (type pdf)
<use ../main.pdf, page 300>
 [304]
File: ../main.pdf Graphic file (type pdf)
<use ../main.pdf, page 301>
File: ../main.pdf Graphic file (type pdf)
<use ../main.pdf, page 301>
File: ../main.pdf Graphic file (type pdf)
<use ../main.pdf, page 301>
 [305]
File: ../main.pdf Graphic file (type pdf)
<use ../main.pdf, page 302>
File: ../main.pdf Graphic file (type pdf)
<use ../main.pdf, page 302>
File: ../main.pdf Graphic file (type pdf)
<use ../main.pdf, page 302>
 [306]
File: ../main.pdf Graphic file (type pdf)
<use ../main.pdf, page 303>
File: ../main.pdf Graphic file (type pdf)
<use ../main.pdf, page 303>
File: ../main.pdf Graphic file (type pdf)
<use ../main.pdf, page 303>
 [307]
File: ../main.pdf Graphic file (type pdf)
<use ../main.pdf, page 304>
File: ../main.pdf Graphic file (type pdf)
<use ../main.pdf, page 304>
File: ../main.pdf Graphic file (type pdf)
<use ../main.pdf, page 304>
 [308]
File: ../main.pdf Graphic file (type pdf)
<use ../main.pdf, page 305>
File: ../main.pdf Graphic file (type pdf)
<use ../main.pdf, page 305>
File: ../main.pdf Graphic file (type pdf)
<use ../main.pdf, page 305>
 [309]
File: ../main.pdf Graphic file (type pdf)
<use ../main.pdf, page 306>
File: ../main.pdf Graphic file (type pdf)
<use ../main.pdf, page 306>
File: ../main.pdf Graphic file (type pdf)
<use ../main.pdf, page 306>
 [310]
File: ../main.pdf Graphic file (type pdf)
<use ../main.pdf, page 307>
File: ../main.pdf Graphic file (type pdf)
<use ../main.pdf, page 307>
File: ../main.pdf Graphic file (type pdf)
<use ../main.pdf, page 307>

[311]
File: ../main.pdf Graphic file (type pdf)
<use ../main.pdf, page 308>
File: ../main.pdf Graphic file (type pdf)
<use ../main.pdf, page 308>
File: ../main.pdf Graphic file (type pdf)
<use ../main.pdf, page 308>
 [312]
File: ../main.pdf Graphic file (type pdf)
<use ../main.pdf, page 309>
File: ../main.pdf Graphic file (type pdf)
<use ../main.pdf, page 309>
File: ../main.pdf Graphic file (type pdf)
<use ../main.pdf, page 309>
 [313]
File: ../main.pdf Graphic file (type pdf)
<use ../main.pdf, page 310>
File: ../main.pdf Graphic file (type pdf)
<use ../main.pdf, page 310>
File: ../main.pdf Graphic file (type pdf)
<use ../main.pdf, page 310>
 [314]
File: ../main.pdf Graphic file (type pdf)
<use ../main.pdf, page 311>
File: ../main.pdf Graphic file (type pdf)
<use ../main.pdf, page 311>
File: ../main.pdf Graphic file (type pdf)
<use ../main.pdf, page 311>
 [315]
File: ../main.pdf Graphic file (type pdf)
<use ../main.pdf, page 312>
File: ../main.pdf Graphic file (type pdf)
<use ../main.pdf, page 312>
File: ../main.pdf Graphic file (type pdf)
<use ../main.pdf, page 312>
 [316]
File: ../main.pdf Graphic file (type pdf)
<use ../main.pdf, page 313>
File: ../main.pdf Graphic file (type pdf)
<use ../main.pdf, page 313>
File: ../main.pdf Graphic file (type pdf)
<use ../main.pdf, page 313>
 [317]
File: ../main.pdf Graphic file (type pdf)
<use ../main.pdf, page 314>
File: ../main.pdf Graphic file (type pdf)
<use ../main.pdf, page 314>
File: ../main.pdf Graphic file (type pdf)
<use ../main.pdf, page 314>
 [318]
File: ../main.pdf Graphic file (type pdf)
<use ../main.pdf, page 315>
File: ../main.pdf Graphic file (type pdf)
<use ../main.pdf, page 315>
File: ../main.pdf Graphic file (type pdf)
<use ../main.pdf, page 315>
 [319]
File: ../main.pdf Graphic file (type pdf)
<use ../main.pdf, page 316>
File: ../main.pdf Graphic file (type pdf)
<use ../main.pdf, page 316>
File: ../main.pdf Graphic file (type pdf)
<use ../main.pdf, page 316>
 [320]
File: ../main.pdf Graphic file (type pdf)
<use ../main.pdf, page 317>
File: ../main.pdf Graphic file (type pdf)
<use ../main.pdf, page 317>
File: ../main.pdf Graphic file (type pdf)
<use ../main.pdf, page 317>
 [321]
File: ../main.pdf Graphic file (type pdf)
<use ../main.pdf, page 318>
File: ../main.pdf Graphic file (type pdf)
<use ../main.pdf, page 318>
File: ../main.pdf Graphic file (type pdf)
<use ../main.pdf, page 318>
 [322]
File: ../main.pdf Graphic file (type pdf)
<use ../main.pdf, page 319>
File: ../main.pdf Graphic file (type pdf)
<use ../main.pdf, page 319>
File: ../main.pdf Graphic file (type pdf)
<use ../main.pdf, page 319>

[323]
File: ../main.pdf Graphic file (type pdf)
<use ../main.pdf, page 320>
File: ../main.pdf Graphic file (type pdf)
<use ../main.pdf, page 320>
File: ../main.pdf Graphic file (type pdf)
<use ../main.pdf, page 320>
 [324]
File: ../main.pdf Graphic file (type pdf)
<use ../main.pdf, page 321>
File: ../main.pdf Graphic file (type pdf)
<use ../main.pdf, page 321>
File: ../main.pdf Graphic file (type pdf)
<use ../main.pdf, page 321>
 [325]
File: ../main.pdf Graphic file (type pdf)
<use ../main.pdf, page 322>
File: ../main.pdf Graphic file (type pdf)
<use ../main.pdf, page 322>
File: ../main.pdf Graphic file (type pdf)
<use ../main.pdf, page 322>
 [326]
File: ../main.pdf Graphic file (type pdf)
<use ../main.pdf, page 323>
File: ../main.pdf Graphic file (type pdf)
<use ../main.pdf, page 323>
File: ../main.pdf Graphic file (type pdf)
<use ../main.pdf, page 323>
 [327]
File: ../main.pdf Graphic file (type pdf)
<use ../main.pdf, page 324>
File: ../main.pdf Graphic file (type pdf)
<use ../main.pdf, page 324>
File: ../main.pdf Graphic file (type pdf)
<use ../main.pdf, page 324>
 [328]
File: ../main.pdf Graphic file (type pdf)
<use ../main.pdf, page 325>
File: ../main.pdf Graphic file (type pdf)
<use ../main.pdf, page 325>
File: ../main.pdf Graphic file (type pdf)
<use ../main.pdf, page 325>
 [329]
File: ../main.pdf Graphic file (type pdf)
<use ../main.pdf, page 326>
File: ../main.pdf Graphic file (type pdf)
<use ../main.pdf, page 326>
File: ../main.pdf Graphic file (type pdf)
<use ../main.pdf, page 326>
 [330]
File: ../main.pdf Graphic file (type pdf)
<use ../main.pdf, page 327>
File: ../main.pdf Graphic file (type pdf)
<use ../main.pdf, page 327>
File: ../main.pdf Graphic file (type pdf)
<use ../main.pdf, page 327>
 [331]
File: ../main.pdf Graphic file (type pdf)
<use ../main.pdf, page 328>
File: ../main.pdf Graphic file (type pdf)
<use ../main.pdf, page 328>
File: ../main.pdf Graphic file (type pdf)
<use ../main.pdf, page 328>
 [332]
File: ../main.pdf Graphic file (type pdf)
<use ../main.pdf, page 329>
File: ../main.pdf Graphic file (type pdf)
<use ../main.pdf, page 329>
File: ../main.pdf Graphic file (type pdf)
<use ../main.pdf, page 329>
 [333]
File: ../main.pdf Graphic file (type pdf)
<use ../main.pdf, page 330>
File: ../main.pdf Graphic file (type pdf)
<use ../main.pdf, page 330>
File: ../main.pdf Graphic file (type pdf)
<use ../main.pdf, page 330>
 [334]
File: ../main.pdf Graphic file (type pdf)
<use ../main.pdf, page 331>
File: ../main.pdf Graphic file (type pdf)
<use ../main.pdf, page 331>
File: ../main.pdf Graphic file (type pdf)
<use ../main.pdf, page 331>

[335]
File: ../main.pdf Graphic file (type pdf)
<use ../main.pdf, page 332>
File: ../main.pdf Graphic file (type pdf)
<use ../main.pdf, page 332>
File: ../main.pdf Graphic file (type pdf)
<use ../main.pdf, page 332>
 [336]
File: ../main.pdf Graphic file (type pdf)
<use ../main.pdf, page 333>
File: ../main.pdf Graphic file (type pdf)
<use ../main.pdf, page 333>
File: ../main.pdf Graphic file (type pdf)
<use ../main.pdf, page 333>
 [337]
File: ../main.pdf Graphic file (type pdf)
<use ../main.pdf, page 334>
File: ../main.pdf Graphic file (type pdf)
<use ../main.pdf, page 334>
File: ../main.pdf Graphic file (type pdf)
<use ../main.pdf, page 334>
 [338]
File: ../main.pdf Graphic file (type pdf)
<use ../main.pdf, page 335>
File: ../main.pdf Graphic file (type pdf)
<use ../main.pdf, page 335>
File: ../main.pdf Graphic file (type pdf)
<use ../main.pdf, page 335>
 [339]
File: ../main.pdf Graphic file (type pdf)
<use ../main.pdf, page 336>
File: ../main.pdf Graphic file (type pdf)
<use ../main.pdf, page 336>
File: ../main.pdf Graphic file (type pdf)
<use ../main.pdf, page 336>
 [340]
File: ../main.pdf Graphic file (type pdf)
<use ../main.pdf, page 337>
File: ../main.pdf Graphic file (type pdf)
<use ../main.pdf, page 337>
File: ../main.pdf Graphic file (type pdf)
<use ../main.pdf, page 337>
 [341]
File: ../main.pdf Graphic file (type pdf)
<use ../main.pdf, page 338>
File: ../main.pdf Graphic file (type pdf)
<use ../main.pdf, page 338>
File: ../main.pdf Graphic file (type pdf)
<use ../main.pdf, page 338>
 [342]
File: ../main.pdf Graphic file (type pdf)
<use ../main.pdf, page 339>
File: ../main.pdf Graphic file (type pdf)
<use ../main.pdf, page 339>
File: ../main.pdf Graphic file (type pdf)
<use ../main.pdf, page 339>
 [343]
File: ../main.pdf Graphic file (type pdf)
<use ../main.pdf, page 340>
File: ../main.pdf Graphic file (type pdf)
<use ../main.pdf, page 340>
File: ../main.pdf Graphic file (type pdf)
<use ../main.pdf, page 340>
 [344]
File: ../main.pdf Graphic file (type pdf)
<use ../main.pdf, page 341>
File: ../main.pdf Graphic file (type pdf)
<use ../main.pdf, page 341>
File: ../main.pdf Graphic file (type pdf)
<use ../main.pdf, page 341>
 [345]
File: ../main.pdf Graphic file (type pdf)
<use ../main.pdf, page 342>
File: ../main.pdf Graphic file (type pdf)
<use ../main.pdf, page 342>
File: ../main.pdf Graphic file (type pdf)
<use ../main.pdf, page 342>
 [346]
File: ../main.pdf Graphic file (type pdf)
<use ../main.pdf, page 343>
File: ../main.pdf Graphic file (type pdf)
<use ../main.pdf, page 343>
File: ../main.pdf Graphic file (type pdf)
<use ../main.pdf, page 343>

[347]
File: ../main.pdf Graphic file (type pdf)
<use ../main.pdf, page 344>
File: ../main.pdf Graphic file (type pdf)
<use ../main.pdf, page 344>
File: ../main.pdf Graphic file (type pdf)
<use ../main.pdf, page 344>
 [348]
File: ../main.pdf Graphic file (type pdf)
<use ../main.pdf, page 345>
File: ../main.pdf Graphic file (type pdf)
<use ../main.pdf, page 345>
File: ../main.pdf Graphic file (type pdf)
<use ../main.pdf, page 345>
 [349]
File: ../main.pdf Graphic file (type pdf)
<use ../main.pdf, page 346>
File: ../main.pdf Graphic file (type pdf)
<use ../main.pdf, page 346>
File: ../main.pdf Graphic file (type pdf)
<use ../main.pdf, page 346>
 [350]
File: ../main.pdf Graphic file (type pdf)
<use ../main.pdf, page 347>
File: ../main.pdf Graphic file (type pdf)
<use ../main.pdf, page 347>
File: ../main.pdf Graphic file (type pdf)
<use ../main.pdf, page 347>
 [351]
File: ../main.pdf Graphic file (type pdf)
<use ../main.pdf, page 348>
File: ../main.pdf Graphic file (type pdf)
<use ../main.pdf, page 348>
File: ../main.pdf Graphic file (type pdf)
<use ../main.pdf, page 348>
 [352]
File: ../main.pdf Graphic file (type pdf)
<use ../main.pdf, page 349>
File: ../main.pdf Graphic file (type pdf)
<use ../main.pdf, page 349>
File: ../main.pdf Graphic file (type pdf)
<use ../main.pdf, page 349>
 [353]
File: ../main.pdf Graphic file (type pdf)
<use ../main.pdf, page 350>
File: ../main.pdf Graphic file (type pdf)
<use ../main.pdf, page 350>
File: ../main.pdf Graphic file (type pdf)
<use ../main.pdf, page 350>
 [354]
File: ../main.pdf Graphic file (type pdf)
<use ../main.pdf, page 351>
File: ../main.pdf Graphic file (type pdf)
<use ../main.pdf, page 351>
File: ../main.pdf Graphic file (type pdf)
<use ../main.pdf, page 351>
 [355]
File: ../main.pdf Graphic file (type pdf)
<use ../main.pdf, page 352>
File: ../main.pdf Graphic file (type pdf)
<use ../main.pdf, page 352>
File: ../main.pdf Graphic file (type pdf)
<use ../main.pdf, page 352>
 [356]
File: ../main.pdf Graphic file (type pdf)
<use ../main.pdf, page 353>
File: ../main.pdf Graphic file (type pdf)
<use ../main.pdf, page 353>
File: ../main.pdf Graphic file (type pdf)
<use ../main.pdf, page 353>
 [357]
File: ../main.pdf Graphic file (type pdf)
<use ../main.pdf, page 354>
File: ../main.pdf Graphic file (type pdf)
<use ../main.pdf, page 354>
File: ../main.pdf Graphic file (type pdf)
<use ../main.pdf, page 354>
 [358]
File: ../main.pdf Graphic file (type pdf)
<use ../main.pdf, page 355>
File: ../main.pdf Graphic file (type pdf)
<use ../main.pdf, page 355>
File: ../main.pdf Graphic file (type pdf)
<use ../main.pdf, page 355>

[359]
File: ../main.pdf Graphic file (type pdf)
<use ../main.pdf, page 356>
File: ../main.pdf Graphic file (type pdf)
<use ../main.pdf, page 356>
File: ../main.pdf Graphic file (type pdf)
<use ../main.pdf, page 356>
 [360]
File: ../main.pdf Graphic file (type pdf)
<use ../main.pdf, page 357>
File: ../main.pdf Graphic file (type pdf)
<use ../main.pdf, page 357>
File: ../main.pdf Graphic file (type pdf)
<use ../main.pdf, page 357>
 [361]
File: ../main.pdf Graphic file (type pdf)
<use ../main.pdf, page 358>
File: ../main.pdf Graphic file (type pdf)
<use ../main.pdf, page 358>
File: ../main.pdf Graphic file (type pdf)
<use ../main.pdf, page 358>
 [362]
File: ../main.pdf Graphic file (type pdf)
<use ../main.pdf, page 359>
File: ../main.pdf Graphic file (type pdf)
<use ../main.pdf, page 359>
File: ../main.pdf Graphic file (type pdf)
<use ../main.pdf, page 359>
 [363]
File: ../main.pdf Graphic file (type pdf)
<use ../main.pdf, page 360>
File: ../main.pdf Graphic file (type pdf)
<use ../main.pdf, page 360>
File: ../main.pdf Graphic file (type pdf)
<use ../main.pdf, page 360>
 [364]
File: ../main.pdf Graphic file (type pdf)
<use ../main.pdf, page 361>
File: ../main.pdf Graphic file (type pdf)
<use ../main.pdf, page 361>
File: ../main.pdf Graphic file (type pdf)
<use ../main.pdf, page 361>
 [365]
File: ../main.pdf Graphic file (type pdf)
<use ../main.pdf, page 362>
File: ../main.pdf Graphic file (type pdf)
<use ../main.pdf, page 362>
File: ../main.pdf Graphic file (type pdf)
<use ../main.pdf, page 362>
 [366]
File: ../main.pdf Graphic file (type pdf)
<use ../main.pdf, page 363>
File: ../main.pdf Graphic file (type pdf)
<use ../main.pdf, page 363>
File: ../main.pdf Graphic file (type pdf)
<use ../main.pdf, page 363>
 [367]
File: ../main.pdf Graphic file (type pdf)
<use ../main.pdf, page 364>
File: ../main.pdf Graphic file (type pdf)
<use ../main.pdf, page 364>
File: ../main.pdf Graphic file (type pdf)
<use ../main.pdf, page 364>
 [368]
File: ../main.pdf Graphic file (type pdf)
<use ../main.pdf, page 365>
File: ../main.pdf Graphic file (type pdf)
<use ../main.pdf, page 365>
File: ../main.pdf Graphic file (type pdf)
<use ../main.pdf, page 365>
 [369]
File: ../main.pdf Graphic file (type pdf)
<use ../main.pdf, page 366>
File: ../main.pdf Graphic file (type pdf)
<use ../main.pdf, page 366>
File: ../main.pdf Graphic file (type pdf)
<use ../main.pdf, page 366>
 [370]
File: ../main.pdf Graphic file (type pdf)
<use ../main.pdf, page 367>
File: ../main.pdf Graphic file (type pdf)
<use ../main.pdf, page 367>
File: ../main.pdf Graphic file (type pdf)
<use ../main.pdf, page 367>

[371]
File: ../main.pdf Graphic file (type pdf)
<use ../main.pdf, page 368>
File: ../main.pdf Graphic file (type pdf)
<use ../main.pdf, page 368>
File: ../main.pdf Graphic file (type pdf)
<use ../main.pdf, page 368>
 [372]
File: ../main.pdf Graphic file (type pdf)
<use ../main.pdf, page 369>
File: ../main.pdf Graphic file (type pdf)
<use ../main.pdf, page 369>
File: ../main.pdf Graphic file (type pdf)
<use ../main.pdf, page 369>
 [373]
File: ../main.pdf Graphic file (type pdf)
<use ../main.pdf, page 370>
File: ../main.pdf Graphic file (type pdf)
<use ../main.pdf, page 370>
File: ../main.pdf Graphic file (type pdf)
<use ../main.pdf, page 370>
 [374]
File: ../main.pdf Graphic file (type pdf)
<use ../main.pdf, page 371>
File: ../main.pdf Graphic file (type pdf)
<use ../main.pdf, page 371>
File: ../main.pdf Graphic file (type pdf)
<use ../main.pdf, page 371>
 [375]
File: ../main.pdf Graphic file (type pdf)
<use ../main.pdf, page 372>
File: ../main.pdf Graphic file (type pdf)
<use ../main.pdf, page 372>
File: ../main.pdf Graphic file (type pdf)
<use ../main.pdf, page 372>
 [376]
File: ../main.pdf Graphic file (type pdf)
<use ../main.pdf, page 373>
File: ../main.pdf Graphic file (type pdf)
<use ../main.pdf, page 373>
File: ../main.pdf Graphic file (type pdf)
<use ../main.pdf, page 373>
 [377]
File: ../main.pdf Graphic file (type pdf)
<use ../main.pdf, page 374>
File: ../main.pdf Graphic file (type pdf)
<use ../main.pdf, page 374>
File: ../main.pdf Graphic file (type pdf)
<use ../main.pdf, page 374>
 [378]
File: ../main.pdf Graphic file (type pdf)
<use ../main.pdf, page 375>
File: ../main.pdf Graphic file (type pdf)
<use ../main.pdf, page 375>
File: ../main.pdf Graphic file (type pdf)
<use ../main.pdf, page 375>
 [379]
File: ../main.pdf Graphic file (type pdf)
<use ../main.pdf, page 376>
File: ../main.pdf Graphic file (type pdf)
<use ../main.pdf, page 376>
File: ../main.pdf Graphic file (type pdf)
<use ../main.pdf, page 376>
 [380]
File: ../main.pdf Graphic file (type pdf)
<use ../main.pdf, page 377>
File: ../main.pdf Graphic file (type pdf)
<use ../main.pdf, page 377>
File: ../main.pdf Graphic file (type pdf)
<use ../main.pdf, page 377>
 [381]
File: ../main.pdf Graphic file (type pdf)
<use ../main.pdf, page 378>
File: ../main.pdf Graphic file (type pdf)
<use ../main.pdf, page 378>
File: ../main.pdf Graphic file (type pdf)
<use ../main.pdf, page 378>
 [382]
File: ../main.pdf Graphic file (type pdf)
<use ../main.pdf, page 379>
File: ../main.pdf Graphic file (type pdf)
<use ../main.pdf, page 379>
File: ../main.pdf Graphic file (type pdf)
<use ../main.pdf, page 379>

[383]
File: ../main.pdf Graphic file (type pdf)
<use ../main.pdf, page 380>
File: ../main.pdf Graphic file (type pdf)
<use ../main.pdf, page 380>
File: ../main.pdf Graphic file (type pdf)
<use ../main.pdf, page 380>
 [384]
File: ../main.pdf Graphic file (type pdf)
<use ../main.pdf, page 381>
File: ../main.pdf Graphic file (type pdf)
<use ../main.pdf, page 381>
File: ../main.pdf Graphic file (type pdf)
<use ../main.pdf, page 381>
 [385]
File: ../main.pdf Graphic file (type pdf)
<use ../main.pdf, page 382>
File: ../main.pdf Graphic file (type pdf)
<use ../main.pdf, page 382>
File: ../main.pdf Graphic file (type pdf)
<use ../main.pdf, page 382>
 [386] (DissertationThesis.aux) ) 
Here is how much of TeX's memory you used:
 2848 strings out of 427798
 51175 string characters out of 3151797
 109441 words of memory out of 3000000
 6860 multiletter control sequences out of 15000+200000
 3648 words of font info for 15 fonts, out of 3000000 for 9000
 1328 hyphenation exceptions out of 8191
 38i,18n,42p,267b,433s stack positions out of 5000i,500n,10000p,200000b,50000s

Output written on DissertationThesis.pdf (386 pages).
